Running snakemake...
Assuming unrestricted shared filesystem usage.
Building DAG of jobs...
Using shell: /bin/bash
Provided cores: 16
Rules claiming more threads will be scaled down.
Job stats:
job                         count
------------------------  -------
all                             1
ancestral_tree_sequences        1
colors                          1
export_tree                     4
refine_tree_sequences           1
root_and_remove_outgroup        1
traits_tree_sequences           1
translate_tree_sequences        1
tree_sequences                  1
total                          12

Select jobs to execute...
Execute 1 jobs...

[Sat Sep 14 10:54:52 2024]
localrule tree_sequences:
    input: Results/EBV_gB/Alignments/codon_ungapped.fasta
    output: Results/EBV_gB/Trees/tree_raw.nwk
    log: Results/Logs/EBV_gB/tree_sequences.txt
    jobid: 20
    reason: Missing output files: Results/EBV_gB/Trees/tree_raw.nwk
    wildcards: gene=EBV_gB
    resources: tmpdir=/loc/scratch/62213209

Activating conda environment: .snakemake/conda/5e304da8a87c07a4a5292d86628e6ffc_
[Sat Sep 14 10:55:01 2024]
Finished job 20.
1 of 12 steps (8%) done
Select jobs to execute...
Execute 1 jobs...

[Sat Sep 14 10:55:01 2024]
localrule colors:
    input: Configure/Input_Data/color_schemes.tsv, Configure/Input_Data/color_orderings.tsv, Results/EBV_gB/metadata.tsv
    output: Results/EBV_gB/Trees/colors.tsv
    jobid: 31
    reason: Missing output files: Results/EBV_gB/Trees/colors.tsv
    wildcards: gene=EBV_gB
    resources: tmpdir=/loc/scratch/62213209

Activating conda environment: .snakemake/conda/5e304da8a87c07a4a5292d86628e6ffc_
No traits found for virus
[Sat Sep 14 10:55:02 2024]
Finished job 31.
2 of 12 steps (17%) done
Select jobs to execute...
Execute 1 jobs...

[Sat Sep 14 10:55:02 2024]
localrule export_tree:
    input: Results/EBV_gL/Trees/tree.nwk, Results/EBV_gL/metadata.tsv, Results/EBV_gL/Trees/tree_branch_lengths.json, Results/EBV_gL/Trees/tree_traits.json, Results/EBV_gL/Trees/tree_muts.json, Results/EBV_gL/Trees/tree_aa_muts.json, Configure/Input_Data/auspice_config.json, Results/EBV_gL/Trees/colors.tsv, Configure/Input_Data/lat_longs.tsv
    output: auspice/Herpesvirus-Glycoprotein-Analysis_EBV_gL.json
    jobid: 62
    reason: Missing output files: auspice/Herpesvirus-Glycoprotein-Analysis_EBV_gL.json
    wildcards: gene=EBV_gL
    resources: tmpdir=/loc/scratch/62213209

Activating conda environment: .snakemake/conda/5e304da8a87c07a4a5292d86628e6ffc_
Validating schema of 'Results/EBV_gL/Trees/tree_muts.json'...
Validating schema of 'Results/EBV_gL/Trees/tree_aa_muts.json'...
Validating config file Configure/Input_Data/auspice_config.json against the JSON schema
Validating schema of 'Configure/Input_Data/auspice_config.json'...
Validating produced JSON
Validating schema of 'auspice/Herpesvirus-Glycoprotein-Analysis_EBV_gL.json'...
Validating that the JSON is internally consistent...
Validation of 'auspice/Herpesvirus-Glycoprotein-Analysis_EBV_gL.json' succeeded.

[Sat Sep 14 10:55:04 2024]
Finished job 62.
3 of 12 steps (25%) done
Select jobs to execute...
Execute 1 jobs...

[Sat Sep 14 10:55:04 2024]
localrule export_tree:
    input: Results/EBV_gp42/Trees/tree.nwk, Results/EBV_gp42/metadata.tsv, Results/EBV_gp42/Trees/tree_branch_lengths.json, Results/EBV_gp42/Trees/tree_traits.json, Results/EBV_gp42/Trees/tree_muts.json, Results/EBV_gp42/Trees/tree_aa_muts.json, Configure/Input_Data/auspice_config.json, Results/EBV_gp42/Trees/colors.tsv, Configure/Input_Data/lat_longs.tsv
    output: auspice/Herpesvirus-Glycoprotein-Analysis_EBV_gp42.json
    jobid: 32
    reason: Missing output files: auspice/Herpesvirus-Glycoprotein-Analysis_EBV_gp42.json
    wildcards: gene=EBV_gp42
    resources: tmpdir=/loc/scratch/62213209

Activating conda environment: .snakemake/conda/5e304da8a87c07a4a5292d86628e6ffc_
Validating schema of 'Results/EBV_gp42/Trees/tree_muts.json'...
Validating schema of 'Results/EBV_gp42/Trees/tree_aa_muts.json'...
Validating config file Configure/Input_Data/auspice_config.json against the JSON schema
Validating schema of 'Configure/Input_Data/auspice_config.json'...
Validating produced JSON
Validating schema of 'auspice/Herpesvirus-Glycoprotein-Analysis_EBV_gp42.json'...
Validating that the JSON is internally consistent...
Validation of 'auspice/Herpesvirus-Glycoprotein-Analysis_EBV_gp42.json' succeeded.

[Sat Sep 14 10:55:06 2024]
Finished job 32.
4 of 12 steps (33%) done
Select jobs to execute...
Execute 1 jobs...

[Sat Sep 14 10:55:06 2024]
localrule root_and_remove_outgroup:
    input: Results/EBV_gB/Trees/tree_raw.nwk, Results/EBV_gB/Alignments/protein_ungapped.fasta, Results/EBV_gB/Alignments/codon_ungapped.fasta
    output: Results/EBV_gB/Trees/tree_no_outgroup.nwk, Results/EBV_gB/Alignments/protein_ungapped_no_outgroup.fasta, Results/EBV_gB/Alignments/codon_ungapped_no_outgroup.fasta
    log: Results/Logs/EBV_gB/root_and_remove_outgroup.txt
    jobid: 19
    reason: Missing output files: Results/EBV_gB/Trees/tree_no_outgroup.nwk; Input files updated by another job: Results/EBV_gB/Trees/tree_raw.nwk
    wildcards: gene=EBV_gB
    resources: tmpdir=/loc/scratch/62213209

Activating conda environment: .snakemake/conda/5e304da8a87c07a4a5292d86628e6ffc_
Activating conda environment: .snakemake/conda/5e304da8a87c07a4a5292d86628e6ffc_
[Sat Sep 14 10:55:07 2024]
Finished job 19.
5 of 12 steps (42%) done
Select jobs to execute...
Execute 1 jobs...

[Sat Sep 14 10:55:08 2024]
localrule export_tree:
    input: Results/EBV_gH/Trees/tree.nwk, Results/EBV_gH/metadata.tsv, Results/EBV_gH/Trees/tree_branch_lengths.json, Results/EBV_gH/Trees/tree_traits.json, Results/EBV_gH/Trees/tree_muts.json, Results/EBV_gH/Trees/tree_aa_muts.json, Configure/Input_Data/auspice_config.json, Results/EBV_gH/Trees/colors.tsv, Configure/Input_Data/lat_longs.tsv
    output: auspice/Herpesvirus-Glycoprotein-Analysis_EBV_gH.json
    jobid: 47
    reason: Missing output files: auspice/Herpesvirus-Glycoprotein-Analysis_EBV_gH.json
    wildcards: gene=EBV_gH
    resources: tmpdir=/loc/scratch/62213209

Activating conda environment: .snakemake/conda/5e304da8a87c07a4a5292d86628e6ffc_
Validating schema of 'Results/EBV_gH/Trees/tree_muts.json'...
Validating schema of 'Results/EBV_gH/Trees/tree_aa_muts.json'...
Validating config file Configure/Input_Data/auspice_config.json against the JSON schema
Validating schema of 'Configure/Input_Data/auspice_config.json'...
Validating produced JSON
Validating schema of 'auspice/Herpesvirus-Glycoprotein-Analysis_EBV_gH.json'...
Validating that the JSON is internally consistent...
Validation of 'auspice/Herpesvirus-Glycoprotein-Analysis_EBV_gH.json' succeeded.

[Sat Sep 14 10:55:10 2024]
Finished job 47.
6 of 12 steps (50%) done
Select jobs to execute...
Execute 1 jobs...

[Sat Sep 14 10:55:10 2024]
localrule refine_tree_sequences:
    input: Results/EBV_gB/Alignments/codon_ungapped_no_outgroup.fasta, Results/EBV_gB/Trees/tree_no_outgroup.nwk, Results/EBV_gB/metadata.tsv
    output: Results/EBV_gB/Trees/tree.nwk, Results/EBV_gB/Trees/tree_branch_lengths.json
    log: Results/Logs/EBV_gB/refine_tree_sequences.txt
    jobid: 18
    reason: Missing output files: Results/EBV_gB/Trees/tree_branch_lengths.json, Results/EBV_gB/Trees/tree.nwk; Input files updated by another job: Results/EBV_gB/Alignments/codon_ungapped_no_outgroup.fasta, Results/EBV_gB/Trees/tree_no_outgroup.nwk
    wildcards: gene=EBV_gB
    resources: tmpdir=/loc/scratch/62213209

Activating conda environment: .snakemake/conda/5e304da8a87c07a4a5292d86628e6ffc_
[Sat Sep 14 10:55:12 2024]
Finished job 18.
7 of 12 steps (58%) done
Select jobs to execute...
Execute 1 jobs...

[Sat Sep 14 10:55:12 2024]
localrule traits_tree_sequences:
    input: Results/EBV_gB/Trees/tree.nwk, Results/EBV_gB/metadata.tsv
    output: Results/EBV_gB/Trees/tree_traits.json
    log: Results/Logs/EBV_gB/traits_tree_sequences.txt
    jobid: 27
    reason: Missing output files: Results/EBV_gB/Trees/tree_traits.json; Input files updated by another job: Results/EBV_gB/Trees/tree.nwk
    wildcards: gene=EBV_gB
    resources: tmpdir=/loc/scratch/62213209

Activating conda environment: .snakemake/conda/5e304da8a87c07a4a5292d86628e6ffc_
[Sat Sep 14 10:55:20 2024]
Finished job 27.
8 of 12 steps (67%) done
Select jobs to execute...
Execute 1 jobs...

[Sat Sep 14 10:55:20 2024]
localrule ancestral_tree_sequences:
    input: Results/EBV_gB/Trees/tree.nwk, Results/EBV_gB/Alignments/codon_ungapped_no_outgroup.fasta
    output: Results/EBV_gB/Trees/tree_muts.json
    log: Results/Logs/EBV_gB/ancestral_tree_sequences.txt
    jobid: 28
    reason: Missing output files: Results/EBV_gB/Trees/tree_muts.json; Input files updated by another job: Results/EBV_gB/Alignments/codon_ungapped_no_outgroup.fasta, Results/EBV_gB/Trees/tree.nwk
    wildcards: gene=EBV_gB
    resources: tmpdir=/loc/scratch/62213209

Activating conda environment: .snakemake/conda/5e304da8a87c07a4a5292d86628e6ffc_
[Sat Sep 14 10:55:23 2024]
Finished job 28.
9 of 12 steps (75%) done
Select jobs to execute...
Execute 1 jobs...

[Sat Sep 14 10:55:23 2024]
localrule translate_tree_sequences:
    input: Results/EBV_gB/Trees/tree.nwk, Results/EBV_gB/Trees/tree_muts.json, Results/EBV_gB/EBV_gB_reference.gb
    output: Results/EBV_gB/Trees/tree_aa_muts.json, Results/EBV_gB/Augur_AA_Alignements/EBV_gB.fasta
    log: Results/Logs/EBV_gB/translate_tree_sequences.txt
    jobid: 29
    reason: Missing output files: Results/EBV_gB/Trees/tree_aa_muts.json; Input files updated by another job: Results/EBV_gB/Trees/tree.nwk, Results/EBV_gB/Trees/tree_muts.json
    wildcards: gene=EBV_gB
    resources: tmpdir=/loc/scratch/62213209

Activating conda environment: .snakemake/conda/5e304da8a87c07a4a5292d86628e6ffc_
[Sat Sep 14 10:55:25 2024]
Finished job 29.
10 of 12 steps (83%) done
Select jobs to execute...
Execute 1 jobs...

[Sat Sep 14 10:55:25 2024]
localrule export_tree:
    input: Results/EBV_gB/Trees/tree.nwk, Results/EBV_gB/metadata.tsv, Results/EBV_gB/Trees/tree_branch_lengths.json, Results/EBV_gB/Trees/tree_traits.json, Results/EBV_gB/Trees/tree_muts.json, Results/EBV_gB/Trees/tree_aa_muts.json, Configure/Input_Data/auspice_config.json, Results/EBV_gB/Trees/colors.tsv, Configure/Input_Data/lat_longs.tsv
    output: auspice/Herpesvirus-Glycoprotein-Analysis_EBV_gB.json
    jobid: 17
    reason: Missing output files: auspice/Herpesvirus-Glycoprotein-Analysis_EBV_gB.json; Input files updated by another job: Results/EBV_gB/Trees/tree_branch_lengths.json, Results/EBV_gB/Trees/colors.tsv, Results/EBV_gB/Trees/tree_aa_muts.json, Results/EBV_gB/Trees/tree_muts.json, Results/EBV_gB/Trees/tree.nwk, Results/EBV_gB/Trees/tree_traits.json
    wildcards: gene=EBV_gB
    resources: tmpdir=/loc/scratch/62213209

Activating conda environment: .snakemake/conda/5e304da8a87c07a4a5292d86628e6ffc_
Validating schema of 'Results/EBV_gB/Trees/tree_muts.json'...
Validating schema of 'Results/EBV_gB/Trees/tree_aa_muts.json'...
Validating config file Configure/Input_Data/auspice_config.json against the JSON schema
Validating schema of 'Configure/Input_Data/auspice_config.json'...
Validating produced JSON
Validating schema of 'auspice/Herpesvirus-Glycoprotein-Analysis_EBV_gB.json'...
Validating that the JSON is internally consistent...
Validation of 'auspice/Herpesvirus-Glycoprotein-Analysis_EBV_gB.json' succeeded.

[Sat Sep 14 10:55:27 2024]
Finished job 17.
11 of 12 steps (92%) done
Select jobs to execute...
Execute 1 jobs...

[Sat Sep 14 10:55:27 2024]
localrule all:
    input: Results/EBV_gB/ORF_sequences/ORF_extraction_verification.txt, Results/EBV_gp42/ORF_sequences/ORF_extraction_verification.txt, Results/EBV_gH/ORF_sequences/ORF_extraction_verification.txt, Results/EBV_gL/ORF_sequences/ORF_extraction_verification.txt, auspice/Herpesvirus-Glycoprotein-Analysis_EBV_gB.json, auspice/Herpesvirus-Glycoprotein-Analysis_EBV_gp42.json, auspice/Herpesvirus-Glycoprotein-Analysis_EBV_gH.json, auspice/Herpesvirus-Glycoprotein-Analysis_EBV_gL.json
    jobid: 0
    reason: Input files updated by another job: auspice/Herpesvirus-Glycoprotein-Analysis_EBV_gH.json, auspice/Herpesvirus-Glycoprotein-Analysis_EBV_gp42.json, auspice/Herpesvirus-Glycoprotein-Analysis_EBV_gB.json, auspice/Herpesvirus-Glycoprotein-Analysis_EBV_gL.json
    resources: tmpdir=/loc/scratch/62213209

[Sat Sep 14 10:55:27 2024]
Finished job 0.
12 of 12 steps (100%) done
Complete log: .snakemake/log/2024-09-14T105449.374935.snakemake.log
Run of snakemake complete.
