Running snakemake...
Assuming unrestricted shared filesystem usage.
Building DAG of jobs...
Using shell: /bin/bash
Provided cores: 16
Rules claiming more threads will be scaled down.
Job stats:
job                                count
-------------------------------  -------
align_protein_sequences                4
all                                    1
ancestral_tree_sequences               4
check_number_ORFs_found                4
colors                                 4
create_codon_alignment                 4
create_new_references                  4
download_and_process_accessions        4
edit_codon_fasta_headers               4
edit_protein_fasta_headers             4
export_tree                            4
get_codon_sequences                    4
get_protein_sequences                  4
refine_tree_sequences                  4
root_and_remove_outgroup               4
traits_tree_sequences                  4
translate_tree_sequences               4
tree_sequences                         4
total                                 69

Select jobs to execute...
Execute 1 jobs...

[Thu Sep 12 10:05:46 2024]
localrule create_new_references:
    input: Configure/Input_Data/EBV_reference_genome_NC_007605.gb
    output: Results/EBV_gp42/EBV_gp42_reference.gb
    log: Results/Logs/EBV_gp42/create_new_references.txt
    jobid: 41
    reason: Missing output files: Results/EBV_gp42/EBV_gp42_reference.gb
    wildcards: gene=EBV_gp42
    resources: tmpdir=/loc/scratch/61969982

Activating conda environment: .snakemake/conda/5e304da8a87c07a4a5292d86628e6ffc_
[Thu Sep 12 10:05:48 2024]
Finished job 41.
1 of 69 steps (1%) done
Select jobs to execute...
Execute 1 jobs...

[Thu Sep 12 10:05:48 2024]
localrule download_and_process_accessions:
    input: Configure/Input_Data/all_EBV_accessions_091024.txt
    output: Results/EBV_gp42/nucleotide.fasta, Results/EBV_gp42/metadata.tsv
    log: Results/Logs/EBV_gp42/download_and_process_accessions.txt
    jobid: 6
    reason: Missing output files: Results/EBV_gp42/metadata.tsv, Results/EBV_gp42/nucleotide.fasta
    wildcards: gene=EBV_gp42
    resources: tmpdir=/loc/scratch/61969982

Activating conda environment: .snakemake/conda/5e304da8a87c07a4a5292d86628e6ffc_
Activating conda environment: .snakemake/conda/5e304da8a87c07a4a5292d86628e6ffc_
[Thu Sep 12 12:15:55 2024]
Finished job 6.
2 of 69 steps (3%) done
Select jobs to execute...
Execute 1 jobs...

[Thu Sep 12 12:15:55 2024]
localrule colors:
    input: Configure/Input_Data/color_schemes.tsv, Configure/Input_Data/color_orderings.tsv, Results/EBV_gp42/metadata.tsv
    output: Results/EBV_gp42/Trees/colors.tsv
    jobid: 42
    reason: Missing output files: Results/EBV_gp42/Trees/colors.tsv; Input files updated by another job: Results/EBV_gp42/metadata.tsv
    wildcards: gene=EBV_gp42
    resources: tmpdir=/loc/scratch/61969982

Activating conda environment: .snakemake/conda/5e304da8a87c07a4a5292d86628e6ffc_
No traits found for virus
[Thu Sep 12 12:15:58 2024]
Finished job 42.
3 of 69 steps (4%) done
Select jobs to execute...
Execute 1 jobs...

[Thu Sep 12 12:15:58 2024]
localrule get_codon_sequences:
    input: Results/EBV_gp42/nucleotide.fasta
    output: Results/EBV_gp42/ORF_sequences/codon_temp.fasta
    log: Results/Logs/EBV_gp42/get_codon_sequences.txt
    jobid: 8
    reason: Missing output files: Results/EBV_gp42/ORF_sequences/codon_temp.fasta; Input files updated by another job: Results/EBV_gp42/nucleotide.fasta
    wildcards: gene=EBV_gp42
    resources: tmpdir=/loc/scratch/61969982

Activating conda environment: .snakemake/conda/5e304da8a87c07a4a5292d86628e6ffc_
[Thu Sep 12 12:15:58 2024]
Finished job 8.
4 of 69 steps (6%) done
Select jobs to execute...
Execute 1 jobs...

[Thu Sep 12 12:15:58 2024]
localrule get_protein_sequences:
    input: Results/EBV_gp42/nucleotide.fasta
    output: Results/EBV_gp42/ORF_sequences/protein_temp.fasta
    log: Results/Logs/EBV_gp42/get_protein_sequences.txt
    jobid: 7
    reason: Missing output files: Results/EBV_gp42/ORF_sequences/protein_temp.fasta; Input files updated by another job: Results/EBV_gp42/nucleotide.fasta
    wildcards: gene=EBV_gp42
    resources: tmpdir=/loc/scratch/61969982

Activating conda environment: .snakemake/conda/5e304da8a87c07a4a5292d86628e6ffc_
[Thu Sep 12 12:15:58 2024]
Finished job 7.
5 of 69 steps (7%) done
Select jobs to execute...
Execute 1 jobs...

[Thu Sep 12 12:15:58 2024]
localrule edit_protein_fasta_headers:
    input: Results/EBV_gp42/ORF_sequences/protein_temp.fasta
    output: Results/EBV_gp42/ORF_sequences/protein.fasta
    log: Results/Logs/EBV_gp42/edit_protein_fasta_headers.txt
    jobid: 36
    reason: Missing output files: Results/EBV_gp42/ORF_sequences/protein.fasta; Input files updated by another job: Results/EBV_gp42/ORF_sequences/protein_temp.fasta
    wildcards: gene=EBV_gp42
    resources: tmpdir=/loc/scratch/61969982

Activating conda environment: .snakemake/conda/5e304da8a87c07a4a5292d86628e6ffc_
Activating conda environment: .snakemake/conda/5e304da8a87c07a4a5292d86628e6ffc_
[Thu Sep 12 12:16:00 2024]
Finished job 36.
6 of 69 steps (9%) done
Select jobs to execute...
Execute 1 jobs...

[Thu Sep 12 12:16:00 2024]
localrule check_number_ORFs_found:
    input: Results/EBV_gp42/nucleotide.fasta, Results/EBV_gp42/ORF_sequences/protein_temp.fasta, Results/EBV_gp42/ORF_sequences/codon_temp.fasta
    output: Results/EBV_gp42/ORF_sequences/ORF_extraction_verification.txt
    jobid: 5
    reason: Missing output files: Results/EBV_gp42/ORF_sequences/ORF_extraction_verification.txt; Input files updated by another job: Results/EBV_gp42/ORF_sequences/codon_temp.fasta, Results/EBV_gp42/nucleotide.fasta, Results/EBV_gp42/ORF_sequences/protein_temp.fasta
    wildcards: gene=EBV_gp42
    resources: tmpdir=/loc/scratch/61969982

Activating conda environment: .snakemake/conda/5e304da8a87c07a4a5292d86628e6ffc_
Activating conda environment: .snakemake/conda/5e304da8a87c07a4a5292d86628e6ffc_
51
['Raji_NC_007605_2018-08-13', 'CJ0149_NC_004367_2018-08-13', 'Necker-7_MT648648_2022-02-11', 'Necker-9_MT648650_2022-02-11', 'Necker-10_MT648651_2022-02-11', 'Necker-12_MT648653_2022-02-11', 'Necker-14_MT648655_2022-02-11', 'sLCL-T2-27_LC573550_2020-08-19', 'sLCL-T12-11_LC573555_2020-08-19', 'AIL16_MH837519_2019-05-05', 'ARL2_MH837520_2019-05-05', 'BLT001_MK540241_2013-10-21', 'GCT001_MK540244_2013-XX-XX', 'HS011_MK540269_2011-03-02', 'HS020_MK540277_2010-11-24', 'HS050_MK540295_2013-11-03', 'NHS004_MK540302_2013-XX-XX', 'NPCS031_MK540341_2012-09-10', 'NPCS035_MK540344_2012-03-01', 'NPCT021_MK540378_2013-04-24', 'NPCT037_MK540391_2013-05-03', 'NPCT085_MK540442_2013-11-06', 'NPCT110_MK540465_2013-04-02', 'NKTCL-SG03_MH144214_2019-03-19', 'NKTCL-SG05_MH144216_2019-03-19', 'ebv6_MH883755_2018-09-18', 'ebv13_MH883759_2018-09-18', 'ebv31_MH883771_2018-09-18', 'P4-T1_MH883779_2018-09-18', 'GK_Akuba_MG298830_2015-XX-XX', 'IMS_Saliva_177_MG298849_2015-XX-XX', 'JC_002_MG298864_2015-XX-XX', 'JM_NPC_biop_162_MG298879_2015-XX-XX', 'JM_NPC_bru_L16_MG298888_2015-XX-XX', 'JM_NPC_bru_L4_MG298893_2015-XX-XX', 'JM_NPC_bru_L5_MG298897_2015-XX-XX', 'JM_NPC_bru_L7_MG298898_2015-XX-XX', 'JWBL121B_MG298903_2015-XX-XX', 'RK_LCL_L2_MG298912_2015-XX-XX', 'GK_LY91_BWA_MG298918_2015-XX-XX', 'JC_VID41_BWA_MG298928_2015-XX-XX', 'EBVaGC8-2_MG021314_2014-09-24', 'RPF_KR063344_1980-10-11', 'sLCL-2-22_LN831023_2015-09-24', 'EBV_Mak_1_LN824203_2015-09-24', 'Daudi_LN827545_2015-09-24', 'sLCL-IS1-13_LN827578_2015-11-29', 'sLCL-2-16_LN827580_2015-09-24', 'HN3_AB850648_2012-XX-XX', 'HKNPC5_KF992567_2008-XX-XX', 'P3HR-1_HR-1_M20820_2016-07-25']
50
['Raji_NC_007605_2018-08-13', 'CJ0149_NC_004367_2018-08-13', 'Necker-7_MT648648_2022-02-11', 'Necker-9_MT648650_2022-02-11', 'Necker-10_MT648651_2022-02-11', 'Necker-12_MT648653_2022-02-11', 'Necker-14_MT648655_2022-02-11', 'sLCL-T2-27_LC573550_2020-08-19', 'sLCL-T12-11_LC573555_2020-08-19', 'AIL16_MH837519_2019-05-05', 'ARL2_MH837520_2019-05-05', 'BLT001_MK540241_2013-10-21', 'GCT001_MK540244_2013-XX-XX', 'HS011_MK540269_2011-03-02', 'HS020_MK540277_2010-11-24', 'HS050_MK540295_2013-11-03', 'NHS004_MK540302_2013-XX-XX', 'NPCS031_MK540341_2012-09-10', 'NPCS035_MK540344_2012-03-01', 'NPCT021_MK540378_2013-04-24', 'NPCT037_MK540391_2013-05-03', 'NPCT085_MK540442_2013-11-06', 'NPCT110_MK540465_2013-04-02', 'NKTCL-SG03_MH144214_2019-03-19', 'NKTCL-SG05_MH144216_2019-03-19', 'ebv6_MH883755_2018-09-18', 'ebv13_MH883759_2018-09-18', 'ebv31_MH883771_2018-09-18', 'P4-T1_MH883779_2018-09-18', 'GK_Akuba_MG298830_2015-XX-XX', 'IMS_Saliva_177_MG298849_2015-XX-XX', 'JC_002_MG298864_2015-XX-XX', 'JM_NPC_biop_162_MG298879_2015-XX-XX', 'JM_NPC_bru_L16_MG298888_2015-XX-XX', 'JM_NPC_bru_L4_MG298893_2015-XX-XX', 'JM_NPC_bru_L5_MG298897_2015-XX-XX', 'JM_NPC_bru_L7_MG298898_2015-XX-XX', 'JWBL121B_MG298903_2015-XX-XX', 'RK_LCL_L2_MG298912_2015-XX-XX', 'GK_LY91_BWA_MG298918_2015-XX-XX', 'JC_VID41_BWA_MG298928_2015-XX-XX', 'EBVaGC8-2_MG021314_2014-09-24', 'RPF_KR063344_1980-10-11', 'sLCL-2-22_LN831023_2015-09-24', 'EBV_Mak_1_LN824203_2015-09-24', 'Daudi_LN827545_2015-09-24', 'sLCL-IS1-13_LN827578_2015-11-29', 'sLCL-2-16_LN827580_2015-09-24', 'HN3_AB850648_2012-XX-XX', 'HKNPC5_KF992567_2008-XX-XX']
50
['Raji_NC_007605_2018-08-13', 'CJ0149_NC_004367_2018-08-13', 'Necker-7_MT648648_2022-02-11', 'Necker-9_MT648650_2022-02-11', 'Necker-10_MT648651_2022-02-11', 'Necker-12_MT648653_2022-02-11', 'Necker-14_MT648655_2022-02-11', 'sLCL-T2-27_LC573550_2020-08-19', 'sLCL-T12-11_LC573555_2020-08-19', 'AIL16_MH837519_2019-05-05', 'ARL2_MH837520_2019-05-05', 'BLT001_MK540241_2013-10-21', 'GCT001_MK540244_2013-XX-XX', 'HS011_MK540269_2011-03-02', 'HS020_MK540277_2010-11-24', 'HS050_MK540295_2013-11-03', 'NHS004_MK540302_2013-XX-XX', 'NPCS031_MK540341_2012-09-10', 'NPCS035_MK540344_2012-03-01', 'NPCT021_MK540378_2013-04-24', 'NPCT037_MK540391_2013-05-03', 'NPCT085_MK540442_2013-11-06', 'NPCT110_MK540465_2013-04-02', 'NKTCL-SG03_MH144214_2019-03-19', 'NKTCL-SG05_MH144216_2019-03-19', 'ebv6_MH883755_2018-09-18', 'ebv13_MH883759_2018-09-18', 'ebv31_MH883771_2018-09-18', 'P4-T1_MH883779_2018-09-18', 'GK_Akuba_MG298830_2015-XX-XX', 'IMS_Saliva_177_MG298849_2015-XX-XX', 'JC_002_MG298864_2015-XX-XX', 'JM_NPC_biop_162_MG298879_2015-XX-XX', 'JM_NPC_bru_L16_MG298888_2015-XX-XX', 'JM_NPC_bru_L4_MG298893_2015-XX-XX', 'JM_NPC_bru_L5_MG298897_2015-XX-XX', 'JM_NPC_bru_L7_MG298898_2015-XX-XX', 'JWBL121B_MG298903_2015-XX-XX', 'RK_LCL_L2_MG298912_2015-XX-XX', 'GK_LY91_BWA_MG298918_2015-XX-XX', 'JC_VID41_BWA_MG298928_2015-XX-XX', 'EBVaGC8-2_MG021314_2014-09-24', 'RPF_KR063344_1980-10-11', 'sLCL-2-22_LN831023_2015-09-24', 'EBV_Mak_1_LN824203_2015-09-24', 'Daudi_LN827545_2015-09-24', 'sLCL-IS1-13_LN827578_2015-11-29', 'sLCL-2-16_LN827580_2015-09-24', 'HN3_AB850648_2012-XX-XX', 'HKNPC5_KF992567_2008-XX-XX']
0
1
2
3
4
5
6
7
8
9
10
11
12
13
14
15
16
17
18
19
20
21
22
23
24
25
26
27
28
29
30
31
32
33
34
35
36
37
38
39
40
41
42
43
44
45
46
47
48
49
50
Traceback (most recent call last):
  File "/fh/fast/bloom_j/computational_notebooks/ccarr/2024/Herpesvirus-Glycoprotein-Analysis/EBV/.snakemake/scripts/tmpxh6015e7.extracted_sequence_verification.py", line 127, in <module>
    main()
  File "/fh/fast/bloom_j/computational_notebooks/ccarr/2024/Herpesvirus-Glycoprotein-Analysis/EBV/.snakemake/scripts/tmpxh6015e7.extracted_sequence_verification.py", line 118, in main
    assert_num_orfs_match_sequences(
  File "/fh/fast/bloom_j/computational_notebooks/ccarr/2024/Herpesvirus-Glycoprotein-Analysis/EBV/.snakemake/scripts/tmpxh6015e7.extracted_sequence_verification.py", line 61, in assert_num_orfs_match_sequences
    protein_name = protein_list[orf_index]
                   ~~~~~~~~~~~~^^^^^^^^^^^
IndexError: list index out of range
RuleException:
CalledProcessError in file /fh/fast/bloom_j/computational_notebooks/ccarr/2024/Herpesvirus-Glycoprotein-Analysis/EBV/Rules/extract_ORFs.smk, line 77:
Command 'source /home/ccarr/miniconda3/bin/activate '/fh/fast/bloom_j/computational_notebooks/ccarr/2024/Herpesvirus-Glycoprotein-Analysis/EBV/.snakemake/conda/5e304da8a87c07a4a5292d86628e6ffc_'; set -euo pipefail;  python /fh/fast/bloom_j/computational_notebooks/ccarr/2024/Herpesvirus-Glycoprotein-Analysis/EBV/.snakemake/scripts/tmpxh6015e7.extracted_sequence_verification.py' returned non-zero exit status 1.
[Thu Sep 12 12:16:00 2024]
Error in rule check_number_ORFs_found:
    jobid: 5
    input: Results/EBV_gp42/nucleotide.fasta, Results/EBV_gp42/ORF_sequences/protein_temp.fasta, Results/EBV_gp42/ORF_sequences/codon_temp.fasta
    output: Results/EBV_gp42/ORF_sequences/ORF_extraction_verification.txt
    conda-env: /fh/fast/bloom_j/computational_notebooks/ccarr/2024/Herpesvirus-Glycoprotein-Analysis/EBV/.snakemake/conda/5e304da8a87c07a4a5292d86628e6ffc_

Trying to restart job 5.
Select jobs to execute...
Execute 1 jobs...

[Thu Sep 12 12:16:00 2024]
localrule check_number_ORFs_found:
    input: Results/EBV_gp42/nucleotide.fasta, Results/EBV_gp42/ORF_sequences/protein_temp.fasta, Results/EBV_gp42/ORF_sequences/codon_temp.fasta
    output: Results/EBV_gp42/ORF_sequences/ORF_extraction_verification.txt
    jobid: 5
    reason: Missing output files: Results/EBV_gp42/ORF_sequences/ORF_extraction_verification.txt; Input files updated by another job: Results/EBV_gp42/ORF_sequences/codon_temp.fasta, Results/EBV_gp42/nucleotide.fasta, Results/EBV_gp42/ORF_sequences/protein_temp.fasta
    wildcards: gene=EBV_gp42
    resources: tmpdir=/loc/scratch/61969982

Activating conda environment: .snakemake/conda/5e304da8a87c07a4a5292d86628e6ffc_
Activating conda environment: .snakemake/conda/5e304da8a87c07a4a5292d86628e6ffc_
51
['Raji_NC_007605_2018-08-13', 'CJ0149_NC_004367_2018-08-13', 'Necker-7_MT648648_2022-02-11', 'Necker-9_MT648650_2022-02-11', 'Necker-10_MT648651_2022-02-11', 'Necker-12_MT648653_2022-02-11', 'Necker-14_MT648655_2022-02-11', 'sLCL-T2-27_LC573550_2020-08-19', 'sLCL-T12-11_LC573555_2020-08-19', 'AIL16_MH837519_2019-05-05', 'ARL2_MH837520_2019-05-05', 'BLT001_MK540241_2013-10-21', 'GCT001_MK540244_2013-XX-XX', 'HS011_MK540269_2011-03-02', 'HS020_MK540277_2010-11-24', 'HS050_MK540295_2013-11-03', 'NHS004_MK540302_2013-XX-XX', 'NPCS031_MK540341_2012-09-10', 'NPCS035_MK540344_2012-03-01', 'NPCT021_MK540378_2013-04-24', 'NPCT037_MK540391_2013-05-03', 'NPCT085_MK540442_2013-11-06', 'NPCT110_MK540465_2013-04-02', 'NKTCL-SG03_MH144214_2019-03-19', 'NKTCL-SG05_MH144216_2019-03-19', 'ebv6_MH883755_2018-09-18', 'ebv13_MH883759_2018-09-18', 'ebv31_MH883771_2018-09-18', 'P4-T1_MH883779_2018-09-18', 'GK_Akuba_MG298830_2015-XX-XX', 'IMS_Saliva_177_MG298849_2015-XX-XX', 'JC_002_MG298864_2015-XX-XX', 'JM_NPC_biop_162_MG298879_2015-XX-XX', 'JM_NPC_bru_L16_MG298888_2015-XX-XX', 'JM_NPC_bru_L4_MG298893_2015-XX-XX', 'JM_NPC_bru_L5_MG298897_2015-XX-XX', 'JM_NPC_bru_L7_MG298898_2015-XX-XX', 'JWBL121B_MG298903_2015-XX-XX', 'RK_LCL_L2_MG298912_2015-XX-XX', 'GK_LY91_BWA_MG298918_2015-XX-XX', 'JC_VID41_BWA_MG298928_2015-XX-XX', 'EBVaGC8-2_MG021314_2014-09-24', 'RPF_KR063344_1980-10-11', 'sLCL-2-22_LN831023_2015-09-24', 'EBV_Mak_1_LN824203_2015-09-24', 'Daudi_LN827545_2015-09-24', 'sLCL-IS1-13_LN827578_2015-11-29', 'sLCL-2-16_LN827580_2015-09-24', 'HN3_AB850648_2012-XX-XX', 'HKNPC5_KF992567_2008-XX-XX', 'P3HR-1_HR-1_M20820_2016-07-25']
50
['Raji_NC_007605_2018-08-13', 'CJ0149_NC_004367_2018-08-13', 'Necker-7_MT648648_2022-02-11', 'Necker-9_MT648650_2022-02-11', 'Necker-10_MT648651_2022-02-11', 'Necker-12_MT648653_2022-02-11', 'Necker-14_MT648655_2022-02-11', 'sLCL-T2-27_LC573550_2020-08-19', 'sLCL-T12-11_LC573555_2020-08-19', 'AIL16_MH837519_2019-05-05', 'ARL2_MH837520_2019-05-05', 'BLT001_MK540241_2013-10-21', 'GCT001_MK540244_2013-XX-XX', 'HS011_MK540269_2011-03-02', 'HS020_MK540277_2010-11-24', 'HS050_MK540295_2013-11-03', 'NHS004_MK540302_2013-XX-XX', 'NPCS031_MK540341_2012-09-10', 'NPCS035_MK540344_2012-03-01', 'NPCT021_MK540378_2013-04-24', 'NPCT037_MK540391_2013-05-03', 'NPCT085_MK540442_2013-11-06', 'NPCT110_MK540465_2013-04-02', 'NKTCL-SG03_MH144214_2019-03-19', 'NKTCL-SG05_MH144216_2019-03-19', 'ebv6_MH883755_2018-09-18', 'ebv13_MH883759_2018-09-18', 'ebv31_MH883771_2018-09-18', 'P4-T1_MH883779_2018-09-18', 'GK_Akuba_MG298830_2015-XX-XX', 'IMS_Saliva_177_MG298849_2015-XX-XX', 'JC_002_MG298864_2015-XX-XX', 'JM_NPC_biop_162_MG298879_2015-XX-XX', 'JM_NPC_bru_L16_MG298888_2015-XX-XX', 'JM_NPC_bru_L4_MG298893_2015-XX-XX', 'JM_NPC_bru_L5_MG298897_2015-XX-XX', 'JM_NPC_bru_L7_MG298898_2015-XX-XX', 'JWBL121B_MG298903_2015-XX-XX', 'RK_LCL_L2_MG298912_2015-XX-XX', 'GK_LY91_BWA_MG298918_2015-XX-XX', 'JC_VID41_BWA_MG298928_2015-XX-XX', 'EBVaGC8-2_MG021314_2014-09-24', 'RPF_KR063344_1980-10-11', 'sLCL-2-22_LN831023_2015-09-24', 'EBV_Mak_1_LN824203_2015-09-24', 'Daudi_LN827545_2015-09-24', 'sLCL-IS1-13_LN827578_2015-11-29', 'sLCL-2-16_LN827580_2015-09-24', 'HN3_AB850648_2012-XX-XX', 'HKNPC5_KF992567_2008-XX-XX']
50
['Raji_NC_007605_2018-08-13', 'CJ0149_NC_004367_2018-08-13', 'Necker-7_MT648648_2022-02-11', 'Necker-9_MT648650_2022-02-11', 'Necker-10_MT648651_2022-02-11', 'Necker-12_MT648653_2022-02-11', 'Necker-14_MT648655_2022-02-11', 'sLCL-T2-27_LC573550_2020-08-19', 'sLCL-T12-11_LC573555_2020-08-19', 'AIL16_MH837519_2019-05-05', 'ARL2_MH837520_2019-05-05', 'BLT001_MK540241_2013-10-21', 'GCT001_MK540244_2013-XX-XX', 'HS011_MK540269_2011-03-02', 'HS020_MK540277_2010-11-24', 'HS050_MK540295_2013-11-03', 'NHS004_MK540302_2013-XX-XX', 'NPCS031_MK540341_2012-09-10', 'NPCS035_MK540344_2012-03-01', 'NPCT021_MK540378_2013-04-24', 'NPCT037_MK540391_2013-05-03', 'NPCT085_MK540442_2013-11-06', 'NPCT110_MK540465_2013-04-02', 'NKTCL-SG03_MH144214_2019-03-19', 'NKTCL-SG05_MH144216_2019-03-19', 'ebv6_MH883755_2018-09-18', 'ebv13_MH883759_2018-09-18', 'ebv31_MH883771_2018-09-18', 'P4-T1_MH883779_2018-09-18', 'GK_Akuba_MG298830_2015-XX-XX', 'IMS_Saliva_177_MG298849_2015-XX-XX', 'JC_002_MG298864_2015-XX-XX', 'JM_NPC_biop_162_MG298879_2015-XX-XX', 'JM_NPC_bru_L16_MG298888_2015-XX-XX', 'JM_NPC_bru_L4_MG298893_2015-XX-XX', 'JM_NPC_bru_L5_MG298897_2015-XX-XX', 'JM_NPC_bru_L7_MG298898_2015-XX-XX', 'JWBL121B_MG298903_2015-XX-XX', 'RK_LCL_L2_MG298912_2015-XX-XX', 'GK_LY91_BWA_MG298918_2015-XX-XX', 'JC_VID41_BWA_MG298928_2015-XX-XX', 'EBVaGC8-2_MG021314_2014-09-24', 'RPF_KR063344_1980-10-11', 'sLCL-2-22_LN831023_2015-09-24', 'EBV_Mak_1_LN824203_2015-09-24', 'Daudi_LN827545_2015-09-24', 'sLCL-IS1-13_LN827578_2015-11-29', 'sLCL-2-16_LN827580_2015-09-24', 'HN3_AB850648_2012-XX-XX', 'HKNPC5_KF992567_2008-XX-XX']
0
1
2
3
4
5
6
7
8
9
10
11
12
13
14
15
16
17
18
19
20
21
22
23
24
25
26
27
28
29
30
31
32
33
34
35
36
37
38
39
40
41
42
43
44
45
46
47
48
49
50
Traceback (most recent call last):
  File "/fh/fast/bloom_j/computational_notebooks/ccarr/2024/Herpesvirus-Glycoprotein-Analysis/EBV/.snakemake/scripts/tmp9j9f2bgq.extracted_sequence_verification.py", line 127, in <module>
    main()
  File "/fh/fast/bloom_j/computational_notebooks/ccarr/2024/Herpesvirus-Glycoprotein-Analysis/EBV/.snakemake/scripts/tmp9j9f2bgq.extracted_sequence_verification.py", line 118, in main
    assert_num_orfs_match_sequences(
  File "/fh/fast/bloom_j/computational_notebooks/ccarr/2024/Herpesvirus-Glycoprotein-Analysis/EBV/.snakemake/scripts/tmp9j9f2bgq.extracted_sequence_verification.py", line 61, in assert_num_orfs_match_sequences
    protein_name = protein_list[orf_index]
                   ~~~~~~~~~~~~^^^^^^^^^^^
IndexError: list index out of range
RuleException:
CalledProcessError in file /fh/fast/bloom_j/computational_notebooks/ccarr/2024/Herpesvirus-Glycoprotein-Analysis/EBV/Rules/extract_ORFs.smk, line 77:
Command 'source /home/ccarr/miniconda3/bin/activate '/fh/fast/bloom_j/computational_notebooks/ccarr/2024/Herpesvirus-Glycoprotein-Analysis/EBV/.snakemake/conda/5e304da8a87c07a4a5292d86628e6ffc_'; set -euo pipefail;  python /fh/fast/bloom_j/computational_notebooks/ccarr/2024/Herpesvirus-Glycoprotein-Analysis/EBV/.snakemake/scripts/tmp9j9f2bgq.extracted_sequence_verification.py' returned non-zero exit status 1.
[Thu Sep 12 12:16:01 2024]
Error in rule check_number_ORFs_found:
    jobid: 5
    input: Results/EBV_gp42/nucleotide.fasta, Results/EBV_gp42/ORF_sequences/protein_temp.fasta, Results/EBV_gp42/ORF_sequences/codon_temp.fasta
    output: Results/EBV_gp42/ORF_sequences/ORF_extraction_verification.txt
    conda-env: /fh/fast/bloom_j/computational_notebooks/ccarr/2024/Herpesvirus-Glycoprotein-Analysis/EBV/.snakemake/conda/5e304da8a87c07a4a5292d86628e6ffc_

Trying to restart job 5.
Select jobs to execute...
Execute 1 jobs...

[Thu Sep 12 12:16:01 2024]
localrule check_number_ORFs_found:
    input: Results/EBV_gp42/nucleotide.fasta, Results/EBV_gp42/ORF_sequences/protein_temp.fasta, Results/EBV_gp42/ORF_sequences/codon_temp.fasta
    output: Results/EBV_gp42/ORF_sequences/ORF_extraction_verification.txt
    jobid: 5
    reason: Missing output files: Results/EBV_gp42/ORF_sequences/ORF_extraction_verification.txt; Input files updated by another job: Results/EBV_gp42/ORF_sequences/codon_temp.fasta, Results/EBV_gp42/nucleotide.fasta, Results/EBV_gp42/ORF_sequences/protein_temp.fasta
    wildcards: gene=EBV_gp42
    resources: tmpdir=/loc/scratch/61969982

Activating conda environment: .snakemake/conda/5e304da8a87c07a4a5292d86628e6ffc_
Activating conda environment: .snakemake/conda/5e304da8a87c07a4a5292d86628e6ffc_
51
['Raji_NC_007605_2018-08-13', 'CJ0149_NC_004367_2018-08-13', 'Necker-7_MT648648_2022-02-11', 'Necker-9_MT648650_2022-02-11', 'Necker-10_MT648651_2022-02-11', 'Necker-12_MT648653_2022-02-11', 'Necker-14_MT648655_2022-02-11', 'sLCL-T2-27_LC573550_2020-08-19', 'sLCL-T12-11_LC573555_2020-08-19', 'AIL16_MH837519_2019-05-05', 'ARL2_MH837520_2019-05-05', 'BLT001_MK540241_2013-10-21', 'GCT001_MK540244_2013-XX-XX', 'HS011_MK540269_2011-03-02', 'HS020_MK540277_2010-11-24', 'HS050_MK540295_2013-11-03', 'NHS004_MK540302_2013-XX-XX', 'NPCS031_MK540341_2012-09-10', 'NPCS035_MK540344_2012-03-01', 'NPCT021_MK540378_2013-04-24', 'NPCT037_MK540391_2013-05-03', 'NPCT085_MK540442_2013-11-06', 'NPCT110_MK540465_2013-04-02', 'NKTCL-SG03_MH144214_2019-03-19', 'NKTCL-SG05_MH144216_2019-03-19', 'ebv6_MH883755_2018-09-18', 'ebv13_MH883759_2018-09-18', 'ebv31_MH883771_2018-09-18', 'P4-T1_MH883779_2018-09-18', 'GK_Akuba_MG298830_2015-XX-XX', 'IMS_Saliva_177_MG298849_2015-XX-XX', 'JC_002_MG298864_2015-XX-XX', 'JM_NPC_biop_162_MG298879_2015-XX-XX', 'JM_NPC_bru_L16_MG298888_2015-XX-XX', 'JM_NPC_bru_L4_MG298893_2015-XX-XX', 'JM_NPC_bru_L5_MG298897_2015-XX-XX', 'JM_NPC_bru_L7_MG298898_2015-XX-XX', 'JWBL121B_MG298903_2015-XX-XX', 'RK_LCL_L2_MG298912_2015-XX-XX', 'GK_LY91_BWA_MG298918_2015-XX-XX', 'JC_VID41_BWA_MG298928_2015-XX-XX', 'EBVaGC8-2_MG021314_2014-09-24', 'RPF_KR063344_1980-10-11', 'sLCL-2-22_LN831023_2015-09-24', 'EBV_Mak_1_LN824203_2015-09-24', 'Daudi_LN827545_2015-09-24', 'sLCL-IS1-13_LN827578_2015-11-29', 'sLCL-2-16_LN827580_2015-09-24', 'HN3_AB850648_2012-XX-XX', 'HKNPC5_KF992567_2008-XX-XX', 'P3HR-1_HR-1_M20820_2016-07-25']
50
['Raji_NC_007605_2018-08-13', 'CJ0149_NC_004367_2018-08-13', 'Necker-7_MT648648_2022-02-11', 'Necker-9_MT648650_2022-02-11', 'Necker-10_MT648651_2022-02-11', 'Necker-12_MT648653_2022-02-11', 'Necker-14_MT648655_2022-02-11', 'sLCL-T2-27_LC573550_2020-08-19', 'sLCL-T12-11_LC573555_2020-08-19', 'AIL16_MH837519_2019-05-05', 'ARL2_MH837520_2019-05-05', 'BLT001_MK540241_2013-10-21', 'GCT001_MK540244_2013-XX-XX', 'HS011_MK540269_2011-03-02', 'HS020_MK540277_2010-11-24', 'HS050_MK540295_2013-11-03', 'NHS004_MK540302_2013-XX-XX', 'NPCS031_MK540341_2012-09-10', 'NPCS035_MK540344_2012-03-01', 'NPCT021_MK540378_2013-04-24', 'NPCT037_MK540391_2013-05-03', 'NPCT085_MK540442_2013-11-06', 'NPCT110_MK540465_2013-04-02', 'NKTCL-SG03_MH144214_2019-03-19', 'NKTCL-SG05_MH144216_2019-03-19', 'ebv6_MH883755_2018-09-18', 'ebv13_MH883759_2018-09-18', 'ebv31_MH883771_2018-09-18', 'P4-T1_MH883779_2018-09-18', 'GK_Akuba_MG298830_2015-XX-XX', 'IMS_Saliva_177_MG298849_2015-XX-XX', 'JC_002_MG298864_2015-XX-XX', 'JM_NPC_biop_162_MG298879_2015-XX-XX', 'JM_NPC_bru_L16_MG298888_2015-XX-XX', 'JM_NPC_bru_L4_MG298893_2015-XX-XX', 'JM_NPC_bru_L5_MG298897_2015-XX-XX', 'JM_NPC_bru_L7_MG298898_2015-XX-XX', 'JWBL121B_MG298903_2015-XX-XX', 'RK_LCL_L2_MG298912_2015-XX-XX', 'GK_LY91_BWA_MG298918_2015-XX-XX', 'JC_VID41_BWA_MG298928_2015-XX-XX', 'EBVaGC8-2_MG021314_2014-09-24', 'RPF_KR063344_1980-10-11', 'sLCL-2-22_LN831023_2015-09-24', 'EBV_Mak_1_LN824203_2015-09-24', 'Daudi_LN827545_2015-09-24', 'sLCL-IS1-13_LN827578_2015-11-29', 'sLCL-2-16_LN827580_2015-09-24', 'HN3_AB850648_2012-XX-XX', 'HKNPC5_KF992567_2008-XX-XX']
50
['Raji_NC_007605_2018-08-13', 'CJ0149_NC_004367_2018-08-13', 'Necker-7_MT648648_2022-02-11', 'Necker-9_MT648650_2022-02-11', 'Necker-10_MT648651_2022-02-11', 'Necker-12_MT648653_2022-02-11', 'Necker-14_MT648655_2022-02-11', 'sLCL-T2-27_LC573550_2020-08-19', 'sLCL-T12-11_LC573555_2020-08-19', 'AIL16_MH837519_2019-05-05', 'ARL2_MH837520_2019-05-05', 'BLT001_MK540241_2013-10-21', 'GCT001_MK540244_2013-XX-XX', 'HS011_MK540269_2011-03-02', 'HS020_MK540277_2010-11-24', 'HS050_MK540295_2013-11-03', 'NHS004_MK540302_2013-XX-XX', 'NPCS031_MK540341_2012-09-10', 'NPCS035_MK540344_2012-03-01', 'NPCT021_MK540378_2013-04-24', 'NPCT037_MK540391_2013-05-03', 'NPCT085_MK540442_2013-11-06', 'NPCT110_MK540465_2013-04-02', 'NKTCL-SG03_MH144214_2019-03-19', 'NKTCL-SG05_MH144216_2019-03-19', 'ebv6_MH883755_2018-09-18', 'ebv13_MH883759_2018-09-18', 'ebv31_MH883771_2018-09-18', 'P4-T1_MH883779_2018-09-18', 'GK_Akuba_MG298830_2015-XX-XX', 'IMS_Saliva_177_MG298849_2015-XX-XX', 'JC_002_MG298864_2015-XX-XX', 'JM_NPC_biop_162_MG298879_2015-XX-XX', 'JM_NPC_bru_L16_MG298888_2015-XX-XX', 'JM_NPC_bru_L4_MG298893_2015-XX-XX', 'JM_NPC_bru_L5_MG298897_2015-XX-XX', 'JM_NPC_bru_L7_MG298898_2015-XX-XX', 'JWBL121B_MG298903_2015-XX-XX', 'RK_LCL_L2_MG298912_2015-XX-XX', 'GK_LY91_BWA_MG298918_2015-XX-XX', 'JC_VID41_BWA_MG298928_2015-XX-XX', 'EBVaGC8-2_MG021314_2014-09-24', 'RPF_KR063344_1980-10-11', 'sLCL-2-22_LN831023_2015-09-24', 'EBV_Mak_1_LN824203_2015-09-24', 'Daudi_LN827545_2015-09-24', 'sLCL-IS1-13_LN827578_2015-11-29', 'sLCL-2-16_LN827580_2015-09-24', 'HN3_AB850648_2012-XX-XX', 'HKNPC5_KF992567_2008-XX-XX']
0
1
2
3
4
5
6
7
8
9
10
11
12
13
14
15
16
17
18
19
20
21
22
23
24
25
26
27
28
29
30
31
32
33
34
35
36
37
38
39
40
41
42
43
44
45
46
47
48
49
50
Traceback (most recent call last):
  File "/fh/fast/bloom_j/computational_notebooks/ccarr/2024/Herpesvirus-Glycoprotein-Analysis/EBV/.snakemake/scripts/tmpienova01.extracted_sequence_verification.py", line 127, in <module>
    main()
  File "/fh/fast/bloom_j/computational_notebooks/ccarr/2024/Herpesvirus-Glycoprotein-Analysis/EBV/.snakemake/scripts/tmpienova01.extracted_sequence_verification.py", line 118, in main
    assert_num_orfs_match_sequences(
  File "/fh/fast/bloom_j/computational_notebooks/ccarr/2024/Herpesvirus-Glycoprotein-Analysis/EBV/.snakemake/scripts/tmpienova01.extracted_sequence_verification.py", line 61, in assert_num_orfs_match_sequences
    protein_name = protein_list[orf_index]
                   ~~~~~~~~~~~~^^^^^^^^^^^
IndexError: list index out of range
RuleException:
CalledProcessError in file /fh/fast/bloom_j/computational_notebooks/ccarr/2024/Herpesvirus-Glycoprotein-Analysis/EBV/Rules/extract_ORFs.smk, line 77:
Command 'source /home/ccarr/miniconda3/bin/activate '/fh/fast/bloom_j/computational_notebooks/ccarr/2024/Herpesvirus-Glycoprotein-Analysis/EBV/.snakemake/conda/5e304da8a87c07a4a5292d86628e6ffc_'; set -euo pipefail;  python /fh/fast/bloom_j/computational_notebooks/ccarr/2024/Herpesvirus-Glycoprotein-Analysis/EBV/.snakemake/scripts/tmpienova01.extracted_sequence_verification.py' returned non-zero exit status 1.
[Thu Sep 12 12:16:02 2024]
Error in rule check_number_ORFs_found:
    jobid: 5
    input: Results/EBV_gp42/nucleotide.fasta, Results/EBV_gp42/ORF_sequences/protein_temp.fasta, Results/EBV_gp42/ORF_sequences/codon_temp.fasta
    output: Results/EBV_gp42/ORF_sequences/ORF_extraction_verification.txt
    conda-env: /fh/fast/bloom_j/computational_notebooks/ccarr/2024/Herpesvirus-Glycoprotein-Analysis/EBV/.snakemake/conda/5e304da8a87c07a4a5292d86628e6ffc_

Shutting down, this might take some time.
Exiting because a job execution failed. Look above for error message
Complete log: .snakemake/log/2024-09-12T100541.030685.snakemake.log
WorkflowError:
At least one job did not complete successfully.
