Running snakemake...
Assuming unrestricted shared filesystem usage.
Building DAG of jobs...
Using shell: /bin/bash
Provided cores: 16
Rules claiming more threads will be scaled down.
Job stats:
job                        count
-----------------------  -------
all                            1
check_number_ORFs_found        4
total                          5

Select jobs to execute...
Execute 1 jobs...

[Wed Sep 11 14:30:17 2024]
localrule check_number_ORFs_found:
    input: Results/EBV_gH/nucleotide.fasta, Results/EBV_gH/ORF_sequences/protein_temp.fasta, Results/EBV_gH/ORF_sequences/codon_temp.fasta
    output: Results/EBV_gH/ORF_sequences/ORF_extraction_verification.txt
    jobid: 9
    reason: Missing output files: Results/EBV_gH/ORF_sequences/ORF_extraction_verification.txt
    wildcards: gene=EBV_gH
    resources: tmpdir=/loc/scratch/61840818

Activating conda environment: .snakemake/conda/5e304da8a87c07a4a5292d86628e6ffc_
Activating conda environment: .snakemake/conda/5e304da8a87c07a4a5292d86628e6ffc_
[Wed Sep 11 14:30:22 2024]
Finished job 9.
1 of 5 steps (20%) done
Select jobs to execute...
Execute 1 jobs...

[Wed Sep 11 14:30:22 2024]
localrule check_number_ORFs_found:
    input: Results/EBV_gp42/nucleotide.fasta, Results/EBV_gp42/ORF_sequences/protein_temp.fasta, Results/EBV_gp42/ORF_sequences/codon_temp.fasta
    output: Results/EBV_gp42/ORF_sequences/ORF_extraction_verification.txt
    jobid: 5
    reason: Missing output files: Results/EBV_gp42/ORF_sequences/ORF_extraction_verification.txt
    wildcards: gene=EBV_gp42
    resources: tmpdir=/loc/scratch/61840818

Activating conda environment: .snakemake/conda/5e304da8a87c07a4a5292d86628e6ffc_
Activating conda environment: .snakemake/conda/5e304da8a87c07a4a5292d86628e6ffc_
[Wed Sep 11 14:30:23 2024]
Finished job 5.
2 of 5 steps (40%) done
Select jobs to execute...
Execute 1 jobs...

[Wed Sep 11 14:30:23 2024]
localrule check_number_ORFs_found:
    input: Results/EBV_gL/nucleotide.fasta, Results/EBV_gL/ORF_sequences/protein_temp.fasta, Results/EBV_gL/ORF_sequences/codon_temp.fasta
    output: Results/EBV_gL/ORF_sequences/ORF_extraction_verification.txt
    jobid: 13
    reason: Missing output files: Results/EBV_gL/ORF_sequences/ORF_extraction_verification.txt
    wildcards: gene=EBV_gL
    resources: tmpdir=/loc/scratch/61840818

Activating conda environment: .snakemake/conda/5e304da8a87c07a4a5292d86628e6ffc_
Activating conda environment: .snakemake/conda/5e304da8a87c07a4a5292d86628e6ffc_
[Wed Sep 11 14:30:23 2024]
Finished job 13.
3 of 5 steps (60%) done
Select jobs to execute...
Execute 1 jobs...

[Wed Sep 11 14:30:23 2024]
localrule check_number_ORFs_found:
    input: Results/EBV_gB/nucleotide.fasta, Results/EBV_gB/ORF_sequences/protein_temp.fasta, Results/EBV_gB/ORF_sequences/codon_temp.fasta
    output: Results/EBV_gB/ORF_sequences/ORF_extraction_verification.txt
    jobid: 1
    reason: Missing output files: Results/EBV_gB/ORF_sequences/ORF_extraction_verification.txt
    wildcards: gene=EBV_gB
    resources: tmpdir=/loc/scratch/61840818

Activating conda environment: .snakemake/conda/5e304da8a87c07a4a5292d86628e6ffc_
Activating conda environment: .snakemake/conda/5e304da8a87c07a4a5292d86628e6ffc_
[Wed Sep 11 14:30:24 2024]
Finished job 1.
4 of 5 steps (80%) done
Select jobs to execute...
Execute 1 jobs...

[Wed Sep 11 14:30:24 2024]
localrule all:
    input: Results/EBV_gB/ORF_sequences/ORF_extraction_verification.txt, Results/EBV_gp42/ORF_sequences/ORF_extraction_verification.txt, Results/EBV_gH/ORF_sequences/ORF_extraction_verification.txt, Results/EBV_gL/ORF_sequences/ORF_extraction_verification.txt, auspice/Herpesvirus-Glycoprotein-Analysis_EBV_gB.json, auspice/Herpesvirus-Glycoprotein-Analysis_EBV_gp42.json, auspice/Herpesvirus-Glycoprotein-Analysis_EBV_gH.json, auspice/Herpesvirus-Glycoprotein-Analysis_EBV_gL.json
    jobid: 0
    reason: Input files updated by another job: Results/EBV_gL/ORF_sequences/ORF_extraction_verification.txt, Results/EBV_gH/ORF_sequences/ORF_extraction_verification.txt, Results/EBV_gp42/ORF_sequences/ORF_extraction_verification.txt, Results/EBV_gB/ORF_sequences/ORF_extraction_verification.txt
    resources: tmpdir=/loc/scratch/61840818

[Wed Sep 11 14:30:24 2024]
Finished job 0.
5 of 5 steps (100%) done
Complete log: .snakemake/log/2024-09-11T143010.862360.snakemake.log
Run of snakemake complete.
