Running snakemake...
Assuming unrestricted shared filesystem usage.
Building DAG of jobs...
Using shell: /bin/bash
Provided cores: 16
Rules claiming more threads will be scaled down.
Job stats:
job                         count
------------------------  -------
all                             1
ancestral_tree_sequences        4
colors                          4
export_tree                     4
refine_tree_sequences           4
root_and_remove_outgroup        4
traits_tree_sequences           4
translate_tree_sequences        4
tree_sequences                  4
total                          33

Select jobs to execute...
Execute 1 jobs...

[Sat Sep 14 10:12:07 2024]
localrule tree_sequences:
    input: Results/EBV_gH/Alignments/codon_ungapped.fasta
    output: Results/EBV_gH/Trees/tree_raw.nwk
    log: Results/Logs/EBV_gH/tree_sequences.txt
    jobid: 50
    reason: Missing output files: Results/EBV_gH/Trees/tree_raw.nwk
    wildcards: gene=EBV_gH
    resources: tmpdir=/loc/scratch/62212550

Activating conda environment: .snakemake/conda/5e304da8a87c07a4a5292d86628e6ffc_
[Sat Sep 14 10:12:22 2024]
Finished job 50.
1 of 33 steps (3%) done
Select jobs to execute...
Execute 1 jobs...

[Sat Sep 14 10:12:22 2024]
localrule root_and_remove_outgroup:
    input: Results/EBV_gH/Trees/tree_raw.nwk, Results/EBV_gH/Alignments/protein_ungapped.fasta, Results/EBV_gH/Alignments/codon_ungapped.fasta
    output: Results/EBV_gH/Trees/tree_no_outgroup.nwk, Results/EBV_gH/Alignments/protein_ungapped_no_outgroup.fasta, Results/EBV_gH/Alignments/codon_ungapped_no_outgroup.fasta
    log: Results/Logs/EBV_gH/root_and_remove_outgroup.txt
    jobid: 49
    reason: Missing output files: Results/EBV_gH/Trees/tree_no_outgroup.nwk; Input files updated by another job: Results/EBV_gH/Trees/tree_raw.nwk
    wildcards: gene=EBV_gH
    resources: tmpdir=/loc/scratch/62212550

Activating conda environment: .snakemake/conda/5e304da8a87c07a4a5292d86628e6ffc_
Activating conda environment: .snakemake/conda/5e304da8a87c07a4a5292d86628e6ffc_
[Sat Sep 14 10:12:24 2024]
Finished job 49.
2 of 33 steps (6%) done
Select jobs to execute...
Execute 1 jobs...

[Sat Sep 14 10:12:24 2024]
localrule colors:
    input: Configure/Input_Data/color_schemes.tsv, Configure/Input_Data/color_orderings.tsv, Results/EBV_gL/metadata.tsv
    output: Results/EBV_gL/Trees/colors.tsv
    jobid: 76
    reason: Missing output files: Results/EBV_gL/Trees/colors.tsv
    wildcards: gene=EBV_gL
    resources: tmpdir=/loc/scratch/62212550

Activating conda environment: .snakemake/conda/5e304da8a87c07a4a5292d86628e6ffc_
No traits found for virus
[Sat Sep 14 10:12:25 2024]
Finished job 76.
3 of 33 steps (9%) done
Select jobs to execute...
Execute 1 jobs...

[Sat Sep 14 10:12:25 2024]
localrule tree_sequences:
    input: Results/EBV_gp42/Alignments/codon_ungapped.fasta
    output: Results/EBV_gp42/Trees/tree_raw.nwk
    log: Results/Logs/EBV_gp42/tree_sequences.txt
    jobid: 35
    reason: Missing output files: Results/EBV_gp42/Trees/tree_raw.nwk
    wildcards: gene=EBV_gp42
    resources: tmpdir=/loc/scratch/62212550

Activating conda environment: .snakemake/conda/5e304da8a87c07a4a5292d86628e6ffc_
[Sat Sep 14 10:12:28 2024]
Finished job 35.
4 of 33 steps (12%) done
Select jobs to execute...
Execute 1 jobs...

[Sat Sep 14 10:12:28 2024]
localrule root_and_remove_outgroup:
    input: Results/EBV_gp42/Trees/tree_raw.nwk, Results/EBV_gp42/Alignments/protein_ungapped.fasta, Results/EBV_gp42/Alignments/codon_ungapped.fasta
    output: Results/EBV_gp42/Trees/tree_no_outgroup.nwk, Results/EBV_gp42/Alignments/protein_ungapped_no_outgroup.fasta, Results/EBV_gp42/Alignments/codon_ungapped_no_outgroup.fasta
    log: Results/Logs/EBV_gp42/root_and_remove_outgroup.txt
    jobid: 34
    reason: Missing output files: Results/EBV_gp42/Trees/tree_no_outgroup.nwk; Input files updated by another job: Results/EBV_gp42/Trees/tree_raw.nwk
    wildcards: gene=EBV_gp42
    resources: tmpdir=/loc/scratch/62212550

Activating conda environment: .snakemake/conda/5e304da8a87c07a4a5292d86628e6ffc_
Activating conda environment: .snakemake/conda/5e304da8a87c07a4a5292d86628e6ffc_
[Sat Sep 14 10:12:29 2024]
Finished job 34.
5 of 33 steps (15%) done
Select jobs to execute...
Execute 1 jobs...

[Sat Sep 14 10:12:29 2024]
localrule colors:
    input: Configure/Input_Data/color_schemes.tsv, Configure/Input_Data/color_orderings.tsv, Results/EBV_gH/metadata.tsv
    output: Results/EBV_gH/Trees/colors.tsv
    jobid: 61
    reason: Missing output files: Results/EBV_gH/Trees/colors.tsv
    wildcards: gene=EBV_gH
    resources: tmpdir=/loc/scratch/62212550

Activating conda environment: .snakemake/conda/5e304da8a87c07a4a5292d86628e6ffc_
No traits found for virus
[Sat Sep 14 10:12:30 2024]
Finished job 61.
6 of 33 steps (18%) done
Select jobs to execute...
Execute 1 jobs...

[Sat Sep 14 10:12:30 2024]
localrule colors:
    input: Configure/Input_Data/color_schemes.tsv, Configure/Input_Data/color_orderings.tsv, Results/EBV_gp42/metadata.tsv
    output: Results/EBV_gp42/Trees/colors.tsv
    jobid: 46
    reason: Missing output files: Results/EBV_gp42/Trees/colors.tsv
    wildcards: gene=EBV_gp42
    resources: tmpdir=/loc/scratch/62212550

Activating conda environment: .snakemake/conda/5e304da8a87c07a4a5292d86628e6ffc_
No traits found for virus
[Sat Sep 14 10:12:31 2024]
Finished job 46.
7 of 33 steps (21%) done
Select jobs to execute...
Execute 1 jobs...

[Sat Sep 14 10:12:31 2024]
localrule tree_sequences:
    input: Results/EBV_gB/Alignments/codon_ungapped.fasta
    output: Results/EBV_gB/Trees/tree_raw.nwk
    log: Results/Logs/EBV_gB/tree_sequences.txt
    jobid: 20
    reason: Missing output files: Results/EBV_gB/Trees/tree_raw.nwk
    wildcards: gene=EBV_gB
    resources: tmpdir=/loc/scratch/62212550

Activating conda environment: .snakemake/conda/5e304da8a87c07a4a5292d86628e6ffc_
[Sat Sep 14 10:12:35 2024]
Finished job 20.
8 of 33 steps (24%) done
Select jobs to execute...
Execute 1 jobs...

[Sat Sep 14 10:12:35 2024]
localrule root_and_remove_outgroup:
    input: Results/EBV_gB/Trees/tree_raw.nwk, Results/EBV_gB/Alignments/protein_ungapped.fasta, Results/EBV_gB/Alignments/codon_ungapped.fasta
    output: Results/EBV_gB/Trees/tree_no_outgroup.nwk, Results/EBV_gB/Alignments/protein_ungapped_no_outgroup.fasta, Results/EBV_gB/Alignments/codon_ungapped_no_outgroup.fasta
    log: Results/Logs/EBV_gB/root_and_remove_outgroup.txt
    jobid: 19
    reason: Missing output files: Results/EBV_gB/Trees/tree_no_outgroup.nwk; Input files updated by another job: Results/EBV_gB/Trees/tree_raw.nwk
    wildcards: gene=EBV_gB
    resources: tmpdir=/loc/scratch/62212550

Activating conda environment: .snakemake/conda/5e304da8a87c07a4a5292d86628e6ffc_
Activating conda environment: .snakemake/conda/5e304da8a87c07a4a5292d86628e6ffc_
[Sat Sep 14 10:12:36 2024]
Finished job 19.
9 of 33 steps (27%) done
Select jobs to execute...
Execute 1 jobs...

[Sat Sep 14 10:12:36 2024]
localrule refine_tree_sequences:
    input: Results/EBV_gB/Alignments/codon_ungapped_no_outgroup.fasta, Results/EBV_gB/Trees/tree_no_outgroup.nwk, Results/EBV_gB/metadata.tsv
    output: Results/EBV_gB/Trees/tree.nwk, Results/EBV_gB/Trees/tree_branch_lengths.json
    log: Results/Logs/EBV_gB/refine_tree_sequences.txt
    jobid: 18
    reason: Missing output files: Results/EBV_gB/Trees/tree_branch_lengths.json, Results/EBV_gB/Trees/tree.nwk; Input files updated by another job: Results/EBV_gB/Alignments/codon_ungapped_no_outgroup.fasta, Results/EBV_gB/Trees/tree_no_outgroup.nwk
    wildcards: gene=EBV_gB
    resources: tmpdir=/loc/scratch/62212550

Activating conda environment: .snakemake/conda/5e304da8a87c07a4a5292d86628e6ffc_
[Sat Sep 14 10:12:39 2024]
Finished job 18.
10 of 33 steps (30%) done
Select jobs to execute...
Execute 1 jobs...

[Sat Sep 14 10:12:39 2024]
localrule traits_tree_sequences:
    input: Results/EBV_gB/Trees/tree.nwk, Results/EBV_gB/metadata.tsv
    output: Results/EBV_gB/Trees/tree_traits.json
    log: Results/Logs/EBV_gB/traits_tree_sequences.txt
    jobid: 27
    reason: Missing output files: Results/EBV_gB/Trees/tree_traits.json; Input files updated by another job: Results/EBV_gB/Trees/tree.nwk
    wildcards: gene=EBV_gB
    resources: tmpdir=/loc/scratch/62212550

Activating conda environment: .snakemake/conda/5e304da8a87c07a4a5292d86628e6ffc_
[Sat Sep 14 10:12:53 2024]
Finished job 27.
11 of 33 steps (33%) done
Select jobs to execute...
Execute 1 jobs...

[Sat Sep 14 10:12:53 2024]
localrule ancestral_tree_sequences:
    input: Results/EBV_gB/Trees/tree.nwk, Results/EBV_gB/Alignments/codon_ungapped_no_outgroup.fasta
    output: Results/EBV_gB/Trees/tree_muts.json
    log: Results/Logs/EBV_gB/ancestral_tree_sequences.txt
    jobid: 28
    reason: Missing output files: Results/EBV_gB/Trees/tree_muts.json; Input files updated by another job: Results/EBV_gB/Alignments/codon_ungapped_no_outgroup.fasta, Results/EBV_gB/Trees/tree.nwk
    wildcards: gene=EBV_gB
    resources: tmpdir=/loc/scratch/62212550

Activating conda environment: .snakemake/conda/5e304da8a87c07a4a5292d86628e6ffc_
[Sat Sep 14 10:12:56 2024]
Finished job 28.
12 of 33 steps (36%) done
Select jobs to execute...
Execute 1 jobs...

[Sat Sep 14 10:12:56 2024]
localrule translate_tree_sequences:
    input: Results/EBV_gB/Trees/tree.nwk, Results/EBV_gB/Trees/tree_muts.json, Results/EBV_gB/EBV_gB_reference.gb
    output: Results/EBV_gB/Trees/tree_aa_muts.json, Results/EBV_gB/Augur_AA_Alignements/EBV_gB.fasta
    log: Results/Logs/EBV_gB/translate_tree_sequences.txt
    jobid: 29
    reason: Missing output files: Results/EBV_gB/Trees/tree_aa_muts.json; Input files updated by another job: Results/EBV_gB/Trees/tree_muts.json, Results/EBV_gB/Trees/tree.nwk
    wildcards: gene=EBV_gB
    resources: tmpdir=/loc/scratch/62212550

Activating conda environment: .snakemake/conda/5e304da8a87c07a4a5292d86628e6ffc_
[Sat Sep 14 10:12:59 2024]
Finished job 29.
13 of 33 steps (39%) done
Select jobs to execute...
Execute 1 jobs...

[Sat Sep 14 10:12:59 2024]
localrule colors:
    input: Configure/Input_Data/color_schemes.tsv, Configure/Input_Data/color_orderings.tsv, Results/EBV_gB/metadata.tsv
    output: Results/EBV_gB/Trees/colors.tsv
    jobid: 31
    reason: Missing output files: Results/EBV_gB/Trees/colors.tsv
    wildcards: gene=EBV_gB
    resources: tmpdir=/loc/scratch/62212550

Activating conda environment: .snakemake/conda/5e304da8a87c07a4a5292d86628e6ffc_
No traits found for virus
[Sat Sep 14 10:13:00 2024]
Finished job 31.
14 of 33 steps (42%) done
Select jobs to execute...
Execute 1 jobs...

[Sat Sep 14 10:13:00 2024]
localrule refine_tree_sequences:
    input: Results/EBV_gp42/Alignments/codon_ungapped_no_outgroup.fasta, Results/EBV_gp42/Trees/tree_no_outgroup.nwk, Results/EBV_gp42/metadata.tsv
    output: Results/EBV_gp42/Trees/tree.nwk, Results/EBV_gp42/Trees/tree_branch_lengths.json
    log: Results/Logs/EBV_gp42/refine_tree_sequences.txt
    jobid: 33
    reason: Missing output files: Results/EBV_gp42/Trees/tree.nwk, Results/EBV_gp42/Trees/tree_branch_lengths.json; Input files updated by another job: Results/EBV_gp42/Alignments/codon_ungapped_no_outgroup.fasta, Results/EBV_gp42/Trees/tree_no_outgroup.nwk
    wildcards: gene=EBV_gp42
    resources: tmpdir=/loc/scratch/62212550

Activating conda environment: .snakemake/conda/5e304da8a87c07a4a5292d86628e6ffc_
[Sat Sep 14 10:13:02 2024]
Finished job 33.
15 of 33 steps (45%) done
Select jobs to execute...
Execute 1 jobs...

[Sat Sep 14 10:13:02 2024]
localrule ancestral_tree_sequences:
    input: Results/EBV_gp42/Trees/tree.nwk, Results/EBV_gp42/Alignments/codon_ungapped_no_outgroup.fasta
    output: Results/EBV_gp42/Trees/tree_muts.json
    log: Results/Logs/EBV_gp42/ancestral_tree_sequences.txt
    jobid: 43
    reason: Missing output files: Results/EBV_gp42/Trees/tree_muts.json; Input files updated by another job: Results/EBV_gp42/Trees/tree.nwk, Results/EBV_gp42/Alignments/codon_ungapped_no_outgroup.fasta
    wildcards: gene=EBV_gp42
    resources: tmpdir=/loc/scratch/62212550

Activating conda environment: .snakemake/conda/5e304da8a87c07a4a5292d86628e6ffc_
[Sat Sep 14 10:13:04 2024]
Finished job 43.
16 of 33 steps (48%) done
Select jobs to execute...
Execute 1 jobs...

[Sat Sep 14 10:13:04 2024]
localrule translate_tree_sequences:
    input: Results/EBV_gp42/Trees/tree.nwk, Results/EBV_gp42/Trees/tree_muts.json, Results/EBV_gp42/EBV_gp42_reference.gb
    output: Results/EBV_gp42/Trees/tree_aa_muts.json, Results/EBV_gp42/Augur_AA_Alignements/EBV_gp42.fasta
    log: Results/Logs/EBV_gp42/translate_tree_sequences.txt
    jobid: 44
    reason: Missing output files: Results/EBV_gp42/Trees/tree_aa_muts.json; Input files updated by another job: Results/EBV_gp42/Trees/tree.nwk, Results/EBV_gp42/Trees/tree_muts.json
    wildcards: gene=EBV_gp42
    resources: tmpdir=/loc/scratch/62212550

Activating conda environment: .snakemake/conda/5e304da8a87c07a4a5292d86628e6ffc_
[Sat Sep 14 10:13:06 2024]
Finished job 44.
17 of 33 steps (52%) done
Select jobs to execute...
Execute 1 jobs...

[Sat Sep 14 10:13:06 2024]
localrule export_tree:
    input: Results/EBV_gB/Trees/tree.nwk, Results/EBV_gB/metadata.tsv, Results/EBV_gB/Trees/tree_branch_lengths.json, Results/EBV_gB/Trees/tree_traits.json, Results/EBV_gB/Trees/tree_muts.json, Results/EBV_gB/Trees/tree_aa_muts.json, Configure/Input_Data/auspice_config.json, Results/EBV_gB/Trees/colors.tsv, Configure/Input_Data/lat_longs.tsv
    output: auspice/Herpesvirus-Glycoprotein-Analysis_EBV_gB.json
    jobid: 17
    reason: Updated input files: Configure/Input_Data/auspice_config.json; Input files updated by another job: Results/EBV_gB/Trees/tree_branch_lengths.json, Results/EBV_gB/Trees/tree_aa_muts.json, Results/EBV_gB/Trees/colors.tsv, Results/EBV_gB/Trees/tree_traits.json, Results/EBV_gB/Trees/tree_muts.json, Results/EBV_gB/Trees/tree.nwk
    wildcards: gene=EBV_gB
    resources: tmpdir=/loc/scratch/62212550

Activating conda environment: .snakemake/conda/5e304da8a87c07a4a5292d86628e6ffc_
Validating schema of 'Results/EBV_gB/Trees/tree_muts.json'...
Validating schema of 'Results/EBV_gB/Trees/tree_aa_muts.json'...
Validating config file Configure/Input_Data/auspice_config.json against the JSON schema
Validating schema of 'Configure/Input_Data/auspice_config.json'...
Validating produced JSON
Validating schema of 'auspice/Herpesvirus-Glycoprotein-Analysis_EBV_gB.json'...
Validating that the JSON is internally consistent...
Validation of 'auspice/Herpesvirus-Glycoprotein-Analysis_EBV_gB.json' succeeded.

[Sat Sep 14 10:13:09 2024]
Finished job 17.
18 of 33 steps (55%) done
Select jobs to execute...
Execute 1 jobs...

[Sat Sep 14 10:13:09 2024]
localrule refine_tree_sequences:
    input: Results/EBV_gH/Alignments/codon_ungapped_no_outgroup.fasta, Results/EBV_gH/Trees/tree_no_outgroup.nwk, Results/EBV_gH/metadata.tsv
    output: Results/EBV_gH/Trees/tree.nwk, Results/EBV_gH/Trees/tree_branch_lengths.json
    log: Results/Logs/EBV_gH/refine_tree_sequences.txt
    jobid: 48
    reason: Missing output files: Results/EBV_gH/Trees/tree.nwk, Results/EBV_gH/Trees/tree_branch_lengths.json; Input files updated by another job: Results/EBV_gH/Trees/tree_no_outgroup.nwk, Results/EBV_gH/Alignments/codon_ungapped_no_outgroup.fasta
    wildcards: gene=EBV_gH
    resources: tmpdir=/loc/scratch/62212550

Activating conda environment: .snakemake/conda/5e304da8a87c07a4a5292d86628e6ffc_
[Sat Sep 14 10:13:11 2024]
Finished job 48.
19 of 33 steps (58%) done
Select jobs to execute...
Execute 1 jobs...

[Sat Sep 14 10:13:11 2024]
localrule ancestral_tree_sequences:
    input: Results/EBV_gH/Trees/tree.nwk, Results/EBV_gH/Alignments/codon_ungapped_no_outgroup.fasta
    output: Results/EBV_gH/Trees/tree_muts.json
    log: Results/Logs/EBV_gH/ancestral_tree_sequences.txt
    jobid: 58
    reason: Missing output files: Results/EBV_gH/Trees/tree_muts.json; Input files updated by another job: Results/EBV_gH/Trees/tree.nwk, Results/EBV_gH/Alignments/codon_ungapped_no_outgroup.fasta
    wildcards: gene=EBV_gH
    resources: tmpdir=/loc/scratch/62212550

Activating conda environment: .snakemake/conda/5e304da8a87c07a4a5292d86628e6ffc_
[Sat Sep 14 10:13:14 2024]
Finished job 58.
20 of 33 steps (61%) done
Select jobs to execute...
Execute 1 jobs...

[Sat Sep 14 10:13:14 2024]
localrule traits_tree_sequences:
    input: Results/EBV_gH/Trees/tree.nwk, Results/EBV_gH/metadata.tsv
    output: Results/EBV_gH/Trees/tree_traits.json
    log: Results/Logs/EBV_gH/traits_tree_sequences.txt
    jobid: 57
    reason: Missing output files: Results/EBV_gH/Trees/tree_traits.json; Input files updated by another job: Results/EBV_gH/Trees/tree.nwk
    wildcards: gene=EBV_gH
    resources: tmpdir=/loc/scratch/62212550

Activating conda environment: .snakemake/conda/5e304da8a87c07a4a5292d86628e6ffc_
[Sat Sep 14 10:13:22 2024]
Finished job 57.
21 of 33 steps (64%) done
Select jobs to execute...
Execute 1 jobs...

[Sat Sep 14 10:13:22 2024]
localrule translate_tree_sequences:
    input: Results/EBV_gH/Trees/tree.nwk, Results/EBV_gH/Trees/tree_muts.json, Results/EBV_gH/EBV_gH_reference.gb
    output: Results/EBV_gH/Trees/tree_aa_muts.json, Results/EBV_gH/Augur_AA_Alignements/EBV_gH.fasta
    log: Results/Logs/EBV_gH/translate_tree_sequences.txt
    jobid: 59
    reason: Missing output files: Results/EBV_gH/Trees/tree_aa_muts.json; Input files updated by another job: Results/EBV_gH/Trees/tree.nwk, Results/EBV_gH/Trees/tree_muts.json
    wildcards: gene=EBV_gH
    resources: tmpdir=/loc/scratch/62212550

Activating conda environment: .snakemake/conda/5e304da8a87c07a4a5292d86628e6ffc_
[Sat Sep 14 10:13:24 2024]
Finished job 59.
22 of 33 steps (67%) done
Select jobs to execute...
Execute 1 jobs...

[Sat Sep 14 10:13:24 2024]
localrule export_tree:
    input: Results/EBV_gH/Trees/tree.nwk, Results/EBV_gH/metadata.tsv, Results/EBV_gH/Trees/tree_branch_lengths.json, Results/EBV_gH/Trees/tree_traits.json, Results/EBV_gH/Trees/tree_muts.json, Results/EBV_gH/Trees/tree_aa_muts.json, Configure/Input_Data/auspice_config.json, Results/EBV_gH/Trees/colors.tsv, Configure/Input_Data/lat_longs.tsv
    output: auspice/Herpesvirus-Glycoprotein-Analysis_EBV_gH.json
    jobid: 47
    reason: Updated input files: Configure/Input_Data/auspice_config.json; Input files updated by another job: Results/EBV_gH/Trees/tree.nwk, Results/EBV_gH/Trees/tree_branch_lengths.json, Results/EBV_gH/Trees/tree_aa_muts.json, Results/EBV_gH/Trees/colors.tsv, Results/EBV_gH/Trees/tree_muts.json, Results/EBV_gH/Trees/tree_traits.json
    wildcards: gene=EBV_gH
    resources: tmpdir=/loc/scratch/62212550

Activating conda environment: .snakemake/conda/5e304da8a87c07a4a5292d86628e6ffc_
Validating schema of 'Results/EBV_gH/Trees/tree_muts.json'...
Validating schema of 'Results/EBV_gH/Trees/tree_aa_muts.json'...
Validating config file Configure/Input_Data/auspice_config.json against the JSON schema
Validating schema of 'Configure/Input_Data/auspice_config.json'...
Validating produced JSON
Validating schema of 'auspice/Herpesvirus-Glycoprotein-Analysis_EBV_gH.json'...
Validating that the JSON is internally consistent...
Validation of 'auspice/Herpesvirus-Glycoprotein-Analysis_EBV_gH.json' succeeded.

[Sat Sep 14 10:13:26 2024]
Finished job 47.
23 of 33 steps (70%) done
Select jobs to execute...
Execute 1 jobs...

[Sat Sep 14 10:13:26 2024]
localrule traits_tree_sequences:
    input: Results/EBV_gp42/Trees/tree.nwk, Results/EBV_gp42/metadata.tsv
    output: Results/EBV_gp42/Trees/tree_traits.json
    log: Results/Logs/EBV_gp42/traits_tree_sequences.txt
    jobid: 42
    reason: Missing output files: Results/EBV_gp42/Trees/tree_traits.json; Input files updated by another job: Results/EBV_gp42/Trees/tree.nwk
    wildcards: gene=EBV_gp42
    resources: tmpdir=/loc/scratch/62212550

Activating conda environment: .snakemake/conda/5e304da8a87c07a4a5292d86628e6ffc_
[Sat Sep 14 10:13:30 2024]
Finished job 42.
24 of 33 steps (73%) done
Select jobs to execute...
Execute 1 jobs...

[Sat Sep 14 10:13:30 2024]
localrule tree_sequences:
    input: Results/EBV_gL/Alignments/codon_ungapped.fasta
    output: Results/EBV_gL/Trees/tree_raw.nwk
    log: Results/Logs/EBV_gL/tree_sequences.txt
    jobid: 65
    reason: Missing output files: Results/EBV_gL/Trees/tree_raw.nwk
    wildcards: gene=EBV_gL
    resources: tmpdir=/loc/scratch/62212550

Activating conda environment: .snakemake/conda/5e304da8a87c07a4a5292d86628e6ffc_
[Sat Sep 14 10:13:33 2024]
Finished job 65.
25 of 33 steps (76%) done
Select jobs to execute...
Execute 1 jobs...

[Sat Sep 14 10:13:33 2024]
localrule export_tree:
    input: Results/EBV_gp42/Trees/tree.nwk, Results/EBV_gp42/metadata.tsv, Results/EBV_gp42/Trees/tree_branch_lengths.json, Results/EBV_gp42/Trees/tree_traits.json, Results/EBV_gp42/Trees/tree_muts.json, Results/EBV_gp42/Trees/tree_aa_muts.json, Configure/Input_Data/auspice_config.json, Results/EBV_gp42/Trees/colors.tsv, Configure/Input_Data/lat_longs.tsv
    output: auspice/Herpesvirus-Glycoprotein-Analysis_EBV_gp42.json
    jobid: 32
    reason: Updated input files: Configure/Input_Data/auspice_config.json; Input files updated by another job: Results/EBV_gp42/Trees/tree.nwk, Results/EBV_gp42/Trees/tree_traits.json, Results/EBV_gp42/Trees/tree_muts.json, Results/EBV_gp42/Trees/colors.tsv, Results/EBV_gp42/Trees/tree_aa_muts.json, Results/EBV_gp42/Trees/tree_branch_lengths.json
    wildcards: gene=EBV_gp42
    resources: tmpdir=/loc/scratch/62212550

Activating conda environment: .snakemake/conda/5e304da8a87c07a4a5292d86628e6ffc_
Validating schema of 'Results/EBV_gp42/Trees/tree_muts.json'...
Validating schema of 'Results/EBV_gp42/Trees/tree_aa_muts.json'...
Validating config file Configure/Input_Data/auspice_config.json against the JSON schema
Validating schema of 'Configure/Input_Data/auspice_config.json'...
Validating produced JSON
Validating schema of 'auspice/Herpesvirus-Glycoprotein-Analysis_EBV_gp42.json'...
Validating that the JSON is internally consistent...
Validation of 'auspice/Herpesvirus-Glycoprotein-Analysis_EBV_gp42.json' succeeded.

[Sat Sep 14 10:13:35 2024]
Finished job 32.
26 of 33 steps (79%) done
Select jobs to execute...
Execute 1 jobs...

[Sat Sep 14 10:13:35 2024]
localrule root_and_remove_outgroup:
    input: Results/EBV_gL/Trees/tree_raw.nwk, Results/EBV_gL/Alignments/protein_ungapped.fasta, Results/EBV_gL/Alignments/codon_ungapped.fasta
    output: Results/EBV_gL/Trees/tree_no_outgroup.nwk, Results/EBV_gL/Alignments/protein_ungapped_no_outgroup.fasta, Results/EBV_gL/Alignments/codon_ungapped_no_outgroup.fasta
    log: Results/Logs/EBV_gL/root_and_remove_outgroup.txt
    jobid: 64
    reason: Missing output files: Results/EBV_gL/Trees/tree_no_outgroup.nwk; Input files updated by another job: Results/EBV_gL/Trees/tree_raw.nwk
    wildcards: gene=EBV_gL
    resources: tmpdir=/loc/scratch/62212550

Activating conda environment: .snakemake/conda/5e304da8a87c07a4a5292d86628e6ffc_
Activating conda environment: .snakemake/conda/5e304da8a87c07a4a5292d86628e6ffc_
[Sat Sep 14 10:13:36 2024]
Finished job 64.
27 of 33 steps (82%) done
Select jobs to execute...
Execute 1 jobs...

[Sat Sep 14 10:13:36 2024]
localrule refine_tree_sequences:
    input: Results/EBV_gL/Alignments/codon_ungapped_no_outgroup.fasta, Results/EBV_gL/Trees/tree_no_outgroup.nwk, Results/EBV_gL/metadata.tsv
    output: Results/EBV_gL/Trees/tree.nwk, Results/EBV_gL/Trees/tree_branch_lengths.json
    log: Results/Logs/EBV_gL/refine_tree_sequences.txt
    jobid: 63
    reason: Missing output files: Results/EBV_gL/Trees/tree.nwk, Results/EBV_gL/Trees/tree_branch_lengths.json; Input files updated by another job: Results/EBV_gL/Trees/tree_no_outgroup.nwk, Results/EBV_gL/Alignments/codon_ungapped_no_outgroup.fasta
    wildcards: gene=EBV_gL
    resources: tmpdir=/loc/scratch/62212550

Activating conda environment: .snakemake/conda/5e304da8a87c07a4a5292d86628e6ffc_
[Sat Sep 14 10:13:38 2024]
Finished job 63.
28 of 33 steps (85%) done
Select jobs to execute...
Execute 1 jobs...

[Sat Sep 14 10:13:38 2024]
localrule traits_tree_sequences:
    input: Results/EBV_gL/Trees/tree.nwk, Results/EBV_gL/metadata.tsv
    output: Results/EBV_gL/Trees/tree_traits.json
    log: Results/Logs/EBV_gL/traits_tree_sequences.txt
    jobid: 72
    reason: Missing output files: Results/EBV_gL/Trees/tree_traits.json; Input files updated by another job: Results/EBV_gL/Trees/tree.nwk
    wildcards: gene=EBV_gL
    resources: tmpdir=/loc/scratch/62212550

Activating conda environment: .snakemake/conda/5e304da8a87c07a4a5292d86628e6ffc_
[Sat Sep 14 10:13:42 2024]
Finished job 72.
29 of 33 steps (88%) done
Select jobs to execute...
Execute 1 jobs...

[Sat Sep 14 10:13:42 2024]
localrule ancestral_tree_sequences:
    input: Results/EBV_gL/Trees/tree.nwk, Results/EBV_gL/Alignments/codon_ungapped_no_outgroup.fasta
    output: Results/EBV_gL/Trees/tree_muts.json
    log: Results/Logs/EBV_gL/ancestral_tree_sequences.txt
    jobid: 73
    reason: Missing output files: Results/EBV_gL/Trees/tree_muts.json; Input files updated by another job: Results/EBV_gL/Trees/tree.nwk, Results/EBV_gL/Alignments/codon_ungapped_no_outgroup.fasta
    wildcards: gene=EBV_gL
    resources: tmpdir=/loc/scratch/62212550

Activating conda environment: .snakemake/conda/5e304da8a87c07a4a5292d86628e6ffc_
[Sat Sep 14 10:13:44 2024]
Finished job 73.
30 of 33 steps (91%) done
Select jobs to execute...
Execute 1 jobs...

[Sat Sep 14 10:13:44 2024]
localrule translate_tree_sequences:
    input: Results/EBV_gL/Trees/tree.nwk, Results/EBV_gL/Trees/tree_muts.json, Results/EBV_gL/EBV_gL_reference.gb
    output: Results/EBV_gL/Trees/tree_aa_muts.json, Results/EBV_gL/Augur_AA_Alignements/EBV_gL.fasta
    log: Results/Logs/EBV_gL/translate_tree_sequences.txt
    jobid: 74
    reason: Missing output files: Results/EBV_gL/Trees/tree_aa_muts.json; Input files updated by another job: Results/EBV_gL/Trees/tree_muts.json, Results/EBV_gL/Trees/tree.nwk
    wildcards: gene=EBV_gL
    resources: tmpdir=/loc/scratch/62212550

Activating conda environment: .snakemake/conda/5e304da8a87c07a4a5292d86628e6ffc_
[Sat Sep 14 10:13:46 2024]
Finished job 74.
31 of 33 steps (94%) done
Select jobs to execute...
Execute 1 jobs...

[Sat Sep 14 10:13:46 2024]
localrule export_tree:
    input: Results/EBV_gL/Trees/tree.nwk, Results/EBV_gL/metadata.tsv, Results/EBV_gL/Trees/tree_branch_lengths.json, Results/EBV_gL/Trees/tree_traits.json, Results/EBV_gL/Trees/tree_muts.json, Results/EBV_gL/Trees/tree_aa_muts.json, Configure/Input_Data/auspice_config.json, Results/EBV_gL/Trees/colors.tsv, Configure/Input_Data/lat_longs.tsv
    output: auspice/Herpesvirus-Glycoprotein-Analysis_EBV_gL.json
    jobid: 62
    reason: Updated input files: Configure/Input_Data/auspice_config.json; Input files updated by another job: Results/EBV_gL/Trees/tree_muts.json, Results/EBV_gL/Trees/colors.tsv, Results/EBV_gL/Trees/tree_aa_muts.json, Results/EBV_gL/Trees/tree.nwk, Results/EBV_gL/Trees/tree_traits.json, Results/EBV_gL/Trees/tree_branch_lengths.json
    wildcards: gene=EBV_gL
    resources: tmpdir=/loc/scratch/62212550

Activating conda environment: .snakemake/conda/5e304da8a87c07a4a5292d86628e6ffc_
Validating schema of 'Results/EBV_gL/Trees/tree_muts.json'...
Validating schema of 'Results/EBV_gL/Trees/tree_aa_muts.json'...
Validating config file Configure/Input_Data/auspice_config.json against the JSON schema
Validating schema of 'Configure/Input_Data/auspice_config.json'...
Validating produced JSON
Validating schema of 'auspice/Herpesvirus-Glycoprotein-Analysis_EBV_gL.json'...
Validating that the JSON is internally consistent...
Validation of 'auspice/Herpesvirus-Glycoprotein-Analysis_EBV_gL.json' succeeded.

[Sat Sep 14 10:13:48 2024]
Finished job 62.
32 of 33 steps (97%) done
Select jobs to execute...
Execute 1 jobs...

[Sat Sep 14 10:13:48 2024]
localrule all:
    input: Results/EBV_gB/ORF_sequences/ORF_extraction_verification.txt, Results/EBV_gp42/ORF_sequences/ORF_extraction_verification.txt, Results/EBV_gH/ORF_sequences/ORF_extraction_verification.txt, Results/EBV_gL/ORF_sequences/ORF_extraction_verification.txt, auspice/Herpesvirus-Glycoprotein-Analysis_EBV_gB.json, auspice/Herpesvirus-Glycoprotein-Analysis_EBV_gp42.json, auspice/Herpesvirus-Glycoprotein-Analysis_EBV_gH.json, auspice/Herpesvirus-Glycoprotein-Analysis_EBV_gL.json
    jobid: 0
    reason: Input files updated by another job: auspice/Herpesvirus-Glycoprotein-Analysis_EBV_gH.json, auspice/Herpesvirus-Glycoprotein-Analysis_EBV_gp42.json, auspice/Herpesvirus-Glycoprotein-Analysis_EBV_gL.json, auspice/Herpesvirus-Glycoprotein-Analysis_EBV_gB.json
    resources: tmpdir=/loc/scratch/62212550

[Sat Sep 14 10:13:48 2024]
Finished job 0.
33 of 33 steps (100%) done
Complete log: .snakemake/log/2024-09-14T101157.797272.snakemake.log
Run of snakemake complete.
