Running snakemake...
Assuming unrestricted shared filesystem usage.
Building DAG of jobs...
Using shell: /bin/bash
Provided cores: 16
Rules claiming more threads will be scaled down.
Job stats:
job                             count
----------------------------  -------
all                                 1
ancestral_tree_sequences            4
colors                              4
export_tree                         4
refine_tree_sequences               4
root_and_remove_outgroup            4
strip_codon_alignment_gaps          4
strip_protein_alignment_gaps        4
traits_tree_sequences               4
translate_tree_sequences            4
tree_sequences                      4
total                              41

Select jobs to execute...
Execute 1 jobs...

[Fri Sep 13 09:21:57 2024]
localrule strip_protein_alignment_gaps:
    input: Results/EBV_gB/Alignments/protein.fasta
    output: Results/EBV_gB/Alignments/protein_ungapped.fasta
    log: Results/Logs/EBV_gB/strip_protein_alignment_gaps.txt
    jobid: 26
    reason: Missing output files: Results/EBV_gB/Alignments/protein_ungapped.fasta
    wildcards: gene=EBV_gB
    resources: tmpdir=/loc/scratch/62147683

Activating conda environment: .snakemake/conda/5e304da8a87c07a4a5292d86628e6ffc_
Activating conda environment: .snakemake/conda/5e304da8a87c07a4a5292d86628e6ffc_
[Fri Sep 13 09:22:00 2024]
Finished job 26.
1 of 41 steps (2%) done
Select jobs to execute...
Execute 1 jobs...

[Fri Sep 13 09:22:00 2024]
localrule colors:
    input: Configure/Input_Data/color_schemes.tsv, Configure/Input_Data/color_orderings.tsv, Results/EBV_gL/metadata.tsv
    output: Results/EBV_gL/Trees/colors.tsv
    jobid: 76
    reason: Missing output files: Results/EBV_gL/Trees/colors.tsv
    wildcards: gene=EBV_gL
    resources: tmpdir=/loc/scratch/62147683

Activating conda environment: .snakemake/conda/5e304da8a87c07a4a5292d86628e6ffc_
No traits found for virus
[Fri Sep 13 09:22:02 2024]
Finished job 76.
2 of 41 steps (5%) done
Select jobs to execute...
Execute 1 jobs...

[Fri Sep 13 09:22:02 2024]
localrule strip_protein_alignment_gaps:
    input: Results/EBV_gp42/Alignments/protein.fasta
    output: Results/EBV_gp42/Alignments/protein_ungapped.fasta
    log: Results/Logs/EBV_gp42/strip_protein_alignment_gaps.txt
    jobid: 41
    reason: Missing output files: Results/EBV_gp42/Alignments/protein_ungapped.fasta
    wildcards: gene=EBV_gp42
    resources: tmpdir=/loc/scratch/62147683

Activating conda environment: .snakemake/conda/5e304da8a87c07a4a5292d86628e6ffc_
Activating conda environment: .snakemake/conda/5e304da8a87c07a4a5292d86628e6ffc_
[Fri Sep 13 09:22:03 2024]
Finished job 41.
3 of 41 steps (7%) done
Select jobs to execute...
Execute 1 jobs...

[Fri Sep 13 09:22:04 2024]
localrule colors:
    input: Configure/Input_Data/color_schemes.tsv, Configure/Input_Data/color_orderings.tsv, Results/EBV_gH/metadata.tsv
    output: Results/EBV_gH/Trees/colors.tsv
    jobid: 61
    reason: Missing output files: Results/EBV_gH/Trees/colors.tsv
    wildcards: gene=EBV_gH
    resources: tmpdir=/loc/scratch/62147683

Activating conda environment: .snakemake/conda/5e304da8a87c07a4a5292d86628e6ffc_
No traits found for virus
[Fri Sep 13 09:22:05 2024]
Finished job 61.
4 of 41 steps (10%) done
Select jobs to execute...
Execute 1 jobs...

[Fri Sep 13 09:22:05 2024]
localrule strip_codon_alignment_gaps:
    input: Results/EBV_gL/Alignments/codon.fasta
    output: Results/EBV_gL/Alignments/codon_ungapped.fasta
    log: Results/Logs/EBV_gL/strip_codon_alignment_gaps.txt
    jobid: 66
    reason: Missing output files: Results/EBV_gL/Alignments/codon_ungapped.fasta
    wildcards: gene=EBV_gL
    resources: tmpdir=/loc/scratch/62147683

Activating conda environment: .snakemake/conda/5e304da8a87c07a4a5292d86628e6ffc_
Activating conda environment: .snakemake/conda/5e304da8a87c07a4a5292d86628e6ffc_
[Fri Sep 13 09:22:06 2024]
Finished job 66.
5 of 41 steps (12%) done
Select jobs to execute...
Execute 1 jobs...

[Fri Sep 13 09:22:06 2024]
localrule colors:
    input: Configure/Input_Data/color_schemes.tsv, Configure/Input_Data/color_orderings.tsv, Results/EBV_gp42/metadata.tsv
    output: Results/EBV_gp42/Trees/colors.tsv
    jobid: 46
    reason: Missing output files: Results/EBV_gp42/Trees/colors.tsv
    wildcards: gene=EBV_gp42
    resources: tmpdir=/loc/scratch/62147683

Activating conda environment: .snakemake/conda/5e304da8a87c07a4a5292d86628e6ffc_
No traits found for virus
[Fri Sep 13 09:22:07 2024]
Finished job 46.
6 of 41 steps (15%) done
Select jobs to execute...
Execute 1 jobs...

[Fri Sep 13 09:22:07 2024]
localrule strip_codon_alignment_gaps:
    input: Results/EBV_gH/Alignments/codon.fasta
    output: Results/EBV_gH/Alignments/codon_ungapped.fasta
    log: Results/Logs/EBV_gH/strip_codon_alignment_gaps.txt
    jobid: 51
    reason: Missing output files: Results/EBV_gH/Alignments/codon_ungapped.fasta
    wildcards: gene=EBV_gH
    resources: tmpdir=/loc/scratch/62147683

Activating conda environment: .snakemake/conda/5e304da8a87c07a4a5292d86628e6ffc_
Activating conda environment: .snakemake/conda/5e304da8a87c07a4a5292d86628e6ffc_
[Fri Sep 13 09:22:09 2024]
Finished job 51.
7 of 41 steps (17%) done
Select jobs to execute...
Execute 1 jobs...

[Fri Sep 13 09:22:09 2024]
localrule tree_sequences:
    input: Results/EBV_gH/Alignments/codon_ungapped.fasta
    output: Results/EBV_gH/Trees/tree_raw.nwk
    log: Results/Logs/EBV_gH/tree_sequences.txt
    jobid: 50
    reason: Missing output files: Results/EBV_gH/Trees/tree_raw.nwk; Input files updated by another job: Results/EBV_gH/Alignments/codon_ungapped.fasta
    wildcards: gene=EBV_gH
    resources: tmpdir=/loc/scratch/62147683

Activating conda environment: .snakemake/conda/5e304da8a87c07a4a5292d86628e6ffc_
[Fri Sep 13 09:22:18 2024]
Finished job 50.
8 of 41 steps (20%) done
Select jobs to execute...
Execute 1 jobs...

[Fri Sep 13 09:22:18 2024]
localrule strip_protein_alignment_gaps:
    input: Results/EBV_gL/Alignments/protein.fasta
    output: Results/EBV_gL/Alignments/protein_ungapped.fasta
    log: Results/Logs/EBV_gL/strip_protein_alignment_gaps.txt
    jobid: 71
    reason: Missing output files: Results/EBV_gL/Alignments/protein_ungapped.fasta
    wildcards: gene=EBV_gL
    resources: tmpdir=/loc/scratch/62147683

Activating conda environment: .snakemake/conda/5e304da8a87c07a4a5292d86628e6ffc_
Activating conda environment: .snakemake/conda/5e304da8a87c07a4a5292d86628e6ffc_
[Fri Sep 13 09:22:19 2024]
Finished job 71.
9 of 41 steps (22%) done
Select jobs to execute...
Execute 1 jobs...

[Fri Sep 13 09:22:19 2024]
localrule colors:
    input: Configure/Input_Data/color_schemes.tsv, Configure/Input_Data/color_orderings.tsv, Results/EBV_gB/metadata.tsv
    output: Results/EBV_gB/Trees/colors.tsv
    jobid: 31
    reason: Missing output files: Results/EBV_gB/Trees/colors.tsv
    wildcards: gene=EBV_gB
    resources: tmpdir=/loc/scratch/62147683

Activating conda environment: .snakemake/conda/5e304da8a87c07a4a5292d86628e6ffc_
No traits found for virus
[Fri Sep 13 09:22:20 2024]
Finished job 31.
10 of 41 steps (24%) done
Select jobs to execute...
Execute 1 jobs...

[Fri Sep 13 09:22:20 2024]
localrule strip_codon_alignment_gaps:
    input: Results/EBV_gp42/Alignments/codon.fasta
    output: Results/EBV_gp42/Alignments/codon_ungapped.fasta
    log: Results/Logs/EBV_gp42/strip_codon_alignment_gaps.txt
    jobid: 36
    reason: Missing output files: Results/EBV_gp42/Alignments/codon_ungapped.fasta
    wildcards: gene=EBV_gp42
    resources: tmpdir=/loc/scratch/62147683

Activating conda environment: .snakemake/conda/5e304da8a87c07a4a5292d86628e6ffc_
Activating conda environment: .snakemake/conda/5e304da8a87c07a4a5292d86628e6ffc_
[Fri Sep 13 09:22:21 2024]
Finished job 36.
11 of 41 steps (27%) done
Select jobs to execute...
Execute 1 jobs...

[Fri Sep 13 09:22:21 2024]
localrule tree_sequences:
    input: Results/EBV_gp42/Alignments/codon_ungapped.fasta
    output: Results/EBV_gp42/Trees/tree_raw.nwk
    log: Results/Logs/EBV_gp42/tree_sequences.txt
    jobid: 35
    reason: Missing output files: Results/EBV_gp42/Trees/tree_raw.nwk; Input files updated by another job: Results/EBV_gp42/Alignments/codon_ungapped.fasta
    wildcards: gene=EBV_gp42
    resources: tmpdir=/loc/scratch/62147683

Activating conda environment: .snakemake/conda/5e304da8a87c07a4a5292d86628e6ffc_
[Fri Sep 13 09:22:25 2024]
Finished job 35.
12 of 41 steps (29%) done
Select jobs to execute...
Execute 1 jobs...

[Fri Sep 13 09:22:25 2024]
localrule root_and_remove_outgroup:
    input: Results/EBV_gp42/Trees/tree_raw.nwk, Results/EBV_gp42/Alignments/protein_ungapped.fasta, Results/EBV_gp42/Alignments/codon_ungapped.fasta
    output: Results/EBV_gp42/Trees/tree_no_outgroup.nwk, Results/EBV_gp42/Alignments/protein_ungapped_no_outgroup.fasta, Results/EBV_gp42/Alignments/codon_ungapped_no_outgroup.fasta
    log: Results/Logs/EBV_gp42/root_and_remove_outgroup.txt
    jobid: 34
    reason: Missing output files: Results/EBV_gp42/Alignments/codon_ungapped_no_outgroup.fasta, Results/EBV_gp42/Trees/tree_no_outgroup.nwk; Input files updated by another job: Results/EBV_gp42/Alignments/protein_ungapped.fasta, Results/EBV_gp42/Alignments/codon_ungapped.fasta, Results/EBV_gp42/Trees/tree_raw.nwk
    wildcards: gene=EBV_gp42
    resources: tmpdir=/loc/scratch/62147683

Activating conda environment: .snakemake/conda/5e304da8a87c07a4a5292d86628e6ffc_
Activating conda environment: .snakemake/conda/5e304da8a87c07a4a5292d86628e6ffc_
[Fri Sep 13 09:22:26 2024]
Finished job 34.
13 of 41 steps (32%) done
Select jobs to execute...
Execute 1 jobs...

[Fri Sep 13 09:22:26 2024]
localrule refine_tree_sequences:
    input: Results/EBV_gp42/Alignments/codon_ungapped_no_outgroup.fasta, Results/EBV_gp42/Trees/tree_no_outgroup.nwk, Results/EBV_gp42/metadata.tsv
    output: Results/EBV_gp42/Trees/tree.nwk, Results/EBV_gp42/Trees/tree_branch_lengths.json
    log: Results/Logs/EBV_gp42/refine_tree_sequences.txt
    jobid: 33
    reason: Missing output files: Results/EBV_gp42/Trees/tree_branch_lengths.json, Results/EBV_gp42/Trees/tree.nwk; Input files updated by another job: Results/EBV_gp42/Alignments/codon_ungapped_no_outgroup.fasta, Results/EBV_gp42/Trees/tree_no_outgroup.nwk
    wildcards: gene=EBV_gp42
    resources: tmpdir=/loc/scratch/62147683

Activating conda environment: .snakemake/conda/5e304da8a87c07a4a5292d86628e6ffc_
[Fri Sep 13 09:22:28 2024]
Finished job 33.
14 of 41 steps (34%) done
Select jobs to execute...
Execute 1 jobs...

[Fri Sep 13 09:22:28 2024]
localrule ancestral_tree_sequences:
    input: Results/EBV_gp42/Trees/tree.nwk, Results/EBV_gp42/Alignments/codon_ungapped_no_outgroup.fasta
    output: Results/EBV_gp42/Trees/tree_muts.json
    log: Results/Logs/EBV_gp42/ancestral_tree_sequences.txt
    jobid: 43
    reason: Missing output files: Results/EBV_gp42/Trees/tree_muts.json; Input files updated by another job: Results/EBV_gp42/Alignments/codon_ungapped_no_outgroup.fasta, Results/EBV_gp42/Trees/tree.nwk
    wildcards: gene=EBV_gp42
    resources: tmpdir=/loc/scratch/62147683

Activating conda environment: .snakemake/conda/5e304da8a87c07a4a5292d86628e6ffc_
[Fri Sep 13 09:22:29 2024]
Finished job 43.
15 of 41 steps (37%) done
Select jobs to execute...
Execute 1 jobs...

[Fri Sep 13 09:22:29 2024]
localrule translate_tree_sequences:
    input: Results/EBV_gp42/Trees/tree.nwk, Results/EBV_gp42/Trees/tree_muts.json, Results/EBV_gp42/EBV_gp42_reference.gb
    output: Results/EBV_gp42/Trees/tree_aa_muts.json, Results/EBV_gp42/Augur_AA_Alignements/EBV_gp42.fasta
    log: Results/Logs/EBV_gp42/translate_tree_sequences.txt
    jobid: 44
    reason: Missing output files: Results/EBV_gp42/Trees/tree_aa_muts.json; Input files updated by another job: Results/EBV_gp42/Trees/tree_muts.json, Results/EBV_gp42/Trees/tree.nwk
    wildcards: gene=EBV_gp42
    resources: tmpdir=/loc/scratch/62147683

Activating conda environment: .snakemake/conda/5e304da8a87c07a4a5292d86628e6ffc_
[Fri Sep 13 09:22:31 2024]
Finished job 44.
16 of 41 steps (39%) done
Select jobs to execute...
Execute 1 jobs...

[Fri Sep 13 09:22:31 2024]
localrule traits_tree_sequences:
    input: Results/EBV_gp42/Trees/tree.nwk, Results/EBV_gp42/metadata.tsv
    output: Results/EBV_gp42/Trees/tree_traits.json
    log: Results/Logs/EBV_gp42/traits_tree_sequences.txt
    jobid: 42
    reason: Missing output files: Results/EBV_gp42/Trees/tree_traits.json; Input files updated by another job: Results/EBV_gp42/Trees/tree.nwk
    wildcards: gene=EBV_gp42
    resources: tmpdir=/loc/scratch/62147683

Activating conda environment: .snakemake/conda/5e304da8a87c07a4a5292d86628e6ffc_
[Fri Sep 13 09:22:34 2024]
Finished job 42.
17 of 41 steps (41%) done
Select jobs to execute...
Execute 1 jobs...

[Fri Sep 13 09:22:34 2024]
localrule strip_protein_alignment_gaps:
    input: Results/EBV_gH/Alignments/protein.fasta
    output: Results/EBV_gH/Alignments/protein_ungapped.fasta
    log: Results/Logs/EBV_gH/strip_protein_alignment_gaps.txt
    jobid: 56
    reason: Missing output files: Results/EBV_gH/Alignments/protein_ungapped.fasta
    wildcards: gene=EBV_gH
    resources: tmpdir=/loc/scratch/62147683

Activating conda environment: .snakemake/conda/5e304da8a87c07a4a5292d86628e6ffc_
Activating conda environment: .snakemake/conda/5e304da8a87c07a4a5292d86628e6ffc_
[Fri Sep 13 09:22:35 2024]
Finished job 56.
18 of 41 steps (44%) done
Select jobs to execute...
Execute 1 jobs...

[Fri Sep 13 09:22:35 2024]
localrule root_and_remove_outgroup:
    input: Results/EBV_gH/Trees/tree_raw.nwk, Results/EBV_gH/Alignments/protein_ungapped.fasta, Results/EBV_gH/Alignments/codon_ungapped.fasta
    output: Results/EBV_gH/Trees/tree_no_outgroup.nwk, Results/EBV_gH/Alignments/protein_ungapped_no_outgroup.fasta, Results/EBV_gH/Alignments/codon_ungapped_no_outgroup.fasta
    log: Results/Logs/EBV_gH/root_and_remove_outgroup.txt
    jobid: 49
    reason: Missing output files: Results/EBV_gH/Trees/tree_no_outgroup.nwk, Results/EBV_gH/Alignments/codon_ungapped_no_outgroup.fasta; Input files updated by another job: Results/EBV_gH/Trees/tree_raw.nwk, Results/EBV_gH/Alignments/protein_ungapped.fasta, Results/EBV_gH/Alignments/codon_ungapped.fasta
    wildcards: gene=EBV_gH
    resources: tmpdir=/loc/scratch/62147683

Activating conda environment: .snakemake/conda/5e304da8a87c07a4a5292d86628e6ffc_
Activating conda environment: .snakemake/conda/5e304da8a87c07a4a5292d86628e6ffc_
[Fri Sep 13 09:22:36 2024]
Finished job 49.
19 of 41 steps (46%) done
Select jobs to execute...
Execute 1 jobs...

[Fri Sep 13 09:22:36 2024]
localrule refine_tree_sequences:
    input: Results/EBV_gH/Alignments/codon_ungapped_no_outgroup.fasta, Results/EBV_gH/Trees/tree_no_outgroup.nwk, Results/EBV_gH/metadata.tsv
    output: Results/EBV_gH/Trees/tree.nwk, Results/EBV_gH/Trees/tree_branch_lengths.json
    log: Results/Logs/EBV_gH/refine_tree_sequences.txt
    jobid: 48
    reason: Missing output files: Results/EBV_gH/Trees/tree_branch_lengths.json, Results/EBV_gH/Trees/tree.nwk; Input files updated by another job: Results/EBV_gH/Trees/tree_no_outgroup.nwk, Results/EBV_gH/Alignments/codon_ungapped_no_outgroup.fasta
    wildcards: gene=EBV_gH
    resources: tmpdir=/loc/scratch/62147683

Activating conda environment: .snakemake/conda/5e304da8a87c07a4a5292d86628e6ffc_
[Fri Sep 13 09:22:39 2024]
Finished job 48.
20 of 41 steps (49%) done
Select jobs to execute...
Execute 1 jobs...

[Fri Sep 13 09:22:40 2024]
localrule ancestral_tree_sequences:
    input: Results/EBV_gH/Trees/tree.nwk, Results/EBV_gH/Alignments/codon_ungapped_no_outgroup.fasta
    output: Results/EBV_gH/Trees/tree_muts.json
    log: Results/Logs/EBV_gH/ancestral_tree_sequences.txt
    jobid: 58
    reason: Missing output files: Results/EBV_gH/Trees/tree_muts.json; Input files updated by another job: Results/EBV_gH/Alignments/codon_ungapped_no_outgroup.fasta, Results/EBV_gH/Trees/tree.nwk
    wildcards: gene=EBV_gH
    resources: tmpdir=/loc/scratch/62147683

Activating conda environment: .snakemake/conda/5e304da8a87c07a4a5292d86628e6ffc_
[Fri Sep 13 09:22:43 2024]
Finished job 58.
21 of 41 steps (51%) done
Select jobs to execute...
Execute 1 jobs...

[Fri Sep 13 09:22:43 2024]
localrule translate_tree_sequences:
    input: Results/EBV_gH/Trees/tree.nwk, Results/EBV_gH/Trees/tree_muts.json, Results/EBV_gH/EBV_gH_reference.gb
    output: Results/EBV_gH/Trees/tree_aa_muts.json, Results/EBV_gH/Augur_AA_Alignements/EBV_gH.fasta
    log: Results/Logs/EBV_gH/translate_tree_sequences.txt
    jobid: 59
    reason: Missing output files: Results/EBV_gH/Trees/tree_aa_muts.json; Input files updated by another job: Results/EBV_gH/Trees/tree_muts.json, Results/EBV_gH/Trees/tree.nwk
    wildcards: gene=EBV_gH
    resources: tmpdir=/loc/scratch/62147683

Activating conda environment: .snakemake/conda/5e304da8a87c07a4a5292d86628e6ffc_
[Fri Sep 13 09:22:45 2024]
Finished job 59.
22 of 41 steps (54%) done
Select jobs to execute...
Execute 1 jobs...

[Fri Sep 13 09:22:45 2024]
localrule traits_tree_sequences:
    input: Results/EBV_gH/Trees/tree.nwk, Results/EBV_gH/metadata.tsv
    output: Results/EBV_gH/Trees/tree_traits.json
    log: Results/Logs/EBV_gH/traits_tree_sequences.txt
    jobid: 57
    reason: Missing output files: Results/EBV_gH/Trees/tree_traits.json; Input files updated by another job: Results/EBV_gH/Trees/tree.nwk
    wildcards: gene=EBV_gH
    resources: tmpdir=/loc/scratch/62147683

Activating conda environment: .snakemake/conda/5e304da8a87c07a4a5292d86628e6ffc_
[Fri Sep 13 09:22:49 2024]
Finished job 57.
23 of 41 steps (56%) done
Select jobs to execute...
Execute 1 jobs...

[Fri Sep 13 09:22:49 2024]
localrule export_tree:
    input: Results/EBV_gH/Trees/tree.nwk, Results/EBV_gH/metadata.tsv, Results/EBV_gH/Trees/tree_branch_lengths.json, Results/EBV_gH/Trees/tree_traits.json, Results/EBV_gH/Trees/tree_muts.json, Results/EBV_gH/Trees/tree_aa_muts.json, Configure/Input_Data/auspice_config.json, Results/EBV_gH/Trees/colors.tsv, Configure/Input_Data/lat_longs.tsv
    output: auspice/Herpesvirus-Glycoprotein-Analysis_EBV_gH.json
    jobid: 47
    reason: Missing output files: auspice/Herpesvirus-Glycoprotein-Analysis_EBV_gH.json; Input files updated by another job: Results/EBV_gH/Trees/tree.nwk, Results/EBV_gH/Trees/colors.tsv, Results/EBV_gH/Trees/tree_traits.json, Results/EBV_gH/Trees/tree_muts.json, Results/EBV_gH/Trees/tree_aa_muts.json, Results/EBV_gH/Trees/tree_branch_lengths.json
    wildcards: gene=EBV_gH
    resources: tmpdir=/loc/scratch/62147683

Activating conda environment: .snakemake/conda/5e304da8a87c07a4a5292d86628e6ffc_
Validating schema of 'Results/EBV_gH/Trees/tree_muts.json'...
Validating schema of 'Results/EBV_gH/Trees/tree_aa_muts.json'...
Validating config file Configure/Input_Data/auspice_config.json against the JSON schema
Validating schema of 'Configure/Input_Data/auspice_config.json'...
Validating produced JSON
Validating schema of 'auspice/Herpesvirus-Glycoprotein-Analysis_EBV_gH.json'...
Validating that the JSON is internally consistent...
Validation of 'auspice/Herpesvirus-Glycoprotein-Analysis_EBV_gH.json' succeeded.

[Fri Sep 13 09:22:52 2024]
Finished job 47.
24 of 41 steps (59%) done
Select jobs to execute...
Execute 1 jobs...

[Fri Sep 13 09:22:52 2024]
localrule export_tree:
    input: Results/EBV_gp42/Trees/tree.nwk, Results/EBV_gp42/metadata.tsv, Results/EBV_gp42/Trees/tree_branch_lengths.json, Results/EBV_gp42/Trees/tree_traits.json, Results/EBV_gp42/Trees/tree_muts.json, Results/EBV_gp42/Trees/tree_aa_muts.json, Configure/Input_Data/auspice_config.json, Results/EBV_gp42/Trees/colors.tsv, Configure/Input_Data/lat_longs.tsv
    output: auspice/Herpesvirus-Glycoprotein-Analysis_EBV_gp42.json
    jobid: 32
    reason: Missing output files: auspice/Herpesvirus-Glycoprotein-Analysis_EBV_gp42.json; Input files updated by another job: Results/EBV_gp42/Trees/tree_traits.json, Results/EBV_gp42/Trees/colors.tsv, Results/EBV_gp42/Trees/tree_muts.json, Results/EBV_gp42/Trees/tree.nwk, Results/EBV_gp42/Trees/tree_aa_muts.json, Results/EBV_gp42/Trees/tree_branch_lengths.json
    wildcards: gene=EBV_gp42
    resources: tmpdir=/loc/scratch/62147683

Activating conda environment: .snakemake/conda/5e304da8a87c07a4a5292d86628e6ffc_
Validating schema of 'Results/EBV_gp42/Trees/tree_muts.json'...
Validating schema of 'Results/EBV_gp42/Trees/tree_aa_muts.json'...
Validating config file Configure/Input_Data/auspice_config.json against the JSON schema
Validating schema of 'Configure/Input_Data/auspice_config.json'...
Validating produced JSON
Validating schema of 'auspice/Herpesvirus-Glycoprotein-Analysis_EBV_gp42.json'...
Validating that the JSON is internally consistent...
Validation of 'auspice/Herpesvirus-Glycoprotein-Analysis_EBV_gp42.json' succeeded.

[Fri Sep 13 09:22:53 2024]
Finished job 32.
25 of 41 steps (61%) done
Select jobs to execute...
Execute 1 jobs...

[Fri Sep 13 09:22:53 2024]
localrule strip_codon_alignment_gaps:
    input: Results/EBV_gB/Alignments/codon.fasta
    output: Results/EBV_gB/Alignments/codon_ungapped.fasta
    log: Results/Logs/EBV_gB/strip_codon_alignment_gaps.txt
    jobid: 21
    reason: Missing output files: Results/EBV_gB/Alignments/codon_ungapped.fasta
    wildcards: gene=EBV_gB
    resources: tmpdir=/loc/scratch/62147683

Activating conda environment: .snakemake/conda/5e304da8a87c07a4a5292d86628e6ffc_
Activating conda environment: .snakemake/conda/5e304da8a87c07a4a5292d86628e6ffc_
[Fri Sep 13 09:22:55 2024]
Finished job 21.
26 of 41 steps (63%) done
Select jobs to execute...
Execute 1 jobs...

[Fri Sep 13 09:22:55 2024]
localrule tree_sequences:
    input: Results/EBV_gL/Alignments/codon_ungapped.fasta
    output: Results/EBV_gL/Trees/tree_raw.nwk
    log: Results/Logs/EBV_gL/tree_sequences.txt
    jobid: 65
    reason: Missing output files: Results/EBV_gL/Trees/tree_raw.nwk; Input files updated by another job: Results/EBV_gL/Alignments/codon_ungapped.fasta
    wildcards: gene=EBV_gL
    resources: tmpdir=/loc/scratch/62147683

Activating conda environment: .snakemake/conda/5e304da8a87c07a4a5292d86628e6ffc_
[Fri Sep 13 09:22:57 2024]
Finished job 65.
27 of 41 steps (66%) done
Select jobs to execute...
Execute 1 jobs...

[Fri Sep 13 09:22:57 2024]
localrule tree_sequences:
    input: Results/EBV_gB/Alignments/codon_ungapped.fasta
    output: Results/EBV_gB/Trees/tree_raw.nwk
    log: Results/Logs/EBV_gB/tree_sequences.txt
    jobid: 20
    reason: Missing output files: Results/EBV_gB/Trees/tree_raw.nwk; Input files updated by another job: Results/EBV_gB/Alignments/codon_ungapped.fasta
    wildcards: gene=EBV_gB
    resources: tmpdir=/loc/scratch/62147683

Activating conda environment: .snakemake/conda/5e304da8a87c07a4a5292d86628e6ffc_
[Fri Sep 13 09:23:01 2024]
Finished job 20.
28 of 41 steps (68%) done
Select jobs to execute...
Execute 1 jobs...

[Fri Sep 13 09:23:01 2024]
localrule root_and_remove_outgroup:
    input: Results/EBV_gB/Trees/tree_raw.nwk, Results/EBV_gB/Alignments/protein_ungapped.fasta, Results/EBV_gB/Alignments/codon_ungapped.fasta
    output: Results/EBV_gB/Trees/tree_no_outgroup.nwk, Results/EBV_gB/Alignments/protein_ungapped_no_outgroup.fasta, Results/EBV_gB/Alignments/codon_ungapped_no_outgroup.fasta
    log: Results/Logs/EBV_gB/root_and_remove_outgroup.txt
    jobid: 19
    reason: Missing output files: Results/EBV_gB/Trees/tree_no_outgroup.nwk, Results/EBV_gB/Alignments/codon_ungapped_no_outgroup.fasta; Input files updated by another job: Results/EBV_gB/Alignments/codon_ungapped.fasta, Results/EBV_gB/Alignments/protein_ungapped.fasta, Results/EBV_gB/Trees/tree_raw.nwk
    wildcards: gene=EBV_gB
    resources: tmpdir=/loc/scratch/62147683

Activating conda environment: .snakemake/conda/5e304da8a87c07a4a5292d86628e6ffc_
Activating conda environment: .snakemake/conda/5e304da8a87c07a4a5292d86628e6ffc_
[Fri Sep 13 09:23:02 2024]
Finished job 19.
29 of 41 steps (71%) done
Select jobs to execute...
Execute 1 jobs...

[Fri Sep 13 09:23:02 2024]
localrule refine_tree_sequences:
    input: Results/EBV_gB/Alignments/codon_ungapped_no_outgroup.fasta, Results/EBV_gB/Trees/tree_no_outgroup.nwk, Results/EBV_gB/metadata.tsv
    output: Results/EBV_gB/Trees/tree.nwk, Results/EBV_gB/Trees/tree_branch_lengths.json
    log: Results/Logs/EBV_gB/refine_tree_sequences.txt
    jobid: 18
    reason: Missing output files: Results/EBV_gB/Trees/tree.nwk, Results/EBV_gB/Trees/tree_branch_lengths.json; Input files updated by another job: Results/EBV_gB/Trees/tree_no_outgroup.nwk, Results/EBV_gB/Alignments/codon_ungapped_no_outgroup.fasta
    wildcards: gene=EBV_gB
    resources: tmpdir=/loc/scratch/62147683

Activating conda environment: .snakemake/conda/5e304da8a87c07a4a5292d86628e6ffc_
[Fri Sep 13 09:23:05 2024]
Finished job 18.
30 of 41 steps (73%) done
Select jobs to execute...
Execute 1 jobs...

[Fri Sep 13 09:23:05 2024]
localrule root_and_remove_outgroup:
    input: Results/EBV_gL/Trees/tree_raw.nwk, Results/EBV_gL/Alignments/protein_ungapped.fasta, Results/EBV_gL/Alignments/codon_ungapped.fasta
    output: Results/EBV_gL/Trees/tree_no_outgroup.nwk, Results/EBV_gL/Alignments/protein_ungapped_no_outgroup.fasta, Results/EBV_gL/Alignments/codon_ungapped_no_outgroup.fasta
    log: Results/Logs/EBV_gL/root_and_remove_outgroup.txt
    jobid: 64
    reason: Missing output files: Results/EBV_gL/Alignments/codon_ungapped_no_outgroup.fasta, Results/EBV_gL/Trees/tree_no_outgroup.nwk; Input files updated by another job: Results/EBV_gL/Alignments/protein_ungapped.fasta, Results/EBV_gL/Alignments/codon_ungapped.fasta, Results/EBV_gL/Trees/tree_raw.nwk
    wildcards: gene=EBV_gL
    resources: tmpdir=/loc/scratch/62147683

Activating conda environment: .snakemake/conda/5e304da8a87c07a4a5292d86628e6ffc_
Activating conda environment: .snakemake/conda/5e304da8a87c07a4a5292d86628e6ffc_
[Fri Sep 13 09:23:06 2024]
Finished job 64.
31 of 41 steps (76%) done
Select jobs to execute...
Execute 1 jobs...

[Fri Sep 13 09:23:06 2024]
localrule ancestral_tree_sequences:
    input: Results/EBV_gB/Trees/tree.nwk, Results/EBV_gB/Alignments/codon_ungapped_no_outgroup.fasta
    output: Results/EBV_gB/Trees/tree_muts.json
    log: Results/Logs/EBV_gB/ancestral_tree_sequences.txt
    jobid: 28
    reason: Missing output files: Results/EBV_gB/Trees/tree_muts.json; Input files updated by another job: Results/EBV_gB/Alignments/codon_ungapped_no_outgroup.fasta, Results/EBV_gB/Trees/tree.nwk
    wildcards: gene=EBV_gB
    resources: tmpdir=/loc/scratch/62147683

Activating conda environment: .snakemake/conda/5e304da8a87c07a4a5292d86628e6ffc_
[Fri Sep 13 09:23:10 2024]
Finished job 28.
32 of 41 steps (78%) done
Select jobs to execute...
Execute 1 jobs...

[Fri Sep 13 09:23:10 2024]
localrule translate_tree_sequences:
    input: Results/EBV_gB/Trees/tree.nwk, Results/EBV_gB/Trees/tree_muts.json, Results/EBV_gB/EBV_gB_reference.gb
    output: Results/EBV_gB/Trees/tree_aa_muts.json, Results/EBV_gB/Augur_AA_Alignements/EBV_gB.fasta
    log: Results/Logs/EBV_gB/translate_tree_sequences.txt
    jobid: 29
    reason: Missing output files: Results/EBV_gB/Trees/tree_aa_muts.json; Input files updated by another job: Results/EBV_gB/Trees/tree_muts.json, Results/EBV_gB/Trees/tree.nwk
    wildcards: gene=EBV_gB
    resources: tmpdir=/loc/scratch/62147683

Activating conda environment: .snakemake/conda/5e304da8a87c07a4a5292d86628e6ffc_
[Fri Sep 13 09:23:13 2024]
Finished job 29.
33 of 41 steps (80%) done
Select jobs to execute...
Execute 1 jobs...

[Fri Sep 13 09:23:13 2024]
localrule refine_tree_sequences:
    input: Results/EBV_gL/Alignments/codon_ungapped_no_outgroup.fasta, Results/EBV_gL/Trees/tree_no_outgroup.nwk, Results/EBV_gL/metadata.tsv
    output: Results/EBV_gL/Trees/tree.nwk, Results/EBV_gL/Trees/tree_branch_lengths.json
    log: Results/Logs/EBV_gL/refine_tree_sequences.txt
    jobid: 63
    reason: Missing output files: Results/EBV_gL/Trees/tree_branch_lengths.json, Results/EBV_gL/Trees/tree.nwk; Input files updated by another job: Results/EBV_gL/Alignments/codon_ungapped_no_outgroup.fasta, Results/EBV_gL/Trees/tree_no_outgroup.nwk
    wildcards: gene=EBV_gL
    resources: tmpdir=/loc/scratch/62147683

Activating conda environment: .snakemake/conda/5e304da8a87c07a4a5292d86628e6ffc_
[Fri Sep 13 09:23:16 2024]
Finished job 63.
34 of 41 steps (83%) done
Select jobs to execute...
Execute 1 jobs...

[Fri Sep 13 09:23:16 2024]
localrule ancestral_tree_sequences:
    input: Results/EBV_gL/Trees/tree.nwk, Results/EBV_gL/Alignments/codon_ungapped_no_outgroup.fasta
    output: Results/EBV_gL/Trees/tree_muts.json
    log: Results/Logs/EBV_gL/ancestral_tree_sequences.txt
    jobid: 73
    reason: Missing output files: Results/EBV_gL/Trees/tree_muts.json; Input files updated by another job: Results/EBV_gL/Trees/tree.nwk, Results/EBV_gL/Alignments/codon_ungapped_no_outgroup.fasta
    wildcards: gene=EBV_gL
    resources: tmpdir=/loc/scratch/62147683

Activating conda environment: .snakemake/conda/5e304da8a87c07a4a5292d86628e6ffc_
[Fri Sep 13 09:23:18 2024]
Finished job 73.
35 of 41 steps (85%) done
Select jobs to execute...
Execute 1 jobs...

[Fri Sep 13 09:23:18 2024]
localrule translate_tree_sequences:
    input: Results/EBV_gL/Trees/tree.nwk, Results/EBV_gL/Trees/tree_muts.json, Results/EBV_gL/EBV_gL_reference.gb
    output: Results/EBV_gL/Trees/tree_aa_muts.json, Results/EBV_gL/Augur_AA_Alignements/EBV_gL.fasta
    log: Results/Logs/EBV_gL/translate_tree_sequences.txt
    jobid: 74
    reason: Missing output files: Results/EBV_gL/Trees/tree_aa_muts.json; Input files updated by another job: Results/EBV_gL/Trees/tree.nwk, Results/EBV_gL/Trees/tree_muts.json
    wildcards: gene=EBV_gL
    resources: tmpdir=/loc/scratch/62147683

Activating conda environment: .snakemake/conda/5e304da8a87c07a4a5292d86628e6ffc_
[Fri Sep 13 09:23:20 2024]
Finished job 74.
36 of 41 steps (88%) done
Select jobs to execute...
Execute 1 jobs...

[Fri Sep 13 09:23:20 2024]
localrule traits_tree_sequences:
    input: Results/EBV_gB/Trees/tree.nwk, Results/EBV_gB/metadata.tsv
    output: Results/EBV_gB/Trees/tree_traits.json
    log: Results/Logs/EBV_gB/traits_tree_sequences.txt
    jobid: 27
    reason: Missing output files: Results/EBV_gB/Trees/tree_traits.json; Input files updated by another job: Results/EBV_gB/Trees/tree.nwk
    wildcards: gene=EBV_gB
    resources: tmpdir=/loc/scratch/62147683

Activating conda environment: .snakemake/conda/5e304da8a87c07a4a5292d86628e6ffc_
[Fri Sep 13 09:23:26 2024]
Finished job 27.
37 of 41 steps (90%) done
Select jobs to execute...
Execute 1 jobs...

[Fri Sep 13 09:23:27 2024]
localrule traits_tree_sequences:
    input: Results/EBV_gL/Trees/tree.nwk, Results/EBV_gL/metadata.tsv
    output: Results/EBV_gL/Trees/tree_traits.json
    log: Results/Logs/EBV_gL/traits_tree_sequences.txt
    jobid: 72
    reason: Missing output files: Results/EBV_gL/Trees/tree_traits.json; Input files updated by another job: Results/EBV_gL/Trees/tree.nwk
    wildcards: gene=EBV_gL
    resources: tmpdir=/loc/scratch/62147683

Activating conda environment: .snakemake/conda/5e304da8a87c07a4a5292d86628e6ffc_
[Fri Sep 13 09:23:29 2024]
Finished job 72.
38 of 41 steps (93%) done
Select jobs to execute...
Execute 1 jobs...

[Fri Sep 13 09:23:29 2024]
localrule export_tree:
    input: Results/EBV_gB/Trees/tree.nwk, Results/EBV_gB/metadata.tsv, Results/EBV_gB/Trees/tree_branch_lengths.json, Results/EBV_gB/Trees/tree_traits.json, Results/EBV_gB/Trees/tree_muts.json, Results/EBV_gB/Trees/tree_aa_muts.json, Configure/Input_Data/auspice_config.json, Results/EBV_gB/Trees/colors.tsv, Configure/Input_Data/lat_longs.tsv
    output: auspice/Herpesvirus-Glycoprotein-Analysis_EBV_gB.json
    jobid: 17
    reason: Missing output files: auspice/Herpesvirus-Glycoprotein-Analysis_EBV_gB.json; Input files updated by another job: Results/EBV_gB/Trees/colors.tsv, Results/EBV_gB/Trees/tree_aa_muts.json, Results/EBV_gB/Trees/tree.nwk, Results/EBV_gB/Trees/tree_muts.json, Results/EBV_gB/Trees/tree_traits.json, Results/EBV_gB/Trees/tree_branch_lengths.json
    wildcards: gene=EBV_gB
    resources: tmpdir=/loc/scratch/62147683

Activating conda environment: .snakemake/conda/5e304da8a87c07a4a5292d86628e6ffc_
Validating schema of 'Results/EBV_gB/Trees/tree_muts.json'...
Validating schema of 'Results/EBV_gB/Trees/tree_aa_muts.json'...
Validating config file Configure/Input_Data/auspice_config.json against the JSON schema
Validating schema of 'Configure/Input_Data/auspice_config.json'...
Validating produced JSON
Validating schema of 'auspice/Herpesvirus-Glycoprotein-Analysis_EBV_gB.json'...
Validating that the JSON is internally consistent...
Validation of 'auspice/Herpesvirus-Glycoprotein-Analysis_EBV_gB.json' succeeded.

[Fri Sep 13 09:23:31 2024]
Finished job 17.
39 of 41 steps (95%) done
Select jobs to execute...
Execute 1 jobs...

[Fri Sep 13 09:23:31 2024]
localrule export_tree:
    input: Results/EBV_gL/Trees/tree.nwk, Results/EBV_gL/metadata.tsv, Results/EBV_gL/Trees/tree_branch_lengths.json, Results/EBV_gL/Trees/tree_traits.json, Results/EBV_gL/Trees/tree_muts.json, Results/EBV_gL/Trees/tree_aa_muts.json, Configure/Input_Data/auspice_config.json, Results/EBV_gL/Trees/colors.tsv, Configure/Input_Data/lat_longs.tsv
    output: auspice/Herpesvirus-Glycoprotein-Analysis_EBV_gL.json
    jobid: 62
    reason: Missing output files: auspice/Herpesvirus-Glycoprotein-Analysis_EBV_gL.json; Input files updated by another job: Results/EBV_gL/Trees/colors.tsv, Results/EBV_gL/Trees/tree_traits.json, Results/EBV_gL/Trees/tree.nwk, Results/EBV_gL/Trees/tree_muts.json, Results/EBV_gL/Trees/tree_aa_muts.json, Results/EBV_gL/Trees/tree_branch_lengths.json
    wildcards: gene=EBV_gL
    resources: tmpdir=/loc/scratch/62147683

Activating conda environment: .snakemake/conda/5e304da8a87c07a4a5292d86628e6ffc_
Validating schema of 'Results/EBV_gL/Trees/tree_muts.json'...
Validating schema of 'Results/EBV_gL/Trees/tree_aa_muts.json'...
Validating config file Configure/Input_Data/auspice_config.json against the JSON schema
Validating schema of 'Configure/Input_Data/auspice_config.json'...
Validating produced JSON
Validating schema of 'auspice/Herpesvirus-Glycoprotein-Analysis_EBV_gL.json'...
Validating that the JSON is internally consistent...
Validation of 'auspice/Herpesvirus-Glycoprotein-Analysis_EBV_gL.json' succeeded.

[Fri Sep 13 09:23:33 2024]
Finished job 62.
40 of 41 steps (98%) done
Select jobs to execute...
Execute 1 jobs...

[Fri Sep 13 09:23:33 2024]
localrule all:
    input: Results/EBV_gB/ORF_sequences/ORF_extraction_verification.txt, Results/EBV_gp42/ORF_sequences/ORF_extraction_verification.txt, Results/EBV_gH/ORF_sequences/ORF_extraction_verification.txt, Results/EBV_gL/ORF_sequences/ORF_extraction_verification.txt, auspice/Herpesvirus-Glycoprotein-Analysis_EBV_gB.json, auspice/Herpesvirus-Glycoprotein-Analysis_EBV_gp42.json, auspice/Herpesvirus-Glycoprotein-Analysis_EBV_gH.json, auspice/Herpesvirus-Glycoprotein-Analysis_EBV_gL.json
    jobid: 0
    reason: Input files updated by another job: auspice/Herpesvirus-Glycoprotein-Analysis_EBV_gB.json, auspice/Herpesvirus-Glycoprotein-Analysis_EBV_gL.json, auspice/Herpesvirus-Glycoprotein-Analysis_EBV_gp42.json, auspice/Herpesvirus-Glycoprotein-Analysis_EBV_gH.json
    resources: tmpdir=/loc/scratch/62147683

[Fri Sep 13 09:23:33 2024]
Finished job 0.
41 of 41 steps (100%) done
Complete log: .snakemake/log/2024-09-13T092152.896470.snakemake.log
Run of snakemake complete.
