Running snakemake...
Assuming unrestricted shared filesystem usage.
Building DAG of jobs...
Using shell: /bin/bash
Provided cores: 16
Rules claiming more threads will be scaled down.
Job stats:
job                        count
-----------------------  -------
all                            1
check_number_ORFs_found        4
total                          5

Select jobs to execute...
Execute 1 jobs...

[Wed Sep 11 14:34:32 2024]
localrule check_number_ORFs_found:
    input: Results/HSV1_gH/nucleotide.fasta, Results/HSV1_gH/ORF_sequences/protein_temp.fasta, Results/HSV1_gH/ORF_sequences/codon_temp.fasta
    output: Results/HSV1_gH/ORF_sequences/ORF_extraction_verification.txt
    jobid: 9
    reason: Missing output files: Results/HSV1_gH/ORF_sequences/ORF_extraction_verification.txt
    wildcards: gene=HSV1_gH
    resources: tmpdir=/loc/scratch/61841923

Activating conda environment: .snakemake/conda/768efdd1ddbfaa7755324fb50ebd3862_
Activating conda environment: .snakemake/conda/768efdd1ddbfaa7755324fb50ebd3862_
[Wed Sep 11 14:34:34 2024]
Finished job 9.
1 of 5 steps (20%) done
Select jobs to execute...
Execute 1 jobs...

[Wed Sep 11 14:34:34 2024]
localrule check_number_ORFs_found:
    input: Results/HSV1_gD/nucleotide.fasta, Results/HSV1_gD/ORF_sequences/protein_temp.fasta, Results/HSV1_gD/ORF_sequences/codon_temp.fasta
    output: Results/HSV1_gD/ORF_sequences/ORF_extraction_verification.txt
    jobid: 5
    reason: Missing output files: Results/HSV1_gD/ORF_sequences/ORF_extraction_verification.txt
    wildcards: gene=HSV1_gD
    resources: tmpdir=/loc/scratch/61841923

Activating conda environment: .snakemake/conda/768efdd1ddbfaa7755324fb50ebd3862_
Activating conda environment: .snakemake/conda/768efdd1ddbfaa7755324fb50ebd3862_
[Wed Sep 11 14:34:35 2024]
Finished job 5.
2 of 5 steps (40%) done
Select jobs to execute...
Execute 1 jobs...

[Wed Sep 11 14:34:35 2024]
localrule check_number_ORFs_found:
    input: Results/HSV1_gL/nucleotide.fasta, Results/HSV1_gL/ORF_sequences/protein_temp.fasta, Results/HSV1_gL/ORF_sequences/codon_temp.fasta
    output: Results/HSV1_gL/ORF_sequences/ORF_extraction_verification.txt
    jobid: 13
    reason: Missing output files: Results/HSV1_gL/ORF_sequences/ORF_extraction_verification.txt
    wildcards: gene=HSV1_gL
    resources: tmpdir=/loc/scratch/61841923

Activating conda environment: .snakemake/conda/768efdd1ddbfaa7755324fb50ebd3862_
Activating conda environment: .snakemake/conda/768efdd1ddbfaa7755324fb50ebd3862_
[Wed Sep 11 14:34:36 2024]
Finished job 13.
3 of 5 steps (60%) done
Select jobs to execute...
Execute 1 jobs...

[Wed Sep 11 14:34:36 2024]
localrule check_number_ORFs_found:
    input: Results/HSV1_gB/nucleotide.fasta, Results/HSV1_gB/ORF_sequences/protein_temp.fasta, Results/HSV1_gB/ORF_sequences/codon_temp.fasta
    output: Results/HSV1_gB/ORF_sequences/ORF_extraction_verification.txt
    jobid: 1
    reason: Missing output files: Results/HSV1_gB/ORF_sequences/ORF_extraction_verification.txt
    wildcards: gene=HSV1_gB
    resources: tmpdir=/loc/scratch/61841923

Activating conda environment: .snakemake/conda/768efdd1ddbfaa7755324fb50ebd3862_
Activating conda environment: .snakemake/conda/768efdd1ddbfaa7755324fb50ebd3862_
[Wed Sep 11 14:34:36 2024]
Finished job 1.
4 of 5 steps (80%) done
Select jobs to execute...
Execute 1 jobs...

[Wed Sep 11 14:34:36 2024]
localrule all:
    input: Results/HSV1_gB/ORF_sequences/ORF_extraction_verification.txt, Results/HSV1_gD/ORF_sequences/ORF_extraction_verification.txt, Results/HSV1_gH/ORF_sequences/ORF_extraction_verification.txt, Results/HSV1_gL/ORF_sequences/ORF_extraction_verification.txt, auspice/Herpesvirus-Glycoprotein-Analysis_HSV1_gB.json, auspice/Herpesvirus-Glycoprotein-Analysis_HSV1_gD.json, auspice/Herpesvirus-Glycoprotein-Analysis_HSV1_gH.json, auspice/Herpesvirus-Glycoprotein-Analysis_HSV1_gL.json
    jobid: 0
    reason: Input files updated by another job: Results/HSV1_gD/ORF_sequences/ORF_extraction_verification.txt, Results/HSV1_gL/ORF_sequences/ORF_extraction_verification.txt, Results/HSV1_gB/ORF_sequences/ORF_extraction_verification.txt, Results/HSV1_gH/ORF_sequences/ORF_extraction_verification.txt
    resources: tmpdir=/loc/scratch/61841923

[Wed Sep 11 14:34:36 2024]
Finished job 0.
5 of 5 steps (100%) done
Complete log: .snakemake/log/2024-09-11T143426.363448.snakemake.log
Run of snakemake complete.
