Running snakemake...
Assuming unrestricted shared filesystem usage.
Building DAG of jobs...
Using shell: /bin/bash
Provided cores: 16
Rules claiming more threads will be scaled down.
Job stats:
job                                count
-------------------------------  -------
align_protein_sequences                4
all                                    1
ancestral_tree_sequences               4
check_number_ORFs_found                4
colors                                 4
create_codon_alignment                 4
create_new_references                  4
download_and_process_accessions        4
edit_codon_fasta_headers               4
edit_protein_fasta_headers             4
export_tree                            4
get_codon_sequences                    4
get_protein_sequences                  4
refine_tree_sequences                  4
root_and_remove_outgroup               4
strip_codon_alignment_gaps             4
strip_protein_alignment_gaps           4
traits_tree_sequences                  4
translate_tree_sequences               4
tree_sequences                         4
total                                 77

Select jobs to execute...
Execute 1 jobs...

[Sat Sep 14 10:52:54 2024]
localrule create_new_references:
    input: Configure/Input_Data/HSV1_reference_genome_NC_001806.gb
    output: Results/HSV1_gD/HSV1_gD_reference.gb
    log: Results/Logs/HSV1_gD/create_new_references.txt
    jobid: 45
    reason: Missing output files: Results/HSV1_gD/HSV1_gD_reference.gb
    wildcards: gene=HSV1_gD
    resources: tmpdir=/loc/scratch/62213142

Activating conda environment: .snakemake/conda/768efdd1ddbfaa7755324fb50ebd3862_
[Sat Sep 14 10:52:57 2024]
Finished job 45.
1 of 77 steps (1%) done
Select jobs to execute...
Execute 1 jobs...

[Sat Sep 14 10:52:57 2024]
localrule download_and_process_accessions:
    input: Configure/Input_Data/all_HSV1_accessions_091024.txt
    output: Results/HSV1_gD/nucleotide.fasta, Results/HSV1_gD/metadata.tsv
    log: Results/Logs/HSV1_gD/download_and_process_accessions.txt
    jobid: 6
    reason: Missing output files: Results/HSV1_gD/metadata.tsv, Results/HSV1_gD/nucleotide.fasta
    wildcards: gene=HSV1_gD
    resources: tmpdir=/loc/scratch/62213142

Activating conda environment: .snakemake/conda/768efdd1ddbfaa7755324fb50ebd3862_
Activating conda environment: .snakemake/conda/768efdd1ddbfaa7755324fb50ebd3862_
[Sat Sep 14 12:19:06 2024]
Finished job 6.
2 of 77 steps (3%) done
Select jobs to execute...
Execute 1 jobs...

[Sat Sep 14 12:19:06 2024]
localrule get_codon_sequences:
    input: Results/HSV1_gD/nucleotide.fasta
    output: Results/HSV1_gD/ORF_sequences/codon_temp.fasta
    log: Results/Logs/HSV1_gD/get_codon_sequences.txt
    jobid: 8
    reason: Missing output files: Results/HSV1_gD/ORF_sequences/codon_temp.fasta; Input files updated by another job: Results/HSV1_gD/nucleotide.fasta
    wildcards: gene=HSV1_gD
    resources: tmpdir=/loc/scratch/62213142

Activating conda environment: .snakemake/conda/768efdd1ddbfaa7755324fb50ebd3862_
[Sat Sep 14 12:19:07 2024]
Finished job 8.
3 of 77 steps (4%) done
Select jobs to execute...
Execute 1 jobs...

[Sat Sep 14 12:19:07 2024]
localrule create_new_references:
    input: Configure/Input_Data/HSV1_reference_genome_NC_001806.gb
    output: Results/HSV1_gB/HSV1_gB_reference.gb
    log: Results/Logs/HSV1_gB/create_new_references.txt
    jobid: 30
    reason: Missing output files: Results/HSV1_gB/HSV1_gB_reference.gb
    wildcards: gene=HSV1_gB
    resources: tmpdir=/loc/scratch/62213142

Activating conda environment: .snakemake/conda/768efdd1ddbfaa7755324fb50ebd3862_
[Sat Sep 14 12:19:08 2024]
Finished job 30.
4 of 77 steps (5%) done
Select jobs to execute...
Execute 1 jobs...

[Sat Sep 14 12:19:08 2024]
localrule get_protein_sequences:
    input: Results/HSV1_gD/nucleotide.fasta
    output: Results/HSV1_gD/ORF_sequences/protein_temp.fasta
    log: Results/Logs/HSV1_gD/get_protein_sequences.txt
    jobid: 7
    reason: Missing output files: Results/HSV1_gD/ORF_sequences/protein_temp.fasta; Input files updated by another job: Results/HSV1_gD/nucleotide.fasta
    wildcards: gene=HSV1_gD
    resources: tmpdir=/loc/scratch/62213142

Activating conda environment: .snakemake/conda/768efdd1ddbfaa7755324fb50ebd3862_
[Sat Sep 14 12:19:08 2024]
Finished job 7.
5 of 77 steps (6%) done
Select jobs to execute...
Execute 1 jobs...

[Sat Sep 14 12:19:08 2024]
localrule edit_protein_fasta_headers:
    input: Results/HSV1_gD/ORF_sequences/protein_temp.fasta
    output: Results/HSV1_gD/ORF_sequences/protein.fasta
    log: Results/Logs/HSV1_gD/edit_protein_fasta_headers.txt
    jobid: 39
    reason: Missing output files: Results/HSV1_gD/ORF_sequences/protein.fasta; Input files updated by another job: Results/HSV1_gD/ORF_sequences/protein_temp.fasta
    wildcards: gene=HSV1_gD
    resources: tmpdir=/loc/scratch/62213142

Activating conda environment: .snakemake/conda/768efdd1ddbfaa7755324fb50ebd3862_
Activating conda environment: .snakemake/conda/768efdd1ddbfaa7755324fb50ebd3862_
[Sat Sep 14 12:19:09 2024]
Finished job 39.
6 of 77 steps (8%) done
Select jobs to execute...
Execute 1 jobs...

[Sat Sep 14 12:19:09 2024]
localrule check_number_ORFs_found:
    input: Results/HSV1_gD/nucleotide.fasta, Results/HSV1_gD/ORF_sequences/protein_temp.fasta, Results/HSV1_gD/ORF_sequences/codon_temp.fasta
    output: Results/HSV1_gD/ORF_sequences/ORF_extraction_verification.txt
    jobid: 5
    reason: Missing output files: Results/HSV1_gD/ORF_sequences/ORF_extraction_verification.txt; Input files updated by another job: Results/HSV1_gD/ORF_sequences/codon_temp.fasta, Results/HSV1_gD/ORF_sequences/protein_temp.fasta, Results/HSV1_gD/nucleotide.fasta
    wildcards: gene=HSV1_gD
    resources: tmpdir=/loc/scratch/62213142

Activating conda environment: .snakemake/conda/768efdd1ddbfaa7755324fb50ebd3862_
Activating conda environment: .snakemake/conda/768efdd1ddbfaa7755324fb50ebd3862_
[Sat Sep 14 12:19:10 2024]
Finished job 5.
7 of 77 steps (9%) done
Select jobs to execute...
Execute 1 jobs...

[Sat Sep 14 12:19:10 2024]
localrule download_and_process_accessions:
    input: Configure/Input_Data/all_HSV1_accessions_091024.txt
    output: Results/HSV1_gL/nucleotide.fasta, Results/HSV1_gL/metadata.tsv
    log: Results/Logs/HSV1_gL/download_and_process_accessions.txt
    jobid: 14
    reason: Missing output files: Results/HSV1_gL/nucleotide.fasta, Results/HSV1_gL/metadata.tsv
    wildcards: gene=HSV1_gL
    resources: tmpdir=/loc/scratch/62213142

Activating conda environment: .snakemake/conda/768efdd1ddbfaa7755324fb50ebd3862_
Activating conda environment: .snakemake/conda/768efdd1ddbfaa7755324fb50ebd3862_
[Sat Sep 14 13:45:47 2024]
Finished job 14.
8 of 77 steps (10%) done
Select jobs to execute...
Execute 1 jobs...

[Sat Sep 14 13:45:47 2024]
localrule colors:
    input: Configure/Input_Data/color_schemes.tsv, Configure/Input_Data/color_orderings.tsv, Results/HSV1_gL/metadata.tsv
    output: Results/HSV1_gL/Trees/colors.tsv
    jobid: 76
    reason: Missing output files: Results/HSV1_gL/Trees/colors.tsv; Input files updated by another job: Results/HSV1_gL/metadata.tsv
    wildcards: gene=HSV1_gL
    resources: tmpdir=/loc/scratch/62213142

Activating conda environment: .snakemake/conda/768efdd1ddbfaa7755324fb50ebd3862_
[Sat Sep 14 13:45:49 2024]
Finished job 76.
9 of 77 steps (12%) done
Select jobs to execute...
Execute 1 jobs...

[Sat Sep 14 13:45:49 2024]
localrule get_codon_sequences:
    input: Results/HSV1_gL/nucleotide.fasta
    output: Results/HSV1_gL/ORF_sequences/codon_temp.fasta
    log: Results/Logs/HSV1_gL/get_codon_sequences.txt
    jobid: 16
    reason: Missing output files: Results/HSV1_gL/ORF_sequences/codon_temp.fasta; Input files updated by another job: Results/HSV1_gL/nucleotide.fasta
    wildcards: gene=HSV1_gL
    resources: tmpdir=/loc/scratch/62213142

Activating conda environment: .snakemake/conda/768efdd1ddbfaa7755324fb50ebd3862_
[Sat Sep 14 13:45:50 2024]
Finished job 16.
10 of 77 steps (13%) done
Select jobs to execute...
Execute 1 jobs...

[Sat Sep 14 13:45:50 2024]
localrule edit_codon_fasta_headers:
    input: Results/HSV1_gL/ORF_sequences/codon_temp.fasta
    output: Results/HSV1_gL/ORF_sequences/codon.fasta
    log: Results/Logs/HSV1_gL/edit_codon_fasta_headers.txt
    jobid: 70
    reason: Missing output files: Results/HSV1_gL/ORF_sequences/codon.fasta; Input files updated by another job: Results/HSV1_gL/ORF_sequences/codon_temp.fasta
    wildcards: gene=HSV1_gL
    resources: tmpdir=/loc/scratch/62213142

Activating conda environment: .snakemake/conda/768efdd1ddbfaa7755324fb50ebd3862_
Activating conda environment: .snakemake/conda/768efdd1ddbfaa7755324fb50ebd3862_
[Sat Sep 14 13:45:51 2024]
Finished job 70.
11 of 77 steps (14%) done
Select jobs to execute...
Execute 1 jobs...

[Sat Sep 14 13:45:51 2024]
localrule create_new_references:
    input: Configure/Input_Data/HSV1_reference_genome_NC_001806.gb
    output: Results/HSV1_gL/HSV1_gL_reference.gb
    log: Results/Logs/HSV1_gL/create_new_references.txt
    jobid: 75
    reason: Missing output files: Results/HSV1_gL/HSV1_gL_reference.gb
    wildcards: gene=HSV1_gL
    resources: tmpdir=/loc/scratch/62213142

Activating conda environment: .snakemake/conda/768efdd1ddbfaa7755324fb50ebd3862_
[Sat Sep 14 13:45:52 2024]
Finished job 75.
12 of 77 steps (16%) done
Select jobs to execute...
Execute 1 jobs...

[Sat Sep 14 13:45:52 2024]
localrule edit_codon_fasta_headers:
    input: Results/HSV1_gD/ORF_sequences/codon_temp.fasta
    output: Results/HSV1_gD/ORF_sequences/codon.fasta
    log: Results/Logs/HSV1_gD/edit_codon_fasta_headers.txt
    jobid: 40
    reason: Missing output files: Results/HSV1_gD/ORF_sequences/codon.fasta; Input files updated by another job: Results/HSV1_gD/ORF_sequences/codon_temp.fasta
    wildcards: gene=HSV1_gD
    resources: tmpdir=/loc/scratch/62213142

Activating conda environment: .snakemake/conda/768efdd1ddbfaa7755324fb50ebd3862_
Activating conda environment: .snakemake/conda/768efdd1ddbfaa7755324fb50ebd3862_
[Sat Sep 14 13:45:53 2024]
Finished job 40.
13 of 77 steps (17%) done
Select jobs to execute...
Execute 1 jobs...

[Sat Sep 14 13:45:53 2024]
localrule colors:
    input: Configure/Input_Data/color_schemes.tsv, Configure/Input_Data/color_orderings.tsv, Results/HSV1_gD/metadata.tsv
    output: Results/HSV1_gD/Trees/colors.tsv
    jobid: 46
    reason: Missing output files: Results/HSV1_gD/Trees/colors.tsv; Input files updated by another job: Results/HSV1_gD/metadata.tsv
    wildcards: gene=HSV1_gD
    resources: tmpdir=/loc/scratch/62213142

Activating conda environment: .snakemake/conda/768efdd1ddbfaa7755324fb50ebd3862_
[Sat Sep 14 13:45:54 2024]
Finished job 46.
14 of 77 steps (18%) done
Select jobs to execute...
Execute 1 jobs...

[Sat Sep 14 13:45:54 2024]
localrule get_protein_sequences:
    input: Results/HSV1_gL/nucleotide.fasta
    output: Results/HSV1_gL/ORF_sequences/protein_temp.fasta
    log: Results/Logs/HSV1_gL/get_protein_sequences.txt
    jobid: 15
    reason: Missing output files: Results/HSV1_gL/ORF_sequences/protein_temp.fasta; Input files updated by another job: Results/HSV1_gL/nucleotide.fasta
    wildcards: gene=HSV1_gL
    resources: tmpdir=/loc/scratch/62213142

Activating conda environment: .snakemake/conda/768efdd1ddbfaa7755324fb50ebd3862_
[Sat Sep 14 13:45:55 2024]
Finished job 15.
15 of 77 steps (19%) done
Select jobs to execute...
Execute 1 jobs...

[Sat Sep 14 13:45:55 2024]
localrule check_number_ORFs_found:
    input: Results/HSV1_gL/nucleotide.fasta, Results/HSV1_gL/ORF_sequences/protein_temp.fasta, Results/HSV1_gL/ORF_sequences/codon_temp.fasta
    output: Results/HSV1_gL/ORF_sequences/ORF_extraction_verification.txt
    jobid: 13
    reason: Missing output files: Results/HSV1_gL/ORF_sequences/ORF_extraction_verification.txt; Input files updated by another job: Results/HSV1_gL/ORF_sequences/codon_temp.fasta, Results/HSV1_gL/nucleotide.fasta, Results/HSV1_gL/ORF_sequences/protein_temp.fasta
    wildcards: gene=HSV1_gL
    resources: tmpdir=/loc/scratch/62213142

Activating conda environment: .snakemake/conda/768efdd1ddbfaa7755324fb50ebd3862_
Activating conda environment: .snakemake/conda/768efdd1ddbfaa7755324fb50ebd3862_
[Sat Sep 14 13:45:55 2024]
Finished job 13.
16 of 77 steps (21%) done
Select jobs to execute...
Execute 1 jobs...

[Sat Sep 14 13:45:55 2024]
localrule create_new_references:
    input: Configure/Input_Data/HSV1_reference_genome_NC_001806.gb
    output: Results/HSV1_gH/HSV1_gH_reference.gb
    log: Results/Logs/HSV1_gH/create_new_references.txt
    jobid: 60
    reason: Missing output files: Results/HSV1_gH/HSV1_gH_reference.gb
    wildcards: gene=HSV1_gH
    resources: tmpdir=/loc/scratch/62213142

Activating conda environment: .snakemake/conda/768efdd1ddbfaa7755324fb50ebd3862_
[Sat Sep 14 13:45:56 2024]
Finished job 60.
17 of 77 steps (22%) done
Select jobs to execute...
Execute 1 jobs...

[Sat Sep 14 13:45:56 2024]
localrule align_protein_sequences:
    input: Results/HSV1_gD/ORF_sequences/protein.fasta
    output: Results/HSV1_gD/Alignments/protein.fasta
    log: Results/Logs/HSV1_gD/align_protein_sequences.txt
    jobid: 38
    reason: Missing output files: Results/HSV1_gD/Alignments/protein.fasta; Input files updated by another job: Results/HSV1_gD/ORF_sequences/protein.fasta
    wildcards: gene=HSV1_gD
    resources: tmpdir=/loc/scratch/62213142

Activating conda environment: .snakemake/conda/768efdd1ddbfaa7755324fb50ebd3862_
[Sat Sep 14 13:46:10 2024]
Finished job 38.
18 of 77 steps (23%) done
Select jobs to execute...
Execute 1 jobs...

[Sat Sep 14 13:46:10 2024]
localrule strip_protein_alignment_gaps:
    input: Results/HSV1_gD/Alignments/protein.fasta
    output: Results/HSV1_gD/Alignments/protein_ungapped.fasta
    log: Results/Logs/HSV1_gD/strip_protein_alignment_gaps.txt
    jobid: 41
    reason: Missing output files: Results/HSV1_gD/Alignments/protein_ungapped.fasta; Input files updated by another job: Results/HSV1_gD/Alignments/protein.fasta
    wildcards: gene=HSV1_gD
    resources: tmpdir=/loc/scratch/62213142

Activating conda environment: .snakemake/conda/768efdd1ddbfaa7755324fb50ebd3862_
Activating conda environment: .snakemake/conda/768efdd1ddbfaa7755324fb50ebd3862_
[Sat Sep 14 13:46:11 2024]
Finished job 41.
19 of 77 steps (25%) done
Select jobs to execute...
Execute 1 jobs...

[Sat Sep 14 13:46:11 2024]
localrule edit_protein_fasta_headers:
    input: Results/HSV1_gL/ORF_sequences/protein_temp.fasta
    output: Results/HSV1_gL/ORF_sequences/protein.fasta
    log: Results/Logs/HSV1_gL/edit_protein_fasta_headers.txt
    jobid: 69
    reason: Missing output files: Results/HSV1_gL/ORF_sequences/protein.fasta; Input files updated by another job: Results/HSV1_gL/ORF_sequences/protein_temp.fasta
    wildcards: gene=HSV1_gL
    resources: tmpdir=/loc/scratch/62213142

Activating conda environment: .snakemake/conda/768efdd1ddbfaa7755324fb50ebd3862_
Activating conda environment: .snakemake/conda/768efdd1ddbfaa7755324fb50ebd3862_
[Sat Sep 14 13:46:12 2024]
Finished job 69.
20 of 77 steps (26%) done
Select jobs to execute...
Execute 1 jobs...

[Sat Sep 14 13:46:12 2024]
localrule create_codon_alignment:
    input: Results/HSV1_gD/Alignments/protein.fasta, Results/HSV1_gD/ORF_sequences/codon.fasta
    output: Results/HSV1_gD/Alignments/codon.fasta
    log: Results/Logs/HSV1_gD/create_codon_alignment.txt
    jobid: 37
    reason: Missing output files: Results/HSV1_gD/Alignments/codon.fasta; Input files updated by another job: Results/HSV1_gD/ORF_sequences/codon.fasta, Results/HSV1_gD/Alignments/protein.fasta
    wildcards: gene=HSV1_gD
    resources: tmpdir=/loc/scratch/62213142

Activating conda environment: .snakemake/conda/768efdd1ddbfaa7755324fb50ebd3862_
Activating conda environment: .snakemake/conda/768efdd1ddbfaa7755324fb50ebd3862_
[Sat Sep 14 13:46:13 2024]
Finished job 37.
21 of 77 steps (27%) done
Select jobs to execute...
Execute 1 jobs...

[Sat Sep 14 13:46:13 2024]
localrule strip_codon_alignment_gaps:
    input: Results/HSV1_gD/Alignments/codon.fasta
    output: Results/HSV1_gD/Alignments/codon_ungapped.fasta
    log: Results/Logs/HSV1_gD/strip_codon_alignment_gaps.txt
    jobid: 36
    reason: Missing output files: Results/HSV1_gD/Alignments/codon_ungapped.fasta; Input files updated by another job: Results/HSV1_gD/Alignments/codon.fasta
    wildcards: gene=HSV1_gD
    resources: tmpdir=/loc/scratch/62213142

Activating conda environment: .snakemake/conda/768efdd1ddbfaa7755324fb50ebd3862_
Activating conda environment: .snakemake/conda/768efdd1ddbfaa7755324fb50ebd3862_
[Sat Sep 14 13:46:14 2024]
Finished job 36.
22 of 77 steps (29%) done
Select jobs to execute...
Execute 1 jobs...

[Sat Sep 14 13:46:14 2024]
localrule tree_sequences:
    input: Results/HSV1_gD/Alignments/codon_ungapped.fasta
    output: Results/HSV1_gD/Trees/tree_raw.nwk
    log: Results/Logs/HSV1_gD/tree_sequences.txt
    jobid: 35
    reason: Missing output files: Results/HSV1_gD/Trees/tree_raw.nwk; Input files updated by another job: Results/HSV1_gD/Alignments/codon_ungapped.fasta
    wildcards: gene=HSV1_gD
    resources: tmpdir=/loc/scratch/62213142

Activating conda environment: .snakemake/conda/768efdd1ddbfaa7755324fb50ebd3862_
[Sat Sep 14 13:46:27 2024]
Finished job 35.
23 of 77 steps (30%) done
Select jobs to execute...
Execute 1 jobs...

[Sat Sep 14 13:46:27 2024]
localrule root_and_remove_outgroup:
    input: Results/HSV1_gD/Trees/tree_raw.nwk, Results/HSV1_gD/Alignments/protein_ungapped.fasta, Results/HSV1_gD/Alignments/codon_ungapped.fasta
    output: Results/HSV1_gD/Trees/tree_no_outgroup.nwk, Results/HSV1_gD/Alignments/protein_ungapped_no_outgroup.fasta, Results/HSV1_gD/Alignments/codon_ungapped_no_outgroup.fasta
    log: Results/Logs/HSV1_gD/root_and_remove_outgroup.txt
    jobid: 34
    reason: Missing output files: Results/HSV1_gD/Alignments/codon_ungapped_no_outgroup.fasta, Results/HSV1_gD/Trees/tree_no_outgroup.nwk; Input files updated by another job: Results/HSV1_gD/Trees/tree_raw.nwk, Results/HSV1_gD/Alignments/protein_ungapped.fasta, Results/HSV1_gD/Alignments/codon_ungapped.fasta
    wildcards: gene=HSV1_gD
    resources: tmpdir=/loc/scratch/62213142

Activating conda environment: .snakemake/conda/768efdd1ddbfaa7755324fb50ebd3862_
Activating conda environment: .snakemake/conda/768efdd1ddbfaa7755324fb50ebd3862_
[Sat Sep 14 13:46:29 2024]
Finished job 34.
24 of 77 steps (31%) done
Select jobs to execute...
Execute 1 jobs...

[Sat Sep 14 13:46:29 2024]
localrule refine_tree_sequences:
    input: Results/HSV1_gD/Alignments/codon_ungapped_no_outgroup.fasta, Results/HSV1_gD/Trees/tree_no_outgroup.nwk, Results/HSV1_gD/metadata.tsv
    output: Results/HSV1_gD/Trees/tree.nwk, Results/HSV1_gD/Trees/tree_branch_lengths.json
    log: Results/Logs/HSV1_gD/refine_tree_sequences.txt
    jobid: 33
    reason: Missing output files: Results/HSV1_gD/Trees/tree_branch_lengths.json, Results/HSV1_gD/Trees/tree.nwk; Input files updated by another job: Results/HSV1_gD/metadata.tsv, Results/HSV1_gD/Alignments/codon_ungapped_no_outgroup.fasta, Results/HSV1_gD/Trees/tree_no_outgroup.nwk
    wildcards: gene=HSV1_gD
    resources: tmpdir=/loc/scratch/62213142

Activating conda environment: .snakemake/conda/768efdd1ddbfaa7755324fb50ebd3862_
[Sat Sep 14 13:46:31 2024]
Finished job 33.
25 of 77 steps (32%) done
Select jobs to execute...
Execute 1 jobs...

[Sat Sep 14 13:46:31 2024]
localrule ancestral_tree_sequences:
    input: Results/HSV1_gD/Trees/tree.nwk, Results/HSV1_gD/Alignments/codon_ungapped_no_outgroup.fasta
    output: Results/HSV1_gD/Trees/tree_muts.json
    log: Results/Logs/HSV1_gD/ancestral_tree_sequences.txt
    jobid: 43
    reason: Missing output files: Results/HSV1_gD/Trees/tree_muts.json; Input files updated by another job: Results/HSV1_gD/Alignments/codon_ungapped_no_outgroup.fasta, Results/HSV1_gD/Trees/tree.nwk
    wildcards: gene=HSV1_gD
    resources: tmpdir=/loc/scratch/62213142

Activating conda environment: .snakemake/conda/768efdd1ddbfaa7755324fb50ebd3862_
[Sat Sep 14 13:46:33 2024]
Finished job 43.
26 of 77 steps (34%) done
Select jobs to execute...
Execute 1 jobs...

[Sat Sep 14 13:46:33 2024]
localrule align_protein_sequences:
    input: Results/HSV1_gL/ORF_sequences/protein.fasta
    output: Results/HSV1_gL/Alignments/protein.fasta
    log: Results/Logs/HSV1_gL/align_protein_sequences.txt
    jobid: 68
    reason: Missing output files: Results/HSV1_gL/Alignments/protein.fasta; Input files updated by another job: Results/HSV1_gL/ORF_sequences/protein.fasta
    wildcards: gene=HSV1_gL
    resources: tmpdir=/loc/scratch/62213142

Activating conda environment: .snakemake/conda/768efdd1ddbfaa7755324fb50ebd3862_
[Sat Sep 14 13:46:36 2024]
Finished job 68.
27 of 77 steps (35%) done
Select jobs to execute...
Execute 1 jobs...

[Sat Sep 14 13:46:36 2024]
localrule create_codon_alignment:
    input: Results/HSV1_gL/Alignments/protein.fasta, Results/HSV1_gL/ORF_sequences/codon.fasta
    output: Results/HSV1_gL/Alignments/codon.fasta
    log: Results/Logs/HSV1_gL/create_codon_alignment.txt
    jobid: 67
    reason: Missing output files: Results/HSV1_gL/Alignments/codon.fasta; Input files updated by another job: Results/HSV1_gL/ORF_sequences/codon.fasta, Results/HSV1_gL/Alignments/protein.fasta
    wildcards: gene=HSV1_gL
    resources: tmpdir=/loc/scratch/62213142

Activating conda environment: .snakemake/conda/768efdd1ddbfaa7755324fb50ebd3862_
Activating conda environment: .snakemake/conda/768efdd1ddbfaa7755324fb50ebd3862_
[Sat Sep 14 13:46:37 2024]
Finished job 67.
28 of 77 steps (36%) done
Select jobs to execute...
Execute 1 jobs...

[Sat Sep 14 13:46:37 2024]
localrule strip_codon_alignment_gaps:
    input: Results/HSV1_gL/Alignments/codon.fasta
    output: Results/HSV1_gL/Alignments/codon_ungapped.fasta
    log: Results/Logs/HSV1_gL/strip_codon_alignment_gaps.txt
    jobid: 66
    reason: Missing output files: Results/HSV1_gL/Alignments/codon_ungapped.fasta; Input files updated by another job: Results/HSV1_gL/Alignments/codon.fasta
    wildcards: gene=HSV1_gL
    resources: tmpdir=/loc/scratch/62213142

Activating conda environment: .snakemake/conda/768efdd1ddbfaa7755324fb50ebd3862_
Activating conda environment: .snakemake/conda/768efdd1ddbfaa7755324fb50ebd3862_
[Sat Sep 14 13:46:38 2024]
Finished job 66.
29 of 77 steps (38%) done
Select jobs to execute...
Execute 1 jobs...

[Sat Sep 14 13:46:38 2024]
localrule translate_tree_sequences:
    input: Results/HSV1_gD/Trees/tree.nwk, Results/HSV1_gD/Trees/tree_muts.json, Results/HSV1_gD/HSV1_gD_reference.gb
    output: Results/HSV1_gD/Trees/tree_aa_muts.json, Results/HSV1_gD/Augur_AA_Alignements/HSV1_gD.fasta
    log: Results/Logs/HSV1_gD/translate_tree_sequences.txt
    jobid: 44
    reason: Missing output files: Results/HSV1_gD/Trees/tree_aa_muts.json; Input files updated by another job: Results/HSV1_gD/HSV1_gD_reference.gb, Results/HSV1_gD/Trees/tree.nwk, Results/HSV1_gD/Trees/tree_muts.json
    wildcards: gene=HSV1_gD
    resources: tmpdir=/loc/scratch/62213142

Activating conda environment: .snakemake/conda/768efdd1ddbfaa7755324fb50ebd3862_
[Sat Sep 14 13:46:40 2024]
Finished job 44.
30 of 77 steps (39%) done
Select jobs to execute...
Execute 1 jobs...

[Sat Sep 14 13:46:40 2024]
localrule strip_protein_alignment_gaps:
    input: Results/HSV1_gL/Alignments/protein.fasta
    output: Results/HSV1_gL/Alignments/protein_ungapped.fasta
    log: Results/Logs/HSV1_gL/strip_protein_alignment_gaps.txt
    jobid: 71
    reason: Missing output files: Results/HSV1_gL/Alignments/protein_ungapped.fasta; Input files updated by another job: Results/HSV1_gL/Alignments/protein.fasta
    wildcards: gene=HSV1_gL
    resources: tmpdir=/loc/scratch/62213142

Activating conda environment: .snakemake/conda/768efdd1ddbfaa7755324fb50ebd3862_
Activating conda environment: .snakemake/conda/768efdd1ddbfaa7755324fb50ebd3862_
[Sat Sep 14 13:46:41 2024]
Finished job 71.
31 of 77 steps (40%) done
Select jobs to execute...
Execute 1 jobs...

[Sat Sep 14 13:46:41 2024]
localrule download_and_process_accessions:
    input: Configure/Input_Data/all_HSV1_accessions_091024.txt
    output: Results/HSV1_gB/nucleotide.fasta, Results/HSV1_gB/metadata.tsv
    log: Results/Logs/HSV1_gB/download_and_process_accessions.txt
    jobid: 2
    reason: Missing output files: Results/HSV1_gB/metadata.tsv, Results/HSV1_gB/nucleotide.fasta
    wildcards: gene=HSV1_gB
    resources: tmpdir=/loc/scratch/62213142

Activating conda environment: .snakemake/conda/768efdd1ddbfaa7755324fb50ebd3862_
Activating conda environment: .snakemake/conda/768efdd1ddbfaa7755324fb50ebd3862_
[Sat Sep 14 15:13:41 2024]
Finished job 2.
32 of 77 steps (42%) done
Select jobs to execute...
Execute 1 jobs...

[Sat Sep 14 15:13:41 2024]
localrule get_codon_sequences:
    input: Results/HSV1_gB/nucleotide.fasta
    output: Results/HSV1_gB/ORF_sequences/codon_temp.fasta
    log: Results/Logs/HSV1_gB/get_codon_sequences.txt
    jobid: 4
    reason: Missing output files: Results/HSV1_gB/ORF_sequences/codon_temp.fasta; Input files updated by another job: Results/HSV1_gB/nucleotide.fasta
    wildcards: gene=HSV1_gB
    resources: tmpdir=/loc/scratch/62213142

Activating conda environment: .snakemake/conda/768efdd1ddbfaa7755324fb50ebd3862_
[Sat Sep 14 15:13:42 2024]
Finished job 4.
33 of 77 steps (43%) done
Select jobs to execute...
Execute 1 jobs...

[Sat Sep 14 15:13:42 2024]
localrule get_protein_sequences:
    input: Results/HSV1_gB/nucleotide.fasta
    output: Results/HSV1_gB/ORF_sequences/protein_temp.fasta
    log: Results/Logs/HSV1_gB/get_protein_sequences.txt
    jobid: 3
    reason: Missing output files: Results/HSV1_gB/ORF_sequences/protein_temp.fasta; Input files updated by another job: Results/HSV1_gB/nucleotide.fasta
    wildcards: gene=HSV1_gB
    resources: tmpdir=/loc/scratch/62213142

Activating conda environment: .snakemake/conda/768efdd1ddbfaa7755324fb50ebd3862_
[Sat Sep 14 15:13:42 2024]
Finished job 3.
34 of 77 steps (44%) done
Select jobs to execute...
Execute 1 jobs...

[Sat Sep 14 15:13:42 2024]
localrule check_number_ORFs_found:
    input: Results/HSV1_gB/nucleotide.fasta, Results/HSV1_gB/ORF_sequences/protein_temp.fasta, Results/HSV1_gB/ORF_sequences/codon_temp.fasta
    output: Results/HSV1_gB/ORF_sequences/ORF_extraction_verification.txt
    jobid: 1
    reason: Missing output files: Results/HSV1_gB/ORF_sequences/ORF_extraction_verification.txt; Input files updated by another job: Results/HSV1_gB/ORF_sequences/protein_temp.fasta, Results/HSV1_gB/ORF_sequences/codon_temp.fasta, Results/HSV1_gB/nucleotide.fasta
    wildcards: gene=HSV1_gB
    resources: tmpdir=/loc/scratch/62213142

Activating conda environment: .snakemake/conda/768efdd1ddbfaa7755324fb50ebd3862_
Activating conda environment: .snakemake/conda/768efdd1ddbfaa7755324fb50ebd3862_
[Sat Sep 14 15:13:43 2024]
Finished job 1.
35 of 77 steps (45%) done
Select jobs to execute...
Execute 1 jobs...

[Sat Sep 14 15:13:43 2024]
localrule edit_protein_fasta_headers:
    input: Results/HSV1_gB/ORF_sequences/protein_temp.fasta
    output: Results/HSV1_gB/ORF_sequences/protein.fasta
    log: Results/Logs/HSV1_gB/edit_protein_fasta_headers.txt
    jobid: 24
    reason: Missing output files: Results/HSV1_gB/ORF_sequences/protein.fasta; Input files updated by another job: Results/HSV1_gB/ORF_sequences/protein_temp.fasta
    wildcards: gene=HSV1_gB
    resources: tmpdir=/loc/scratch/62213142

Activating conda environment: .snakemake/conda/768efdd1ddbfaa7755324fb50ebd3862_
Activating conda environment: .snakemake/conda/768efdd1ddbfaa7755324fb50ebd3862_
[Sat Sep 14 15:13:44 2024]
Finished job 24.
36 of 77 steps (47%) done
Select jobs to execute...
Execute 1 jobs...

[Sat Sep 14 15:13:44 2024]
localrule edit_codon_fasta_headers:
    input: Results/HSV1_gB/ORF_sequences/codon_temp.fasta
    output: Results/HSV1_gB/ORF_sequences/codon.fasta
    log: Results/Logs/HSV1_gB/edit_codon_fasta_headers.txt
    jobid: 25
    reason: Missing output files: Results/HSV1_gB/ORF_sequences/codon.fasta; Input files updated by another job: Results/HSV1_gB/ORF_sequences/codon_temp.fasta
    wildcards: gene=HSV1_gB
    resources: tmpdir=/loc/scratch/62213142

Activating conda environment: .snakemake/conda/768efdd1ddbfaa7755324fb50ebd3862_
Activating conda environment: .snakemake/conda/768efdd1ddbfaa7755324fb50ebd3862_
[Sat Sep 14 15:13:45 2024]
Finished job 25.
37 of 77 steps (48%) done
Select jobs to execute...
Execute 1 jobs...

[Sat Sep 14 15:13:45 2024]
localrule download_and_process_accessions:
    input: Configure/Input_Data/all_HSV1_accessions_091024.txt
    output: Results/HSV1_gH/nucleotide.fasta, Results/HSV1_gH/metadata.tsv
    log: Results/Logs/HSV1_gH/download_and_process_accessions.txt
    jobid: 10
    reason: Missing output files: Results/HSV1_gH/nucleotide.fasta, Results/HSV1_gH/metadata.tsv
    wildcards: gene=HSV1_gH
    resources: tmpdir=/loc/scratch/62213142

Activating conda environment: .snakemake/conda/768efdd1ddbfaa7755324fb50ebd3862_
Activating conda environment: .snakemake/conda/768efdd1ddbfaa7755324fb50ebd3862_
[Sat Sep 14 16:46:35 2024]
Finished job 10.
38 of 77 steps (49%) done
Select jobs to execute...
Execute 1 jobs...

[Sat Sep 14 16:46:35 2024]
localrule colors:
    input: Configure/Input_Data/color_schemes.tsv, Configure/Input_Data/color_orderings.tsv, Results/HSV1_gH/metadata.tsv
    output: Results/HSV1_gH/Trees/colors.tsv
    jobid: 61
    reason: Missing output files: Results/HSV1_gH/Trees/colors.tsv; Input files updated by another job: Results/HSV1_gH/metadata.tsv
    wildcards: gene=HSV1_gH
    resources: tmpdir=/loc/scratch/62213142

Activating conda environment: .snakemake/conda/768efdd1ddbfaa7755324fb50ebd3862_
[Sat Sep 14 16:46:38 2024]
Finished job 61.
39 of 77 steps (51%) done
Select jobs to execute...
Execute 1 jobs...

[Sat Sep 14 16:46:38 2024]
localrule get_codon_sequences:
    input: Results/HSV1_gH/nucleotide.fasta
    output: Results/HSV1_gH/ORF_sequences/codon_temp.fasta
    log: Results/Logs/HSV1_gH/get_codon_sequences.txt
    jobid: 12
    reason: Missing output files: Results/HSV1_gH/ORF_sequences/codon_temp.fasta; Input files updated by another job: Results/HSV1_gH/nucleotide.fasta
    wildcards: gene=HSV1_gH
    resources: tmpdir=/loc/scratch/62213142

Activating conda environment: .snakemake/conda/768efdd1ddbfaa7755324fb50ebd3862_
[Sat Sep 14 16:46:38 2024]
Finished job 12.
40 of 77 steps (52%) done
Select jobs to execute...
Execute 1 jobs...

[Sat Sep 14 16:46:38 2024]
localrule edit_codon_fasta_headers:
    input: Results/HSV1_gH/ORF_sequences/codon_temp.fasta
    output: Results/HSV1_gH/ORF_sequences/codon.fasta
    log: Results/Logs/HSV1_gH/edit_codon_fasta_headers.txt
    jobid: 55
    reason: Missing output files: Results/HSV1_gH/ORF_sequences/codon.fasta; Input files updated by another job: Results/HSV1_gH/ORF_sequences/codon_temp.fasta
    wildcards: gene=HSV1_gH
    resources: tmpdir=/loc/scratch/62213142

Activating conda environment: .snakemake/conda/768efdd1ddbfaa7755324fb50ebd3862_
Activating conda environment: .snakemake/conda/768efdd1ddbfaa7755324fb50ebd3862_
[Sat Sep 14 16:46:39 2024]
Finished job 55.
41 of 77 steps (53%) done
Select jobs to execute...
Execute 1 jobs...

[Sat Sep 14 16:46:39 2024]
localrule colors:
    input: Configure/Input_Data/color_schemes.tsv, Configure/Input_Data/color_orderings.tsv, Results/HSV1_gB/metadata.tsv
    output: Results/HSV1_gB/Trees/colors.tsv
    jobid: 31
    reason: Missing output files: Results/HSV1_gB/Trees/colors.tsv; Input files updated by another job: Results/HSV1_gB/metadata.tsv
    wildcards: gene=HSV1_gB
    resources: tmpdir=/loc/scratch/62213142

Activating conda environment: .snakemake/conda/768efdd1ddbfaa7755324fb50ebd3862_
[Sat Sep 14 16:46:40 2024]
Finished job 31.
42 of 77 steps (55%) done
Select jobs to execute...
Execute 1 jobs...

[Sat Sep 14 16:46:40 2024]
localrule get_protein_sequences:
    input: Results/HSV1_gH/nucleotide.fasta
    output: Results/HSV1_gH/ORF_sequences/protein_temp.fasta
    log: Results/Logs/HSV1_gH/get_protein_sequences.txt
    jobid: 11
    reason: Missing output files: Results/HSV1_gH/ORF_sequences/protein_temp.fasta; Input files updated by another job: Results/HSV1_gH/nucleotide.fasta
    wildcards: gene=HSV1_gH
    resources: tmpdir=/loc/scratch/62213142

Activating conda environment: .snakemake/conda/768efdd1ddbfaa7755324fb50ebd3862_
[Sat Sep 14 16:46:40 2024]
Finished job 11.
43 of 77 steps (56%) done
Select jobs to execute...
Execute 1 jobs...

[Sat Sep 14 16:46:40 2024]
localrule edit_protein_fasta_headers:
    input: Results/HSV1_gH/ORF_sequences/protein_temp.fasta
    output: Results/HSV1_gH/ORF_sequences/protein.fasta
    log: Results/Logs/HSV1_gH/edit_protein_fasta_headers.txt
    jobid: 54
    reason: Missing output files: Results/HSV1_gH/ORF_sequences/protein.fasta; Input files updated by another job: Results/HSV1_gH/ORF_sequences/protein_temp.fasta
    wildcards: gene=HSV1_gH
    resources: tmpdir=/loc/scratch/62213142

Activating conda environment: .snakemake/conda/768efdd1ddbfaa7755324fb50ebd3862_
Activating conda environment: .snakemake/conda/768efdd1ddbfaa7755324fb50ebd3862_
[Sat Sep 14 16:46:41 2024]
Finished job 54.
44 of 77 steps (57%) done
Select jobs to execute...
Execute 1 jobs...

[Sat Sep 14 16:46:41 2024]
localrule check_number_ORFs_found:
    input: Results/HSV1_gH/nucleotide.fasta, Results/HSV1_gH/ORF_sequences/protein_temp.fasta, Results/HSV1_gH/ORF_sequences/codon_temp.fasta
    output: Results/HSV1_gH/ORF_sequences/ORF_extraction_verification.txt
    jobid: 9
    reason: Missing output files: Results/HSV1_gH/ORF_sequences/ORF_extraction_verification.txt; Input files updated by another job: Results/HSV1_gH/ORF_sequences/codon_temp.fasta, Results/HSV1_gH/nucleotide.fasta, Results/HSV1_gH/ORF_sequences/protein_temp.fasta
    wildcards: gene=HSV1_gH
    resources: tmpdir=/loc/scratch/62213142

Activating conda environment: .snakemake/conda/768efdd1ddbfaa7755324fb50ebd3862_
Activating conda environment: .snakemake/conda/768efdd1ddbfaa7755324fb50ebd3862_
[Sat Sep 14 16:46:42 2024]
Finished job 9.
45 of 77 steps (58%) done
Select jobs to execute...
Execute 1 jobs...

[Sat Sep 14 16:46:42 2024]
localrule align_protein_sequences:
    input: Results/HSV1_gH/ORF_sequences/protein.fasta
    output: Results/HSV1_gH/Alignments/protein.fasta
    log: Results/Logs/HSV1_gH/align_protein_sequences.txt
    jobid: 53
    reason: Missing output files: Results/HSV1_gH/Alignments/protein.fasta; Input files updated by another job: Results/HSV1_gH/ORF_sequences/protein.fasta
    wildcards: gene=HSV1_gH
    resources: tmpdir=/loc/scratch/62213142

Activating conda environment: .snakemake/conda/768efdd1ddbfaa7755324fb50ebd3862_
[Sat Sep 14 16:46:47 2024]
Finished job 53.
46 of 77 steps (60%) done
Select jobs to execute...
Execute 1 jobs...

[Sat Sep 14 16:46:47 2024]
localrule create_codon_alignment:
    input: Results/HSV1_gH/Alignments/protein.fasta, Results/HSV1_gH/ORF_sequences/codon.fasta
    output: Results/HSV1_gH/Alignments/codon.fasta
    log: Results/Logs/HSV1_gH/create_codon_alignment.txt
    jobid: 52
    reason: Missing output files: Results/HSV1_gH/Alignments/codon.fasta; Input files updated by another job: Results/HSV1_gH/ORF_sequences/codon.fasta, Results/HSV1_gH/Alignments/protein.fasta
    wildcards: gene=HSV1_gH
    resources: tmpdir=/loc/scratch/62213142

Activating conda environment: .snakemake/conda/768efdd1ddbfaa7755324fb50ebd3862_
Activating conda environment: .snakemake/conda/768efdd1ddbfaa7755324fb50ebd3862_
[Sat Sep 14 16:46:47 2024]
Finished job 52.
47 of 77 steps (61%) done
Select jobs to execute...
Execute 1 jobs...

[Sat Sep 14 16:46:47 2024]
localrule strip_codon_alignment_gaps:
    input: Results/HSV1_gH/Alignments/codon.fasta
    output: Results/HSV1_gH/Alignments/codon_ungapped.fasta
    log: Results/Logs/HSV1_gH/strip_codon_alignment_gaps.txt
    jobid: 51
    reason: Missing output files: Results/HSV1_gH/Alignments/codon_ungapped.fasta; Input files updated by another job: Results/HSV1_gH/Alignments/codon.fasta
    wildcards: gene=HSV1_gH
    resources: tmpdir=/loc/scratch/62213142

Activating conda environment: .snakemake/conda/768efdd1ddbfaa7755324fb50ebd3862_
Activating conda environment: .snakemake/conda/768efdd1ddbfaa7755324fb50ebd3862_
[Sat Sep 14 16:46:49 2024]
Finished job 51.
48 of 77 steps (62%) done
Select jobs to execute...
Execute 1 jobs...

[Sat Sep 14 16:46:49 2024]
localrule tree_sequences:
    input: Results/HSV1_gH/Alignments/codon_ungapped.fasta
    output: Results/HSV1_gH/Trees/tree_raw.nwk
    log: Results/Logs/HSV1_gH/tree_sequences.txt
    jobid: 50
    reason: Missing output files: Results/HSV1_gH/Trees/tree_raw.nwk; Input files updated by another job: Results/HSV1_gH/Alignments/codon_ungapped.fasta
    wildcards: gene=HSV1_gH
    resources: tmpdir=/loc/scratch/62213142

Activating conda environment: .snakemake/conda/768efdd1ddbfaa7755324fb50ebd3862_
[Sat Sep 14 16:46:54 2024]
Finished job 50.
49 of 77 steps (64%) done
Select jobs to execute...
Execute 1 jobs...

[Sat Sep 14 16:46:54 2024]
localrule strip_protein_alignment_gaps:
    input: Results/HSV1_gH/Alignments/protein.fasta
    output: Results/HSV1_gH/Alignments/protein_ungapped.fasta
    log: Results/Logs/HSV1_gH/strip_protein_alignment_gaps.txt
    jobid: 56
    reason: Missing output files: Results/HSV1_gH/Alignments/protein_ungapped.fasta; Input files updated by another job: Results/HSV1_gH/Alignments/protein.fasta
    wildcards: gene=HSV1_gH
    resources: tmpdir=/loc/scratch/62213142

Activating conda environment: .snakemake/conda/768efdd1ddbfaa7755324fb50ebd3862_
Activating conda environment: .snakemake/conda/768efdd1ddbfaa7755324fb50ebd3862_
[Sat Sep 14 16:46:55 2024]
Finished job 56.
50 of 77 steps (65%) done
Select jobs to execute...
Execute 1 jobs...

[Sat Sep 14 16:46:55 2024]
localrule root_and_remove_outgroup:
    input: Results/HSV1_gH/Trees/tree_raw.nwk, Results/HSV1_gH/Alignments/protein_ungapped.fasta, Results/HSV1_gH/Alignments/codon_ungapped.fasta
    output: Results/HSV1_gH/Trees/tree_no_outgroup.nwk, Results/HSV1_gH/Alignments/protein_ungapped_no_outgroup.fasta, Results/HSV1_gH/Alignments/codon_ungapped_no_outgroup.fasta
    log: Results/Logs/HSV1_gH/root_and_remove_outgroup.txt
    jobid: 49
    reason: Missing output files: Results/HSV1_gH/Alignments/codon_ungapped_no_outgroup.fasta, Results/HSV1_gH/Trees/tree_no_outgroup.nwk; Input files updated by another job: Results/HSV1_gH/Alignments/protein_ungapped.fasta, Results/HSV1_gH/Trees/tree_raw.nwk, Results/HSV1_gH/Alignments/codon_ungapped.fasta
    wildcards: gene=HSV1_gH
    resources: tmpdir=/loc/scratch/62213142

Activating conda environment: .snakemake/conda/768efdd1ddbfaa7755324fb50ebd3862_
Activating conda environment: .snakemake/conda/768efdd1ddbfaa7755324fb50ebd3862_
[Sat Sep 14 16:46:56 2024]
Finished job 49.
51 of 77 steps (66%) done
Select jobs to execute...
Execute 1 jobs...

[Sat Sep 14 16:46:56 2024]
localrule refine_tree_sequences:
    input: Results/HSV1_gH/Alignments/codon_ungapped_no_outgroup.fasta, Results/HSV1_gH/Trees/tree_no_outgroup.nwk, Results/HSV1_gH/metadata.tsv
    output: Results/HSV1_gH/Trees/tree.nwk, Results/HSV1_gH/Trees/tree_branch_lengths.json
    log: Results/Logs/HSV1_gH/refine_tree_sequences.txt
    jobid: 48
    reason: Missing output files: Results/HSV1_gH/Trees/tree.nwk, Results/HSV1_gH/Trees/tree_branch_lengths.json; Input files updated by another job: Results/HSV1_gH/Alignments/codon_ungapped_no_outgroup.fasta, Results/HSV1_gH/Trees/tree_no_outgroup.nwk, Results/HSV1_gH/metadata.tsv
    wildcards: gene=HSV1_gH
    resources: tmpdir=/loc/scratch/62213142

Activating conda environment: .snakemake/conda/768efdd1ddbfaa7755324fb50ebd3862_
[Sat Sep 14 16:46:58 2024]
Finished job 48.
52 of 77 steps (68%) done
Select jobs to execute...
Execute 1 jobs...

[Sat Sep 14 16:46:58 2024]
localrule ancestral_tree_sequences:
    input: Results/HSV1_gH/Trees/tree.nwk, Results/HSV1_gH/Alignments/codon_ungapped_no_outgroup.fasta
    output: Results/HSV1_gH/Trees/tree_muts.json
    log: Results/Logs/HSV1_gH/ancestral_tree_sequences.txt
    jobid: 58
    reason: Missing output files: Results/HSV1_gH/Trees/tree_muts.json; Input files updated by another job: Results/HSV1_gH/Trees/tree.nwk, Results/HSV1_gH/Alignments/codon_ungapped_no_outgroup.fasta
    wildcards: gene=HSV1_gH
    resources: tmpdir=/loc/scratch/62213142

Activating conda environment: .snakemake/conda/768efdd1ddbfaa7755324fb50ebd3862_
[Sat Sep 14 16:47:00 2024]
Finished job 58.
53 of 77 steps (69%) done
Select jobs to execute...
Execute 1 jobs...

[Sat Sep 14 16:47:01 2024]
localrule translate_tree_sequences:
    input: Results/HSV1_gH/Trees/tree.nwk, Results/HSV1_gH/Trees/tree_muts.json, Results/HSV1_gH/HSV1_gH_reference.gb
    output: Results/HSV1_gH/Trees/tree_aa_muts.json, Results/HSV1_gH/Augur_AA_Alignements/HSV1_gH.fasta
    log: Results/Logs/HSV1_gH/translate_tree_sequences.txt
    jobid: 59
    reason: Missing output files: Results/HSV1_gH/Trees/tree_aa_muts.json; Input files updated by another job: Results/HSV1_gH/Trees/tree.nwk, Results/HSV1_gH/Trees/tree_muts.json, Results/HSV1_gH/HSV1_gH_reference.gb
    wildcards: gene=HSV1_gH
    resources: tmpdir=/loc/scratch/62213142

Activating conda environment: .snakemake/conda/768efdd1ddbfaa7755324fb50ebd3862_
[Sat Sep 14 16:47:02 2024]
Finished job 59.
54 of 77 steps (70%) done
Select jobs to execute...
Execute 1 jobs...

[Sat Sep 14 16:47:02 2024]
localrule traits_tree_sequences:
    input: Results/HSV1_gH/Trees/tree.nwk, Results/HSV1_gH/metadata.tsv
    output: Results/HSV1_gH/Trees/tree_traits.json
    log: Results/Logs/HSV1_gH/traits_tree_sequences.txt
    jobid: 57
    reason: Missing output files: Results/HSV1_gH/Trees/tree_traits.json; Input files updated by another job: Results/HSV1_gH/Trees/tree.nwk, Results/HSV1_gH/metadata.tsv
    wildcards: gene=HSV1_gH
    resources: tmpdir=/loc/scratch/62213142

Activating conda environment: .snakemake/conda/768efdd1ddbfaa7755324fb50ebd3862_
[Sat Sep 14 16:47:08 2024]
Finished job 57.
55 of 77 steps (71%) done
Select jobs to execute...
Execute 1 jobs...

[Sat Sep 14 16:47:08 2024]
localrule export_tree:
    input: Results/HSV1_gH/Trees/tree.nwk, Results/HSV1_gH/metadata.tsv, Results/HSV1_gH/Trees/tree_branch_lengths.json, Results/HSV1_gH/Trees/tree_traits.json, Results/HSV1_gH/Trees/tree_muts.json, Results/HSV1_gH/Trees/tree_aa_muts.json, Configure/Input_Data/auspice_config.json, Results/HSV1_gH/Trees/colors.tsv, Configure/Input_Data/lat_longs.tsv
    output: auspice/Herpesvirus-Glycoprotein-Analysis_HSV1_gH.json
    jobid: 47
    reason: Missing output files: auspice/Herpesvirus-Glycoprotein-Analysis_HSV1_gH.json; Input files updated by another job: Results/HSV1_gH/Trees/tree_traits.json, Results/HSV1_gH/Trees/tree_branch_lengths.json, Results/HSV1_gH/Trees/colors.tsv, Results/HSV1_gH/Trees/tree.nwk, Results/HSV1_gH/Trees/tree_aa_muts.json, Results/HSV1_gH/Trees/tree_muts.json, Results/HSV1_gH/metadata.tsv
    wildcards: gene=HSV1_gH
    resources: tmpdir=/loc/scratch/62213142

Activating conda environment: .snakemake/conda/768efdd1ddbfaa7755324fb50ebd3862_
Validating schema of 'Results/HSV1_gH/Trees/tree_muts.json'...
Validating schema of 'Results/HSV1_gH/Trees/tree_aa_muts.json'...
Validating config file Configure/Input_Data/auspice_config.json against the JSON schema
Validating schema of 'Configure/Input_Data/auspice_config.json'...
Validating produced JSON
Validating schema of 'auspice/Herpesvirus-Glycoprotein-Analysis_HSV1_gH.json'...
Validating that the JSON is internally consistent...
Validation of 'auspice/Herpesvirus-Glycoprotein-Analysis_HSV1_gH.json' succeeded.

[Sat Sep 14 16:47:10 2024]
Finished job 47.
56 of 77 steps (73%) done
Select jobs to execute...
Execute 1 jobs...

[Sat Sep 14 16:47:10 2024]
localrule tree_sequences:
    input: Results/HSV1_gL/Alignments/codon_ungapped.fasta
    output: Results/HSV1_gL/Trees/tree_raw.nwk
    log: Results/Logs/HSV1_gL/tree_sequences.txt
    jobid: 65
    reason: Missing output files: Results/HSV1_gL/Trees/tree_raw.nwk; Input files updated by another job: Results/HSV1_gL/Alignments/codon_ungapped.fasta
    wildcards: gene=HSV1_gL
    resources: tmpdir=/loc/scratch/62213142

Activating conda environment: .snakemake/conda/768efdd1ddbfaa7755324fb50ebd3862_
[Sat Sep 14 16:47:13 2024]
Finished job 65.
57 of 77 steps (74%) done
Select jobs to execute...
Execute 1 jobs...

[Sat Sep 14 16:47:13 2024]
localrule root_and_remove_outgroup:
    input: Results/HSV1_gL/Trees/tree_raw.nwk, Results/HSV1_gL/Alignments/protein_ungapped.fasta, Results/HSV1_gL/Alignments/codon_ungapped.fasta
    output: Results/HSV1_gL/Trees/tree_no_outgroup.nwk, Results/HSV1_gL/Alignments/protein_ungapped_no_outgroup.fasta, Results/HSV1_gL/Alignments/codon_ungapped_no_outgroup.fasta
    log: Results/Logs/HSV1_gL/root_and_remove_outgroup.txt
    jobid: 64
    reason: Missing output files: Results/HSV1_gL/Trees/tree_no_outgroup.nwk, Results/HSV1_gL/Alignments/codon_ungapped_no_outgroup.fasta; Input files updated by another job: Results/HSV1_gL/Alignments/protein_ungapped.fasta, Results/HSV1_gL/Alignments/codon_ungapped.fasta, Results/HSV1_gL/Trees/tree_raw.nwk
    wildcards: gene=HSV1_gL
    resources: tmpdir=/loc/scratch/62213142

Activating conda environment: .snakemake/conda/768efdd1ddbfaa7755324fb50ebd3862_
Activating conda environment: .snakemake/conda/768efdd1ddbfaa7755324fb50ebd3862_
[Sat Sep 14 16:47:14 2024]
Finished job 64.
58 of 77 steps (75%) done
Select jobs to execute...
Execute 1 jobs...

[Sat Sep 14 16:47:14 2024]
localrule refine_tree_sequences:
    input: Results/HSV1_gL/Alignments/codon_ungapped_no_outgroup.fasta, Results/HSV1_gL/Trees/tree_no_outgroup.nwk, Results/HSV1_gL/metadata.tsv
    output: Results/HSV1_gL/Trees/tree.nwk, Results/HSV1_gL/Trees/tree_branch_lengths.json
    log: Results/Logs/HSV1_gL/refine_tree_sequences.txt
    jobid: 63
    reason: Missing output files: Results/HSV1_gL/Trees/tree.nwk, Results/HSV1_gL/Trees/tree_branch_lengths.json; Input files updated by another job: Results/HSV1_gL/Trees/tree_no_outgroup.nwk, Results/HSV1_gL/metadata.tsv, Results/HSV1_gL/Alignments/codon_ungapped_no_outgroup.fasta
    wildcards: gene=HSV1_gL
    resources: tmpdir=/loc/scratch/62213142

Activating conda environment: .snakemake/conda/768efdd1ddbfaa7755324fb50ebd3862_
[Sat Sep 14 16:47:16 2024]
Finished job 63.
59 of 77 steps (77%) done
Select jobs to execute...
Execute 1 jobs...

[Sat Sep 14 16:47:16 2024]
localrule ancestral_tree_sequences:
    input: Results/HSV1_gL/Trees/tree.nwk, Results/HSV1_gL/Alignments/codon_ungapped_no_outgroup.fasta
    output: Results/HSV1_gL/Trees/tree_muts.json
    log: Results/Logs/HSV1_gL/ancestral_tree_sequences.txt
    jobid: 73
    reason: Missing output files: Results/HSV1_gL/Trees/tree_muts.json; Input files updated by another job: Results/HSV1_gL/Trees/tree.nwk, Results/HSV1_gL/Alignments/codon_ungapped_no_outgroup.fasta
    wildcards: gene=HSV1_gL
    resources: tmpdir=/loc/scratch/62213142

Activating conda environment: .snakemake/conda/768efdd1ddbfaa7755324fb50ebd3862_
[Sat Sep 14 16:47:18 2024]
Finished job 73.
60 of 77 steps (78%) done
Select jobs to execute...
Execute 1 jobs...

[Sat Sep 14 16:47:18 2024]
localrule translate_tree_sequences:
    input: Results/HSV1_gL/Trees/tree.nwk, Results/HSV1_gL/Trees/tree_muts.json, Results/HSV1_gL/HSV1_gL_reference.gb
    output: Results/HSV1_gL/Trees/tree_aa_muts.json, Results/HSV1_gL/Augur_AA_Alignements/HSV1_gL.fasta
    log: Results/Logs/HSV1_gL/translate_tree_sequences.txt
    jobid: 74
    reason: Missing output files: Results/HSV1_gL/Trees/tree_aa_muts.json; Input files updated by another job: Results/HSV1_gL/Trees/tree.nwk, Results/HSV1_gL/Trees/tree_muts.json, Results/HSV1_gL/HSV1_gL_reference.gb
    wildcards: gene=HSV1_gL
    resources: tmpdir=/loc/scratch/62213142

Activating conda environment: .snakemake/conda/768efdd1ddbfaa7755324fb50ebd3862_
[Sat Sep 14 16:47:20 2024]
Finished job 74.
61 of 77 steps (79%) done
Select jobs to execute...
Execute 1 jobs...

[Sat Sep 14 16:47:20 2024]
localrule traits_tree_sequences:
    input: Results/HSV1_gL/Trees/tree.nwk, Results/HSV1_gL/metadata.tsv
    output: Results/HSV1_gL/Trees/tree_traits.json
    log: Results/Logs/HSV1_gL/traits_tree_sequences.txt
    jobid: 72
    reason: Missing output files: Results/HSV1_gL/Trees/tree_traits.json; Input files updated by another job: Results/HSV1_gL/Trees/tree.nwk, Results/HSV1_gL/metadata.tsv
    wildcards: gene=HSV1_gL
    resources: tmpdir=/loc/scratch/62213142

Activating conda environment: .snakemake/conda/768efdd1ddbfaa7755324fb50ebd3862_
[Sat Sep 14 16:47:24 2024]
Finished job 72.
62 of 77 steps (81%) done
Select jobs to execute...
Execute 1 jobs...

[Sat Sep 14 16:47:24 2024]
localrule export_tree:
    input: Results/HSV1_gL/Trees/tree.nwk, Results/HSV1_gL/metadata.tsv, Results/HSV1_gL/Trees/tree_branch_lengths.json, Results/HSV1_gL/Trees/tree_traits.json, Results/HSV1_gL/Trees/tree_muts.json, Results/HSV1_gL/Trees/tree_aa_muts.json, Configure/Input_Data/auspice_config.json, Results/HSV1_gL/Trees/colors.tsv, Configure/Input_Data/lat_longs.tsv
    output: auspice/Herpesvirus-Glycoprotein-Analysis_HSV1_gL.json
    jobid: 62
    reason: Missing output files: auspice/Herpesvirus-Glycoprotein-Analysis_HSV1_gL.json; Input files updated by another job: Results/HSV1_gL/Trees/tree.nwk, Results/HSV1_gL/Trees/tree_aa_muts.json, Results/HSV1_gL/Trees/tree_traits.json, Results/HSV1_gL/Trees/tree_branch_lengths.json, Results/HSV1_gL/Trees/colors.tsv, Results/HSV1_gL/Trees/tree_muts.json, Results/HSV1_gL/metadata.tsv
    wildcards: gene=HSV1_gL
    resources: tmpdir=/loc/scratch/62213142

Activating conda environment: .snakemake/conda/768efdd1ddbfaa7755324fb50ebd3862_
Validating schema of 'Results/HSV1_gL/Trees/tree_muts.json'...
Validating schema of 'Results/HSV1_gL/Trees/tree_aa_muts.json'...
Validating config file Configure/Input_Data/auspice_config.json against the JSON schema
Validating schema of 'Configure/Input_Data/auspice_config.json'...
Validating produced JSON
Validating schema of 'auspice/Herpesvirus-Glycoprotein-Analysis_HSV1_gL.json'...
Validating that the JSON is internally consistent...
Validation of 'auspice/Herpesvirus-Glycoprotein-Analysis_HSV1_gL.json' succeeded.

[Sat Sep 14 16:47:26 2024]
Finished job 62.
63 of 77 steps (82%) done
Select jobs to execute...
Execute 1 jobs...

[Sat Sep 14 16:47:26 2024]
localrule traits_tree_sequences:
    input: Results/HSV1_gD/Trees/tree.nwk, Results/HSV1_gD/metadata.tsv
    output: Results/HSV1_gD/Trees/tree_traits.json
    log: Results/Logs/HSV1_gD/traits_tree_sequences.txt
    jobid: 42
    reason: Missing output files: Results/HSV1_gD/Trees/tree_traits.json; Input files updated by another job: Results/HSV1_gD/metadata.tsv, Results/HSV1_gD/Trees/tree.nwk
    wildcards: gene=HSV1_gD
    resources: tmpdir=/loc/scratch/62213142

Activating conda environment: .snakemake/conda/768efdd1ddbfaa7755324fb50ebd3862_
[Sat Sep 14 16:47:30 2024]
Finished job 42.
64 of 77 steps (83%) done
Select jobs to execute...
Execute 1 jobs...

[Sat Sep 14 16:47:30 2024]
localrule align_protein_sequences:
    input: Results/HSV1_gB/ORF_sequences/protein.fasta
    output: Results/HSV1_gB/Alignments/protein.fasta
    log: Results/Logs/HSV1_gB/align_protein_sequences.txt
    jobid: 23
    reason: Missing output files: Results/HSV1_gB/Alignments/protein.fasta; Input files updated by another job: Results/HSV1_gB/ORF_sequences/protein.fasta
    wildcards: gene=HSV1_gB
    resources: tmpdir=/loc/scratch/62213142

Activating conda environment: .snakemake/conda/768efdd1ddbfaa7755324fb50ebd3862_
[Sat Sep 14 16:47:35 2024]
Finished job 23.
65 of 77 steps (84%) done
Select jobs to execute...
Execute 1 jobs...

[Sat Sep 14 16:47:35 2024]
localrule export_tree:
    input: Results/HSV1_gD/Trees/tree.nwk, Results/HSV1_gD/metadata.tsv, Results/HSV1_gD/Trees/tree_branch_lengths.json, Results/HSV1_gD/Trees/tree_traits.json, Results/HSV1_gD/Trees/tree_muts.json, Results/HSV1_gD/Trees/tree_aa_muts.json, Configure/Input_Data/auspice_config.json, Results/HSV1_gD/Trees/colors.tsv, Configure/Input_Data/lat_longs.tsv
    output: auspice/Herpesvirus-Glycoprotein-Analysis_HSV1_gD.json
    jobid: 32
    reason: Missing output files: auspice/Herpesvirus-Glycoprotein-Analysis_HSV1_gD.json; Input files updated by another job: Results/HSV1_gD/Trees/tree.nwk, Results/HSV1_gD/Trees/tree_traits.json, Results/HSV1_gD/Trees/colors.tsv, Results/HSV1_gD/metadata.tsv, Results/HSV1_gD/Trees/tree_branch_lengths.json, Results/HSV1_gD/Trees/tree_muts.json, Results/HSV1_gD/Trees/tree_aa_muts.json
    wildcards: gene=HSV1_gD
    resources: tmpdir=/loc/scratch/62213142

Activating conda environment: .snakemake/conda/768efdd1ddbfaa7755324fb50ebd3862_
Validating schema of 'Results/HSV1_gD/Trees/tree_muts.json'...
Validating schema of 'Results/HSV1_gD/Trees/tree_aa_muts.json'...
Validating config file Configure/Input_Data/auspice_config.json against the JSON schema
Validating schema of 'Configure/Input_Data/auspice_config.json'...
Validating produced JSON
Validating schema of 'auspice/Herpesvirus-Glycoprotein-Analysis_HSV1_gD.json'...
Validating that the JSON is internally consistent...
Validation of 'auspice/Herpesvirus-Glycoprotein-Analysis_HSV1_gD.json' succeeded.

[Sat Sep 14 16:47:37 2024]
Finished job 32.
66 of 77 steps (86%) done
Select jobs to execute...
Execute 1 jobs...

[Sat Sep 14 16:47:37 2024]
localrule create_codon_alignment:
    input: Results/HSV1_gB/Alignments/protein.fasta, Results/HSV1_gB/ORF_sequences/codon.fasta
    output: Results/HSV1_gB/Alignments/codon.fasta
    log: Results/Logs/HSV1_gB/create_codon_alignment.txt
    jobid: 22
    reason: Missing output files: Results/HSV1_gB/Alignments/codon.fasta; Input files updated by another job: Results/HSV1_gB/ORF_sequences/codon.fasta, Results/HSV1_gB/Alignments/protein.fasta
    wildcards: gene=HSV1_gB
    resources: tmpdir=/loc/scratch/62213142

Activating conda environment: .snakemake/conda/768efdd1ddbfaa7755324fb50ebd3862_
Activating conda environment: .snakemake/conda/768efdd1ddbfaa7755324fb50ebd3862_
[Sat Sep 14 16:47:38 2024]
Finished job 22.
67 of 77 steps (87%) done
Select jobs to execute...
Execute 1 jobs...

[Sat Sep 14 16:47:38 2024]
localrule strip_protein_alignment_gaps:
    input: Results/HSV1_gB/Alignments/protein.fasta
    output: Results/HSV1_gB/Alignments/protein_ungapped.fasta
    log: Results/Logs/HSV1_gB/strip_protein_alignment_gaps.txt
    jobid: 26
    reason: Missing output files: Results/HSV1_gB/Alignments/protein_ungapped.fasta; Input files updated by another job: Results/HSV1_gB/Alignments/protein.fasta
    wildcards: gene=HSV1_gB
    resources: tmpdir=/loc/scratch/62213142

Activating conda environment: .snakemake/conda/768efdd1ddbfaa7755324fb50ebd3862_
Activating conda environment: .snakemake/conda/768efdd1ddbfaa7755324fb50ebd3862_
[Sat Sep 14 16:47:39 2024]
Finished job 26.
68 of 77 steps (88%) done
Select jobs to execute...
Execute 1 jobs...

[Sat Sep 14 16:47:39 2024]
localrule strip_codon_alignment_gaps:
    input: Results/HSV1_gB/Alignments/codon.fasta
    output: Results/HSV1_gB/Alignments/codon_ungapped.fasta
    log: Results/Logs/HSV1_gB/strip_codon_alignment_gaps.txt
    jobid: 21
    reason: Missing output files: Results/HSV1_gB/Alignments/codon_ungapped.fasta; Input files updated by another job: Results/HSV1_gB/Alignments/codon.fasta
    wildcards: gene=HSV1_gB
    resources: tmpdir=/loc/scratch/62213142

Activating conda environment: .snakemake/conda/768efdd1ddbfaa7755324fb50ebd3862_
Activating conda environment: .snakemake/conda/768efdd1ddbfaa7755324fb50ebd3862_
[Sat Sep 14 16:47:40 2024]
Finished job 21.
69 of 77 steps (90%) done
Select jobs to execute...
Execute 1 jobs...

[Sat Sep 14 16:47:40 2024]
localrule tree_sequences:
    input: Results/HSV1_gB/Alignments/codon_ungapped.fasta
    output: Results/HSV1_gB/Trees/tree_raw.nwk
    log: Results/Logs/HSV1_gB/tree_sequences.txt
    jobid: 20
    reason: Missing output files: Results/HSV1_gB/Trees/tree_raw.nwk; Input files updated by another job: Results/HSV1_gB/Alignments/codon_ungapped.fasta
    wildcards: gene=HSV1_gB
    resources: tmpdir=/loc/scratch/62213142

Activating conda environment: .snakemake/conda/768efdd1ddbfaa7755324fb50ebd3862_
[Sat Sep 14 16:47:43 2024]
Finished job 20.
70 of 77 steps (91%) done
Select jobs to execute...
Execute 1 jobs...

[Sat Sep 14 16:47:43 2024]
localrule root_and_remove_outgroup:
    input: Results/HSV1_gB/Trees/tree_raw.nwk, Results/HSV1_gB/Alignments/protein_ungapped.fasta, Results/HSV1_gB/Alignments/codon_ungapped.fasta
    output: Results/HSV1_gB/Trees/tree_no_outgroup.nwk, Results/HSV1_gB/Alignments/protein_ungapped_no_outgroup.fasta, Results/HSV1_gB/Alignments/codon_ungapped_no_outgroup.fasta
    log: Results/Logs/HSV1_gB/root_and_remove_outgroup.txt
    jobid: 19
    reason: Missing output files: Results/HSV1_gB/Trees/tree_no_outgroup.nwk, Results/HSV1_gB/Alignments/codon_ungapped_no_outgroup.fasta; Input files updated by another job: Results/HSV1_gB/Alignments/codon_ungapped.fasta, Results/HSV1_gB/Trees/tree_raw.nwk, Results/HSV1_gB/Alignments/protein_ungapped.fasta
    wildcards: gene=HSV1_gB
    resources: tmpdir=/loc/scratch/62213142

Activating conda environment: .snakemake/conda/768efdd1ddbfaa7755324fb50ebd3862_
Activating conda environment: .snakemake/conda/768efdd1ddbfaa7755324fb50ebd3862_
[Sat Sep 14 16:47:44 2024]
Finished job 19.
71 of 77 steps (92%) done
Select jobs to execute...
Execute 1 jobs...

[Sat Sep 14 16:47:44 2024]
localrule refine_tree_sequences:
    input: Results/HSV1_gB/Alignments/codon_ungapped_no_outgroup.fasta, Results/HSV1_gB/Trees/tree_no_outgroup.nwk, Results/HSV1_gB/metadata.tsv
    output: Results/HSV1_gB/Trees/tree.nwk, Results/HSV1_gB/Trees/tree_branch_lengths.json
    log: Results/Logs/HSV1_gB/refine_tree_sequences.txt
    jobid: 18
    reason: Missing output files: Results/HSV1_gB/Trees/tree.nwk, Results/HSV1_gB/Trees/tree_branch_lengths.json; Input files updated by another job: Results/HSV1_gB/metadata.tsv, Results/HSV1_gB/Trees/tree_no_outgroup.nwk, Results/HSV1_gB/Alignments/codon_ungapped_no_outgroup.fasta
    wildcards: gene=HSV1_gB
    resources: tmpdir=/loc/scratch/62213142

Activating conda environment: .snakemake/conda/768efdd1ddbfaa7755324fb50ebd3862_
[Sat Sep 14 16:47:46 2024]
Finished job 18.
72 of 77 steps (94%) done
Select jobs to execute...
Execute 1 jobs...

[Sat Sep 14 16:47:46 2024]
localrule traits_tree_sequences:
    input: Results/HSV1_gB/Trees/tree.nwk, Results/HSV1_gB/metadata.tsv
    output: Results/HSV1_gB/Trees/tree_traits.json
    log: Results/Logs/HSV1_gB/traits_tree_sequences.txt
    jobid: 27
    reason: Missing output files: Results/HSV1_gB/Trees/tree_traits.json; Input files updated by another job: Results/HSV1_gB/metadata.tsv, Results/HSV1_gB/Trees/tree.nwk
    wildcards: gene=HSV1_gB
    resources: tmpdir=/loc/scratch/62213142

Activating conda environment: .snakemake/conda/768efdd1ddbfaa7755324fb50ebd3862_
[Sat Sep 14 16:47:52 2024]
Finished job 27.
73 of 77 steps (95%) done
Select jobs to execute...
Execute 1 jobs...

[Sat Sep 14 16:47:52 2024]
localrule ancestral_tree_sequences:
    input: Results/HSV1_gB/Trees/tree.nwk, Results/HSV1_gB/Alignments/codon_ungapped_no_outgroup.fasta
    output: Results/HSV1_gB/Trees/tree_muts.json
    log: Results/Logs/HSV1_gB/ancestral_tree_sequences.txt
    jobid: 28
    reason: Missing output files: Results/HSV1_gB/Trees/tree_muts.json; Input files updated by another job: Results/HSV1_gB/Trees/tree.nwk, Results/HSV1_gB/Alignments/codon_ungapped_no_outgroup.fasta
    wildcards: gene=HSV1_gB
    resources: tmpdir=/loc/scratch/62213142

Activating conda environment: .snakemake/conda/768efdd1ddbfaa7755324fb50ebd3862_
[Sat Sep 14 16:47:54 2024]
Finished job 28.
74 of 77 steps (96%) done
Select jobs to execute...
Execute 1 jobs...

[Sat Sep 14 16:47:54 2024]
localrule translate_tree_sequences:
    input: Results/HSV1_gB/Trees/tree.nwk, Results/HSV1_gB/Trees/tree_muts.json, Results/HSV1_gB/HSV1_gB_reference.gb
    output: Results/HSV1_gB/Trees/tree_aa_muts.json, Results/HSV1_gB/Augur_AA_Alignements/HSV1_gB.fasta
    log: Results/Logs/HSV1_gB/translate_tree_sequences.txt
    jobid: 29
    reason: Missing output files: Results/HSV1_gB/Trees/tree_aa_muts.json; Input files updated by another job: Results/HSV1_gB/Trees/tree.nwk, Results/HSV1_gB/Trees/tree_muts.json, Results/HSV1_gB/HSV1_gB_reference.gb
    wildcards: gene=HSV1_gB
    resources: tmpdir=/loc/scratch/62213142

Activating conda environment: .snakemake/conda/768efdd1ddbfaa7755324fb50ebd3862_
[Sat Sep 14 16:47:56 2024]
Finished job 29.
75 of 77 steps (97%) done
Select jobs to execute...
Execute 1 jobs...

[Sat Sep 14 16:47:56 2024]
localrule export_tree:
    input: Results/HSV1_gB/Trees/tree.nwk, Results/HSV1_gB/metadata.tsv, Results/HSV1_gB/Trees/tree_branch_lengths.json, Results/HSV1_gB/Trees/tree_traits.json, Results/HSV1_gB/Trees/tree_muts.json, Results/HSV1_gB/Trees/tree_aa_muts.json, Configure/Input_Data/auspice_config.json, Results/HSV1_gB/Trees/colors.tsv, Configure/Input_Data/lat_longs.tsv
    output: auspice/Herpesvirus-Glycoprotein-Analysis_HSV1_gB.json
    jobid: 17
    reason: Missing output files: auspice/Herpesvirus-Glycoprotein-Analysis_HSV1_gB.json; Input files updated by another job: Results/HSV1_gB/Trees/tree_muts.json, Results/HSV1_gB/Trees/tree_traits.json, Results/HSV1_gB/Trees/tree_aa_muts.json, Results/HSV1_gB/Trees/colors.tsv, Results/HSV1_gB/Trees/tree_branch_lengths.json, Results/HSV1_gB/metadata.tsv, Results/HSV1_gB/Trees/tree.nwk
    wildcards: gene=HSV1_gB
    resources: tmpdir=/loc/scratch/62213142

Activating conda environment: .snakemake/conda/768efdd1ddbfaa7755324fb50ebd3862_
Validating schema of 'Results/HSV1_gB/Trees/tree_muts.json'...
Validating schema of 'Results/HSV1_gB/Trees/tree_aa_muts.json'...
Validating config file Configure/Input_Data/auspice_config.json against the JSON schema
Validating schema of 'Configure/Input_Data/auspice_config.json'...
Validating produced JSON
Validating schema of 'auspice/Herpesvirus-Glycoprotein-Analysis_HSV1_gB.json'...
Validating that the JSON is internally consistent...
Validation of 'auspice/Herpesvirus-Glycoprotein-Analysis_HSV1_gB.json' succeeded.

[Sat Sep 14 16:47:59 2024]
Finished job 17.
76 of 77 steps (99%) done
Select jobs to execute...
Execute 1 jobs...

[Sat Sep 14 16:47:59 2024]
localrule all:
    input: Results/HSV1_gB/ORF_sequences/ORF_extraction_verification.txt, Results/HSV1_gD/ORF_sequences/ORF_extraction_verification.txt, Results/HSV1_gH/ORF_sequences/ORF_extraction_verification.txt, Results/HSV1_gL/ORF_sequences/ORF_extraction_verification.txt, auspice/Herpesvirus-Glycoprotein-Analysis_HSV1_gB.json, auspice/Herpesvirus-Glycoprotein-Analysis_HSV1_gD.json, auspice/Herpesvirus-Glycoprotein-Analysis_HSV1_gH.json, auspice/Herpesvirus-Glycoprotein-Analysis_HSV1_gL.json
    jobid: 0
    reason: Input files updated by another job: Results/HSV1_gD/ORF_sequences/ORF_extraction_verification.txt, auspice/Herpesvirus-Glycoprotein-Analysis_HSV1_gH.json, auspice/Herpesvirus-Glycoprotein-Analysis_HSV1_gB.json, auspice/Herpesvirus-Glycoprotein-Analysis_HSV1_gL.json, auspice/Herpesvirus-Glycoprotein-Analysis_HSV1_gD.json, Results/HSV1_gL/ORF_sequences/ORF_extraction_verification.txt, Results/HSV1_gB/ORF_sequences/ORF_extraction_verification.txt, Results/HSV1_gH/ORF_sequences/ORF_extraction_verification.txt
    resources: tmpdir=/loc/scratch/62213142

[Sat Sep 14 16:47:59 2024]
Finished job 0.
77 of 77 steps (100%) done
Complete log: .snakemake/log/2024-09-14T105248.949867.snakemake.log
Run of snakemake complete.
