Running snakemake...
Assuming unrestricted shared filesystem usage.
Building DAG of jobs...
Using shell: /bin/bash
Provided cores: 16
Rules claiming more threads will be scaled down.
Job stats:
job                         count
------------------------  -------
all                             1
ancestral_tree_sequences        4
colors                          4
export_tree                     4
refine_tree_sequences           4
root_and_remove_outgroup        4
traits_tree_sequences           4
translate_tree_sequences        4
tree_sequences                  4
total                          33

Select jobs to execute...
Execute 1 jobs...

[Sat Sep 14 19:22:53 2024]
localrule tree_sequences:
    input: Results/HSV1_gH/Alignments/codon_ungapped.fasta
    output: Results/HSV1_gH/Trees/tree_raw.nwk
    log: Results/Logs/HSV1_gH/tree_sequences.txt
    jobid: 50
    reason: Missing output files: Results/HSV1_gH/Trees/tree_raw.nwk
    wildcards: gene=HSV1_gH
    resources: tmpdir=/loc/scratch/62238591

Activating conda environment: .snakemake/conda/768efdd1ddbfaa7755324fb50ebd3862_
[Sat Sep 14 19:23:05 2024]
Finished job 50.
1 of 33 steps (3%) done
Select jobs to execute...
Execute 1 jobs...

[Sat Sep 14 19:23:05 2024]
localrule root_and_remove_outgroup:
    input: Results/HSV1_gH/Trees/tree_raw.nwk, Results/HSV1_gH/Alignments/protein_ungapped.fasta, Results/HSV1_gH/Alignments/codon_ungapped.fasta
    output: Results/HSV1_gH/Trees/tree_no_outgroup.nwk, Results/HSV1_gH/Alignments/protein_ungapped_no_outgroup.fasta, Results/HSV1_gH/Alignments/codon_ungapped_no_outgroup.fasta
    log: Results/Logs/HSV1_gH/root_and_remove_outgroup.txt
    jobid: 49
    reason: Missing output files: Results/HSV1_gH/Trees/tree_no_outgroup.nwk; Input files updated by another job: Results/HSV1_gH/Trees/tree_raw.nwk
    wildcards: gene=HSV1_gH
    resources: tmpdir=/loc/scratch/62238591

Activating conda environment: .snakemake/conda/768efdd1ddbfaa7755324fb50ebd3862_
Activating conda environment: .snakemake/conda/768efdd1ddbfaa7755324fb50ebd3862_
[Sat Sep 14 19:23:07 2024]
Finished job 49.
2 of 33 steps (6%) done
Select jobs to execute...
Execute 1 jobs...

[Sat Sep 14 19:23:07 2024]
localrule colors:
    input: Configure/Input_Data/color_schemes.tsv, Configure/Input_Data/color_orderings.tsv, Results/HSV1_gL/metadata.tsv
    output: Results/HSV1_gL/Trees/colors.tsv
    jobid: 76
    reason: Missing output files: Results/HSV1_gL/Trees/colors.tsv
    wildcards: gene=HSV1_gL
    resources: tmpdir=/loc/scratch/62238591

Activating conda environment: .snakemake/conda/768efdd1ddbfaa7755324fb50ebd3862_
[Sat Sep 14 19:23:08 2024]
Finished job 76.
3 of 33 steps (9%) done
Select jobs to execute...
Execute 1 jobs...

[Sat Sep 14 19:23:08 2024]
localrule tree_sequences:
    input: Results/HSV1_gD/Alignments/codon_ungapped.fasta
    output: Results/HSV1_gD/Trees/tree_raw.nwk
    log: Results/Logs/HSV1_gD/tree_sequences.txt
    jobid: 35
    reason: Missing output files: Results/HSV1_gD/Trees/tree_raw.nwk
    wildcards: gene=HSV1_gD
    resources: tmpdir=/loc/scratch/62238591

Activating conda environment: .snakemake/conda/768efdd1ddbfaa7755324fb50ebd3862_
[Sat Sep 14 19:23:12 2024]
Finished job 35.
4 of 33 steps (12%) done
Select jobs to execute...
Execute 1 jobs...

[Sat Sep 14 19:23:12 2024]
localrule root_and_remove_outgroup:
    input: Results/HSV1_gD/Trees/tree_raw.nwk, Results/HSV1_gD/Alignments/protein_ungapped.fasta, Results/HSV1_gD/Alignments/codon_ungapped.fasta
    output: Results/HSV1_gD/Trees/tree_no_outgroup.nwk, Results/HSV1_gD/Alignments/protein_ungapped_no_outgroup.fasta, Results/HSV1_gD/Alignments/codon_ungapped_no_outgroup.fasta
    log: Results/Logs/HSV1_gD/root_and_remove_outgroup.txt
    jobid: 34
    reason: Missing output files: Results/HSV1_gD/Trees/tree_no_outgroup.nwk; Input files updated by another job: Results/HSV1_gD/Trees/tree_raw.nwk
    wildcards: gene=HSV1_gD
    resources: tmpdir=/loc/scratch/62238591

Activating conda environment: .snakemake/conda/768efdd1ddbfaa7755324fb50ebd3862_
Activating conda environment: .snakemake/conda/768efdd1ddbfaa7755324fb50ebd3862_
[Sat Sep 14 19:23:13 2024]
Finished job 34.
5 of 33 steps (15%) done
Select jobs to execute...
Execute 1 jobs...

[Sat Sep 14 19:23:13 2024]
localrule colors:
    input: Configure/Input_Data/color_schemes.tsv, Configure/Input_Data/color_orderings.tsv, Results/HSV1_gH/metadata.tsv
    output: Results/HSV1_gH/Trees/colors.tsv
    jobid: 61
    reason: Missing output files: Results/HSV1_gH/Trees/colors.tsv
    wildcards: gene=HSV1_gH
    resources: tmpdir=/loc/scratch/62238591

Activating conda environment: .snakemake/conda/768efdd1ddbfaa7755324fb50ebd3862_
[Sat Sep 14 19:23:14 2024]
Finished job 61.
6 of 33 steps (18%) done
Select jobs to execute...
Execute 1 jobs...

[Sat Sep 14 19:23:14 2024]
localrule colors:
    input: Configure/Input_Data/color_schemes.tsv, Configure/Input_Data/color_orderings.tsv, Results/HSV1_gD/metadata.tsv
    output: Results/HSV1_gD/Trees/colors.tsv
    jobid: 46
    reason: Missing output files: Results/HSV1_gD/Trees/colors.tsv
    wildcards: gene=HSV1_gD
    resources: tmpdir=/loc/scratch/62238591

Activating conda environment: .snakemake/conda/768efdd1ddbfaa7755324fb50ebd3862_
[Sat Sep 14 19:23:15 2024]
Finished job 46.
7 of 33 steps (21%) done
Select jobs to execute...
Execute 1 jobs...

[Sat Sep 14 19:23:15 2024]
localrule tree_sequences:
    input: Results/HSV1_gB/Alignments/codon_ungapped.fasta
    output: Results/HSV1_gB/Trees/tree_raw.nwk
    log: Results/Logs/HSV1_gB/tree_sequences.txt
    jobid: 20
    reason: Missing output files: Results/HSV1_gB/Trees/tree_raw.nwk
    wildcards: gene=HSV1_gB
    resources: tmpdir=/loc/scratch/62238591

Activating conda environment: .snakemake/conda/768efdd1ddbfaa7755324fb50ebd3862_
[Sat Sep 14 19:23:19 2024]
Finished job 20.
8 of 33 steps (24%) done
Select jobs to execute...
Execute 1 jobs...

[Sat Sep 14 19:23:19 2024]
localrule root_and_remove_outgroup:
    input: Results/HSV1_gB/Trees/tree_raw.nwk, Results/HSV1_gB/Alignments/protein_ungapped.fasta, Results/HSV1_gB/Alignments/codon_ungapped.fasta
    output: Results/HSV1_gB/Trees/tree_no_outgroup.nwk, Results/HSV1_gB/Alignments/protein_ungapped_no_outgroup.fasta, Results/HSV1_gB/Alignments/codon_ungapped_no_outgroup.fasta
    log: Results/Logs/HSV1_gB/root_and_remove_outgroup.txt
    jobid: 19
    reason: Missing output files: Results/HSV1_gB/Trees/tree_no_outgroup.nwk; Input files updated by another job: Results/HSV1_gB/Trees/tree_raw.nwk
    wildcards: gene=HSV1_gB
    resources: tmpdir=/loc/scratch/62238591

Activating conda environment: .snakemake/conda/768efdd1ddbfaa7755324fb50ebd3862_
Activating conda environment: .snakemake/conda/768efdd1ddbfaa7755324fb50ebd3862_
[Sat Sep 14 19:23:20 2024]
Finished job 19.
9 of 33 steps (27%) done
Select jobs to execute...
Execute 1 jobs...

[Sat Sep 14 19:23:20 2024]
localrule refine_tree_sequences:
    input: Results/HSV1_gB/Alignments/codon_ungapped_no_outgroup.fasta, Results/HSV1_gB/Trees/tree_no_outgroup.nwk, Results/HSV1_gB/metadata.tsv
    output: Results/HSV1_gB/Trees/tree.nwk, Results/HSV1_gB/Trees/tree_branch_lengths.json
    log: Results/Logs/HSV1_gB/refine_tree_sequences.txt
    jobid: 18
    reason: Missing output files: Results/HSV1_gB/Trees/tree.nwk, Results/HSV1_gB/Trees/tree_branch_lengths.json; Input files updated by another job: Results/HSV1_gB/Alignments/codon_ungapped_no_outgroup.fasta, Results/HSV1_gB/Trees/tree_no_outgroup.nwk
    wildcards: gene=HSV1_gB
    resources: tmpdir=/loc/scratch/62238591

Activating conda environment: .snakemake/conda/768efdd1ddbfaa7755324fb50ebd3862_
[Sat Sep 14 19:23:22 2024]
Finished job 18.
10 of 33 steps (30%) done
Select jobs to execute...
Execute 1 jobs...

[Sat Sep 14 19:23:22 2024]
localrule traits_tree_sequences:
    input: Results/HSV1_gB/Trees/tree.nwk, Results/HSV1_gB/metadata.tsv
    output: Results/HSV1_gB/Trees/tree_traits.json
    log: Results/Logs/HSV1_gB/traits_tree_sequences.txt
    jobid: 27
    reason: Missing output files: Results/HSV1_gB/Trees/tree_traits.json; Input files updated by another job: Results/HSV1_gB/Trees/tree.nwk
    wildcards: gene=HSV1_gB
    resources: tmpdir=/loc/scratch/62238591

Activating conda environment: .snakemake/conda/768efdd1ddbfaa7755324fb50ebd3862_
[Sat Sep 14 19:23:28 2024]
Finished job 27.
11 of 33 steps (33%) done
Select jobs to execute...
Execute 1 jobs...

[Sat Sep 14 19:23:28 2024]
localrule ancestral_tree_sequences:
    input: Results/HSV1_gB/Trees/tree.nwk, Results/HSV1_gB/Alignments/codon_ungapped_no_outgroup.fasta
    output: Results/HSV1_gB/Trees/tree_muts.json
    log: Results/Logs/HSV1_gB/ancestral_tree_sequences.txt
    jobid: 28
    reason: Missing output files: Results/HSV1_gB/Trees/tree_muts.json; Input files updated by another job: Results/HSV1_gB/Trees/tree.nwk, Results/HSV1_gB/Alignments/codon_ungapped_no_outgroup.fasta
    wildcards: gene=HSV1_gB
    resources: tmpdir=/loc/scratch/62238591

Activating conda environment: .snakemake/conda/768efdd1ddbfaa7755324fb50ebd3862_
[Sat Sep 14 19:23:32 2024]
Finished job 28.
12 of 33 steps (36%) done
Select jobs to execute...
Execute 1 jobs...

[Sat Sep 14 19:23:32 2024]
localrule translate_tree_sequences:
    input: Results/HSV1_gB/Trees/tree.nwk, Results/HSV1_gB/Trees/tree_muts.json, Results/HSV1_gB/HSV1_gB_reference.gb
    output: Results/HSV1_gB/Trees/tree_aa_muts.json, Results/HSV1_gB/Augur_AA_Alignements/HSV1_gB.fasta
    log: Results/Logs/HSV1_gB/translate_tree_sequences.txt
    jobid: 29
    reason: Missing output files: Results/HSV1_gB/Trees/tree_aa_muts.json; Input files updated by another job: Results/HSV1_gB/Trees/tree.nwk, Results/HSV1_gB/Trees/tree_muts.json
    wildcards: gene=HSV1_gB
    resources: tmpdir=/loc/scratch/62238591

Activating conda environment: .snakemake/conda/768efdd1ddbfaa7755324fb50ebd3862_
[Sat Sep 14 19:23:34 2024]
Finished job 29.
13 of 33 steps (39%) done
Select jobs to execute...
Execute 1 jobs...

[Sat Sep 14 19:23:34 2024]
localrule colors:
    input: Configure/Input_Data/color_schemes.tsv, Configure/Input_Data/color_orderings.tsv, Results/HSV1_gB/metadata.tsv
    output: Results/HSV1_gB/Trees/colors.tsv
    jobid: 31
    reason: Missing output files: Results/HSV1_gB/Trees/colors.tsv
    wildcards: gene=HSV1_gB
    resources: tmpdir=/loc/scratch/62238591

Activating conda environment: .snakemake/conda/768efdd1ddbfaa7755324fb50ebd3862_
[Sat Sep 14 19:23:35 2024]
Finished job 31.
14 of 33 steps (42%) done
Select jobs to execute...
Execute 1 jobs...

[Sat Sep 14 19:23:35 2024]
localrule refine_tree_sequences:
    input: Results/HSV1_gD/Alignments/codon_ungapped_no_outgroup.fasta, Results/HSV1_gD/Trees/tree_no_outgroup.nwk, Results/HSV1_gD/metadata.tsv
    output: Results/HSV1_gD/Trees/tree.nwk, Results/HSV1_gD/Trees/tree_branch_lengths.json
    log: Results/Logs/HSV1_gD/refine_tree_sequences.txt
    jobid: 33
    reason: Missing output files: Results/HSV1_gD/Trees/tree.nwk, Results/HSV1_gD/Trees/tree_branch_lengths.json; Input files updated by another job: Results/HSV1_gD/Alignments/codon_ungapped_no_outgroup.fasta, Results/HSV1_gD/Trees/tree_no_outgroup.nwk
    wildcards: gene=HSV1_gD
    resources: tmpdir=/loc/scratch/62238591

Activating conda environment: .snakemake/conda/768efdd1ddbfaa7755324fb50ebd3862_
[Sat Sep 14 19:23:37 2024]
Finished job 33.
15 of 33 steps (45%) done
Select jobs to execute...
Execute 1 jobs...

[Sat Sep 14 19:23:37 2024]
localrule ancestral_tree_sequences:
    input: Results/HSV1_gD/Trees/tree.nwk, Results/HSV1_gD/Alignments/codon_ungapped_no_outgroup.fasta
    output: Results/HSV1_gD/Trees/tree_muts.json
    log: Results/Logs/HSV1_gD/ancestral_tree_sequences.txt
    jobid: 43
    reason: Missing output files: Results/HSV1_gD/Trees/tree_muts.json; Input files updated by another job: Results/HSV1_gD/Trees/tree.nwk, Results/HSV1_gD/Alignments/codon_ungapped_no_outgroup.fasta
    wildcards: gene=HSV1_gD
    resources: tmpdir=/loc/scratch/62238591

Activating conda environment: .snakemake/conda/768efdd1ddbfaa7755324fb50ebd3862_
[Sat Sep 14 19:23:39 2024]
Finished job 43.
16 of 33 steps (48%) done
Select jobs to execute...
Execute 1 jobs...

[Sat Sep 14 19:23:39 2024]
localrule translate_tree_sequences:
    input: Results/HSV1_gD/Trees/tree.nwk, Results/HSV1_gD/Trees/tree_muts.json, Results/HSV1_gD/HSV1_gD_reference.gb
    output: Results/HSV1_gD/Trees/tree_aa_muts.json, Results/HSV1_gD/Augur_AA_Alignements/HSV1_gD.fasta
    log: Results/Logs/HSV1_gD/translate_tree_sequences.txt
    jobid: 44
    reason: Missing output files: Results/HSV1_gD/Trees/tree_aa_muts.json; Input files updated by another job: Results/HSV1_gD/Trees/tree.nwk, Results/HSV1_gD/Trees/tree_muts.json
    wildcards: gene=HSV1_gD
    resources: tmpdir=/loc/scratch/62238591

Activating conda environment: .snakemake/conda/768efdd1ddbfaa7755324fb50ebd3862_
[Sat Sep 14 19:23:41 2024]
Finished job 44.
17 of 33 steps (52%) done
Select jobs to execute...
Execute 1 jobs...

[Sat Sep 14 19:23:41 2024]
localrule export_tree:
    input: Results/HSV1_gB/Trees/tree.nwk, Results/HSV1_gB/metadata.tsv, Results/HSV1_gB/Trees/tree_branch_lengths.json, Results/HSV1_gB/Trees/tree_traits.json, Results/HSV1_gB/Trees/tree_muts.json, Results/HSV1_gB/Trees/tree_aa_muts.json, Configure/Input_Data/auspice_config.json, Results/HSV1_gB/Trees/colors.tsv, Configure/Input_Data/lat_longs.tsv
    output: auspice/Herpesvirus-Glycoprotein-Analysis_HSV1_gB.json
    jobid: 17
    reason: Missing output files: auspice/Herpesvirus-Glycoprotein-Analysis_HSV1_gB.json; Input files updated by another job: Results/HSV1_gB/Trees/tree.nwk, Results/HSV1_gB/Trees/tree_muts.json, Results/HSV1_gB/Trees/tree_aa_muts.json, Results/HSV1_gB/Trees/tree_traits.json, Results/HSV1_gB/Trees/colors.tsv, Results/HSV1_gB/Trees/tree_branch_lengths.json
    wildcards: gene=HSV1_gB
    resources: tmpdir=/loc/scratch/62238591

Activating conda environment: .snakemake/conda/768efdd1ddbfaa7755324fb50ebd3862_
Validating schema of 'Results/HSV1_gB/Trees/tree_muts.json'...
Validating schema of 'Results/HSV1_gB/Trees/tree_aa_muts.json'...
Validating config file Configure/Input_Data/auspice_config.json against the JSON schema
Validating schema of 'Configure/Input_Data/auspice_config.json'...
Validating produced JSON
Validating schema of 'auspice/Herpesvirus-Glycoprotein-Analysis_HSV1_gB.json'...
Validating that the JSON is internally consistent...
Validation of 'auspice/Herpesvirus-Glycoprotein-Analysis_HSV1_gB.json' succeeded.

[Sat Sep 14 19:23:43 2024]
Finished job 17.
18 of 33 steps (55%) done
Select jobs to execute...
Execute 1 jobs...

[Sat Sep 14 19:23:44 2024]
localrule refine_tree_sequences:
    input: Results/HSV1_gH/Alignments/codon_ungapped_no_outgroup.fasta, Results/HSV1_gH/Trees/tree_no_outgroup.nwk, Results/HSV1_gH/metadata.tsv
    output: Results/HSV1_gH/Trees/tree.nwk, Results/HSV1_gH/Trees/tree_branch_lengths.json
    log: Results/Logs/HSV1_gH/refine_tree_sequences.txt
    jobid: 48
    reason: Missing output files: Results/HSV1_gH/Trees/tree_branch_lengths.json, Results/HSV1_gH/Trees/tree.nwk; Input files updated by another job: Results/HSV1_gH/Alignments/codon_ungapped_no_outgroup.fasta, Results/HSV1_gH/Trees/tree_no_outgroup.nwk
    wildcards: gene=HSV1_gH
    resources: tmpdir=/loc/scratch/62238591

Activating conda environment: .snakemake/conda/768efdd1ddbfaa7755324fb50ebd3862_
[Sat Sep 14 19:23:46 2024]
Finished job 48.
19 of 33 steps (58%) done
Select jobs to execute...
Execute 1 jobs...

[Sat Sep 14 19:23:46 2024]
localrule ancestral_tree_sequences:
    input: Results/HSV1_gH/Trees/tree.nwk, Results/HSV1_gH/Alignments/codon_ungapped_no_outgroup.fasta
    output: Results/HSV1_gH/Trees/tree_muts.json
    log: Results/Logs/HSV1_gH/ancestral_tree_sequences.txt
    jobid: 58
    reason: Missing output files: Results/HSV1_gH/Trees/tree_muts.json; Input files updated by another job: Results/HSV1_gH/Alignments/codon_ungapped_no_outgroup.fasta, Results/HSV1_gH/Trees/tree.nwk
    wildcards: gene=HSV1_gH
    resources: tmpdir=/loc/scratch/62238591

Activating conda environment: .snakemake/conda/768efdd1ddbfaa7755324fb50ebd3862_
[Sat Sep 14 19:23:49 2024]
Finished job 58.
20 of 33 steps (61%) done
Select jobs to execute...
Execute 1 jobs...

[Sat Sep 14 19:23:49 2024]
localrule traits_tree_sequences:
    input: Results/HSV1_gH/Trees/tree.nwk, Results/HSV1_gH/metadata.tsv
    output: Results/HSV1_gH/Trees/tree_traits.json
    log: Results/Logs/HSV1_gH/traits_tree_sequences.txt
    jobid: 57
    reason: Missing output files: Results/HSV1_gH/Trees/tree_traits.json; Input files updated by another job: Results/HSV1_gH/Trees/tree.nwk
    wildcards: gene=HSV1_gH
    resources: tmpdir=/loc/scratch/62238591

Activating conda environment: .snakemake/conda/768efdd1ddbfaa7755324fb50ebd3862_
[Sat Sep 14 19:23:54 2024]
Finished job 57.
21 of 33 steps (64%) done
Select jobs to execute...
Execute 1 jobs...

[Sat Sep 14 19:23:54 2024]
localrule translate_tree_sequences:
    input: Results/HSV1_gH/Trees/tree.nwk, Results/HSV1_gH/Trees/tree_muts.json, Results/HSV1_gH/HSV1_gH_reference.gb
    output: Results/HSV1_gH/Trees/tree_aa_muts.json, Results/HSV1_gH/Augur_AA_Alignements/HSV1_gH.fasta
    log: Results/Logs/HSV1_gH/translate_tree_sequences.txt
    jobid: 59
    reason: Missing output files: Results/HSV1_gH/Trees/tree_aa_muts.json; Input files updated by another job: Results/HSV1_gH/Trees/tree.nwk, Results/HSV1_gH/Trees/tree_muts.json
    wildcards: gene=HSV1_gH
    resources: tmpdir=/loc/scratch/62238591

Activating conda environment: .snakemake/conda/768efdd1ddbfaa7755324fb50ebd3862_
[Sat Sep 14 19:23:57 2024]
Finished job 59.
22 of 33 steps (67%) done
Select jobs to execute...
Execute 1 jobs...

[Sat Sep 14 19:23:57 2024]
localrule export_tree:
    input: Results/HSV1_gH/Trees/tree.nwk, Results/HSV1_gH/metadata.tsv, Results/HSV1_gH/Trees/tree_branch_lengths.json, Results/HSV1_gH/Trees/tree_traits.json, Results/HSV1_gH/Trees/tree_muts.json, Results/HSV1_gH/Trees/tree_aa_muts.json, Configure/Input_Data/auspice_config.json, Results/HSV1_gH/Trees/colors.tsv, Configure/Input_Data/lat_longs.tsv
    output: auspice/Herpesvirus-Glycoprotein-Analysis_HSV1_gH.json
    jobid: 47
    reason: Missing output files: auspice/Herpesvirus-Glycoprotein-Analysis_HSV1_gH.json; Input files updated by another job: Results/HSV1_gH/Trees/colors.tsv, Results/HSV1_gH/Trees/tree_aa_muts.json, Results/HSV1_gH/Trees/tree_traits.json, Results/HSV1_gH/Trees/tree_muts.json, Results/HSV1_gH/Trees/tree_branch_lengths.json, Results/HSV1_gH/Trees/tree.nwk
    wildcards: gene=HSV1_gH
    resources: tmpdir=/loc/scratch/62238591

Activating conda environment: .snakemake/conda/768efdd1ddbfaa7755324fb50ebd3862_
Validating schema of 'Results/HSV1_gH/Trees/tree_muts.json'...
Validating schema of 'Results/HSV1_gH/Trees/tree_aa_muts.json'...
Validating config file Configure/Input_Data/auspice_config.json against the JSON schema
Validating schema of 'Configure/Input_Data/auspice_config.json'...
Validating produced JSON
Validating schema of 'auspice/Herpesvirus-Glycoprotein-Analysis_HSV1_gH.json'...
Validating that the JSON is internally consistent...
Validation of 'auspice/Herpesvirus-Glycoprotein-Analysis_HSV1_gH.json' succeeded.

[Sat Sep 14 19:23:59 2024]
Finished job 47.
23 of 33 steps (70%) done
Select jobs to execute...
Execute 1 jobs...

[Sat Sep 14 19:23:59 2024]
localrule traits_tree_sequences:
    input: Results/HSV1_gD/Trees/tree.nwk, Results/HSV1_gD/metadata.tsv
    output: Results/HSV1_gD/Trees/tree_traits.json
    log: Results/Logs/HSV1_gD/traits_tree_sequences.txt
    jobid: 42
    reason: Missing output files: Results/HSV1_gD/Trees/tree_traits.json; Input files updated by another job: Results/HSV1_gD/Trees/tree.nwk
    wildcards: gene=HSV1_gD
    resources: tmpdir=/loc/scratch/62238591

Activating conda environment: .snakemake/conda/768efdd1ddbfaa7755324fb50ebd3862_
[Sat Sep 14 19:24:04 2024]
Finished job 42.
24 of 33 steps (73%) done
Select jobs to execute...
Execute 1 jobs...

[Sat Sep 14 19:24:04 2024]
localrule tree_sequences:
    input: Results/HSV1_gL/Alignments/codon_ungapped.fasta
    output: Results/HSV1_gL/Trees/tree_raw.nwk
    log: Results/Logs/HSV1_gL/tree_sequences.txt
    jobid: 65
    reason: Missing output files: Results/HSV1_gL/Trees/tree_raw.nwk
    wildcards: gene=HSV1_gL
    resources: tmpdir=/loc/scratch/62238591

Activating conda environment: .snakemake/conda/768efdd1ddbfaa7755324fb50ebd3862_
[Sat Sep 14 19:24:08 2024]
Finished job 65.
25 of 33 steps (76%) done
Select jobs to execute...
Execute 1 jobs...

[Sat Sep 14 19:24:08 2024]
localrule export_tree:
    input: Results/HSV1_gD/Trees/tree.nwk, Results/HSV1_gD/metadata.tsv, Results/HSV1_gD/Trees/tree_branch_lengths.json, Results/HSV1_gD/Trees/tree_traits.json, Results/HSV1_gD/Trees/tree_muts.json, Results/HSV1_gD/Trees/tree_aa_muts.json, Configure/Input_Data/auspice_config.json, Results/HSV1_gD/Trees/colors.tsv, Configure/Input_Data/lat_longs.tsv
    output: auspice/Herpesvirus-Glycoprotein-Analysis_HSV1_gD.json
    jobid: 32
    reason: Missing output files: auspice/Herpesvirus-Glycoprotein-Analysis_HSV1_gD.json; Input files updated by another job: Results/HSV1_gD/Trees/tree.nwk, Results/HSV1_gD/Trees/colors.tsv, Results/HSV1_gD/Trees/tree_aa_muts.json, Results/HSV1_gD/Trees/tree_branch_lengths.json, Results/HSV1_gD/Trees/tree_muts.json, Results/HSV1_gD/Trees/tree_traits.json
    wildcards: gene=HSV1_gD
    resources: tmpdir=/loc/scratch/62238591

Activating conda environment: .snakemake/conda/768efdd1ddbfaa7755324fb50ebd3862_
Validating schema of 'Results/HSV1_gD/Trees/tree_muts.json'...
Validating schema of 'Results/HSV1_gD/Trees/tree_aa_muts.json'...
Validating config file Configure/Input_Data/auspice_config.json against the JSON schema
Validating schema of 'Configure/Input_Data/auspice_config.json'...
Validating produced JSON
Validating schema of 'auspice/Herpesvirus-Glycoprotein-Analysis_HSV1_gD.json'...
Validating that the JSON is internally consistent...
Validation of 'auspice/Herpesvirus-Glycoprotein-Analysis_HSV1_gD.json' succeeded.

[Sat Sep 14 19:24:10 2024]
Finished job 32.
26 of 33 steps (79%) done
Select jobs to execute...
Execute 1 jobs...

[Sat Sep 14 19:24:10 2024]
localrule root_and_remove_outgroup:
    input: Results/HSV1_gL/Trees/tree_raw.nwk, Results/HSV1_gL/Alignments/protein_ungapped.fasta, Results/HSV1_gL/Alignments/codon_ungapped.fasta
    output: Results/HSV1_gL/Trees/tree_no_outgroup.nwk, Results/HSV1_gL/Alignments/protein_ungapped_no_outgroup.fasta, Results/HSV1_gL/Alignments/codon_ungapped_no_outgroup.fasta
    log: Results/Logs/HSV1_gL/root_and_remove_outgroup.txt
    jobid: 64
    reason: Missing output files: Results/HSV1_gL/Trees/tree_no_outgroup.nwk; Input files updated by another job: Results/HSV1_gL/Trees/tree_raw.nwk
    wildcards: gene=HSV1_gL
    resources: tmpdir=/loc/scratch/62238591

Activating conda environment: .snakemake/conda/768efdd1ddbfaa7755324fb50ebd3862_
Activating conda environment: .snakemake/conda/768efdd1ddbfaa7755324fb50ebd3862_
[Sat Sep 14 19:24:11 2024]
Finished job 64.
27 of 33 steps (82%) done
Select jobs to execute...
Execute 1 jobs...

[Sat Sep 14 19:24:11 2024]
localrule refine_tree_sequences:
    input: Results/HSV1_gL/Alignments/codon_ungapped_no_outgroup.fasta, Results/HSV1_gL/Trees/tree_no_outgroup.nwk, Results/HSV1_gL/metadata.tsv
    output: Results/HSV1_gL/Trees/tree.nwk, Results/HSV1_gL/Trees/tree_branch_lengths.json
    log: Results/Logs/HSV1_gL/refine_tree_sequences.txt
    jobid: 63
    reason: Missing output files: Results/HSV1_gL/Trees/tree.nwk, Results/HSV1_gL/Trees/tree_branch_lengths.json; Input files updated by another job: Results/HSV1_gL/Alignments/codon_ungapped_no_outgroup.fasta, Results/HSV1_gL/Trees/tree_no_outgroup.nwk
    wildcards: gene=HSV1_gL
    resources: tmpdir=/loc/scratch/62238591

Activating conda environment: .snakemake/conda/768efdd1ddbfaa7755324fb50ebd3862_
[Sat Sep 14 19:24:13 2024]
Finished job 63.
28 of 33 steps (85%) done
Select jobs to execute...
Execute 1 jobs...

[Sat Sep 14 19:24:13 2024]
localrule traits_tree_sequences:
    input: Results/HSV1_gL/Trees/tree.nwk, Results/HSV1_gL/metadata.tsv
    output: Results/HSV1_gL/Trees/tree_traits.json
    log: Results/Logs/HSV1_gL/traits_tree_sequences.txt
    jobid: 72
    reason: Missing output files: Results/HSV1_gL/Trees/tree_traits.json; Input files updated by another job: Results/HSV1_gL/Trees/tree.nwk
    wildcards: gene=HSV1_gL
    resources: tmpdir=/loc/scratch/62238591

Activating conda environment: .snakemake/conda/768efdd1ddbfaa7755324fb50ebd3862_
[Sat Sep 14 19:24:17 2024]
Finished job 72.
29 of 33 steps (88%) done
Select jobs to execute...
Execute 1 jobs...

[Sat Sep 14 19:24:17 2024]
localrule ancestral_tree_sequences:
    input: Results/HSV1_gL/Trees/tree.nwk, Results/HSV1_gL/Alignments/codon_ungapped_no_outgroup.fasta
    output: Results/HSV1_gL/Trees/tree_muts.json
    log: Results/Logs/HSV1_gL/ancestral_tree_sequences.txt
    jobid: 73
    reason: Missing output files: Results/HSV1_gL/Trees/tree_muts.json; Input files updated by another job: Results/HSV1_gL/Trees/tree.nwk, Results/HSV1_gL/Alignments/codon_ungapped_no_outgroup.fasta
    wildcards: gene=HSV1_gL
    resources: tmpdir=/loc/scratch/62238591

Activating conda environment: .snakemake/conda/768efdd1ddbfaa7755324fb50ebd3862_
[Sat Sep 14 19:24:20 2024]
Finished job 73.
30 of 33 steps (91%) done
Select jobs to execute...
Execute 1 jobs...

[Sat Sep 14 19:24:20 2024]
localrule translate_tree_sequences:
    input: Results/HSV1_gL/Trees/tree.nwk, Results/HSV1_gL/Trees/tree_muts.json, Results/HSV1_gL/HSV1_gL_reference.gb
    output: Results/HSV1_gL/Trees/tree_aa_muts.json, Results/HSV1_gL/Augur_AA_Alignements/HSV1_gL.fasta
    log: Results/Logs/HSV1_gL/translate_tree_sequences.txt
    jobid: 74
    reason: Missing output files: Results/HSV1_gL/Trees/tree_aa_muts.json; Input files updated by another job: Results/HSV1_gL/Trees/tree.nwk, Results/HSV1_gL/Trees/tree_muts.json
    wildcards: gene=HSV1_gL
    resources: tmpdir=/loc/scratch/62238591

Activating conda environment: .snakemake/conda/768efdd1ddbfaa7755324fb50ebd3862_
[Sat Sep 14 19:24:22 2024]
Finished job 74.
31 of 33 steps (94%) done
Select jobs to execute...
Execute 1 jobs...

[Sat Sep 14 19:24:22 2024]
localrule export_tree:
    input: Results/HSV1_gL/Trees/tree.nwk, Results/HSV1_gL/metadata.tsv, Results/HSV1_gL/Trees/tree_branch_lengths.json, Results/HSV1_gL/Trees/tree_traits.json, Results/HSV1_gL/Trees/tree_muts.json, Results/HSV1_gL/Trees/tree_aa_muts.json, Configure/Input_Data/auspice_config.json, Results/HSV1_gL/Trees/colors.tsv, Configure/Input_Data/lat_longs.tsv
    output: auspice/Herpesvirus-Glycoprotein-Analysis_HSV1_gL.json
    jobid: 62
    reason: Missing output files: auspice/Herpesvirus-Glycoprotein-Analysis_HSV1_gL.json; Input files updated by another job: Results/HSV1_gL/Trees/tree_branch_lengths.json, Results/HSV1_gL/Trees/tree_traits.json, Results/HSV1_gL/Trees/tree.nwk, Results/HSV1_gL/Trees/tree_muts.json, Results/HSV1_gL/Trees/tree_aa_muts.json, Results/HSV1_gL/Trees/colors.tsv
    wildcards: gene=HSV1_gL
    resources: tmpdir=/loc/scratch/62238591

Activating conda environment: .snakemake/conda/768efdd1ddbfaa7755324fb50ebd3862_
Validating schema of 'Results/HSV1_gL/Trees/tree_muts.json'...
Validating schema of 'Results/HSV1_gL/Trees/tree_aa_muts.json'...
Validating config file Configure/Input_Data/auspice_config.json against the JSON schema
Validating schema of 'Configure/Input_Data/auspice_config.json'...
Validating produced JSON
Validating schema of 'auspice/Herpesvirus-Glycoprotein-Analysis_HSV1_gL.json'...
Validating that the JSON is internally consistent...
Validation of 'auspice/Herpesvirus-Glycoprotein-Analysis_HSV1_gL.json' succeeded.

[Sat Sep 14 19:24:24 2024]
Finished job 62.
32 of 33 steps (97%) done
Select jobs to execute...
Execute 1 jobs...

[Sat Sep 14 19:24:24 2024]
localrule all:
    input: Results/HSV1_gB/ORF_sequences/ORF_extraction_verification.txt, Results/HSV1_gD/ORF_sequences/ORF_extraction_verification.txt, Results/HSV1_gH/ORF_sequences/ORF_extraction_verification.txt, Results/HSV1_gL/ORF_sequences/ORF_extraction_verification.txt, auspice/Herpesvirus-Glycoprotein-Analysis_HSV1_gB.json, auspice/Herpesvirus-Glycoprotein-Analysis_HSV1_gD.json, auspice/Herpesvirus-Glycoprotein-Analysis_HSV1_gH.json, auspice/Herpesvirus-Glycoprotein-Analysis_HSV1_gL.json
    jobid: 0
    reason: Input files updated by another job: auspice/Herpesvirus-Glycoprotein-Analysis_HSV1_gL.json, auspice/Herpesvirus-Glycoprotein-Analysis_HSV1_gD.json, auspice/Herpesvirus-Glycoprotein-Analysis_HSV1_gH.json, auspice/Herpesvirus-Glycoprotein-Analysis_HSV1_gB.json
    resources: tmpdir=/loc/scratch/62238591

[Sat Sep 14 19:24:24 2024]
Finished job 0.
33 of 33 steps (100%) done
Complete log: .snakemake/log/2024-09-14T192246.686011.snakemake.log
Run of snakemake complete.
