Running snakemake...
Assuming unrestricted shared filesystem usage.
Building DAG of jobs...
Using shell: /bin/bash
Provided cores: 16
Rules claiming more threads will be scaled down.
Job stats:
job                             count
----------------------------  -------
all                                 1
ancestral_tree_sequences            4
colors                              4
export_tree                         4
refine_tree_sequences               4
root_and_remove_outgroup            4
strip_codon_alignment_gaps          4
strip_protein_alignment_gaps        4
traits_tree_sequences               4
translate_tree_sequences            4
tree_sequences                      4
total                              41

Select jobs to execute...
Execute 1 jobs...

[Thu Sep 12 11:20:21 2024]
localrule strip_protein_alignment_gaps:
    input: Results/HSV1_gB/Alignments/protein.fasta
    output: Results/HSV1_gB/Alignments/protein_ungapped.fasta
    log: Results/Logs/HSV1_gB/strip_protein_alignment_gaps.txt
    jobid: 26
    reason: Missing output files: Results/HSV1_gB/Alignments/protein_ungapped.fasta
    wildcards: gene=HSV1_gB
    resources: tmpdir=/loc/scratch/61979837

Activating conda environment: .snakemake/conda/768efdd1ddbfaa7755324fb50ebd3862_
Activating conda environment: .snakemake/conda/768efdd1ddbfaa7755324fb50ebd3862_
[Thu Sep 12 11:20:24 2024]
Finished job 26.
1 of 41 steps (2%) done
Select jobs to execute...
Execute 1 jobs...

[Thu Sep 12 11:20:24 2024]
localrule colors:
    input: Configure/Input_Data/color_schemes.tsv, Configure/Input_Data/color_orderings.tsv, Results/HSV1_gL/metadata.tsv
    output: Results/HSV1_gL/Trees/colors.tsv
    jobid: 76
    reason: Missing output files: Results/HSV1_gL/Trees/colors.tsv
    wildcards: gene=HSV1_gL
    resources: tmpdir=/loc/scratch/61979837

Activating conda environment: .snakemake/conda/768efdd1ddbfaa7755324fb50ebd3862_
[Thu Sep 12 11:20:27 2024]
Finished job 76.
2 of 41 steps (5%) done
Select jobs to execute...
Execute 1 jobs...

[Thu Sep 12 11:20:27 2024]
localrule strip_protein_alignment_gaps:
    input: Results/HSV1_gD/Alignments/protein.fasta
    output: Results/HSV1_gD/Alignments/protein_ungapped.fasta
    log: Results/Logs/HSV1_gD/strip_protein_alignment_gaps.txt
    jobid: 41
    reason: Missing output files: Results/HSV1_gD/Alignments/protein_ungapped.fasta
    wildcards: gene=HSV1_gD
    resources: tmpdir=/loc/scratch/61979837

Activating conda environment: .snakemake/conda/768efdd1ddbfaa7755324fb50ebd3862_
Activating conda environment: .snakemake/conda/768efdd1ddbfaa7755324fb50ebd3862_
[Thu Sep 12 11:20:28 2024]
Finished job 41.
3 of 41 steps (7%) done
Select jobs to execute...
Execute 1 jobs...

[Thu Sep 12 11:20:28 2024]
localrule colors:
    input: Configure/Input_Data/color_schemes.tsv, Configure/Input_Data/color_orderings.tsv, Results/HSV1_gH/metadata.tsv
    output: Results/HSV1_gH/Trees/colors.tsv
    jobid: 61
    reason: Missing output files: Results/HSV1_gH/Trees/colors.tsv
    wildcards: gene=HSV1_gH
    resources: tmpdir=/loc/scratch/61979837

Activating conda environment: .snakemake/conda/768efdd1ddbfaa7755324fb50ebd3862_
[Thu Sep 12 11:20:28 2024]
Finished job 61.
4 of 41 steps (10%) done
Select jobs to execute...
Execute 1 jobs...

[Thu Sep 12 11:20:28 2024]
localrule strip_codon_alignment_gaps:
    input: Results/HSV1_gL/Alignments/codon.fasta
    output: Results/HSV1_gL/Alignments/codon_ungapped.fasta
    log: Results/Logs/HSV1_gL/strip_codon_alignment_gaps.txt
    jobid: 66
    reason: Missing output files: Results/HSV1_gL/Alignments/codon_ungapped.fasta
    wildcards: gene=HSV1_gL
    resources: tmpdir=/loc/scratch/61979837

Activating conda environment: .snakemake/conda/768efdd1ddbfaa7755324fb50ebd3862_
Activating conda environment: .snakemake/conda/768efdd1ddbfaa7755324fb50ebd3862_
[Thu Sep 12 11:20:29 2024]
Finished job 66.
5 of 41 steps (12%) done
Select jobs to execute...
Execute 1 jobs...

[Thu Sep 12 11:20:29 2024]
localrule colors:
    input: Configure/Input_Data/color_schemes.tsv, Configure/Input_Data/color_orderings.tsv, Results/HSV1_gD/metadata.tsv
    output: Results/HSV1_gD/Trees/colors.tsv
    jobid: 46
    reason: Missing output files: Results/HSV1_gD/Trees/colors.tsv
    wildcards: gene=HSV1_gD
    resources: tmpdir=/loc/scratch/61979837

Activating conda environment: .snakemake/conda/768efdd1ddbfaa7755324fb50ebd3862_
[Thu Sep 12 11:20:30 2024]
Finished job 46.
6 of 41 steps (15%) done
Select jobs to execute...
Execute 1 jobs...

[Thu Sep 12 11:20:30 2024]
localrule strip_codon_alignment_gaps:
    input: Results/HSV1_gH/Alignments/codon.fasta
    output: Results/HSV1_gH/Alignments/codon_ungapped.fasta
    log: Results/Logs/HSV1_gH/strip_codon_alignment_gaps.txt
    jobid: 51
    reason: Missing output files: Results/HSV1_gH/Alignments/codon_ungapped.fasta
    wildcards: gene=HSV1_gH
    resources: tmpdir=/loc/scratch/61979837

Activating conda environment: .snakemake/conda/768efdd1ddbfaa7755324fb50ebd3862_
Activating conda environment: .snakemake/conda/768efdd1ddbfaa7755324fb50ebd3862_
[Thu Sep 12 11:20:31 2024]
Finished job 51.
7 of 41 steps (17%) done
Select jobs to execute...
Execute 1 jobs...

[Thu Sep 12 11:20:31 2024]
localrule tree_sequences:
    input: Results/HSV1_gH/Alignments/codon_ungapped.fasta
    output: Results/HSV1_gH/Trees/tree_raw.nwk
    log: Results/Logs/HSV1_gH/tree_sequences.txt
    jobid: 50
    reason: Missing output files: Results/HSV1_gH/Trees/tree_raw.nwk; Input files updated by another job: Results/HSV1_gH/Alignments/codon_ungapped.fasta
    wildcards: gene=HSV1_gH
    resources: tmpdir=/loc/scratch/61979837

Activating conda environment: .snakemake/conda/768efdd1ddbfaa7755324fb50ebd3862_
[Thu Sep 12 11:20:38 2024]
Finished job 50.
8 of 41 steps (20%) done
Select jobs to execute...
Execute 1 jobs...

[Thu Sep 12 11:20:38 2024]
localrule strip_protein_alignment_gaps:
    input: Results/HSV1_gL/Alignments/protein.fasta
    output: Results/HSV1_gL/Alignments/protein_ungapped.fasta
    log: Results/Logs/HSV1_gL/strip_protein_alignment_gaps.txt
    jobid: 71
    reason: Missing output files: Results/HSV1_gL/Alignments/protein_ungapped.fasta
    wildcards: gene=HSV1_gL
    resources: tmpdir=/loc/scratch/61979837

Activating conda environment: .snakemake/conda/768efdd1ddbfaa7755324fb50ebd3862_
Activating conda environment: .snakemake/conda/768efdd1ddbfaa7755324fb50ebd3862_
[Thu Sep 12 11:20:39 2024]
Finished job 71.
9 of 41 steps (22%) done
Select jobs to execute...
Execute 1 jobs...

[Thu Sep 12 11:20:39 2024]
localrule colors:
    input: Configure/Input_Data/color_schemes.tsv, Configure/Input_Data/color_orderings.tsv, Results/HSV1_gB/metadata.tsv
    output: Results/HSV1_gB/Trees/colors.tsv
    jobid: 31
    reason: Missing output files: Results/HSV1_gB/Trees/colors.tsv
    wildcards: gene=HSV1_gB
    resources: tmpdir=/loc/scratch/61979837

Activating conda environment: .snakemake/conda/768efdd1ddbfaa7755324fb50ebd3862_
[Thu Sep 12 11:20:40 2024]
Finished job 31.
10 of 41 steps (24%) done
Select jobs to execute...
Execute 1 jobs...

[Thu Sep 12 11:20:40 2024]
localrule strip_codon_alignment_gaps:
    input: Results/HSV1_gD/Alignments/codon.fasta
    output: Results/HSV1_gD/Alignments/codon_ungapped.fasta
    log: Results/Logs/HSV1_gD/strip_codon_alignment_gaps.txt
    jobid: 36
    reason: Missing output files: Results/HSV1_gD/Alignments/codon_ungapped.fasta
    wildcards: gene=HSV1_gD
    resources: tmpdir=/loc/scratch/61979837

Activating conda environment: .snakemake/conda/768efdd1ddbfaa7755324fb50ebd3862_
Activating conda environment: .snakemake/conda/768efdd1ddbfaa7755324fb50ebd3862_
[Thu Sep 12 11:20:41 2024]
Finished job 36.
11 of 41 steps (27%) done
Select jobs to execute...
Execute 1 jobs...

[Thu Sep 12 11:20:41 2024]
localrule tree_sequences:
    input: Results/HSV1_gD/Alignments/codon_ungapped.fasta
    output: Results/HSV1_gD/Trees/tree_raw.nwk
    log: Results/Logs/HSV1_gD/tree_sequences.txt
    jobid: 35
    reason: Missing output files: Results/HSV1_gD/Trees/tree_raw.nwk; Input files updated by another job: Results/HSV1_gD/Alignments/codon_ungapped.fasta
    wildcards: gene=HSV1_gD
    resources: tmpdir=/loc/scratch/61979837

Activating conda environment: .snakemake/conda/768efdd1ddbfaa7755324fb50ebd3862_
[Thu Sep 12 11:20:44 2024]
Finished job 35.
12 of 41 steps (29%) done
Select jobs to execute...
Execute 1 jobs...

[Thu Sep 12 11:20:44 2024]
localrule root_and_remove_outgroup:
    input: Results/HSV1_gD/Trees/tree_raw.nwk, Results/HSV1_gD/Alignments/protein_ungapped.fasta, Results/HSV1_gD/Alignments/codon_ungapped.fasta
    output: Results/HSV1_gD/Trees/tree_no_outgroup.nwk, Results/HSV1_gD/Alignments/protein_ungapped_no_outgroup.fasta, Results/HSV1_gD/Alignments/codon_ungapped_no_outgroup.fasta
    log: Results/Logs/HSV1_gD/root_and_remove_outgroup.txt
    jobid: 34
    reason: Missing output files: Results/HSV1_gD/Trees/tree_no_outgroup.nwk, Results/HSV1_gD/Alignments/codon_ungapped_no_outgroup.fasta; Input files updated by another job: Results/HSV1_gD/Alignments/protein_ungapped.fasta, Results/HSV1_gD/Trees/tree_raw.nwk, Results/HSV1_gD/Alignments/codon_ungapped.fasta
    wildcards: gene=HSV1_gD
    resources: tmpdir=/loc/scratch/61979837

Activating conda environment: .snakemake/conda/768efdd1ddbfaa7755324fb50ebd3862_
Activating conda environment: .snakemake/conda/768efdd1ddbfaa7755324fb50ebd3862_
[Thu Sep 12 11:20:45 2024]
Finished job 34.
13 of 41 steps (32%) done
Select jobs to execute...
Execute 1 jobs...

[Thu Sep 12 11:20:45 2024]
localrule refine_tree_sequences:
    input: Results/HSV1_gD/Alignments/codon_ungapped_no_outgroup.fasta, Results/HSV1_gD/Trees/tree_no_outgroup.nwk, Results/HSV1_gD/metadata.tsv
    output: Results/HSV1_gD/Trees/tree.nwk, Results/HSV1_gD/Trees/tree_branch_lengths.json
    log: Results/Logs/HSV1_gD/refine_tree_sequences.txt
    jobid: 33
    reason: Missing output files: Results/HSV1_gD/Trees/tree.nwk, Results/HSV1_gD/Trees/tree_branch_lengths.json; Input files updated by another job: Results/HSV1_gD/Trees/tree_no_outgroup.nwk, Results/HSV1_gD/Alignments/codon_ungapped_no_outgroup.fasta
    wildcards: gene=HSV1_gD
    resources: tmpdir=/loc/scratch/61979837

Activating conda environment: .snakemake/conda/768efdd1ddbfaa7755324fb50ebd3862_
[Thu Sep 12 11:20:47 2024]
Finished job 33.
14 of 41 steps (34%) done
Select jobs to execute...
Execute 1 jobs...

[Thu Sep 12 11:20:47 2024]
localrule ancestral_tree_sequences:
    input: Results/HSV1_gD/Trees/tree.nwk, Results/HSV1_gD/Alignments/codon_ungapped_no_outgroup.fasta
    output: Results/HSV1_gD/Trees/tree_muts.json
    log: Results/Logs/HSV1_gD/ancestral_tree_sequences.txt
    jobid: 43
    reason: Missing output files: Results/HSV1_gD/Trees/tree_muts.json; Input files updated by another job: Results/HSV1_gD/Alignments/codon_ungapped_no_outgroup.fasta, Results/HSV1_gD/Trees/tree.nwk
    wildcards: gene=HSV1_gD
    resources: tmpdir=/loc/scratch/61979837

Activating conda environment: .snakemake/conda/768efdd1ddbfaa7755324fb50ebd3862_
[Thu Sep 12 11:20:49 2024]
Finished job 43.
15 of 41 steps (37%) done
Select jobs to execute...
Execute 1 jobs...

[Thu Sep 12 11:20:49 2024]
localrule translate_tree_sequences:
    input: Results/HSV1_gD/Trees/tree.nwk, Results/HSV1_gD/Trees/tree_muts.json, Results/HSV1_gD/HSV1_gD_reference.gb
    output: Results/HSV1_gD/Trees/tree_aa_muts.json, Results/HSV1_gD/Augur_AA_Alignements/HSV1_gD.fasta
    log: Results/Logs/HSV1_gD/translate_tree_sequences.txt
    jobid: 44
    reason: Missing output files: Results/HSV1_gD/Trees/tree_aa_muts.json; Input files updated by another job: Results/HSV1_gD/Trees/tree.nwk, Results/HSV1_gD/Trees/tree_muts.json
    wildcards: gene=HSV1_gD
    resources: tmpdir=/loc/scratch/61979837

Activating conda environment: .snakemake/conda/768efdd1ddbfaa7755324fb50ebd3862_
[Thu Sep 12 11:20:51 2024]
Finished job 44.
16 of 41 steps (39%) done
Select jobs to execute...
Execute 1 jobs...

[Thu Sep 12 11:20:51 2024]
localrule traits_tree_sequences:
    input: Results/HSV1_gD/Trees/tree.nwk, Results/HSV1_gD/metadata.tsv
    output: Results/HSV1_gD/Trees/tree_traits.json
    log: Results/Logs/HSV1_gD/traits_tree_sequences.txt
    jobid: 42
    reason: Missing output files: Results/HSV1_gD/Trees/tree_traits.json; Input files updated by another job: Results/HSV1_gD/Trees/tree.nwk
    wildcards: gene=HSV1_gD
    resources: tmpdir=/loc/scratch/61979837

Activating conda environment: .snakemake/conda/768efdd1ddbfaa7755324fb50ebd3862_
[Thu Sep 12 11:20:55 2024]
Finished job 42.
17 of 41 steps (41%) done
Select jobs to execute...
Execute 1 jobs...

[Thu Sep 12 11:20:55 2024]
localrule strip_protein_alignment_gaps:
    input: Results/HSV1_gH/Alignments/protein.fasta
    output: Results/HSV1_gH/Alignments/protein_ungapped.fasta
    log: Results/Logs/HSV1_gH/strip_protein_alignment_gaps.txt
    jobid: 56
    reason: Missing output files: Results/HSV1_gH/Alignments/protein_ungapped.fasta
    wildcards: gene=HSV1_gH
    resources: tmpdir=/loc/scratch/61979837

Activating conda environment: .snakemake/conda/768efdd1ddbfaa7755324fb50ebd3862_
Activating conda environment: .snakemake/conda/768efdd1ddbfaa7755324fb50ebd3862_
[Thu Sep 12 11:20:57 2024]
Finished job 56.
18 of 41 steps (44%) done
Select jobs to execute...
Execute 1 jobs...

[Thu Sep 12 11:20:57 2024]
localrule root_and_remove_outgroup:
    input: Results/HSV1_gH/Trees/tree_raw.nwk, Results/HSV1_gH/Alignments/protein_ungapped.fasta, Results/HSV1_gH/Alignments/codon_ungapped.fasta
    output: Results/HSV1_gH/Trees/tree_no_outgroup.nwk, Results/HSV1_gH/Alignments/protein_ungapped_no_outgroup.fasta, Results/HSV1_gH/Alignments/codon_ungapped_no_outgroup.fasta
    log: Results/Logs/HSV1_gH/root_and_remove_outgroup.txt
    jobid: 49
    reason: Missing output files: Results/HSV1_gH/Trees/tree_no_outgroup.nwk, Results/HSV1_gH/Alignments/codon_ungapped_no_outgroup.fasta; Input files updated by another job: Results/HSV1_gH/Trees/tree_raw.nwk, Results/HSV1_gH/Alignments/codon_ungapped.fasta, Results/HSV1_gH/Alignments/protein_ungapped.fasta
    wildcards: gene=HSV1_gH
    resources: tmpdir=/loc/scratch/61979837

Activating conda environment: .snakemake/conda/768efdd1ddbfaa7755324fb50ebd3862_
Activating conda environment: .snakemake/conda/768efdd1ddbfaa7755324fb50ebd3862_
[Thu Sep 12 11:20:58 2024]
Finished job 49.
19 of 41 steps (46%) done
Select jobs to execute...
Execute 1 jobs...

[Thu Sep 12 11:20:58 2024]
localrule export_tree:
    input: Results/HSV1_gD/Trees/tree.nwk, Results/HSV1_gD/metadata.tsv, Results/HSV1_gD/Trees/tree_branch_lengths.json, Results/HSV1_gD/Trees/tree_traits.json, Results/HSV1_gD/Trees/tree_muts.json, Results/HSV1_gD/Trees/tree_aa_muts.json, Configure/Input_Data/auspice_config.json, Results/HSV1_gD/Trees/colors.tsv, Configure/Input_Data/lat_longs.tsv
    output: auspice/Herpesvirus-Glycoprotein-Analysis_HSV1_gD.json
    jobid: 32
    reason: Missing output files: auspice/Herpesvirus-Glycoprotein-Analysis_HSV1_gD.json; Input files updated by another job: Results/HSV1_gD/Trees/tree.nwk, Results/HSV1_gD/Trees/tree_muts.json, Results/HSV1_gD/Trees/tree_branch_lengths.json, Results/HSV1_gD/Trees/tree_traits.json, Results/HSV1_gD/Trees/tree_aa_muts.json, Results/HSV1_gD/Trees/colors.tsv
    wildcards: gene=HSV1_gD
    resources: tmpdir=/loc/scratch/61979837

Activating conda environment: .snakemake/conda/768efdd1ddbfaa7755324fb50ebd3862_
usage: augur [-h]
             {parse,curate,merge,index,filter,mask,align,tree,refine,ancestral,translate,reconstruct-sequences,clades,traits,sequence-traits,lbi,distance,titers,frequencies,export,validate,version,import,measurements,read-file,write-file}
             ...
augur: error: unrecognized arguments: diversity of HSV1_gD
[Thu Sep 12 11:20:59 2024]
Error in rule export_tree:
    jobid: 32
    input: Results/HSV1_gD/Trees/tree.nwk, Results/HSV1_gD/metadata.tsv, Results/HSV1_gD/Trees/tree_branch_lengths.json, Results/HSV1_gD/Trees/tree_traits.json, Results/HSV1_gD/Trees/tree_muts.json, Results/HSV1_gD/Trees/tree_aa_muts.json, Configure/Input_Data/auspice_config.json, Results/HSV1_gD/Trees/colors.tsv, Configure/Input_Data/lat_longs.tsv
    output: auspice/Herpesvirus-Glycoprotein-Analysis_HSV1_gD.json
    conda-env: /fh/fast/bloom_j/computational_notebooks/ccarr/2024/Herpesvirus-Glycoprotein-Analysis/HSV1/.snakemake/conda/768efdd1ddbfaa7755324fb50ebd3862_
    shell:
        augur export v2 --tree Results/HSV1_gD/Trees/tree.nwk --title Natural diversity of HSV1_gD --metadata Results/HSV1_gD/metadata.tsv --node-data Results/HSV1_gD/Trees/tree_branch_lengths.json Results/HSV1_gD/Trees/tree_traits.json Results/HSV1_gD/Trees/tree_muts.json Results/HSV1_gD/Trees/tree_aa_muts.json --include-root-sequence-inline --colors Results/HSV1_gD/Trees/colors.tsv --lat-longs Configure/Input_Data/lat_longs.tsv --auspice-config Configure/Input_Data/auspice_config.json --output auspice/Herpesvirus-Glycoprotein-Analysis_HSV1_gD.json
        (one of the commands exited with non-zero exit code; note that snakemake uses bash strict mode!)

Trying to restart job 32.
Select jobs to execute...
Execute 1 jobs...

[Thu Sep 12 11:20:59 2024]
localrule export_tree:
    input: Results/HSV1_gD/Trees/tree.nwk, Results/HSV1_gD/metadata.tsv, Results/HSV1_gD/Trees/tree_branch_lengths.json, Results/HSV1_gD/Trees/tree_traits.json, Results/HSV1_gD/Trees/tree_muts.json, Results/HSV1_gD/Trees/tree_aa_muts.json, Configure/Input_Data/auspice_config.json, Results/HSV1_gD/Trees/colors.tsv, Configure/Input_Data/lat_longs.tsv
    output: auspice/Herpesvirus-Glycoprotein-Analysis_HSV1_gD.json
    jobid: 32
    reason: Missing output files: auspice/Herpesvirus-Glycoprotein-Analysis_HSV1_gD.json; Input files updated by another job: Results/HSV1_gD/Trees/tree.nwk, Results/HSV1_gD/Trees/tree_muts.json, Results/HSV1_gD/Trees/tree_branch_lengths.json, Results/HSV1_gD/Trees/tree_traits.json, Results/HSV1_gD/Trees/tree_aa_muts.json, Results/HSV1_gD/Trees/colors.tsv
    wildcards: gene=HSV1_gD
    resources: tmpdir=/loc/scratch/61979837

Activating conda environment: .snakemake/conda/768efdd1ddbfaa7755324fb50ebd3862_
usage: augur [-h]
             {parse,curate,merge,index,filter,mask,align,tree,refine,ancestral,translate,reconstruct-sequences,clades,traits,sequence-traits,lbi,distance,titers,frequencies,export,validate,version,import,measurements,read-file,write-file}
             ...
augur: error: unrecognized arguments: diversity of HSV1_gD
[Thu Sep 12 11:21:01 2024]
Error in rule export_tree:
    jobid: 32
    input: Results/HSV1_gD/Trees/tree.nwk, Results/HSV1_gD/metadata.tsv, Results/HSV1_gD/Trees/tree_branch_lengths.json, Results/HSV1_gD/Trees/tree_traits.json, Results/HSV1_gD/Trees/tree_muts.json, Results/HSV1_gD/Trees/tree_aa_muts.json, Configure/Input_Data/auspice_config.json, Results/HSV1_gD/Trees/colors.tsv, Configure/Input_Data/lat_longs.tsv
    output: auspice/Herpesvirus-Glycoprotein-Analysis_HSV1_gD.json
    conda-env: /fh/fast/bloom_j/computational_notebooks/ccarr/2024/Herpesvirus-Glycoprotein-Analysis/HSV1/.snakemake/conda/768efdd1ddbfaa7755324fb50ebd3862_
    shell:
        augur export v2 --tree Results/HSV1_gD/Trees/tree.nwk --title Natural diversity of HSV1_gD --metadata Results/HSV1_gD/metadata.tsv --node-data Results/HSV1_gD/Trees/tree_branch_lengths.json Results/HSV1_gD/Trees/tree_traits.json Results/HSV1_gD/Trees/tree_muts.json Results/HSV1_gD/Trees/tree_aa_muts.json --include-root-sequence-inline --colors Results/HSV1_gD/Trees/colors.tsv --lat-longs Configure/Input_Data/lat_longs.tsv --auspice-config Configure/Input_Data/auspice_config.json --output auspice/Herpesvirus-Glycoprotein-Analysis_HSV1_gD.json
        (one of the commands exited with non-zero exit code; note that snakemake uses bash strict mode!)

Trying to restart job 32.
Select jobs to execute...
Execute 1 jobs...

[Thu Sep 12 11:21:01 2024]
localrule export_tree:
    input: Results/HSV1_gD/Trees/tree.nwk, Results/HSV1_gD/metadata.tsv, Results/HSV1_gD/Trees/tree_branch_lengths.json, Results/HSV1_gD/Trees/tree_traits.json, Results/HSV1_gD/Trees/tree_muts.json, Results/HSV1_gD/Trees/tree_aa_muts.json, Configure/Input_Data/auspice_config.json, Results/HSV1_gD/Trees/colors.tsv, Configure/Input_Data/lat_longs.tsv
    output: auspice/Herpesvirus-Glycoprotein-Analysis_HSV1_gD.json
    jobid: 32
    reason: Missing output files: auspice/Herpesvirus-Glycoprotein-Analysis_HSV1_gD.json; Input files updated by another job: Results/HSV1_gD/Trees/tree.nwk, Results/HSV1_gD/Trees/tree_muts.json, Results/HSV1_gD/Trees/tree_branch_lengths.json, Results/HSV1_gD/Trees/tree_traits.json, Results/HSV1_gD/Trees/tree_aa_muts.json, Results/HSV1_gD/Trees/colors.tsv
    wildcards: gene=HSV1_gD
    resources: tmpdir=/loc/scratch/61979837

Activating conda environment: .snakemake/conda/768efdd1ddbfaa7755324fb50ebd3862_
usage: augur [-h]
             {parse,curate,merge,index,filter,mask,align,tree,refine,ancestral,translate,reconstruct-sequences,clades,traits,sequence-traits,lbi,distance,titers,frequencies,export,validate,version,import,measurements,read-file,write-file}
             ...
augur: error: unrecognized arguments: diversity of HSV1_gD
[Thu Sep 12 11:21:02 2024]
Error in rule export_tree:
    jobid: 32
    input: Results/HSV1_gD/Trees/tree.nwk, Results/HSV1_gD/metadata.tsv, Results/HSV1_gD/Trees/tree_branch_lengths.json, Results/HSV1_gD/Trees/tree_traits.json, Results/HSV1_gD/Trees/tree_muts.json, Results/HSV1_gD/Trees/tree_aa_muts.json, Configure/Input_Data/auspice_config.json, Results/HSV1_gD/Trees/colors.tsv, Configure/Input_Data/lat_longs.tsv
    output: auspice/Herpesvirus-Glycoprotein-Analysis_HSV1_gD.json
    conda-env: /fh/fast/bloom_j/computational_notebooks/ccarr/2024/Herpesvirus-Glycoprotein-Analysis/HSV1/.snakemake/conda/768efdd1ddbfaa7755324fb50ebd3862_
    shell:
        augur export v2 --tree Results/HSV1_gD/Trees/tree.nwk --title Natural diversity of HSV1_gD --metadata Results/HSV1_gD/metadata.tsv --node-data Results/HSV1_gD/Trees/tree_branch_lengths.json Results/HSV1_gD/Trees/tree_traits.json Results/HSV1_gD/Trees/tree_muts.json Results/HSV1_gD/Trees/tree_aa_muts.json --include-root-sequence-inline --colors Results/HSV1_gD/Trees/colors.tsv --lat-longs Configure/Input_Data/lat_longs.tsv --auspice-config Configure/Input_Data/auspice_config.json --output auspice/Herpesvirus-Glycoprotein-Analysis_HSV1_gD.json
        (one of the commands exited with non-zero exit code; note that snakemake uses bash strict mode!)

Shutting down, this might take some time.
Exiting because a job execution failed. Look above for error message
Complete log: .snakemake/log/2024-09-12T112014.818135.snakemake.log
WorkflowError:
At least one job did not complete successfully.
