Running snakemake...
Assuming unrestricted shared filesystem usage.
Building DAG of jobs...
Using shell: /bin/bash
Provided cores: 16
Rules claiming more threads will be scaled down.
Job stats:
job                           count
--------------------------  -------
all                               1
ancestral_tree_sequences          2
export_tree                       4
refine_tree_sequences             2
root_and_remove_outgroup          1
strip_codon_alignment_gaps        1
traits_tree_sequences             2
translate_tree_sequences          2
tree_sequences                    1
total                            16

Select jobs to execute...
Execute 1 jobs...

[Thu Sep 12 11:47:12 2024]
localrule export_tree:
    input: Results/HSV1_gD/Trees/tree.nwk, Results/HSV1_gD/metadata.tsv, Results/HSV1_gD/Trees/tree_branch_lengths.json, Results/HSV1_gD/Trees/tree_traits.json, Results/HSV1_gD/Trees/tree_muts.json, Results/HSV1_gD/Trees/tree_aa_muts.json, Configure/Input_Data/auspice_config.json, Results/HSV1_gD/Trees/colors.tsv, Configure/Input_Data/lat_longs.tsv
    output: auspice/Herpesvirus-Glycoprotein-Analysis_HSV1_gD.json
    jobid: 32
    reason: Missing output files: auspice/Herpesvirus-Glycoprotein-Analysis_HSV1_gD.json
    wildcards: gene=HSV1_gD
    resources: tmpdir=/loc/scratch/61985102

Activating conda environment: .snakemake/conda/768efdd1ddbfaa7755324fb50ebd3862_
WARNING: Requested color-by field 'phylogroup' does not exist and will not be used as a coloring or exported.

WARNING: These values for trait virus were not specified in the colors file you provided:
	human alphaherpesvirus 1 strain 17, human alphaherpesvirus 1 strain rh2.
	Auspice will create colors for them.

Validating schema of 'Results/HSV1_gD/Trees/tree_muts.json'...
Validating schema of 'Results/HSV1_gD/Trees/tree_aa_muts.json'...
Validating config file Configure/Input_Data/auspice_config.json against the JSON schema
Validating schema of 'Configure/Input_Data/auspice_config.json'...
Validating produced JSON
Validating schema of 'auspice/Herpesvirus-Glycoprotein-Analysis_HSV1_gD.json'...
Validating that the JSON is internally consistent...
Validation of 'auspice/Herpesvirus-Glycoprotein-Analysis_HSV1_gD.json' succeeded.

[Thu Sep 12 11:47:18 2024]
Finished job 32.
1 of 16 steps (6%) done
Select jobs to execute...
Execute 1 jobs...

[Thu Sep 12 11:47:18 2024]
localrule export_tree:
    input: Results/HSV1_gH/Trees/tree.nwk, Results/HSV1_gH/metadata.tsv, Results/HSV1_gH/Trees/tree_branch_lengths.json, Results/HSV1_gH/Trees/tree_traits.json, Results/HSV1_gH/Trees/tree_muts.json, Results/HSV1_gH/Trees/tree_aa_muts.json, Configure/Input_Data/auspice_config.json, Results/HSV1_gH/Trees/colors.tsv, Configure/Input_Data/lat_longs.tsv
    output: auspice/Herpesvirus-Glycoprotein-Analysis_HSV1_gH.json
    jobid: 47
    reason: Missing output files: auspice/Herpesvirus-Glycoprotein-Analysis_HSV1_gH.json
    wildcards: gene=HSV1_gH
    resources: tmpdir=/loc/scratch/61985102

Activating conda environment: .snakemake/conda/768efdd1ddbfaa7755324fb50ebd3862_
WARNING: Requested color-by field 'phylogroup' does not exist and will not be used as a coloring or exported.

WARNING: These values for trait virus were not specified in the colors file you provided:
	human alphaherpesvirus 1 strain rh2, human alphaherpesvirus 1 strain 17.
	Auspice will create colors for them.

Validating schema of 'Results/HSV1_gH/Trees/tree_muts.json'...
Validating schema of 'Results/HSV1_gH/Trees/tree_aa_muts.json'...
Validating config file Configure/Input_Data/auspice_config.json against the JSON schema
Validating schema of 'Configure/Input_Data/auspice_config.json'...
Validating produced JSON
Validating schema of 'auspice/Herpesvirus-Glycoprotein-Analysis_HSV1_gH.json'...
Validating that the JSON is internally consistent...
Validation of 'auspice/Herpesvirus-Glycoprotein-Analysis_HSV1_gH.json' succeeded.

[Thu Sep 12 11:47:20 2024]
Finished job 47.
2 of 16 steps (12%) done
Select jobs to execute...
Execute 1 jobs...

[Thu Sep 12 11:47:20 2024]
localrule strip_codon_alignment_gaps:
    input: Results/HSV1_gB/Alignments/codon.fasta
    output: Results/HSV1_gB/Alignments/codon_ungapped.fasta
    log: Results/Logs/HSV1_gB/strip_codon_alignment_gaps.txt
    jobid: 21
    reason: Missing output files: Results/HSV1_gB/Alignments/codon_ungapped.fasta
    wildcards: gene=HSV1_gB
    resources: tmpdir=/loc/scratch/61985102

Activating conda environment: .snakemake/conda/768efdd1ddbfaa7755324fb50ebd3862_
Activating conda environment: .snakemake/conda/768efdd1ddbfaa7755324fb50ebd3862_
[Thu Sep 12 11:47:22 2024]
Finished job 21.
3 of 16 steps (19%) done
Select jobs to execute...
Execute 1 jobs...

[Thu Sep 12 11:47:22 2024]
localrule refine_tree_sequences:
    input: Results/HSV1_gL/Alignments/codon_ungapped_no_outgroup.fasta, Results/HSV1_gL/Trees/tree_no_outgroup.nwk, Results/HSV1_gL/metadata.tsv
    output: Results/HSV1_gL/Trees/tree.nwk, Results/HSV1_gL/Trees/tree_branch_lengths.json
    log: Results/Logs/HSV1_gL/refine_tree_sequences.txt
    jobid: 63
    reason: Missing output files: Results/HSV1_gL/Trees/tree_branch_lengths.json, Results/HSV1_gL/Trees/tree.nwk; Updated input files: Results/HSV1_gL/Alignments/codon_ungapped_no_outgroup.fasta, Results/HSV1_gL/Trees/tree_no_outgroup.nwk
    wildcards: gene=HSV1_gL
    resources: tmpdir=/loc/scratch/61985102

Activating conda environment: .snakemake/conda/768efdd1ddbfaa7755324fb50ebd3862_
[Thu Sep 12 11:47:23 2024]
Finished job 63.
4 of 16 steps (25%) done
Select jobs to execute...
Execute 1 jobs...

[Thu Sep 12 11:47:24 2024]
localrule ancestral_tree_sequences:
    input: Results/HSV1_gL/Trees/tree.nwk, Results/HSV1_gL/Alignments/codon_ungapped_no_outgroup.fasta
    output: Results/HSV1_gL/Trees/tree_muts.json
    log: Results/Logs/HSV1_gL/ancestral_tree_sequences.txt
    jobid: 73
    reason: Missing output files: Results/HSV1_gL/Trees/tree_muts.json; Input files updated by another job: Results/HSV1_gL/Trees/tree.nwk
    wildcards: gene=HSV1_gL
    resources: tmpdir=/loc/scratch/61985102

Activating conda environment: .snakemake/conda/768efdd1ddbfaa7755324fb50ebd3862_
[Thu Sep 12 11:47:25 2024]
Finished job 73.
5 of 16 steps (31%) done
Select jobs to execute...
Execute 1 jobs...

[Thu Sep 12 11:47:25 2024]
localrule translate_tree_sequences:
    input: Results/HSV1_gL/Trees/tree.nwk, Results/HSV1_gL/Trees/tree_muts.json, Results/HSV1_gL/HSV1_gL_reference.gb
    output: Results/HSV1_gL/Trees/tree_aa_muts.json, Results/HSV1_gL/Augur_AA_Alignements/HSV1_gL.fasta
    log: Results/Logs/HSV1_gL/translate_tree_sequences.txt
    jobid: 74
    reason: Missing output files: Results/HSV1_gL/Trees/tree_aa_muts.json; Input files updated by another job: Results/HSV1_gL/Trees/tree_muts.json, Results/HSV1_gL/Trees/tree.nwk
    wildcards: gene=HSV1_gL
    resources: tmpdir=/loc/scratch/61985102

Activating conda environment: .snakemake/conda/768efdd1ddbfaa7755324fb50ebd3862_
[Thu Sep 12 11:47:27 2024]
Finished job 74.
6 of 16 steps (38%) done
Select jobs to execute...
Execute 1 jobs...

[Thu Sep 12 11:47:27 2024]
localrule traits_tree_sequences:
    input: Results/HSV1_gL/Trees/tree.nwk, Results/HSV1_gL/metadata.tsv
    output: Results/HSV1_gL/Trees/tree_traits.json
    log: Results/Logs/HSV1_gL/traits_tree_sequences.txt
    jobid: 72
    reason: Missing output files: Results/HSV1_gL/Trees/tree_traits.json; Input files updated by another job: Results/HSV1_gL/Trees/tree.nwk
    wildcards: gene=HSV1_gL
    resources: tmpdir=/loc/scratch/61985102

Activating conda environment: .snakemake/conda/768efdd1ddbfaa7755324fb50ebd3862_
[Thu Sep 12 11:47:31 2024]
Finished job 72.
7 of 16 steps (44%) done
Select jobs to execute...
Execute 1 jobs...

[Thu Sep 12 11:47:31 2024]
localrule tree_sequences:
    input: Results/HSV1_gB/Alignments/codon_ungapped.fasta
    output: Results/HSV1_gB/Trees/tree_raw.nwk
    log: Results/Logs/HSV1_gB/tree_sequences.txt
    jobid: 20
    reason: Missing output files: Results/HSV1_gB/Trees/tree_raw.nwk; Input files updated by another job: Results/HSV1_gB/Alignments/codon_ungapped.fasta
    wildcards: gene=HSV1_gB
    resources: tmpdir=/loc/scratch/61985102

Activating conda environment: .snakemake/conda/768efdd1ddbfaa7755324fb50ebd3862_
[Thu Sep 12 11:47:34 2024]
Finished job 20.
8 of 16 steps (50%) done
Select jobs to execute...
Execute 1 jobs...

[Thu Sep 12 11:47:34 2024]
localrule root_and_remove_outgroup:
    input: Results/HSV1_gB/Trees/tree_raw.nwk, Results/HSV1_gB/Alignments/protein_ungapped.fasta, Results/HSV1_gB/Alignments/codon_ungapped.fasta
    output: Results/HSV1_gB/Trees/tree_no_outgroup.nwk, Results/HSV1_gB/Alignments/protein_ungapped_no_outgroup.fasta, Results/HSV1_gB/Alignments/codon_ungapped_no_outgroup.fasta
    log: Results/Logs/HSV1_gB/root_and_remove_outgroup.txt
    jobid: 19
    reason: Missing output files: Results/HSV1_gB/Alignments/codon_ungapped_no_outgroup.fasta, Results/HSV1_gB/Trees/tree_no_outgroup.nwk; Updated input files: Results/HSV1_gB/Alignments/protein_ungapped.fasta; Input files updated by another job: Results/HSV1_gB/Trees/tree_raw.nwk, Results/HSV1_gB/Alignments/codon_ungapped.fasta
    wildcards: gene=HSV1_gB
    resources: tmpdir=/loc/scratch/61985102

Activating conda environment: .snakemake/conda/768efdd1ddbfaa7755324fb50ebd3862_
Activating conda environment: .snakemake/conda/768efdd1ddbfaa7755324fb50ebd3862_
[Thu Sep 12 11:47:35 2024]
Finished job 19.
9 of 16 steps (56%) done
Select jobs to execute...
Execute 1 jobs...

[Thu Sep 12 11:47:35 2024]
localrule refine_tree_sequences:
    input: Results/HSV1_gB/Alignments/codon_ungapped_no_outgroup.fasta, Results/HSV1_gB/Trees/tree_no_outgroup.nwk, Results/HSV1_gB/metadata.tsv
    output: Results/HSV1_gB/Trees/tree.nwk, Results/HSV1_gB/Trees/tree_branch_lengths.json
    log: Results/Logs/HSV1_gB/refine_tree_sequences.txt
    jobid: 18
    reason: Missing output files: Results/HSV1_gB/Trees/tree.nwk, Results/HSV1_gB/Trees/tree_branch_lengths.json; Input files updated by another job: Results/HSV1_gB/Alignments/codon_ungapped_no_outgroup.fasta, Results/HSV1_gB/Trees/tree_no_outgroup.nwk
    wildcards: gene=HSV1_gB
    resources: tmpdir=/loc/scratch/61985102

Activating conda environment: .snakemake/conda/768efdd1ddbfaa7755324fb50ebd3862_
[Thu Sep 12 11:47:37 2024]
Finished job 18.
10 of 16 steps (62%) done
Select jobs to execute...
Execute 1 jobs...

[Thu Sep 12 11:47:37 2024]
localrule export_tree:
    input: Results/HSV1_gL/Trees/tree.nwk, Results/HSV1_gL/metadata.tsv, Results/HSV1_gL/Trees/tree_branch_lengths.json, Results/HSV1_gL/Trees/tree_traits.json, Results/HSV1_gL/Trees/tree_muts.json, Results/HSV1_gL/Trees/tree_aa_muts.json, Configure/Input_Data/auspice_config.json, Results/HSV1_gL/Trees/colors.tsv, Configure/Input_Data/lat_longs.tsv
    output: auspice/Herpesvirus-Glycoprotein-Analysis_HSV1_gL.json
    jobid: 62
    reason: Missing output files: auspice/Herpesvirus-Glycoprotein-Analysis_HSV1_gL.json; Input files updated by another job: Results/HSV1_gL/Trees/tree_muts.json, Results/HSV1_gL/Trees/tree_traits.json, Results/HSV1_gL/Trees/tree_branch_lengths.json, Results/HSV1_gL/Trees/tree_aa_muts.json, Results/HSV1_gL/Trees/tree.nwk
    wildcards: gene=HSV1_gL
    resources: tmpdir=/loc/scratch/61985102

Activating conda environment: .snakemake/conda/768efdd1ddbfaa7755324fb50ebd3862_
WARNING: Requested color-by field 'phylogroup' does not exist and will not be used as a coloring or exported.

WARNING: These values for trait virus were not specified in the colors file you provided:
	human alphaherpesvirus 1 strain 17.
	Auspice will create colors for them.

Validating schema of 'Results/HSV1_gL/Trees/tree_muts.json'...
Validating schema of 'Results/HSV1_gL/Trees/tree_aa_muts.json'...
Validating config file Configure/Input_Data/auspice_config.json against the JSON schema
Validating schema of 'Configure/Input_Data/auspice_config.json'...
Validating produced JSON
Validating schema of 'auspice/Herpesvirus-Glycoprotein-Analysis_HSV1_gL.json'...
Validating that the JSON is internally consistent...
Validation of 'auspice/Herpesvirus-Glycoprotein-Analysis_HSV1_gL.json' succeeded.

[Thu Sep 12 11:47:39 2024]
Finished job 62.
11 of 16 steps (69%) done
Select jobs to execute...
Execute 1 jobs...

[Thu Sep 12 11:47:39 2024]
localrule traits_tree_sequences:
    input: Results/HSV1_gB/Trees/tree.nwk, Results/HSV1_gB/metadata.tsv
    output: Results/HSV1_gB/Trees/tree_traits.json
    log: Results/Logs/HSV1_gB/traits_tree_sequences.txt
    jobid: 27
    reason: Missing output files: Results/HSV1_gB/Trees/tree_traits.json; Input files updated by another job: Results/HSV1_gB/Trees/tree.nwk
    wildcards: gene=HSV1_gB
    resources: tmpdir=/loc/scratch/61985102

Activating conda environment: .snakemake/conda/768efdd1ddbfaa7755324fb50ebd3862_
[Thu Sep 12 11:47:44 2024]
Finished job 27.
12 of 16 steps (75%) done
Select jobs to execute...
Execute 1 jobs...

[Thu Sep 12 11:47:44 2024]
localrule ancestral_tree_sequences:
    input: Results/HSV1_gB/Trees/tree.nwk, Results/HSV1_gB/Alignments/codon_ungapped_no_outgroup.fasta
    output: Results/HSV1_gB/Trees/tree_muts.json
    log: Results/Logs/HSV1_gB/ancestral_tree_sequences.txt
    jobid: 28
    reason: Missing output files: Results/HSV1_gB/Trees/tree_muts.json; Input files updated by another job: Results/HSV1_gB/Alignments/codon_ungapped_no_outgroup.fasta, Results/HSV1_gB/Trees/tree.nwk
    wildcards: gene=HSV1_gB
    resources: tmpdir=/loc/scratch/61985102

Activating conda environment: .snakemake/conda/768efdd1ddbfaa7755324fb50ebd3862_
[Thu Sep 12 11:47:47 2024]
Finished job 28.
13 of 16 steps (81%) done
Select jobs to execute...
Execute 1 jobs...

[Thu Sep 12 11:47:47 2024]
localrule translate_tree_sequences:
    input: Results/HSV1_gB/Trees/tree.nwk, Results/HSV1_gB/Trees/tree_muts.json, Results/HSV1_gB/HSV1_gB_reference.gb
    output: Results/HSV1_gB/Trees/tree_aa_muts.json, Results/HSV1_gB/Augur_AA_Alignements/HSV1_gB.fasta
    log: Results/Logs/HSV1_gB/translate_tree_sequences.txt
    jobid: 29
    reason: Missing output files: Results/HSV1_gB/Trees/tree_aa_muts.json; Input files updated by another job: Results/HSV1_gB/Trees/tree_muts.json, Results/HSV1_gB/Trees/tree.nwk
    wildcards: gene=HSV1_gB
    resources: tmpdir=/loc/scratch/61985102

Activating conda environment: .snakemake/conda/768efdd1ddbfaa7755324fb50ebd3862_
[Thu Sep 12 11:47:49 2024]
Finished job 29.
14 of 16 steps (88%) done
Select jobs to execute...
Execute 1 jobs...

[Thu Sep 12 11:47:49 2024]
localrule export_tree:
    input: Results/HSV1_gB/Trees/tree.nwk, Results/HSV1_gB/metadata.tsv, Results/HSV1_gB/Trees/tree_branch_lengths.json, Results/HSV1_gB/Trees/tree_traits.json, Results/HSV1_gB/Trees/tree_muts.json, Results/HSV1_gB/Trees/tree_aa_muts.json, Configure/Input_Data/auspice_config.json, Results/HSV1_gB/Trees/colors.tsv, Configure/Input_Data/lat_longs.tsv
    output: auspice/Herpesvirus-Glycoprotein-Analysis_HSV1_gB.json
    jobid: 17
    reason: Missing output files: auspice/Herpesvirus-Glycoprotein-Analysis_HSV1_gB.json; Input files updated by another job: Results/HSV1_gB/Trees/tree_muts.json, Results/HSV1_gB/Trees/tree.nwk, Results/HSV1_gB/Trees/tree_traits.json, Results/HSV1_gB/Trees/tree_aa_muts.json, Results/HSV1_gB/Trees/tree_branch_lengths.json
    wildcards: gene=HSV1_gB
    resources: tmpdir=/loc/scratch/61985102

Activating conda environment: .snakemake/conda/768efdd1ddbfaa7755324fb50ebd3862_
WARNING: Requested color-by field 'phylogroup' does not exist and will not be used as a coloring or exported.

WARNING: These values for trait virus were not specified in the colors file you provided:
	human alphaherpesvirus 1 strain rh2, human alphaherpesvirus 1 strain 17.
	Auspice will create colors for them.

Validating schema of 'Results/HSV1_gB/Trees/tree_muts.json'...
Validating schema of 'Results/HSV1_gB/Trees/tree_aa_muts.json'...
Validating config file Configure/Input_Data/auspice_config.json against the JSON schema
Validating schema of 'Configure/Input_Data/auspice_config.json'...
Validating produced JSON
Validating schema of 'auspice/Herpesvirus-Glycoprotein-Analysis_HSV1_gB.json'...
Validating that the JSON is internally consistent...
Validation of 'auspice/Herpesvirus-Glycoprotein-Analysis_HSV1_gB.json' succeeded.

[Thu Sep 12 11:47:51 2024]
Finished job 17.
15 of 16 steps (94%) done
Select jobs to execute...
Execute 1 jobs...

[Thu Sep 12 11:47:51 2024]
localrule all:
    input: Results/HSV1_gB/ORF_sequences/ORF_extraction_verification.txt, Results/HSV1_gD/ORF_sequences/ORF_extraction_verification.txt, Results/HSV1_gH/ORF_sequences/ORF_extraction_verification.txt, Results/HSV1_gL/ORF_sequences/ORF_extraction_verification.txt, auspice/Herpesvirus-Glycoprotein-Analysis_HSV1_gB.json, auspice/Herpesvirus-Glycoprotein-Analysis_HSV1_gD.json, auspice/Herpesvirus-Glycoprotein-Analysis_HSV1_gH.json, auspice/Herpesvirus-Glycoprotein-Analysis_HSV1_gL.json
    jobid: 0
    reason: Input files updated by another job: auspice/Herpesvirus-Glycoprotein-Analysis_HSV1_gL.json, auspice/Herpesvirus-Glycoprotein-Analysis_HSV1_gH.json, auspice/Herpesvirus-Glycoprotein-Analysis_HSV1_gB.json, auspice/Herpesvirus-Glycoprotein-Analysis_HSV1_gD.json
    resources: tmpdir=/loc/scratch/61985102

[Thu Sep 12 11:47:51 2024]
Finished job 0.
16 of 16 steps (100%) done
Complete log: .snakemake/log/2024-09-12T114707.090131.snakemake.log
Run of snakemake complete.
