Running snakemake...
Assuming unrestricted shared filesystem usage.
Building DAG of jobs...
Creating conda environment environment.yml...
Downloading and installing remote packages.
Environment for /fh/fast/bloom_j/computational_notebooks/ccarr/2024/Herpesvirus-Glycoprotein-Analysis/HSV1/Rules/../environment.yml created (location: .snakemake/conda/768efdd1ddbfaa7755324fb50ebd3862_)
Using shell: /bin/bash
Provided cores: 16
Rules claiming more threads will be scaled down.
Job stats:
job            count
-----------  -------
all                1
export_tree        4
total              5

Select jobs to execute...
Execute 1 jobs...

[Wed Sep 11 11:43:27 2024]
localrule export_tree:
    input: Results/HSV1_gD/Trees/tree.nwk, Results/HSV1_gD/metadata.tsv, Results/HSV1_gD/Trees/tree_branch_lengths.json, Results/HSV1_gD/Trees/tree_traits.json, Results/HSV1_gD/Trees/tree_muts.json, Results/HSV1_gD/Trees/tree_aa_muts.json, Configure/Input_Data/auspice_config.json, Results/HSV1_gD/Trees/colors.tsv, Configure/Input_Data/lat_longs.tsv
    output: auspice/Herpesvirus-Glycoprotein-Analysis_HSV1_gD.json
    jobid: 17
    reason: Missing output files: auspice/Herpesvirus-Glycoprotein-Analysis_HSV1_gD.json
    wildcards: gene=HSV1_gD
    resources: tmpdir=/loc/scratch/61790883

Activating conda environment: .snakemake/conda/768efdd1ddbfaa7755324fb50ebd3862_
WARNING: Requested color-by field 'phylogroup' does not exist and will not be used as a coloring or exported.

WARNING: These values for trait virus were not specified in the colors file you provided:
	human alphaherpesvirus 1 strain rh2, human alphaherpesvirus 1 strain 17.
	Auspice will create colors for them.

Validating schema of 'Results/HSV1_gD/Trees/tree_muts.json'...
Validating schema of 'Results/HSV1_gD/Trees/tree_aa_muts.json'...
Validating config file Configure/Input_Data/auspice_config.json against the JSON schema
Validating schema of 'Configure/Input_Data/auspice_config.json'...
Validating produced JSON
Validating schema of 'auspice/Herpesvirus-Glycoprotein-Analysis_HSV1_gD.json'...
Validating that the JSON is internally consistent...
Validation of 'auspice/Herpesvirus-Glycoprotein-Analysis_HSV1_gD.json' succeeded.

[Wed Sep 11 11:43:32 2024]
Finished job 17.
1 of 5 steps (20%) done
Select jobs to execute...
Execute 1 jobs...

[Wed Sep 11 11:43:32 2024]
localrule export_tree:
    input: Results/HSV1_gH/Trees/tree.nwk, Results/HSV1_gH/metadata.tsv, Results/HSV1_gH/Trees/tree_branch_lengths.json, Results/HSV1_gH/Trees/tree_traits.json, Results/HSV1_gH/Trees/tree_muts.json, Results/HSV1_gH/Trees/tree_aa_muts.json, Configure/Input_Data/auspice_config.json, Results/HSV1_gH/Trees/colors.tsv, Configure/Input_Data/lat_longs.tsv
    output: auspice/Herpesvirus-Glycoprotein-Analysis_HSV1_gH.json
    jobid: 33
    reason: Missing output files: auspice/Herpesvirus-Glycoprotein-Analysis_HSV1_gH.json
    wildcards: gene=HSV1_gH
    resources: tmpdir=/loc/scratch/61790883

Activating conda environment: .snakemake/conda/768efdd1ddbfaa7755324fb50ebd3862_
WARNING: Requested color-by field 'phylogroup' does not exist and will not be used as a coloring or exported.

WARNING: These values for trait virus were not specified in the colors file you provided:
	human alphaherpesvirus 1 strain 17, human alphaherpesvirus 1 strain rh2.
	Auspice will create colors for them.

Validating schema of 'Results/HSV1_gH/Trees/tree_muts.json'...
Validating schema of 'Results/HSV1_gH/Trees/tree_aa_muts.json'...
Validating config file Configure/Input_Data/auspice_config.json against the JSON schema
Validating schema of 'Configure/Input_Data/auspice_config.json'...
Validating produced JSON
Validating schema of 'auspice/Herpesvirus-Glycoprotein-Analysis_HSV1_gH.json'...
Validating that the JSON is internally consistent...
Validation of 'auspice/Herpesvirus-Glycoprotein-Analysis_HSV1_gH.json' succeeded.

[Wed Sep 11 11:43:36 2024]
Finished job 33.
2 of 5 steps (40%) done
Select jobs to execute...
Execute 1 jobs...

[Wed Sep 11 11:43:36 2024]
localrule export_tree:
    input: Results/HSV1_gB/Trees/tree.nwk, Results/HSV1_gB/metadata.tsv, Results/HSV1_gB/Trees/tree_branch_lengths.json, Results/HSV1_gB/Trees/tree_traits.json, Results/HSV1_gB/Trees/tree_muts.json, Results/HSV1_gB/Trees/tree_aa_muts.json, Configure/Input_Data/auspice_config.json, Results/HSV1_gB/Trees/colors.tsv, Configure/Input_Data/lat_longs.tsv
    output: auspice/Herpesvirus-Glycoprotein-Analysis_HSV1_gB.json
    jobid: 1
    reason: Missing output files: auspice/Herpesvirus-Glycoprotein-Analysis_HSV1_gB.json
    wildcards: gene=HSV1_gB
    resources: tmpdir=/loc/scratch/61790883

Activating conda environment: .snakemake/conda/768efdd1ddbfaa7755324fb50ebd3862_
WARNING: Requested color-by field 'phylogroup' does not exist and will not be used as a coloring or exported.

WARNING: These values for trait virus were not specified in the colors file you provided:
	human alphaherpesvirus 1 strain rh2, human alphaherpesvirus 1 strain 17.
	Auspice will create colors for them.

Validating schema of 'Results/HSV1_gB/Trees/tree_muts.json'...
Validating schema of 'Results/HSV1_gB/Trees/tree_aa_muts.json'...
Validating config file Configure/Input_Data/auspice_config.json against the JSON schema
Validating schema of 'Configure/Input_Data/auspice_config.json'...
Validating produced JSON
Validating schema of 'auspice/Herpesvirus-Glycoprotein-Analysis_HSV1_gB.json'...
Validating that the JSON is internally consistent...
Validation of 'auspice/Herpesvirus-Glycoprotein-Analysis_HSV1_gB.json' succeeded.

[Wed Sep 11 11:43:38 2024]
Finished job 1.
3 of 5 steps (60%) done
Select jobs to execute...
Execute 1 jobs...

[Wed Sep 11 11:43:38 2024]
localrule export_tree:
    input: Results/HSV1_gL/Trees/tree.nwk, Results/HSV1_gL/metadata.tsv, Results/HSV1_gL/Trees/tree_branch_lengths.json, Results/HSV1_gL/Trees/tree_traits.json, Results/HSV1_gL/Trees/tree_muts.json, Results/HSV1_gL/Trees/tree_aa_muts.json, Configure/Input_Data/auspice_config.json, Results/HSV1_gL/Trees/colors.tsv, Configure/Input_Data/lat_longs.tsv
    output: auspice/Herpesvirus-Glycoprotein-Analysis_HSV1_gL.json
    jobid: 49
    reason: Missing output files: auspice/Herpesvirus-Glycoprotein-Analysis_HSV1_gL.json
    wildcards: gene=HSV1_gL
    resources: tmpdir=/loc/scratch/61790883

Activating conda environment: .snakemake/conda/768efdd1ddbfaa7755324fb50ebd3862_
WARNING: Requested color-by field 'phylogroup' does not exist and will not be used as a coloring or exported.

WARNING: These values for trait virus were not specified in the colors file you provided:
	human alphaherpesvirus 1 strain 17.
	Auspice will create colors for them.

Validating schema of 'Results/HSV1_gL/Trees/tree_muts.json'...
Validating schema of 'Results/HSV1_gL/Trees/tree_aa_muts.json'...
Validating config file Configure/Input_Data/auspice_config.json against the JSON schema
Validating schema of 'Configure/Input_Data/auspice_config.json'...
Validating produced JSON
Validating schema of 'auspice/Herpesvirus-Glycoprotein-Analysis_HSV1_gL.json'...
Validating that the JSON is internally consistent...
Validation of 'auspice/Herpesvirus-Glycoprotein-Analysis_HSV1_gL.json' succeeded.

[Wed Sep 11 11:43:40 2024]
Finished job 49.
4 of 5 steps (80%) done
Select jobs to execute...
Execute 1 jobs...

[Wed Sep 11 11:43:40 2024]
localrule all:
    input: auspice/Herpesvirus-Glycoprotein-Analysis_HSV1_gB.json, auspice/Herpesvirus-Glycoprotein-Analysis_HSV1_gD.json, auspice/Herpesvirus-Glycoprotein-Analysis_HSV1_gH.json, auspice/Herpesvirus-Glycoprotein-Analysis_HSV1_gL.json
    jobid: 0
    reason: Input files updated by another job: auspice/Herpesvirus-Glycoprotein-Analysis_HSV1_gL.json, auspice/Herpesvirus-Glycoprotein-Analysis_HSV1_gD.json, auspice/Herpesvirus-Glycoprotein-Analysis_HSV1_gB.json, auspice/Herpesvirus-Glycoprotein-Analysis_HSV1_gH.json
    resources: tmpdir=/loc/scratch/61790883

[Wed Sep 11 11:43:40 2024]
Finished job 0.
5 of 5 steps (100%) done
Complete log: .snakemake/log/2024-09-11T113026.046733.snakemake.log
Run of snakemake complete.
