Running snakemake...
Assuming unrestricted shared filesystem usage.
Building DAG of jobs...
Creating conda environment environment.yml...
Downloading and installing remote packages.
Environment for /fh/fast/bloom_j/computational_notebooks/ccarr/2024/Herpesvirus-Glycoprotein-Analysis/HSV2/Rules/../environment.yml created (location: .snakemake/conda/84a18f42b065166a46a10eaa8fcfc382_)
Using shell: /bin/bash
Provided cores: 16
Rules claiming more threads will be scaled down.
Job stats:
job                                count
-------------------------------  -------
align_protein_sequences                4
all                                    1
ancestral_tree_sequences               4
check_number_ORFs_found                4
colors                                 4
create_codon_alignment                 4
create_new_references                  4
download_and_process_accessions        4
edit_codon_fasta_headers               4
edit_protein_fasta_headers             4
export_tree                            4
get_codon_sequences                    4
get_protein_sequences                  4
refine_tree_sequences                  4
root_and_remove_outgroup               4
strip_codon_alignment_gaps             4
strip_protein_alignment_gaps           4
traits_tree_sequences                  4
translate_tree_sequences               4
tree_sequences                         4
total                                 77

Select jobs to execute...
Execute 1 jobs...

[Sun Sep 15 11:33:30 2024]
localrule create_new_references:
    input: Configure/Input_Data/HSV2_reference_genome_NC_001798.gb
    output: Results/HSV2_gD/HSV2_gD_reference.gb
    log: Results/Logs/HSV2_gD/create_new_references.txt
    jobid: 45
    reason: Missing output files: Results/HSV2_gD/HSV2_gD_reference.gb
    wildcards: gene=HSV2_gD
    resources: tmpdir=/loc/scratch/62304981

Activating conda environment: .snakemake/conda/84a18f42b065166a46a10eaa8fcfc382_
[Sun Sep 15 11:33:31 2024]
Finished job 45.
1 of 77 steps (1%) done
Select jobs to execute...
Execute 1 jobs...

[Sun Sep 15 11:33:31 2024]
localrule download_and_process_accessions:
    input: Configure/Input_Data/all_HSV2_accessions_091524.txt
    output: Results/HSV2_gD/nucleotide.fasta, Results/HSV2_gD/metadata.tsv
    log: Results/Logs/HSV2_gD/download_and_process_accessions.txt
    jobid: 6
    reason: Missing output files: Results/HSV2_gD/metadata.tsv, Results/HSV2_gD/nucleotide.fasta
    wildcards: gene=HSV2_gD
    resources: tmpdir=/loc/scratch/62304981

Activating conda environment: .snakemake/conda/84a18f42b065166a46a10eaa8fcfc382_
Activating conda environment: .snakemake/conda/84a18f42b065166a46a10eaa8fcfc382_
[Sun Sep 15 12:59:18 2024]
Finished job 6.
2 of 77 steps (3%) done
Select jobs to execute...
Execute 1 jobs...

[Sun Sep 15 12:59:18 2024]
localrule get_codon_sequences:
    input: Results/HSV2_gD/nucleotide.fasta
    output: Results/HSV2_gD/ORF_sequences/codon_temp.fasta
    log: Results/Logs/HSV2_gD/get_codon_sequences.txt
    jobid: 8
    reason: Missing output files: Results/HSV2_gD/ORF_sequences/codon_temp.fasta; Input files updated by another job: Results/HSV2_gD/nucleotide.fasta
    wildcards: gene=HSV2_gD
    resources: tmpdir=/loc/scratch/62304981

Activating conda environment: .snakemake/conda/84a18f42b065166a46a10eaa8fcfc382_
[Sun Sep 15 12:59:19 2024]
Finished job 8.
3 of 77 steps (4%) done
Select jobs to execute...
Execute 1 jobs...

[Sun Sep 15 12:59:19 2024]
localrule create_new_references:
    input: Configure/Input_Data/HSV2_reference_genome_NC_001798.gb
    output: Results/HSV2_gB/HSV2_gB_reference.gb
    log: Results/Logs/HSV2_gB/create_new_references.txt
    jobid: 30
    reason: Missing output files: Results/HSV2_gB/HSV2_gB_reference.gb
    wildcards: gene=HSV2_gB
    resources: tmpdir=/loc/scratch/62304981

Activating conda environment: .snakemake/conda/84a18f42b065166a46a10eaa8fcfc382_
[Sun Sep 15 12:59:20 2024]
Finished job 30.
4 of 77 steps (5%) done
Select jobs to execute...
Execute 1 jobs...

[Sun Sep 15 12:59:20 2024]
localrule get_protein_sequences:
    input: Results/HSV2_gD/nucleotide.fasta
    output: Results/HSV2_gD/ORF_sequences/protein_temp.fasta
    log: Results/Logs/HSV2_gD/get_protein_sequences.txt
    jobid: 7
    reason: Missing output files: Results/HSV2_gD/ORF_sequences/protein_temp.fasta; Input files updated by another job: Results/HSV2_gD/nucleotide.fasta
    wildcards: gene=HSV2_gD
    resources: tmpdir=/loc/scratch/62304981

Activating conda environment: .snakemake/conda/84a18f42b065166a46a10eaa8fcfc382_
[Sun Sep 15 12:59:20 2024]
Finished job 7.
5 of 77 steps (6%) done
Select jobs to execute...
Execute 1 jobs...

[Sun Sep 15 12:59:20 2024]
localrule edit_protein_fasta_headers:
    input: Results/HSV2_gD/ORF_sequences/protein_temp.fasta
    output: Results/HSV2_gD/ORF_sequences/protein.fasta
    log: Results/Logs/HSV2_gD/edit_protein_fasta_headers.txt
    jobid: 39
    reason: Missing output files: Results/HSV2_gD/ORF_sequences/protein.fasta; Input files updated by another job: Results/HSV2_gD/ORF_sequences/protein_temp.fasta
    wildcards: gene=HSV2_gD
    resources: tmpdir=/loc/scratch/62304981

Activating conda environment: .snakemake/conda/84a18f42b065166a46a10eaa8fcfc382_
Activating conda environment: .snakemake/conda/84a18f42b065166a46a10eaa8fcfc382_
[Sun Sep 15 12:59:22 2024]
Finished job 39.
6 of 77 steps (8%) done
Select jobs to execute...
Execute 1 jobs...

[Sun Sep 15 12:59:22 2024]
localrule check_number_ORFs_found:
    input: Results/HSV2_gD/nucleotide.fasta, Results/HSV2_gD/ORF_sequences/protein_temp.fasta, Results/HSV2_gD/ORF_sequences/codon_temp.fasta
    output: Results/HSV2_gD/ORF_sequences/ORF_extraction_verification.txt
    jobid: 5
    reason: Missing output files: Results/HSV2_gD/ORF_sequences/ORF_extraction_verification.txt; Input files updated by another job: Results/HSV2_gD/ORF_sequences/protein_temp.fasta, Results/HSV2_gD/nucleotide.fasta, Results/HSV2_gD/ORF_sequences/codon_temp.fasta
    wildcards: gene=HSV2_gD
    resources: tmpdir=/loc/scratch/62304981

Activating conda environment: .snakemake/conda/84a18f42b065166a46a10eaa8fcfc382_
Activating conda environment: .snakemake/conda/84a18f42b065166a46a10eaa8fcfc382_
[Sun Sep 15 12:59:22 2024]
Finished job 5.
7 of 77 steps (9%) done
Select jobs to execute...
Execute 1 jobs...

[Sun Sep 15 12:59:22 2024]
localrule download_and_process_accessions:
    input: Configure/Input_Data/all_HSV2_accessions_091524.txt
    output: Results/HSV2_gL/nucleotide.fasta, Results/HSV2_gL/metadata.tsv
    log: Results/Logs/HSV2_gL/download_and_process_accessions.txt
    jobid: 14
    reason: Missing output files: Results/HSV2_gL/metadata.tsv, Results/HSV2_gL/nucleotide.fasta
    wildcards: gene=HSV2_gL
    resources: tmpdir=/loc/scratch/62304981

Activating conda environment: .snakemake/conda/84a18f42b065166a46a10eaa8fcfc382_
Activating conda environment: .snakemake/conda/84a18f42b065166a46a10eaa8fcfc382_
[Sun Sep 15 14:16:41 2024]
Finished job 14.
8 of 77 steps (10%) done
Select jobs to execute...
Execute 1 jobs...

[Sun Sep 15 14:16:42 2024]
localrule colors:
    input: Configure/Input_Data/color_schemes.tsv, Configure/Input_Data/color_orderings.tsv, Results/HSV2_gL/metadata.tsv
    output: Results/HSV2_gL/Trees/colors.tsv
    jobid: 76
    reason: Missing output files: Results/HSV2_gL/Trees/colors.tsv; Input files updated by another job: Results/HSV2_gL/metadata.tsv
    wildcards: gene=HSV2_gL
    resources: tmpdir=/loc/scratch/62304981

Activating conda environment: .snakemake/conda/84a18f42b065166a46a10eaa8fcfc382_
[Sun Sep 15 14:16:44 2024]
Finished job 76.
9 of 77 steps (12%) done
Select jobs to execute...
Execute 1 jobs...

[Sun Sep 15 14:16:44 2024]
localrule get_codon_sequences:
    input: Results/HSV2_gL/nucleotide.fasta
    output: Results/HSV2_gL/ORF_sequences/codon_temp.fasta
    log: Results/Logs/HSV2_gL/get_codon_sequences.txt
    jobid: 16
    reason: Missing output files: Results/HSV2_gL/ORF_sequences/codon_temp.fasta; Input files updated by another job: Results/HSV2_gL/nucleotide.fasta
    wildcards: gene=HSV2_gL
    resources: tmpdir=/loc/scratch/62304981

Activating conda environment: .snakemake/conda/84a18f42b065166a46a10eaa8fcfc382_
[Sun Sep 15 14:16:44 2024]
Finished job 16.
10 of 77 steps (13%) done
Select jobs to execute...
Execute 1 jobs...

[Sun Sep 15 14:16:44 2024]
localrule edit_codon_fasta_headers:
    input: Results/HSV2_gL/ORF_sequences/codon_temp.fasta
    output: Results/HSV2_gL/ORF_sequences/codon.fasta
    log: Results/Logs/HSV2_gL/edit_codon_fasta_headers.txt
    jobid: 70
    reason: Missing output files: Results/HSV2_gL/ORF_sequences/codon.fasta; Input files updated by another job: Results/HSV2_gL/ORF_sequences/codon_temp.fasta
    wildcards: gene=HSV2_gL
    resources: tmpdir=/loc/scratch/62304981

Activating conda environment: .snakemake/conda/84a18f42b065166a46a10eaa8fcfc382_
Activating conda environment: .snakemake/conda/84a18f42b065166a46a10eaa8fcfc382_
[Sun Sep 15 14:16:46 2024]
Finished job 70.
11 of 77 steps (14%) done
Select jobs to execute...
Execute 1 jobs...

[Sun Sep 15 14:16:46 2024]
localrule create_new_references:
    input: Configure/Input_Data/HSV2_reference_genome_NC_001798.gb
    output: Results/HSV2_gL/HSV2_gL_reference.gb
    log: Results/Logs/HSV2_gL/create_new_references.txt
    jobid: 75
    reason: Missing output files: Results/HSV2_gL/HSV2_gL_reference.gb
    wildcards: gene=HSV2_gL
    resources: tmpdir=/loc/scratch/62304981

Activating conda environment: .snakemake/conda/84a18f42b065166a46a10eaa8fcfc382_
[Sun Sep 15 14:16:46 2024]
Finished job 75.
12 of 77 steps (16%) done
Select jobs to execute...
Execute 1 jobs...

[Sun Sep 15 14:16:46 2024]
localrule edit_codon_fasta_headers:
    input: Results/HSV2_gD/ORF_sequences/codon_temp.fasta
    output: Results/HSV2_gD/ORF_sequences/codon.fasta
    log: Results/Logs/HSV2_gD/edit_codon_fasta_headers.txt
    jobid: 40
    reason: Missing output files: Results/HSV2_gD/ORF_sequences/codon.fasta; Input files updated by another job: Results/HSV2_gD/ORF_sequences/codon_temp.fasta
    wildcards: gene=HSV2_gD
    resources: tmpdir=/loc/scratch/62304981

Activating conda environment: .snakemake/conda/84a18f42b065166a46a10eaa8fcfc382_
Activating conda environment: .snakemake/conda/84a18f42b065166a46a10eaa8fcfc382_
[Sun Sep 15 14:16:47 2024]
Finished job 40.
13 of 77 steps (17%) done
Select jobs to execute...
Execute 1 jobs...

[Sun Sep 15 14:16:47 2024]
localrule colors:
    input: Configure/Input_Data/color_schemes.tsv, Configure/Input_Data/color_orderings.tsv, Results/HSV2_gD/metadata.tsv
    output: Results/HSV2_gD/Trees/colors.tsv
    jobid: 46
    reason: Missing output files: Results/HSV2_gD/Trees/colors.tsv; Input files updated by another job: Results/HSV2_gD/metadata.tsv
    wildcards: gene=HSV2_gD
    resources: tmpdir=/loc/scratch/62304981

Activating conda environment: .snakemake/conda/84a18f42b065166a46a10eaa8fcfc382_
[Sun Sep 15 14:16:48 2024]
Finished job 46.
14 of 77 steps (18%) done
Select jobs to execute...
Execute 1 jobs...

[Sun Sep 15 14:16:48 2024]
localrule get_protein_sequences:
    input: Results/HSV2_gL/nucleotide.fasta
    output: Results/HSV2_gL/ORF_sequences/protein_temp.fasta
    log: Results/Logs/HSV2_gL/get_protein_sequences.txt
    jobid: 15
    reason: Missing output files: Results/HSV2_gL/ORF_sequences/protein_temp.fasta; Input files updated by another job: Results/HSV2_gL/nucleotide.fasta
    wildcards: gene=HSV2_gL
    resources: tmpdir=/loc/scratch/62304981

Activating conda environment: .snakemake/conda/84a18f42b065166a46a10eaa8fcfc382_
[Sun Sep 15 14:16:49 2024]
Finished job 15.
15 of 77 steps (19%) done
Select jobs to execute...
Execute 1 jobs...

[Sun Sep 15 14:16:49 2024]
localrule check_number_ORFs_found:
    input: Results/HSV2_gL/nucleotide.fasta, Results/HSV2_gL/ORF_sequences/protein_temp.fasta, Results/HSV2_gL/ORF_sequences/codon_temp.fasta
    output: Results/HSV2_gL/ORF_sequences/ORF_extraction_verification.txt
    jobid: 13
    reason: Missing output files: Results/HSV2_gL/ORF_sequences/ORF_extraction_verification.txt; Input files updated by another job: Results/HSV2_gL/ORF_sequences/protein_temp.fasta, Results/HSV2_gL/nucleotide.fasta, Results/HSV2_gL/ORF_sequences/codon_temp.fasta
    wildcards: gene=HSV2_gL
    resources: tmpdir=/loc/scratch/62304981

Activating conda environment: .snakemake/conda/84a18f42b065166a46a10eaa8fcfc382_
Activating conda environment: .snakemake/conda/84a18f42b065166a46a10eaa8fcfc382_
[Sun Sep 15 14:16:49 2024]
Finished job 13.
16 of 77 steps (21%) done
Select jobs to execute...
Execute 1 jobs...

[Sun Sep 15 14:16:49 2024]
localrule create_new_references:
    input: Configure/Input_Data/HSV2_reference_genome_NC_001798.gb
    output: Results/HSV2_gH/HSV2_gH_reference.gb
    log: Results/Logs/HSV2_gH/create_new_references.txt
    jobid: 60
    reason: Missing output files: Results/HSV2_gH/HSV2_gH_reference.gb
    wildcards: gene=HSV2_gH
    resources: tmpdir=/loc/scratch/62304981

Activating conda environment: .snakemake/conda/84a18f42b065166a46a10eaa8fcfc382_
[Sun Sep 15 14:16:50 2024]
Finished job 60.
17 of 77 steps (22%) done
Select jobs to execute...
Execute 1 jobs...

[Sun Sep 15 14:16:50 2024]
localrule align_protein_sequences:
    input: Results/HSV2_gD/ORF_sequences/protein.fasta
    output: Results/HSV2_gD/Alignments/protein.fasta
    log: Results/Logs/HSV2_gD/align_protein_sequences.txt
    jobid: 38
    reason: Missing output files: Results/HSV2_gD/Alignments/protein.fasta; Input files updated by another job: Results/HSV2_gD/ORF_sequences/protein.fasta
    wildcards: gene=HSV2_gD
    resources: tmpdir=/loc/scratch/62304981

Activating conda environment: .snakemake/conda/84a18f42b065166a46a10eaa8fcfc382_
[Sun Sep 15 14:16:55 2024]
Finished job 38.
18 of 77 steps (23%) done
Select jobs to execute...
Execute 1 jobs...

[Sun Sep 15 14:16:55 2024]
localrule strip_protein_alignment_gaps:
    input: Results/HSV2_gD/Alignments/protein.fasta
    output: Results/HSV2_gD/Alignments/protein_ungapped.fasta
    log: Results/Logs/HSV2_gD/strip_protein_alignment_gaps.txt
    jobid: 41
    reason: Missing output files: Results/HSV2_gD/Alignments/protein_ungapped.fasta; Input files updated by another job: Results/HSV2_gD/Alignments/protein.fasta
    wildcards: gene=HSV2_gD
    resources: tmpdir=/loc/scratch/62304981

Activating conda environment: .snakemake/conda/84a18f42b065166a46a10eaa8fcfc382_
Activating conda environment: .snakemake/conda/84a18f42b065166a46a10eaa8fcfc382_
[Sun Sep 15 14:16:56 2024]
Finished job 41.
19 of 77 steps (25%) done
Select jobs to execute...
Execute 1 jobs...

[Sun Sep 15 14:16:56 2024]
localrule edit_protein_fasta_headers:
    input: Results/HSV2_gL/ORF_sequences/protein_temp.fasta
    output: Results/HSV2_gL/ORF_sequences/protein.fasta
    log: Results/Logs/HSV2_gL/edit_protein_fasta_headers.txt
    jobid: 69
    reason: Missing output files: Results/HSV2_gL/ORF_sequences/protein.fasta; Input files updated by another job: Results/HSV2_gL/ORF_sequences/protein_temp.fasta
    wildcards: gene=HSV2_gL
    resources: tmpdir=/loc/scratch/62304981

Activating conda environment: .snakemake/conda/84a18f42b065166a46a10eaa8fcfc382_
Activating conda environment: .snakemake/conda/84a18f42b065166a46a10eaa8fcfc382_
[Sun Sep 15 14:16:57 2024]
Finished job 69.
20 of 77 steps (26%) done
Select jobs to execute...
Execute 1 jobs...

[Sun Sep 15 14:16:57 2024]
localrule create_codon_alignment:
    input: Results/HSV2_gD/Alignments/protein.fasta, Results/HSV2_gD/ORF_sequences/codon.fasta
    output: Results/HSV2_gD/Alignments/codon.fasta
    log: Results/Logs/HSV2_gD/create_codon_alignment.txt
    jobid: 37
    reason: Missing output files: Results/HSV2_gD/Alignments/codon.fasta; Input files updated by another job: Results/HSV2_gD/Alignments/protein.fasta, Results/HSV2_gD/ORF_sequences/codon.fasta
    wildcards: gene=HSV2_gD
    resources: tmpdir=/loc/scratch/62304981

Activating conda environment: .snakemake/conda/84a18f42b065166a46a10eaa8fcfc382_
Activating conda environment: .snakemake/conda/84a18f42b065166a46a10eaa8fcfc382_
[Sun Sep 15 14:16:58 2024]
Finished job 37.
21 of 77 steps (27%) done
Select jobs to execute...
Execute 1 jobs...

[Sun Sep 15 14:16:58 2024]
localrule strip_codon_alignment_gaps:
    input: Results/HSV2_gD/Alignments/codon.fasta
    output: Results/HSV2_gD/Alignments/codon_ungapped.fasta
    log: Results/Logs/HSV2_gD/strip_codon_alignment_gaps.txt
    jobid: 36
    reason: Missing output files: Results/HSV2_gD/Alignments/codon_ungapped.fasta; Input files updated by another job: Results/HSV2_gD/Alignments/codon.fasta
    wildcards: gene=HSV2_gD
    resources: tmpdir=/loc/scratch/62304981

Activating conda environment: .snakemake/conda/84a18f42b065166a46a10eaa8fcfc382_
Activating conda environment: .snakemake/conda/84a18f42b065166a46a10eaa8fcfc382_
[Sun Sep 15 14:16:59 2024]
Finished job 36.
22 of 77 steps (29%) done
Select jobs to execute...
Execute 1 jobs...

[Sun Sep 15 14:16:59 2024]
localrule tree_sequences:
    input: Results/HSV2_gD/Alignments/codon_ungapped.fasta
    output: Results/HSV2_gD/Trees/tree_raw.nwk
    log: Results/Logs/HSV2_gD/tree_sequences.txt
    jobid: 35
    reason: Missing output files: Results/HSV2_gD/Trees/tree_raw.nwk; Input files updated by another job: Results/HSV2_gD/Alignments/codon_ungapped.fasta
    wildcards: gene=HSV2_gD
    resources: tmpdir=/loc/scratch/62304981

Activating conda environment: .snakemake/conda/84a18f42b065166a46a10eaa8fcfc382_
[Sun Sep 15 14:17:05 2024]
Finished job 35.
23 of 77 steps (30%) done
Select jobs to execute...
Execute 1 jobs...

[Sun Sep 15 14:17:05 2024]
localrule root_and_remove_outgroup:
    input: Results/HSV2_gD/Trees/tree_raw.nwk, Results/HSV2_gD/Alignments/protein_ungapped.fasta, Results/HSV2_gD/Alignments/codon_ungapped.fasta
    output: Results/HSV2_gD/Trees/tree_no_outgroup.nwk, Results/HSV2_gD/Alignments/protein_ungapped_no_outgroup.fasta, Results/HSV2_gD/Alignments/codon_ungapped_no_outgroup.fasta
    log: Results/Logs/HSV2_gD/root_and_remove_outgroup.txt
    jobid: 34
    reason: Missing output files: Results/HSV2_gD/Alignments/codon_ungapped_no_outgroup.fasta, Results/HSV2_gD/Trees/tree_no_outgroup.nwk; Input files updated by another job: Results/HSV2_gD/Trees/tree_raw.nwk, Results/HSV2_gD/Alignments/codon_ungapped.fasta, Results/HSV2_gD/Alignments/protein_ungapped.fasta
    wildcards: gene=HSV2_gD
    resources: tmpdir=/loc/scratch/62304981

Activating conda environment: .snakemake/conda/84a18f42b065166a46a10eaa8fcfc382_
Activating conda environment: .snakemake/conda/84a18f42b065166a46a10eaa8fcfc382_
[Sun Sep 15 14:17:06 2024]
Finished job 34.
24 of 77 steps (31%) done
Select jobs to execute...
Execute 1 jobs...

[Sun Sep 15 14:17:06 2024]
localrule refine_tree_sequences:
    input: Results/HSV2_gD/Alignments/codon_ungapped_no_outgroup.fasta, Results/HSV2_gD/Trees/tree_no_outgroup.nwk, Results/HSV2_gD/metadata.tsv
    output: Results/HSV2_gD/Trees/tree.nwk, Results/HSV2_gD/Trees/tree_branch_lengths.json
    log: Results/Logs/HSV2_gD/refine_tree_sequences.txt
    jobid: 33
    reason: Missing output files: Results/HSV2_gD/Trees/tree_branch_lengths.json, Results/HSV2_gD/Trees/tree.nwk; Input files updated by another job: Results/HSV2_gD/Alignments/codon_ungapped_no_outgroup.fasta, Results/HSV2_gD/metadata.tsv, Results/HSV2_gD/Trees/tree_no_outgroup.nwk
    wildcards: gene=HSV2_gD
    resources: tmpdir=/loc/scratch/62304981

Activating conda environment: .snakemake/conda/84a18f42b065166a46a10eaa8fcfc382_
[Sun Sep 15 14:17:09 2024]
Finished job 33.
25 of 77 steps (32%) done
Select jobs to execute...
Execute 1 jobs...

[Sun Sep 15 14:17:09 2024]
localrule ancestral_tree_sequences:
    input: Results/HSV2_gD/Trees/tree.nwk, Results/HSV2_gD/Alignments/codon_ungapped_no_outgroup.fasta
    output: Results/HSV2_gD/Trees/tree_muts.json
    log: Results/Logs/HSV2_gD/ancestral_tree_sequences.txt
    jobid: 43
    reason: Missing output files: Results/HSV2_gD/Trees/tree_muts.json; Input files updated by another job: Results/HSV2_gD/Alignments/codon_ungapped_no_outgroup.fasta, Results/HSV2_gD/Trees/tree.nwk
    wildcards: gene=HSV2_gD
    resources: tmpdir=/loc/scratch/62304981

Activating conda environment: .snakemake/conda/84a18f42b065166a46a10eaa8fcfc382_
[Sun Sep 15 14:17:11 2024]
Finished job 43.
26 of 77 steps (34%) done
Select jobs to execute...
Execute 1 jobs...

[Sun Sep 15 14:17:11 2024]
localrule align_protein_sequences:
    input: Results/HSV2_gL/ORF_sequences/protein.fasta
    output: Results/HSV2_gL/Alignments/protein.fasta
    log: Results/Logs/HSV2_gL/align_protein_sequences.txt
    jobid: 68
    reason: Missing output files: Results/HSV2_gL/Alignments/protein.fasta; Input files updated by another job: Results/HSV2_gL/ORF_sequences/protein.fasta
    wildcards: gene=HSV2_gL
    resources: tmpdir=/loc/scratch/62304981

Activating conda environment: .snakemake/conda/84a18f42b065166a46a10eaa8fcfc382_
[Sun Sep 15 14:17:12 2024]
Finished job 68.
27 of 77 steps (35%) done
Select jobs to execute...
Execute 1 jobs...

[Sun Sep 15 14:17:12 2024]
localrule create_codon_alignment:
    input: Results/HSV2_gL/Alignments/protein.fasta, Results/HSV2_gL/ORF_sequences/codon.fasta
    output: Results/HSV2_gL/Alignments/codon.fasta
    log: Results/Logs/HSV2_gL/create_codon_alignment.txt
    jobid: 67
    reason: Missing output files: Results/HSV2_gL/Alignments/codon.fasta; Input files updated by another job: Results/HSV2_gL/ORF_sequences/codon.fasta, Results/HSV2_gL/Alignments/protein.fasta
    wildcards: gene=HSV2_gL
    resources: tmpdir=/loc/scratch/62304981

Activating conda environment: .snakemake/conda/84a18f42b065166a46a10eaa8fcfc382_
Activating conda environment: .snakemake/conda/84a18f42b065166a46a10eaa8fcfc382_
[Sun Sep 15 14:17:13 2024]
Finished job 67.
28 of 77 steps (36%) done
Select jobs to execute...
Execute 1 jobs...

[Sun Sep 15 14:17:13 2024]
localrule strip_codon_alignment_gaps:
    input: Results/HSV2_gL/Alignments/codon.fasta
    output: Results/HSV2_gL/Alignments/codon_ungapped.fasta
    log: Results/Logs/HSV2_gL/strip_codon_alignment_gaps.txt
    jobid: 66
    reason: Missing output files: Results/HSV2_gL/Alignments/codon_ungapped.fasta; Input files updated by another job: Results/HSV2_gL/Alignments/codon.fasta
    wildcards: gene=HSV2_gL
    resources: tmpdir=/loc/scratch/62304981

Activating conda environment: .snakemake/conda/84a18f42b065166a46a10eaa8fcfc382_
Activating conda environment: .snakemake/conda/84a18f42b065166a46a10eaa8fcfc382_
[Sun Sep 15 14:17:15 2024]
Finished job 66.
29 of 77 steps (38%) done
Select jobs to execute...
Execute 1 jobs...

[Sun Sep 15 14:17:15 2024]
localrule translate_tree_sequences:
    input: Results/HSV2_gD/Trees/tree.nwk, Results/HSV2_gD/Trees/tree_muts.json, Results/HSV2_gD/HSV2_gD_reference.gb
    output: Results/HSV2_gD/Trees/tree_aa_muts.json, Results/HSV2_gD/Augur_AA_Alignements/HSV2_gD.fasta
    log: Results/Logs/HSV2_gD/translate_tree_sequences.txt
    jobid: 44
    reason: Missing output files: Results/HSV2_gD/Trees/tree_aa_muts.json; Input files updated by another job: Results/HSV2_gD/Trees/tree_muts.json, Results/HSV2_gD/HSV2_gD_reference.gb, Results/HSV2_gD/Trees/tree.nwk
    wildcards: gene=HSV2_gD
    resources: tmpdir=/loc/scratch/62304981

Activating conda environment: .snakemake/conda/84a18f42b065166a46a10eaa8fcfc382_
[Sun Sep 15 14:17:17 2024]
Finished job 44.
30 of 77 steps (39%) done
Select jobs to execute...
Execute 1 jobs...

[Sun Sep 15 14:17:17 2024]
localrule strip_protein_alignment_gaps:
    input: Results/HSV2_gL/Alignments/protein.fasta
    output: Results/HSV2_gL/Alignments/protein_ungapped.fasta
    log: Results/Logs/HSV2_gL/strip_protein_alignment_gaps.txt
    jobid: 71
    reason: Missing output files: Results/HSV2_gL/Alignments/protein_ungapped.fasta; Input files updated by another job: Results/HSV2_gL/Alignments/protein.fasta
    wildcards: gene=HSV2_gL
    resources: tmpdir=/loc/scratch/62304981

Activating conda environment: .snakemake/conda/84a18f42b065166a46a10eaa8fcfc382_
Activating conda environment: .snakemake/conda/84a18f42b065166a46a10eaa8fcfc382_
[Sun Sep 15 14:17:18 2024]
Finished job 71.
31 of 77 steps (40%) done
Select jobs to execute...
Execute 1 jobs...

[Sun Sep 15 14:17:18 2024]
localrule download_and_process_accessions:
    input: Configure/Input_Data/all_HSV2_accessions_091524.txt
    output: Results/HSV2_gB/nucleotide.fasta, Results/HSV2_gB/metadata.tsv
    log: Results/Logs/HSV2_gB/download_and_process_accessions.txt
    jobid: 2
    reason: Missing output files: Results/HSV2_gB/metadata.tsv, Results/HSV2_gB/nucleotide.fasta
    wildcards: gene=HSV2_gB
    resources: tmpdir=/loc/scratch/62304981

Activating conda environment: .snakemake/conda/84a18f42b065166a46a10eaa8fcfc382_
Activating conda environment: .snakemake/conda/84a18f42b065166a46a10eaa8fcfc382_
[Sun Sep 15 15:40:16 2024]
Finished job 2.
32 of 77 steps (42%) done
Select jobs to execute...
Execute 1 jobs...

[Sun Sep 15 15:40:16 2024]
localrule get_codon_sequences:
    input: Results/HSV2_gB/nucleotide.fasta
    output: Results/HSV2_gB/ORF_sequences/codon_temp.fasta
    log: Results/Logs/HSV2_gB/get_codon_sequences.txt
    jobid: 4
    reason: Missing output files: Results/HSV2_gB/ORF_sequences/codon_temp.fasta; Input files updated by another job: Results/HSV2_gB/nucleotide.fasta
    wildcards: gene=HSV2_gB
    resources: tmpdir=/loc/scratch/62304981

Activating conda environment: .snakemake/conda/84a18f42b065166a46a10eaa8fcfc382_
[Sun Sep 15 15:40:17 2024]
Finished job 4.
33 of 77 steps (43%) done
Select jobs to execute...
Execute 1 jobs...

[Sun Sep 15 15:40:17 2024]
localrule get_protein_sequences:
    input: Results/HSV2_gB/nucleotide.fasta
    output: Results/HSV2_gB/ORF_sequences/protein_temp.fasta
    log: Results/Logs/HSV2_gB/get_protein_sequences.txt
    jobid: 3
    reason: Missing output files: Results/HSV2_gB/ORF_sequences/protein_temp.fasta; Input files updated by another job: Results/HSV2_gB/nucleotide.fasta
    wildcards: gene=HSV2_gB
    resources: tmpdir=/loc/scratch/62304981

Activating conda environment: .snakemake/conda/84a18f42b065166a46a10eaa8fcfc382_
[Sun Sep 15 15:40:17 2024]
Finished job 3.
34 of 77 steps (44%) done
Select jobs to execute...
Execute 1 jobs...

[Sun Sep 15 15:40:17 2024]
localrule check_number_ORFs_found:
    input: Results/HSV2_gB/nucleotide.fasta, Results/HSV2_gB/ORF_sequences/protein_temp.fasta, Results/HSV2_gB/ORF_sequences/codon_temp.fasta
    output: Results/HSV2_gB/ORF_sequences/ORF_extraction_verification.txt
    jobid: 1
    reason: Missing output files: Results/HSV2_gB/ORF_sequences/ORF_extraction_verification.txt; Input files updated by another job: Results/HSV2_gB/ORF_sequences/codon_temp.fasta, Results/HSV2_gB/nucleotide.fasta, Results/HSV2_gB/ORF_sequences/protein_temp.fasta
    wildcards: gene=HSV2_gB
    resources: tmpdir=/loc/scratch/62304981

Activating conda environment: .snakemake/conda/84a18f42b065166a46a10eaa8fcfc382_
Activating conda environment: .snakemake/conda/84a18f42b065166a46a10eaa8fcfc382_
Traceback (most recent call last):
  File "/fh/fast/bloom_j/computational_notebooks/ccarr/2024/Herpesvirus-Glycoprotein-Analysis/HSV2/.snakemake/scripts/tmpofpusq86.extracted_sequence_verification.py", line 125, in <module>
    main()
  File "/fh/fast/bloom_j/computational_notebooks/ccarr/2024/Herpesvirus-Glycoprotein-Analysis/HSV2/.snakemake/scripts/tmpofpusq86.extracted_sequence_verification.py", line 116, in main
    assert_num_orfs_match_sequences(
  File "/fh/fast/bloom_j/computational_notebooks/ccarr/2024/Herpesvirus-Glycoprotein-Analysis/HSV2/.snakemake/scripts/tmpofpusq86.extracted_sequence_verification.py", line 45, in assert_num_orfs_match_sequences
    assert len(protein_list) == len(codon_list), "Uneven protein and nucleotide ORFs detected!"
           ^^^^^^^^^^^^^^^^^^^^^^^^^^^^^^^^^^^^
AssertionError: Uneven protein and nucleotide ORFs detected!
RuleException:
CalledProcessError in file /fh/fast/bloom_j/computational_notebooks/ccarr/2024/Herpesvirus-Glycoprotein-Analysis/HSV2/Rules/extract_ORFs.smk, line 77:
Command 'source /home/ccarr/miniconda3/bin/activate '/fh/fast/bloom_j/computational_notebooks/ccarr/2024/Herpesvirus-Glycoprotein-Analysis/HSV2/.snakemake/conda/84a18f42b065166a46a10eaa8fcfc382_'; set -euo pipefail;  python /fh/fast/bloom_j/computational_notebooks/ccarr/2024/Herpesvirus-Glycoprotein-Analysis/HSV2/.snakemake/scripts/tmpofpusq86.extracted_sequence_verification.py' returned non-zero exit status 1.
[Sun Sep 15 15:40:18 2024]
Error in rule check_number_ORFs_found:
    jobid: 1
    input: Results/HSV2_gB/nucleotide.fasta, Results/HSV2_gB/ORF_sequences/protein_temp.fasta, Results/HSV2_gB/ORF_sequences/codon_temp.fasta
    output: Results/HSV2_gB/ORF_sequences/ORF_extraction_verification.txt
    conda-env: /fh/fast/bloom_j/computational_notebooks/ccarr/2024/Herpesvirus-Glycoprotein-Analysis/HSV2/.snakemake/conda/84a18f42b065166a46a10eaa8fcfc382_

Trying to restart job 1.
Select jobs to execute...
Execute 1 jobs...

[Sun Sep 15 15:40:18 2024]
localrule check_number_ORFs_found:
    input: Results/HSV2_gB/nucleotide.fasta, Results/HSV2_gB/ORF_sequences/protein_temp.fasta, Results/HSV2_gB/ORF_sequences/codon_temp.fasta
    output: Results/HSV2_gB/ORF_sequences/ORF_extraction_verification.txt
    jobid: 1
    reason: Missing output files: Results/HSV2_gB/ORF_sequences/ORF_extraction_verification.txt; Input files updated by another job: Results/HSV2_gB/ORF_sequences/codon_temp.fasta, Results/HSV2_gB/nucleotide.fasta, Results/HSV2_gB/ORF_sequences/protein_temp.fasta
    wildcards: gene=HSV2_gB
    resources: tmpdir=/loc/scratch/62304981

Activating conda environment: .snakemake/conda/84a18f42b065166a46a10eaa8fcfc382_
Activating conda environment: .snakemake/conda/84a18f42b065166a46a10eaa8fcfc382_
Traceback (most recent call last):
  File "/fh/fast/bloom_j/computational_notebooks/ccarr/2024/Herpesvirus-Glycoprotein-Analysis/HSV2/.snakemake/scripts/tmp8f8tju5t.extracted_sequence_verification.py", line 125, in <module>
    main()
  File "/fh/fast/bloom_j/computational_notebooks/ccarr/2024/Herpesvirus-Glycoprotein-Analysis/HSV2/.snakemake/scripts/tmp8f8tju5t.extracted_sequence_verification.py", line 116, in main
    assert_num_orfs_match_sequences(
  File "/fh/fast/bloom_j/computational_notebooks/ccarr/2024/Herpesvirus-Glycoprotein-Analysis/HSV2/.snakemake/scripts/tmp8f8tju5t.extracted_sequence_verification.py", line 45, in assert_num_orfs_match_sequences
    assert len(protein_list) == len(codon_list), "Uneven protein and nucleotide ORFs detected!"
           ^^^^^^^^^^^^^^^^^^^^^^^^^^^^^^^^^^^^
AssertionError: Uneven protein and nucleotide ORFs detected!
RuleException:
CalledProcessError in file /fh/fast/bloom_j/computational_notebooks/ccarr/2024/Herpesvirus-Glycoprotein-Analysis/HSV2/Rules/extract_ORFs.smk, line 77:
Command 'source /home/ccarr/miniconda3/bin/activate '/fh/fast/bloom_j/computational_notebooks/ccarr/2024/Herpesvirus-Glycoprotein-Analysis/HSV2/.snakemake/conda/84a18f42b065166a46a10eaa8fcfc382_'; set -euo pipefail;  python /fh/fast/bloom_j/computational_notebooks/ccarr/2024/Herpesvirus-Glycoprotein-Analysis/HSV2/.snakemake/scripts/tmp8f8tju5t.extracted_sequence_verification.py' returned non-zero exit status 1.
[Sun Sep 15 15:40:18 2024]
Error in rule check_number_ORFs_found:
    jobid: 1
    input: Results/HSV2_gB/nucleotide.fasta, Results/HSV2_gB/ORF_sequences/protein_temp.fasta, Results/HSV2_gB/ORF_sequences/codon_temp.fasta
    output: Results/HSV2_gB/ORF_sequences/ORF_extraction_verification.txt
    conda-env: /fh/fast/bloom_j/computational_notebooks/ccarr/2024/Herpesvirus-Glycoprotein-Analysis/HSV2/.snakemake/conda/84a18f42b065166a46a10eaa8fcfc382_

Trying to restart job 1.
Select jobs to execute...
Execute 1 jobs...

[Sun Sep 15 15:40:18 2024]
localrule check_number_ORFs_found:
    input: Results/HSV2_gB/nucleotide.fasta, Results/HSV2_gB/ORF_sequences/protein_temp.fasta, Results/HSV2_gB/ORF_sequences/codon_temp.fasta
    output: Results/HSV2_gB/ORF_sequences/ORF_extraction_verification.txt
    jobid: 1
    reason: Missing output files: Results/HSV2_gB/ORF_sequences/ORF_extraction_verification.txt; Input files updated by another job: Results/HSV2_gB/ORF_sequences/codon_temp.fasta, Results/HSV2_gB/nucleotide.fasta, Results/HSV2_gB/ORF_sequences/protein_temp.fasta
    wildcards: gene=HSV2_gB
    resources: tmpdir=/loc/scratch/62304981

Activating conda environment: .snakemake/conda/84a18f42b065166a46a10eaa8fcfc382_
Activating conda environment: .snakemake/conda/84a18f42b065166a46a10eaa8fcfc382_
Traceback (most recent call last):
  File "/fh/fast/bloom_j/computational_notebooks/ccarr/2024/Herpesvirus-Glycoprotein-Analysis/HSV2/.snakemake/scripts/tmpt52x_81_.extracted_sequence_verification.py", line 125, in <module>
    main()
  File "/fh/fast/bloom_j/computational_notebooks/ccarr/2024/Herpesvirus-Glycoprotein-Analysis/HSV2/.snakemake/scripts/tmpt52x_81_.extracted_sequence_verification.py", line 116, in main
    assert_num_orfs_match_sequences(
  File "/fh/fast/bloom_j/computational_notebooks/ccarr/2024/Herpesvirus-Glycoprotein-Analysis/HSV2/.snakemake/scripts/tmpt52x_81_.extracted_sequence_verification.py", line 45, in assert_num_orfs_match_sequences
    assert len(protein_list) == len(codon_list), "Uneven protein and nucleotide ORFs detected!"
           ^^^^^^^^^^^^^^^^^^^^^^^^^^^^^^^^^^^^
AssertionError: Uneven protein and nucleotide ORFs detected!
RuleException:
CalledProcessError in file /fh/fast/bloom_j/computational_notebooks/ccarr/2024/Herpesvirus-Glycoprotein-Analysis/HSV2/Rules/extract_ORFs.smk, line 77:
Command 'source /home/ccarr/miniconda3/bin/activate '/fh/fast/bloom_j/computational_notebooks/ccarr/2024/Herpesvirus-Glycoprotein-Analysis/HSV2/.snakemake/conda/84a18f42b065166a46a10eaa8fcfc382_'; set -euo pipefail;  python /fh/fast/bloom_j/computational_notebooks/ccarr/2024/Herpesvirus-Glycoprotein-Analysis/HSV2/.snakemake/scripts/tmpt52x_81_.extracted_sequence_verification.py' returned non-zero exit status 1.
[Sun Sep 15 15:40:19 2024]
Error in rule check_number_ORFs_found:
    jobid: 1
    input: Results/HSV2_gB/nucleotide.fasta, Results/HSV2_gB/ORF_sequences/protein_temp.fasta, Results/HSV2_gB/ORF_sequences/codon_temp.fasta
    output: Results/HSV2_gB/ORF_sequences/ORF_extraction_verification.txt
    conda-env: /fh/fast/bloom_j/computational_notebooks/ccarr/2024/Herpesvirus-Glycoprotein-Analysis/HSV2/.snakemake/conda/84a18f42b065166a46a10eaa8fcfc382_

Shutting down, this might take some time.
Exiting because a job execution failed. Look above for error message
Complete log: .snakemake/log/2024-09-15T111838.100154.snakemake.log
WorkflowError:
At least one job did not complete successfully.
