Running snakemake...
Assuming unrestricted shared filesystem usage.
Building DAG of jobs...
Using shell: /bin/bash
Provided cores: 16
Rules claiming more threads will be scaled down.
Job stats:
job                                count
-------------------------------  -------
align_protein_sequences                2
all                                    1
ancestral_tree_sequences               3
check_number_ORFs_found                2
colors                                 2
create_codon_alignment                 2
download_and_process_accessions        1
edit_codon_fasta_headers               2
edit_protein_fasta_headers             2
export_tree                            4
get_codon_sequences                    2
get_protein_sequences                  2
refine_tree_sequences                  3
root_and_remove_outgroup               3
strip_codon_alignment_gaps             2
strip_protein_alignment_gaps           2
traits_tree_sequences                  4
translate_tree_sequences               3
tree_sequences                         3
total                                 45

Select jobs to execute...
Execute 1 jobs...

[Mon Sep 16 13:39:28 2024]
localrule get_codon_sequences:
    input: Results/HSV2_gB/nucleotide.fasta
    output: Results/HSV2_gB/ORF_sequences/codon_temp.fasta
    log: Results/Logs/HSV2_gB/get_codon_sequences.txt
    jobid: 4
    reason: Missing output files: Results/HSV2_gB/ORF_sequences/codon_temp.fasta
    wildcards: gene=HSV2_gB
    resources: tmpdir=/loc/scratch/62459183

Activating conda environment: .snakemake/conda/84a18f42b065166a46a10eaa8fcfc382_
[Mon Sep 16 13:39:29 2024]
Finished job 4.
1 of 45 steps (2%) done
Select jobs to execute...
Execute 1 jobs...

[Mon Sep 16 13:39:29 2024]
localrule get_protein_sequences:
    input: Results/HSV2_gB/nucleotide.fasta
    output: Results/HSV2_gB/ORF_sequences/protein_temp.fasta
    log: Results/Logs/HSV2_gB/get_protein_sequences.txt
    jobid: 3
    reason: Missing output files: Results/HSV2_gB/ORF_sequences/protein_temp.fasta
    wildcards: gene=HSV2_gB
    resources: tmpdir=/loc/scratch/62459183

Activating conda environment: .snakemake/conda/84a18f42b065166a46a10eaa8fcfc382_
[Mon Sep 16 13:39:29 2024]
Finished job 3.
2 of 45 steps (4%) done
Select jobs to execute...
Execute 1 jobs...

[Mon Sep 16 13:39:29 2024]
localrule check_number_ORFs_found:
    input: Results/HSV2_gB/nucleotide.fasta, Results/HSV2_gB/ORF_sequences/protein_temp.fasta, Results/HSV2_gB/ORF_sequences/codon_temp.fasta
    output: Results/HSV2_gB/ORF_sequences/ORF_extraction_verification.txt
    jobid: 1
    reason: Missing output files: Results/HSV2_gB/ORF_sequences/ORF_extraction_verification.txt; Input files updated by another job: Results/HSV2_gB/ORF_sequences/codon_temp.fasta, Results/HSV2_gB/ORF_sequences/protein_temp.fasta
    wildcards: gene=HSV2_gB
    resources: tmpdir=/loc/scratch/62459183

Activating conda environment: .snakemake/conda/84a18f42b065166a46a10eaa8fcfc382_
Activating conda environment: .snakemake/conda/84a18f42b065166a46a10eaa8fcfc382_
[Mon Sep 16 13:39:31 2024]
Finished job 1.
3 of 45 steps (7%) done
Select jobs to execute...
Execute 1 jobs...

[Mon Sep 16 13:39:31 2024]
localrule edit_protein_fasta_headers:
    input: Results/HSV2_gB/ORF_sequences/protein_temp.fasta
    output: Results/HSV2_gB/ORF_sequences/protein.fasta
    log: Results/Logs/HSV2_gB/edit_protein_fasta_headers.txt
    jobid: 24
    reason: Missing output files: Results/HSV2_gB/ORF_sequences/protein.fasta; Input files updated by another job: Results/HSV2_gB/ORF_sequences/protein_temp.fasta
    wildcards: gene=HSV2_gB
    resources: tmpdir=/loc/scratch/62459183

Activating conda environment: .snakemake/conda/84a18f42b065166a46a10eaa8fcfc382_
Activating conda environment: .snakemake/conda/84a18f42b065166a46a10eaa8fcfc382_
[Mon Sep 16 13:39:33 2024]
Finished job 24.
4 of 45 steps (9%) done
Select jobs to execute...
Execute 1 jobs...

[Mon Sep 16 13:39:33 2024]
localrule edit_codon_fasta_headers:
    input: Results/HSV2_gB/ORF_sequences/codon_temp.fasta
    output: Results/HSV2_gB/ORF_sequences/codon.fasta
    log: Results/Logs/HSV2_gB/edit_codon_fasta_headers.txt
    jobid: 25
    reason: Missing output files: Results/HSV2_gB/ORF_sequences/codon.fasta; Input files updated by another job: Results/HSV2_gB/ORF_sequences/codon_temp.fasta
    wildcards: gene=HSV2_gB
    resources: tmpdir=/loc/scratch/62459183

Activating conda environment: .snakemake/conda/84a18f42b065166a46a10eaa8fcfc382_
Activating conda environment: .snakemake/conda/84a18f42b065166a46a10eaa8fcfc382_
[Mon Sep 16 13:39:34 2024]
Finished job 25.
5 of 45 steps (11%) done
Select jobs to execute...
Execute 1 jobs...

[Mon Sep 16 13:39:34 2024]
localrule download_and_process_accessions:
    input: Configure/Input_Data/all_HSV2_accessions_091524.txt
    output: Results/HSV2_gH/nucleotide.fasta, Results/HSV2_gH/metadata.tsv
    log: Results/Logs/HSV2_gH/download_and_process_accessions.txt
    jobid: 10
    reason: Missing output files: Results/HSV2_gH/nucleotide.fasta, Results/HSV2_gH/metadata.tsv
    wildcards: gene=HSV2_gH
    resources: tmpdir=/loc/scratch/62459183

Activating conda environment: .snakemake/conda/84a18f42b065166a46a10eaa8fcfc382_
Activating conda environment: .snakemake/conda/84a18f42b065166a46a10eaa8fcfc382_
[Mon Sep 16 15:00:03 2024]
Finished job 10.
6 of 45 steps (13%) done
Select jobs to execute...
Execute 1 jobs...

[Mon Sep 16 15:00:03 2024]
localrule colors:
    input: Configure/Input_Data/color_schemes.tsv, Configure/Input_Data/color_orderings.tsv, Results/HSV2_gH/metadata.tsv
    output: Results/HSV2_gH/Trees/colors.tsv
    jobid: 61
    reason: Missing output files: Results/HSV2_gH/Trees/colors.tsv; Input files updated by another job: Results/HSV2_gH/metadata.tsv
    wildcards: gene=HSV2_gH
    resources: tmpdir=/loc/scratch/62459183

Activating conda environment: .snakemake/conda/84a18f42b065166a46a10eaa8fcfc382_
[Mon Sep 16 15:00:09 2024]
Finished job 61.
7 of 45 steps (16%) done
Select jobs to execute...
Execute 1 jobs...

[Mon Sep 16 15:00:09 2024]
localrule get_codon_sequences:
    input: Results/HSV2_gH/nucleotide.fasta
    output: Results/HSV2_gH/ORF_sequences/codon_temp.fasta
    log: Results/Logs/HSV2_gH/get_codon_sequences.txt
    jobid: 12
    reason: Missing output files: Results/HSV2_gH/ORF_sequences/codon_temp.fasta; Input files updated by another job: Results/HSV2_gH/nucleotide.fasta
    wildcards: gene=HSV2_gH
    resources: tmpdir=/loc/scratch/62459183

Activating conda environment: .snakemake/conda/84a18f42b065166a46a10eaa8fcfc382_
[Mon Sep 16 15:00:09 2024]
Finished job 12.
8 of 45 steps (18%) done
Select jobs to execute...
Execute 1 jobs...

[Mon Sep 16 15:00:10 2024]
localrule edit_codon_fasta_headers:
    input: Results/HSV2_gH/ORF_sequences/codon_temp.fasta
    output: Results/HSV2_gH/ORF_sequences/codon.fasta
    log: Results/Logs/HSV2_gH/edit_codon_fasta_headers.txt
    jobid: 55
    reason: Missing output files: Results/HSV2_gH/ORF_sequences/codon.fasta; Input files updated by another job: Results/HSV2_gH/ORF_sequences/codon_temp.fasta
    wildcards: gene=HSV2_gH
    resources: tmpdir=/loc/scratch/62459183

Activating conda environment: .snakemake/conda/84a18f42b065166a46a10eaa8fcfc382_
Activating conda environment: .snakemake/conda/84a18f42b065166a46a10eaa8fcfc382_
[Mon Sep 16 15:00:12 2024]
Finished job 55.
9 of 45 steps (20%) done
Select jobs to execute...
Execute 1 jobs...

[Mon Sep 16 15:00:12 2024]
localrule colors:
    input: Configure/Input_Data/color_schemes.tsv, Configure/Input_Data/color_orderings.tsv, Results/HSV2_gB/metadata.tsv
    output: Results/HSV2_gB/Trees/colors.tsv
    jobid: 31
    reason: Missing output files: Results/HSV2_gB/Trees/colors.tsv
    wildcards: gene=HSV2_gB
    resources: tmpdir=/loc/scratch/62459183

Activating conda environment: .snakemake/conda/84a18f42b065166a46a10eaa8fcfc382_
[Mon Sep 16 15:00:13 2024]
Finished job 31.
10 of 45 steps (22%) done
Select jobs to execute...
Execute 1 jobs...

[Mon Sep 16 15:00:13 2024]
localrule get_protein_sequences:
    input: Results/HSV2_gH/nucleotide.fasta
    output: Results/HSV2_gH/ORF_sequences/protein_temp.fasta
    log: Results/Logs/HSV2_gH/get_protein_sequences.txt
    jobid: 11
    reason: Missing output files: Results/HSV2_gH/ORF_sequences/protein_temp.fasta; Input files updated by another job: Results/HSV2_gH/nucleotide.fasta
    wildcards: gene=HSV2_gH
    resources: tmpdir=/loc/scratch/62459183

Activating conda environment: .snakemake/conda/84a18f42b065166a46a10eaa8fcfc382_
[Mon Sep 16 15:00:13 2024]
Finished job 11.
11 of 45 steps (24%) done
Select jobs to execute...
Execute 1 jobs...

[Mon Sep 16 15:00:13 2024]
localrule edit_protein_fasta_headers:
    input: Results/HSV2_gH/ORF_sequences/protein_temp.fasta
    output: Results/HSV2_gH/ORF_sequences/protein.fasta
    log: Results/Logs/HSV2_gH/edit_protein_fasta_headers.txt
    jobid: 54
    reason: Missing output files: Results/HSV2_gH/ORF_sequences/protein.fasta; Input files updated by another job: Results/HSV2_gH/ORF_sequences/protein_temp.fasta
    wildcards: gene=HSV2_gH
    resources: tmpdir=/loc/scratch/62459183

Activating conda environment: .snakemake/conda/84a18f42b065166a46a10eaa8fcfc382_
Activating conda environment: .snakemake/conda/84a18f42b065166a46a10eaa8fcfc382_
[Mon Sep 16 15:00:14 2024]
Finished job 54.
12 of 45 steps (27%) done
Select jobs to execute...
Execute 1 jobs...

[Mon Sep 16 15:00:14 2024]
localrule check_number_ORFs_found:
    input: Results/HSV2_gH/nucleotide.fasta, Results/HSV2_gH/ORF_sequences/protein_temp.fasta, Results/HSV2_gH/ORF_sequences/codon_temp.fasta
    output: Results/HSV2_gH/ORF_sequences/ORF_extraction_verification.txt
    jobid: 9
    reason: Missing output files: Results/HSV2_gH/ORF_sequences/ORF_extraction_verification.txt; Input files updated by another job: Results/HSV2_gH/ORF_sequences/protein_temp.fasta, Results/HSV2_gH/ORF_sequences/codon_temp.fasta, Results/HSV2_gH/nucleotide.fasta
    wildcards: gene=HSV2_gH
    resources: tmpdir=/loc/scratch/62459183

Activating conda environment: .snakemake/conda/84a18f42b065166a46a10eaa8fcfc382_
Activating conda environment: .snakemake/conda/84a18f42b065166a46a10eaa8fcfc382_
[Mon Sep 16 15:00:14 2024]
Finished job 9.
13 of 45 steps (29%) done
Select jobs to execute...
Execute 1 jobs...

[Mon Sep 16 15:00:14 2024]
localrule align_protein_sequences:
    input: Results/HSV2_gH/ORF_sequences/protein.fasta
    output: Results/HSV2_gH/Alignments/protein.fasta
    log: Results/Logs/HSV2_gH/align_protein_sequences.txt
    jobid: 53
    reason: Missing output files: Results/HSV2_gH/Alignments/protein.fasta; Input files updated by another job: Results/HSV2_gH/ORF_sequences/protein.fasta
    wildcards: gene=HSV2_gH
    resources: tmpdir=/loc/scratch/62459183

Activating conda environment: .snakemake/conda/84a18f42b065166a46a10eaa8fcfc382_
[Mon Sep 16 15:01:12 2024]
Finished job 53.
14 of 45 steps (31%) done
Select jobs to execute...
Execute 1 jobs...

[Mon Sep 16 15:01:12 2024]
localrule create_codon_alignment:
    input: Results/HSV2_gH/Alignments/protein.fasta, Results/HSV2_gH/ORF_sequences/codon.fasta
    output: Results/HSV2_gH/Alignments/codon.fasta
    log: Results/Logs/HSV2_gH/create_codon_alignment.txt
    jobid: 52
    reason: Missing output files: Results/HSV2_gH/Alignments/codon.fasta; Input files updated by another job: Results/HSV2_gH/ORF_sequences/codon.fasta, Results/HSV2_gH/Alignments/protein.fasta
    wildcards: gene=HSV2_gH
    resources: tmpdir=/loc/scratch/62459183

Activating conda environment: .snakemake/conda/84a18f42b065166a46a10eaa8fcfc382_
Activating conda environment: .snakemake/conda/84a18f42b065166a46a10eaa8fcfc382_
[Mon Sep 16 15:01:14 2024]
Finished job 52.
15 of 45 steps (33%) done
Select jobs to execute...
Execute 1 jobs...

[Mon Sep 16 15:01:14 2024]
localrule strip_codon_alignment_gaps:
    input: Results/HSV2_gH/Alignments/codon.fasta
    output: Results/HSV2_gH/Alignments/codon_ungapped.fasta
    log: Results/Logs/HSV2_gH/strip_codon_alignment_gaps.txt
    jobid: 51
    reason: Missing output files: Results/HSV2_gH/Alignments/codon_ungapped.fasta; Input files updated by another job: Results/HSV2_gH/Alignments/codon.fasta
    wildcards: gene=HSV2_gH
    resources: tmpdir=/loc/scratch/62459183

Activating conda environment: .snakemake/conda/84a18f42b065166a46a10eaa8fcfc382_
Activating conda environment: .snakemake/conda/84a18f42b065166a46a10eaa8fcfc382_
[Mon Sep 16 15:01:15 2024]
Finished job 51.
16 of 45 steps (36%) done
Select jobs to execute...
Execute 1 jobs...

[Mon Sep 16 15:01:15 2024]
localrule tree_sequences:
    input: Results/HSV2_gH/Alignments/codon_ungapped.fasta
    output: Results/HSV2_gH/Trees/tree_raw.nwk
    log: Results/Logs/HSV2_gH/tree_sequences.txt
    jobid: 50
    reason: Missing output files: Results/HSV2_gH/Trees/tree_raw.nwk; Input files updated by another job: Results/HSV2_gH/Alignments/codon_ungapped.fasta
    wildcards: gene=HSV2_gH
    resources: tmpdir=/loc/scratch/62459183

Activating conda environment: .snakemake/conda/84a18f42b065166a46a10eaa8fcfc382_
[Mon Sep 16 15:01:23 2024]
Finished job 50.
17 of 45 steps (38%) done
Select jobs to execute...
Execute 1 jobs...

[Mon Sep 16 15:01:23 2024]
localrule strip_protein_alignment_gaps:
    input: Results/HSV2_gH/Alignments/protein.fasta
    output: Results/HSV2_gH/Alignments/protein_ungapped.fasta
    log: Results/Logs/HSV2_gH/strip_protein_alignment_gaps.txt
    jobid: 56
    reason: Missing output files: Results/HSV2_gH/Alignments/protein_ungapped.fasta; Input files updated by another job: Results/HSV2_gH/Alignments/protein.fasta
    wildcards: gene=HSV2_gH
    resources: tmpdir=/loc/scratch/62459183

Activating conda environment: .snakemake/conda/84a18f42b065166a46a10eaa8fcfc382_
Activating conda environment: .snakemake/conda/84a18f42b065166a46a10eaa8fcfc382_
[Mon Sep 16 15:01:24 2024]
Finished job 56.
18 of 45 steps (40%) done
Select jobs to execute...
Execute 1 jobs...

[Mon Sep 16 15:01:25 2024]
localrule root_and_remove_outgroup:
    input: Results/HSV2_gH/Trees/tree_raw.nwk, Results/HSV2_gH/Alignments/protein_ungapped.fasta, Results/HSV2_gH/Alignments/codon_ungapped.fasta
    output: Results/HSV2_gH/Trees/tree_no_outgroup.nwk, Results/HSV2_gH/Alignments/protein_ungapped_no_outgroup.fasta, Results/HSV2_gH/Alignments/codon_ungapped_no_outgroup.fasta
    log: Results/Logs/HSV2_gH/root_and_remove_outgroup.txt
    jobid: 49
    reason: Missing output files: Results/HSV2_gH/Trees/tree_no_outgroup.nwk, Results/HSV2_gH/Alignments/codon_ungapped_no_outgroup.fasta; Input files updated by another job: Results/HSV2_gH/Alignments/protein_ungapped.fasta, Results/HSV2_gH/Alignments/codon_ungapped.fasta, Results/HSV2_gH/Trees/tree_raw.nwk
    wildcards: gene=HSV2_gH
    resources: tmpdir=/loc/scratch/62459183

Activating conda environment: .snakemake/conda/84a18f42b065166a46a10eaa8fcfc382_
Activating conda environment: .snakemake/conda/84a18f42b065166a46a10eaa8fcfc382_
[Mon Sep 16 15:01:25 2024]
Finished job 49.
19 of 45 steps (42%) done
Select jobs to execute...
Execute 1 jobs...

[Mon Sep 16 15:01:25 2024]
localrule refine_tree_sequences:
    input: Results/HSV2_gH/Alignments/codon_ungapped_no_outgroup.fasta, Results/HSV2_gH/Trees/tree_no_outgroup.nwk, Results/HSV2_gH/metadata.tsv
    output: Results/HSV2_gH/Trees/tree.nwk, Results/HSV2_gH/Trees/tree_branch_lengths.json
    log: Results/Logs/HSV2_gH/refine_tree_sequences.txt
    jobid: 48
    reason: Missing output files: Results/HSV2_gH/Trees/tree_branch_lengths.json, Results/HSV2_gH/Trees/tree.nwk; Input files updated by another job: Results/HSV2_gH/Trees/tree_no_outgroup.nwk, Results/HSV2_gH/Alignments/codon_ungapped_no_outgroup.fasta, Results/HSV2_gH/metadata.tsv
    wildcards: gene=HSV2_gH
    resources: tmpdir=/loc/scratch/62459183

Activating conda environment: .snakemake/conda/84a18f42b065166a46a10eaa8fcfc382_
[Mon Sep 16 15:01:28 2024]
Finished job 48.
20 of 45 steps (44%) done
Select jobs to execute...
Execute 1 jobs...

[Mon Sep 16 15:01:28 2024]
localrule ancestral_tree_sequences:
    input: Results/HSV2_gH/Trees/tree.nwk, Results/HSV2_gH/Alignments/codon_ungapped_no_outgroup.fasta
    output: Results/HSV2_gH/Trees/tree_muts.json
    log: Results/Logs/HSV2_gH/ancestral_tree_sequences.txt
    jobid: 58
    reason: Missing output files: Results/HSV2_gH/Trees/tree_muts.json; Input files updated by another job: Results/HSV2_gH/Alignments/codon_ungapped_no_outgroup.fasta, Results/HSV2_gH/Trees/tree.nwk
    wildcards: gene=HSV2_gH
    resources: tmpdir=/loc/scratch/62459183

Activating conda environment: .snakemake/conda/84a18f42b065166a46a10eaa8fcfc382_
[Mon Sep 16 15:01:30 2024]
Finished job 58.
21 of 45 steps (47%) done
Select jobs to execute...
Execute 1 jobs...

[Mon Sep 16 15:01:30 2024]
localrule translate_tree_sequences:
    input: Results/HSV2_gH/Trees/tree.nwk, Results/HSV2_gH/Trees/tree_muts.json, Results/HSV2_gH/HSV2_gH_reference.gb
    output: Results/HSV2_gH/Trees/tree_aa_muts.json, Results/HSV2_gH/Augur_AA_Alignements/HSV2_gH.fasta
    log: Results/Logs/HSV2_gH/translate_tree_sequences.txt
    jobid: 59
    reason: Missing output files: Results/HSV2_gH/Trees/tree_aa_muts.json; Input files updated by another job: Results/HSV2_gH/Trees/tree_muts.json, Results/HSV2_gH/Trees/tree.nwk
    wildcards: gene=HSV2_gH
    resources: tmpdir=/loc/scratch/62459183

Activating conda environment: .snakemake/conda/84a18f42b065166a46a10eaa8fcfc382_
[Mon Sep 16 15:01:32 2024]
Finished job 59.
22 of 45 steps (49%) done
Select jobs to execute...
Execute 1 jobs...

[Mon Sep 16 15:01:32 2024]
localrule traits_tree_sequences:
    input: Results/HSV2_gH/Trees/tree.nwk, Results/HSV2_gH/metadata.tsv
    output: Results/HSV2_gH/Trees/tree_traits.json
    log: Results/Logs/HSV2_gH/traits_tree_sequences.txt
    jobid: 57
    reason: Missing output files: Results/HSV2_gH/Trees/tree_traits.json; Input files updated by another job: Results/HSV2_gH/Trees/tree.nwk, Results/HSV2_gH/metadata.tsv
    wildcards: gene=HSV2_gH
    resources: tmpdir=/loc/scratch/62459183

Activating conda environment: .snakemake/conda/84a18f42b065166a46a10eaa8fcfc382_
[Mon Sep 16 15:01:37 2024]
Finished job 57.
23 of 45 steps (51%) done
Select jobs to execute...
Execute 1 jobs...

[Mon Sep 16 15:01:37 2024]
localrule export_tree:
    input: Results/HSV2_gH/Trees/tree.nwk, Results/HSV2_gH/metadata.tsv, Results/HSV2_gH/Trees/tree_branch_lengths.json, Results/HSV2_gH/Trees/tree_traits.json, Results/HSV2_gH/Trees/tree_muts.json, Results/HSV2_gH/Trees/tree_aa_muts.json, Configure/Input_Data/auspice_config.json, Results/HSV2_gH/Trees/colors.tsv, Configure/Input_Data/lat_longs.tsv
    output: auspice/Herpesvirus-Glycoprotein-Analysis_HSV2_gH.json
    jobid: 47
    reason: Missing output files: auspice/Herpesvirus-Glycoprotein-Analysis_HSV2_gH.json; Input files updated by another job: Results/HSV2_gH/Trees/tree_aa_muts.json, Results/HSV2_gH/Trees/tree_muts.json, Results/HSV2_gH/Trees/tree_traits.json, Results/HSV2_gH/Trees/colors.tsv, Results/HSV2_gH/Trees/tree_branch_lengths.json, Results/HSV2_gH/Trees/tree.nwk, Results/HSV2_gH/metadata.tsv
    wildcards: gene=HSV2_gH
    resources: tmpdir=/loc/scratch/62459183

Activating conda environment: .snakemake/conda/84a18f42b065166a46a10eaa8fcfc382_
WARNING: You've supplied a colors file with information for virus but none of the values found on the tree had associated colors. Auspice will generate its own color scale for this trait.

Validating schema of 'Results/HSV2_gH/Trees/tree_muts.json'...
Validating schema of 'Results/HSV2_gH/Trees/tree_aa_muts.json'...
Validating config file Configure/Input_Data/auspice_config.json against the JSON schema
Validating schema of 'Configure/Input_Data/auspice_config.json'...
Validating produced JSON
Validating schema of 'auspice/Herpesvirus-Glycoprotein-Analysis_HSV2_gH.json'...
Validating that the JSON is internally consistent...
Validation of 'auspice/Herpesvirus-Glycoprotein-Analysis_HSV2_gH.json' succeeded.

[Mon Sep 16 15:01:39 2024]
Finished job 47.
24 of 45 steps (53%) done
Select jobs to execute...
Execute 1 jobs...

[Mon Sep 16 15:01:39 2024]
localrule tree_sequences:
    input: Results/HSV2_gL/Alignments/codon_ungapped.fasta
    output: Results/HSV2_gL/Trees/tree_raw.nwk
    log: Results/Logs/HSV2_gL/tree_sequences.txt
    jobid: 65
    reason: Missing output files: Results/HSV2_gL/Trees/tree_raw.nwk
    wildcards: gene=HSV2_gL
    resources: tmpdir=/loc/scratch/62459183

Activating conda environment: .snakemake/conda/84a18f42b065166a46a10eaa8fcfc382_
[Mon Sep 16 15:01:42 2024]
Finished job 65.
25 of 45 steps (56%) done
Select jobs to execute...
Execute 1 jobs...

[Mon Sep 16 15:01:42 2024]
localrule root_and_remove_outgroup:
    input: Results/HSV2_gL/Trees/tree_raw.nwk, Results/HSV2_gL/Alignments/protein_ungapped.fasta, Results/HSV2_gL/Alignments/codon_ungapped.fasta
    output: Results/HSV2_gL/Trees/tree_no_outgroup.nwk, Results/HSV2_gL/Alignments/protein_ungapped_no_outgroup.fasta, Results/HSV2_gL/Alignments/codon_ungapped_no_outgroup.fasta
    log: Results/Logs/HSV2_gL/root_and_remove_outgroup.txt
    jobid: 64
    reason: Missing output files: Results/HSV2_gL/Trees/tree_no_outgroup.nwk, Results/HSV2_gL/Alignments/codon_ungapped_no_outgroup.fasta; Input files updated by another job: Results/HSV2_gL/Trees/tree_raw.nwk
    wildcards: gene=HSV2_gL
    resources: tmpdir=/loc/scratch/62459183

Activating conda environment: .snakemake/conda/84a18f42b065166a46a10eaa8fcfc382_
Activating conda environment: .snakemake/conda/84a18f42b065166a46a10eaa8fcfc382_
[Mon Sep 16 15:01:43 2024]
Finished job 64.
26 of 45 steps (58%) done
Select jobs to execute...
Execute 1 jobs...

[Mon Sep 16 15:01:43 2024]
localrule refine_tree_sequences:
    input: Results/HSV2_gL/Alignments/codon_ungapped_no_outgroup.fasta, Results/HSV2_gL/Trees/tree_no_outgroup.nwk, Results/HSV2_gL/metadata.tsv
    output: Results/HSV2_gL/Trees/tree.nwk, Results/HSV2_gL/Trees/tree_branch_lengths.json
    log: Results/Logs/HSV2_gL/refine_tree_sequences.txt
    jobid: 63
    reason: Missing output files: Results/HSV2_gL/Trees/tree_branch_lengths.json, Results/HSV2_gL/Trees/tree.nwk; Input files updated by another job: Results/HSV2_gL/Trees/tree_no_outgroup.nwk, Results/HSV2_gL/Alignments/codon_ungapped_no_outgroup.fasta
    wildcards: gene=HSV2_gL
    resources: tmpdir=/loc/scratch/62459183

Activating conda environment: .snakemake/conda/84a18f42b065166a46a10eaa8fcfc382_
[Mon Sep 16 15:01:45 2024]
Finished job 63.
27 of 45 steps (60%) done
Select jobs to execute...
Execute 1 jobs...

[Mon Sep 16 15:01:45 2024]
localrule ancestral_tree_sequences:
    input: Results/HSV2_gL/Trees/tree.nwk, Results/HSV2_gL/Alignments/codon_ungapped_no_outgroup.fasta
    output: Results/HSV2_gL/Trees/tree_muts.json
    log: Results/Logs/HSV2_gL/ancestral_tree_sequences.txt
    jobid: 73
    reason: Missing output files: Results/HSV2_gL/Trees/tree_muts.json; Input files updated by another job: Results/HSV2_gL/Trees/tree.nwk, Results/HSV2_gL/Alignments/codon_ungapped_no_outgroup.fasta
    wildcards: gene=HSV2_gL
    resources: tmpdir=/loc/scratch/62459183

Activating conda environment: .snakemake/conda/84a18f42b065166a46a10eaa8fcfc382_
[Mon Sep 16 15:01:47 2024]
Finished job 73.
28 of 45 steps (62%) done
Select jobs to execute...
Execute 1 jobs...

[Mon Sep 16 15:01:47 2024]
localrule translate_tree_sequences:
    input: Results/HSV2_gL/Trees/tree.nwk, Results/HSV2_gL/Trees/tree_muts.json, Results/HSV2_gL/HSV2_gL_reference.gb
    output: Results/HSV2_gL/Trees/tree_aa_muts.json, Results/HSV2_gL/Augur_AA_Alignements/HSV2_gL.fasta
    log: Results/Logs/HSV2_gL/translate_tree_sequences.txt
    jobid: 74
    reason: Missing output files: Results/HSV2_gL/Trees/tree_aa_muts.json; Input files updated by another job: Results/HSV2_gL/Trees/tree.nwk, Results/HSV2_gL/Trees/tree_muts.json
    wildcards: gene=HSV2_gL
    resources: tmpdir=/loc/scratch/62459183

Activating conda environment: .snakemake/conda/84a18f42b065166a46a10eaa8fcfc382_
[Mon Sep 16 15:01:48 2024]
Finished job 74.
29 of 45 steps (64%) done
Select jobs to execute...
Execute 1 jobs...

[Mon Sep 16 15:01:49 2024]
localrule traits_tree_sequences:
    input: Results/HSV2_gL/Trees/tree.nwk, Results/HSV2_gL/metadata.tsv
    output: Results/HSV2_gL/Trees/tree_traits.json
    log: Results/Logs/HSV2_gL/traits_tree_sequences.txt
    jobid: 72
    reason: Missing output files: Results/HSV2_gL/Trees/tree_traits.json; Input files updated by another job: Results/HSV2_gL/Trees/tree.nwk
    wildcards: gene=HSV2_gL
    resources: tmpdir=/loc/scratch/62459183

Activating conda environment: .snakemake/conda/84a18f42b065166a46a10eaa8fcfc382_
[Mon Sep 16 15:01:51 2024]
Finished job 72.
30 of 45 steps (67%) done
Select jobs to execute...
Execute 1 jobs...

[Mon Sep 16 15:01:51 2024]
localrule export_tree:
    input: Results/HSV2_gL/Trees/tree.nwk, Results/HSV2_gL/metadata.tsv, Results/HSV2_gL/Trees/tree_branch_lengths.json, Results/HSV2_gL/Trees/tree_traits.json, Results/HSV2_gL/Trees/tree_muts.json, Results/HSV2_gL/Trees/tree_aa_muts.json, Configure/Input_Data/auspice_config.json, Results/HSV2_gL/Trees/colors.tsv, Configure/Input_Data/lat_longs.tsv
    output: auspice/Herpesvirus-Glycoprotein-Analysis_HSV2_gL.json
    jobid: 62
    reason: Missing output files: auspice/Herpesvirus-Glycoprotein-Analysis_HSV2_gL.json; Input files updated by another job: Results/HSV2_gL/Trees/tree_traits.json, Results/HSV2_gL/Trees/tree_aa_muts.json, Results/HSV2_gL/Trees/tree.nwk, Results/HSV2_gL/Trees/tree_branch_lengths.json, Results/HSV2_gL/Trees/tree_muts.json
    wildcards: gene=HSV2_gL
    resources: tmpdir=/loc/scratch/62459183

Activating conda environment: .snakemake/conda/84a18f42b065166a46a10eaa8fcfc382_
WARNING: You've supplied a colors file with information for virus but none of the values found on the tree had associated colors. Auspice will generate its own color scale for this trait.

Validating schema of 'Results/HSV2_gL/Trees/tree_muts.json'...
Validating schema of 'Results/HSV2_gL/Trees/tree_aa_muts.json'...
Validating config file Configure/Input_Data/auspice_config.json against the JSON schema
Validating schema of 'Configure/Input_Data/auspice_config.json'...
Validating produced JSON
Validating schema of 'auspice/Herpesvirus-Glycoprotein-Analysis_HSV2_gL.json'...
Validating that the JSON is internally consistent...
Validation of 'auspice/Herpesvirus-Glycoprotein-Analysis_HSV2_gL.json' succeeded.

[Mon Sep 16 15:01:53 2024]
Finished job 62.
31 of 45 steps (69%) done
Select jobs to execute...
Execute 1 jobs...

[Mon Sep 16 15:01:53 2024]
localrule traits_tree_sequences:
    input: Results/HSV2_gD/Trees/tree.nwk, Results/HSV2_gD/metadata.tsv
    output: Results/HSV2_gD/Trees/tree_traits.json
    log: Results/Logs/HSV2_gD/traits_tree_sequences.txt
    jobid: 42
    reason: Missing output files: Results/HSV2_gD/Trees/tree_traits.json
    wildcards: gene=HSV2_gD
    resources: tmpdir=/loc/scratch/62459183

Activating conda environment: .snakemake/conda/84a18f42b065166a46a10eaa8fcfc382_
[Mon Sep 16 15:01:56 2024]
Finished job 42.
32 of 45 steps (71%) done
Select jobs to execute...
Execute 1 jobs...

[Mon Sep 16 15:01:56 2024]
localrule align_protein_sequences:
    input: Results/HSV2_gB/ORF_sequences/protein.fasta
    output: Results/HSV2_gB/Alignments/protein.fasta
    log: Results/Logs/HSV2_gB/align_protein_sequences.txt
    jobid: 23
    reason: Missing output files: Results/HSV2_gB/Alignments/protein.fasta; Input files updated by another job: Results/HSV2_gB/ORF_sequences/protein.fasta
    wildcards: gene=HSV2_gB
    resources: tmpdir=/loc/scratch/62459183

Activating conda environment: .snakemake/conda/84a18f42b065166a46a10eaa8fcfc382_
[Mon Sep 16 15:03:55 2024]
Finished job 23.
33 of 45 steps (73%) done
Select jobs to execute...
Execute 1 jobs...

[Mon Sep 16 15:03:55 2024]
localrule export_tree:
    input: Results/HSV2_gD/Trees/tree.nwk, Results/HSV2_gD/metadata.tsv, Results/HSV2_gD/Trees/tree_branch_lengths.json, Results/HSV2_gD/Trees/tree_traits.json, Results/HSV2_gD/Trees/tree_muts.json, Results/HSV2_gD/Trees/tree_aa_muts.json, Configure/Input_Data/auspice_config.json, Results/HSV2_gD/Trees/colors.tsv, Configure/Input_Data/lat_longs.tsv
    output: auspice/Herpesvirus-Glycoprotein-Analysis_HSV2_gD.json
    jobid: 32
    reason: Missing output files: auspice/Herpesvirus-Glycoprotein-Analysis_HSV2_gD.json; Input files updated by another job: Results/HSV2_gD/Trees/tree_traits.json
    wildcards: gene=HSV2_gD
    resources: tmpdir=/loc/scratch/62459183

Activating conda environment: .snakemake/conda/84a18f42b065166a46a10eaa8fcfc382_
WARNING: You've supplied a colors file with information for virus but none of the values found on the tree had associated colors. Auspice will generate its own color scale for this trait.

Validating schema of 'Results/HSV2_gD/Trees/tree_muts.json'...
Validating schema of 'Results/HSV2_gD/Trees/tree_aa_muts.json'...
Validating config file Configure/Input_Data/auspice_config.json against the JSON schema
Validating schema of 'Configure/Input_Data/auspice_config.json'...
Validating produced JSON
Validating schema of 'auspice/Herpesvirus-Glycoprotein-Analysis_HSV2_gD.json'...
Validating that the JSON is internally consistent...
Validation of 'auspice/Herpesvirus-Glycoprotein-Analysis_HSV2_gD.json' succeeded.

[Mon Sep 16 15:03:58 2024]
Finished job 32.
34 of 45 steps (76%) done
Select jobs to execute...
Execute 1 jobs...

[Mon Sep 16 15:03:58 2024]
localrule create_codon_alignment:
    input: Results/HSV2_gB/Alignments/protein.fasta, Results/HSV2_gB/ORF_sequences/codon.fasta
    output: Results/HSV2_gB/Alignments/codon.fasta
    log: Results/Logs/HSV2_gB/create_codon_alignment.txt
    jobid: 22
    reason: Missing output files: Results/HSV2_gB/Alignments/codon.fasta; Input files updated by another job: Results/HSV2_gB/Alignments/protein.fasta, Results/HSV2_gB/ORF_sequences/codon.fasta
    wildcards: gene=HSV2_gB
    resources: tmpdir=/loc/scratch/62459183

Activating conda environment: .snakemake/conda/84a18f42b065166a46a10eaa8fcfc382_
Activating conda environment: .snakemake/conda/84a18f42b065166a46a10eaa8fcfc382_
[Mon Sep 16 15:03:59 2024]
Finished job 22.
35 of 45 steps (78%) done
Select jobs to execute...
Execute 1 jobs...

[Mon Sep 16 15:03:59 2024]
localrule strip_protein_alignment_gaps:
    input: Results/HSV2_gB/Alignments/protein.fasta
    output: Results/HSV2_gB/Alignments/protein_ungapped.fasta
    log: Results/Logs/HSV2_gB/strip_protein_alignment_gaps.txt
    jobid: 26
    reason: Missing output files: Results/HSV2_gB/Alignments/protein_ungapped.fasta; Input files updated by another job: Results/HSV2_gB/Alignments/protein.fasta
    wildcards: gene=HSV2_gB
    resources: tmpdir=/loc/scratch/62459183

Activating conda environment: .snakemake/conda/84a18f42b065166a46a10eaa8fcfc382_
Activating conda environment: .snakemake/conda/84a18f42b065166a46a10eaa8fcfc382_
[Mon Sep 16 15:04:00 2024]
Finished job 26.
36 of 45 steps (80%) done
Select jobs to execute...
Execute 1 jobs...

[Mon Sep 16 15:04:00 2024]
localrule strip_codon_alignment_gaps:
    input: Results/HSV2_gB/Alignments/codon.fasta
    output: Results/HSV2_gB/Alignments/codon_ungapped.fasta
    log: Results/Logs/HSV2_gB/strip_codon_alignment_gaps.txt
    jobid: 21
    reason: Missing output files: Results/HSV2_gB/Alignments/codon_ungapped.fasta; Input files updated by another job: Results/HSV2_gB/Alignments/codon.fasta
    wildcards: gene=HSV2_gB
    resources: tmpdir=/loc/scratch/62459183

Activating conda environment: .snakemake/conda/84a18f42b065166a46a10eaa8fcfc382_
Activating conda environment: .snakemake/conda/84a18f42b065166a46a10eaa8fcfc382_
[Mon Sep 16 15:04:01 2024]
Finished job 21.
37 of 45 steps (82%) done
Select jobs to execute...
Execute 1 jobs...

[Mon Sep 16 15:04:01 2024]
localrule tree_sequences:
    input: Results/HSV2_gB/Alignments/codon_ungapped.fasta
    output: Results/HSV2_gB/Trees/tree_raw.nwk
    log: Results/Logs/HSV2_gB/tree_sequences.txt
    jobid: 20
    reason: Missing output files: Results/HSV2_gB/Trees/tree_raw.nwk; Input files updated by another job: Results/HSV2_gB/Alignments/codon_ungapped.fasta
    wildcards: gene=HSV2_gB
    resources: tmpdir=/loc/scratch/62459183

Activating conda environment: .snakemake/conda/84a18f42b065166a46a10eaa8fcfc382_
[Mon Sep 16 15:04:04 2024]
Finished job 20.
38 of 45 steps (84%) done
Select jobs to execute...
Execute 1 jobs...

[Mon Sep 16 15:04:04 2024]
localrule root_and_remove_outgroup:
    input: Results/HSV2_gB/Trees/tree_raw.nwk, Results/HSV2_gB/Alignments/protein_ungapped.fasta, Results/HSV2_gB/Alignments/codon_ungapped.fasta
    output: Results/HSV2_gB/Trees/tree_no_outgroup.nwk, Results/HSV2_gB/Alignments/protein_ungapped_no_outgroup.fasta, Results/HSV2_gB/Alignments/codon_ungapped_no_outgroup.fasta
    log: Results/Logs/HSV2_gB/root_and_remove_outgroup.txt
    jobid: 19
    reason: Missing output files: Results/HSV2_gB/Trees/tree_no_outgroup.nwk, Results/HSV2_gB/Alignments/codon_ungapped_no_outgroup.fasta; Input files updated by another job: Results/HSV2_gB/Trees/tree_raw.nwk, Results/HSV2_gB/Alignments/protein_ungapped.fasta, Results/HSV2_gB/Alignments/codon_ungapped.fasta
    wildcards: gene=HSV2_gB
    resources: tmpdir=/loc/scratch/62459183

Activating conda environment: .snakemake/conda/84a18f42b065166a46a10eaa8fcfc382_
Activating conda environment: .snakemake/conda/84a18f42b065166a46a10eaa8fcfc382_
[Mon Sep 16 15:04:05 2024]
Finished job 19.
39 of 45 steps (87%) done
Select jobs to execute...
Execute 1 jobs...

[Mon Sep 16 15:04:05 2024]
localrule refine_tree_sequences:
    input: Results/HSV2_gB/Alignments/codon_ungapped_no_outgroup.fasta, Results/HSV2_gB/Trees/tree_no_outgroup.nwk, Results/HSV2_gB/metadata.tsv
    output: Results/HSV2_gB/Trees/tree.nwk, Results/HSV2_gB/Trees/tree_branch_lengths.json
    log: Results/Logs/HSV2_gB/refine_tree_sequences.txt
    jobid: 18
    reason: Missing output files: Results/HSV2_gB/Trees/tree.nwk, Results/HSV2_gB/Trees/tree_branch_lengths.json; Input files updated by another job: Results/HSV2_gB/Trees/tree_no_outgroup.nwk, Results/HSV2_gB/Alignments/codon_ungapped_no_outgroup.fasta
    wildcards: gene=HSV2_gB
    resources: tmpdir=/loc/scratch/62459183

Activating conda environment: .snakemake/conda/84a18f42b065166a46a10eaa8fcfc382_
[Mon Sep 16 15:04:07 2024]
Finished job 18.
40 of 45 steps (89%) done
Select jobs to execute...
Execute 1 jobs...

[Mon Sep 16 15:04:07 2024]
localrule traits_tree_sequences:
    input: Results/HSV2_gB/Trees/tree.nwk, Results/HSV2_gB/metadata.tsv
    output: Results/HSV2_gB/Trees/tree_traits.json
    log: Results/Logs/HSV2_gB/traits_tree_sequences.txt
    jobid: 27
    reason: Missing output files: Results/HSV2_gB/Trees/tree_traits.json; Input files updated by another job: Results/HSV2_gB/Trees/tree.nwk
    wildcards: gene=HSV2_gB
    resources: tmpdir=/loc/scratch/62459183

Activating conda environment: .snakemake/conda/84a18f42b065166a46a10eaa8fcfc382_
[Mon Sep 16 15:04:13 2024]
Finished job 27.
41 of 45 steps (91%) done
Select jobs to execute...
Execute 1 jobs...

[Mon Sep 16 15:04:13 2024]
localrule ancestral_tree_sequences:
    input: Results/HSV2_gB/Trees/tree.nwk, Results/HSV2_gB/Alignments/codon_ungapped_no_outgroup.fasta
    output: Results/HSV2_gB/Trees/tree_muts.json
    log: Results/Logs/HSV2_gB/ancestral_tree_sequences.txt
    jobid: 28
    reason: Missing output files: Results/HSV2_gB/Trees/tree_muts.json; Input files updated by another job: Results/HSV2_gB/Alignments/codon_ungapped_no_outgroup.fasta, Results/HSV2_gB/Trees/tree.nwk
    wildcards: gene=HSV2_gB
    resources: tmpdir=/loc/scratch/62459183

Activating conda environment: .snakemake/conda/84a18f42b065166a46a10eaa8fcfc382_
[Mon Sep 16 15:04:15 2024]
Finished job 28.
42 of 45 steps (93%) done
Select jobs to execute...
Execute 1 jobs...

[Mon Sep 16 15:04:15 2024]
localrule translate_tree_sequences:
    input: Results/HSV2_gB/Trees/tree.nwk, Results/HSV2_gB/Trees/tree_muts.json, Results/HSV2_gB/HSV2_gB_reference.gb
    output: Results/HSV2_gB/Trees/tree_aa_muts.json, Results/HSV2_gB/Augur_AA_Alignements/HSV2_gB.fasta
    log: Results/Logs/HSV2_gB/translate_tree_sequences.txt
    jobid: 29
    reason: Missing output files: Results/HSV2_gB/Trees/tree_aa_muts.json; Input files updated by another job: Results/HSV2_gB/Trees/tree_muts.json, Results/HSV2_gB/Trees/tree.nwk
    wildcards: gene=HSV2_gB
    resources: tmpdir=/loc/scratch/62459183

Activating conda environment: .snakemake/conda/84a18f42b065166a46a10eaa8fcfc382_
[Mon Sep 16 15:04:17 2024]
Finished job 29.
43 of 45 steps (96%) done
Select jobs to execute...
Execute 1 jobs...

[Mon Sep 16 15:04:17 2024]
localrule export_tree:
    input: Results/HSV2_gB/Trees/tree.nwk, Results/HSV2_gB/metadata.tsv, Results/HSV2_gB/Trees/tree_branch_lengths.json, Results/HSV2_gB/Trees/tree_traits.json, Results/HSV2_gB/Trees/tree_muts.json, Results/HSV2_gB/Trees/tree_aa_muts.json, Configure/Input_Data/auspice_config.json, Results/HSV2_gB/Trees/colors.tsv, Configure/Input_Data/lat_longs.tsv
    output: auspice/Herpesvirus-Glycoprotein-Analysis_HSV2_gB.json
    jobid: 17
    reason: Missing output files: auspice/Herpesvirus-Glycoprotein-Analysis_HSV2_gB.json; Input files updated by another job: Results/HSV2_gB/Trees/tree_muts.json, Results/HSV2_gB/Trees/tree_traits.json, Results/HSV2_gB/Trees/tree_branch_lengths.json, Results/HSV2_gB/Trees/tree_aa_muts.json, Results/HSV2_gB/Trees/colors.tsv, Results/HSV2_gB/Trees/tree.nwk
    wildcards: gene=HSV2_gB
    resources: tmpdir=/loc/scratch/62459183

Activating conda environment: .snakemake/conda/84a18f42b065166a46a10eaa8fcfc382_
WARNING: You've supplied a colors file with information for virus but none of the values found on the tree had associated colors. Auspice will generate its own color scale for this trait.

Validating schema of 'Results/HSV2_gB/Trees/tree_muts.json'...
Validating schema of 'Results/HSV2_gB/Trees/tree_aa_muts.json'...
Validating config file Configure/Input_Data/auspice_config.json against the JSON schema
Validating schema of 'Configure/Input_Data/auspice_config.json'...
Validating produced JSON
Validating schema of 'auspice/Herpesvirus-Glycoprotein-Analysis_HSV2_gB.json'...
Validating that the JSON is internally consistent...
Validation of 'auspice/Herpesvirus-Glycoprotein-Analysis_HSV2_gB.json' succeeded.

[Mon Sep 16 15:04:20 2024]
Finished job 17.
44 of 45 steps (98%) done
Select jobs to execute...
Execute 1 jobs...

[Mon Sep 16 15:04:20 2024]
localrule all:
    input: Results/HSV2_gB/ORF_sequences/ORF_extraction_verification.txt, Results/HSV2_gD/ORF_sequences/ORF_extraction_verification.txt, Results/HSV2_gH/ORF_sequences/ORF_extraction_verification.txt, Results/HSV2_gL/ORF_sequences/ORF_extraction_verification.txt, auspice/Herpesvirus-Glycoprotein-Analysis_HSV2_gB.json, auspice/Herpesvirus-Glycoprotein-Analysis_HSV2_gD.json, auspice/Herpesvirus-Glycoprotein-Analysis_HSV2_gH.json, auspice/Herpesvirus-Glycoprotein-Analysis_HSV2_gL.json
    jobid: 0
    reason: Input files updated by another job: auspice/Herpesvirus-Glycoprotein-Analysis_HSV2_gL.json, auspice/Herpesvirus-Glycoprotein-Analysis_HSV2_gB.json, auspice/Herpesvirus-Glycoprotein-Analysis_HSV2_gD.json, Results/HSV2_gB/ORF_sequences/ORF_extraction_verification.txt, auspice/Herpesvirus-Glycoprotein-Analysis_HSV2_gH.json, Results/HSV2_gH/ORF_sequences/ORF_extraction_verification.txt
    resources: tmpdir=/loc/scratch/62459183

[Mon Sep 16 15:04:20 2024]
Finished job 0.
45 of 45 steps (100%) done
Complete log: .snakemake/log/2024-09-16T133923.089016.snakemake.log
Run of snakemake complete.
